#Build: Fabric Compiler 2022.2-SP6.4, Build 146967, Jan 31 01:39 2024
#Install: E:\App\Professional\PDS_2022.2-SP6.4\bin
#Application name: pds_shell.exe
#OS: Windows 10 10.0.26200
#Hostname: LAPTOP-BODHT30J
Generated by Fabric Compiler (version 2022.2-SP6.4 build 146967) at Wed Nov 19 00:33:18 2025
Compiling verification operator library.
Compiling common defs.
Loading technology operator library.
Compiling technology operator library.
Compiling technology operator (valence) library.
Compiling operator packing rules.
Compiling prim grid devices.
Compiling gate devices.
Compiling gate operators.
Compiling tech operator impls.
Building architecture model.
Loading device packaging model.
Flattening design 'hdmi_picture_ero_dil'
Device mapping started.
Optimizing circuit logic.
I: Const net (pin CEM of inst video_display/u_RGB2YCbCr/N14) has been disconnected.
I: Const net (pin CEM of inst video_display/u_RGB2YCbCr/N28) has been disconnected.
I: Const net (pin CEM of inst video_display/u_RGB2YCbCr/N42) has been disconnected.
I: Const net (pin CEP of inst video_display/u_RGB2YCbCr/N42) has been disconnected.
I: Const net (pin CEPRE of inst video_display/u_area_bin/N42) has been disconnected.
I: Const net (pin CEM of inst video_display/u_area_bin/N42) has been disconnected.
I: Const net (pin CEXB of inst video_display/u_area_bin/N42) has been disconnected.
Checking design netlist.
Processing tech operator.
I: The instance clkbufg_0(GTP_CLKBUFG) has been inserted on the net pix_clk in design, driver pin CLKOUT0(instance u_pll_0/u_gpll) -> load pin CLK(instance sync_vg/de_out).
I: The instance clkbufg_1(GTP_CLKBUFG) has been inserted on the net pix_clk_x5 in design, driver pin CLKOUT0(instance u_pll_1/u_gpll) -> load pin OCLK(instance u_dvi_transmitter/serializer_b/GTP_OSERDES_E2_data_master).
I: The instance clkbufg_2(GTP_CLKBUFG) has been inserted on the net cfg_clk in design, driver pin CLKOUT1(instance u_pll_0/u_gpll) -> load pin CLK(instance rstn_1ms[0]).
Converting tech operator to gate operator.
Processing gate operator.
I: Infer CARRY group, base inst: N12_0_1/gateop, insts:13.
I: Infer CARRY group, base inst: sync_vg/N8_1_1/gateop, insts:11.
I: Infer CARRY group, base inst: sync_vg/N24_1_1/gateop, insts:10.
I: Infer CARRY group, base inst: sync_vg/N72_1.fsub_2/gateop, insts:10.
I: Infer CARRY group, base inst: video_display/N9_mux6_10/gateop, insts:2.
I: Infer CARRY group, base inst: video_display/N19_mux9/gateop, insts:2.
I: Infer CARRY group, base inst: video_display/N20_1/gateop, insts:3.
I: Infer CARRY group, base inst: video_display/N73_4/gateop, insts:2.
I: Infer CARRY group, base inst: video_display/N287_1_1/gateop, insts:15.
I: Infer CARRY group, base inst: video_display/N315_1_1/gateop, insts:15.
I: Infer CARRY group, base inst: video_display/N343_1_1/gateop, insts:15.
I: Infer CARRY group, base inst: video_display/N371_1_1/gateop, insts:15.
I: Infer CARRY group, base inst: video_display/N399_1_1/gateop, insts:15.
I: Infer CARRY group, base inst: video_display/N427_1_1/gateop, insts:15.
I: Infer CARRY group, base inst: video_display/N455_1_1/gateop, insts:15.
I: Infer CARRY group, base inst: video_display/N483_1_1/gateop, insts:15.
I: Infer CARRY group, base inst: u_dvi_transmitter/encoder_b/N101/gateop, insts:2.
I: Infer CARRY group, base inst: u_dvi_transmitter/encoder_b/N222_5[2]/gateop, insts:2.
I: Infer CARRY group, base inst: u_dvi_transmitter/encoder_b/N222_13_1/gateop, insts:5.
I: Infer CARRY group, base inst: u_dvi_transmitter/encoder_g/N202/gateop, insts:2.
I: Infer CARRY group, base inst: u_dvi_transmitter/encoder_g/N222_13_1/gateop, insts:5.
I: Infer CARRY group, base inst: u_dvi_transmitter/encoder_r/N202/gateop, insts:2.
I: Infer CARRY group, base inst: u_dvi_transmitter/encoder_r/N220_9_maj2_3/gateop, insts:2.
I: Infer CARRY group, base inst: u_dvi_transmitter/encoder_r/N222_13_1/gateop, insts:5.
I: Infer CARRY group, base inst: video_display/u_area_bin/N17_1_1/gateop, insts:10.
I: Infer CARRY group, base inst: video_display/u_area_bin/N22_1_1/gateop, insts:10.
I: Infer CARRY group, base inst: video_display/u_area_bin/N27_1_1/gateop, insts:10.
I: Infer CARRY group, base inst: video_display/u_area_bin/N45.lt_0/gateop, insts:4.
I: Infer CARRY group, base inst: video_display/u_area_bin/N55_1/gateop, insts:11.
I: Infer CARRY group, base inst: video_display/u_area_bin/N60_1/gateop, insts:9.
I: Infer CARRY group, base inst: video_display/u_area_bin/N65_1/gateop, insts:9.
I: Infer CARRY group, base inst: video_display/u_area_bin/N70_1/gateop, insts:9.
I: Infer CARRY group, base inst: video_display/u_matrix_3x3_1bit_area_bin/N8_1_1/gateop, insts:11.
I: Infer CARRY group, base inst: video_display/u_matrix_3x3_1bit_area_bin/N31_1_1/gateop, insts:10.
I: Infer CARRY group, base inst: video_display/u_matrix_3x3_1bit_area_bin/N41_mux10_7/gateop, insts:2.
I: Infer CARRY group, base inst: video_display/u_matrix_3x3_1bit_bin/N8_1_1/gateop, insts:11.
I: Infer CARRY group, base inst: video_display/u_matrix_3x3_1bit_bin/N31_1_1/gateop, insts:10.
I: Infer CARRY group, base inst: video_display/u_matrix_3x3_1bit_bin/N41_mux10_6/gateop, insts:2.
I: Infer CARRY group, base inst: video_display/u_area_bin/u_matrix_3x3/N8_1_1/gateop, insts:11.
I: Infer CARRY group, base inst: video_display/u_area_bin/u_matrix_3x3/N31_1_1/gateop, insts:10.
I: Infer CARRY group, base inst: video_display/u_area_bin/u_matrix_3x3/N41_mux10_6/gateop, insts:2.
I: Infer CARRY group, base inst: video_display/u_matrix_3x3_1bit_area_bin/fifo_line_buf1/U_ipm2l_fifo_fifo_line_buf_1bit/U_ipm2l_fifo_ctrl/N2_1/gateop, insts:16.
I: Infer CARRY group, base inst: video_display/u_matrix_3x3_1bit_area_bin/fifo_line_buf1/U_ipm2l_fifo_fifo_line_buf_1bit/U_ipm2l_fifo_ctrl/N104_1/gateop, insts:16.
I: Infer CARRY group, base inst: video_display/u_matrix_3x3_1bit_area_bin/fifo_line_buf1/U_ipm2l_fifo_fifo_line_buf_1bit/U_ipm2l_fifo_ctrl/N207.eq_0/gateop, insts:8.
I: Infer CARRY group, base inst: video_display/u_matrix_3x3_1bit_area_bin/fifo_line_buf1/U_ipm2l_fifo_fifo_line_buf_1bit/U_ipm2l_fifo_ctrl/N210.eq_0/gateop, insts:8.
I: Infer CARRY group, base inst: video_display/u_matrix_3x3_1bit_area_bin/fifo_line_buf2/U_ipm2l_fifo_fifo_line_buf_1bit/U_ipm2l_fifo_ctrl/N2_1/gateop, insts:16.
I: Infer CARRY group, base inst: video_display/u_matrix_3x3_1bit_area_bin/fifo_line_buf2/U_ipm2l_fifo_fifo_line_buf_1bit/U_ipm2l_fifo_ctrl/N104_1/gateop, insts:16.
I: Infer CARRY group, base inst: video_display/u_matrix_3x3_1bit_area_bin/fifo_line_buf2/U_ipm2l_fifo_fifo_line_buf_1bit/U_ipm2l_fifo_ctrl/N207.eq_0/gateop, insts:8.
I: Infer CARRY group, base inst: video_display/u_matrix_3x3_1bit_area_bin/fifo_line_buf2/U_ipm2l_fifo_fifo_line_buf_1bit/U_ipm2l_fifo_ctrl/N210.eq_0/gateop, insts:8.
I: Infer CARRY group, base inst: video_display/u_matrix_3x3_1bit_bin/fifo_line_buf1/U_ipm2l_fifo_fifo_line_buf_1bit/U_ipm2l_fifo_ctrl/N2_1/gateop, insts:16.
I: Infer CARRY group, base inst: video_display/u_matrix_3x3_1bit_bin/fifo_line_buf1/U_ipm2l_fifo_fifo_line_buf_1bit/U_ipm2l_fifo_ctrl/N104_1/gateop, insts:16.
I: Infer CARRY group, base inst: video_display/u_matrix_3x3_1bit_bin/fifo_line_buf1/U_ipm2l_fifo_fifo_line_buf_1bit/U_ipm2l_fifo_ctrl/N207.eq_0/gateop, insts:8.
I: Infer CARRY group, base inst: video_display/u_matrix_3x3_1bit_bin/fifo_line_buf1/U_ipm2l_fifo_fifo_line_buf_1bit/U_ipm2l_fifo_ctrl/N210.eq_0/gateop, insts:8.
I: Infer CARRY group, base inst: video_display/u_matrix_3x3_1bit_bin/fifo_line_buf2/U_ipm2l_fifo_fifo_line_buf_1bit/U_ipm2l_fifo_ctrl/N2_1/gateop, insts:16.
I: Infer CARRY group, base inst: video_display/u_matrix_3x3_1bit_bin/fifo_line_buf2/U_ipm2l_fifo_fifo_line_buf_1bit/U_ipm2l_fifo_ctrl/N104_1/gateop, insts:16.
I: Infer CARRY group, base inst: video_display/u_matrix_3x3_1bit_bin/fifo_line_buf2/U_ipm2l_fifo_fifo_line_buf_1bit/U_ipm2l_fifo_ctrl/N207.eq_0/gateop, insts:8.
I: Infer CARRY group, base inst: video_display/u_matrix_3x3_1bit_bin/fifo_line_buf2/U_ipm2l_fifo_fifo_line_buf_1bit/U_ipm2l_fifo_ctrl/N210.eq_0/gateop, insts:8.
I: Infer CARRY group, base inst: video_display/u_area_bin/u_matrix_3x3/fifo_line_buf1/U_ipm2l_fifo_fifo_line_buf/U_ipm2l_fifo_ctrl/N2_1/gateop, insts:13.
I: Infer CARRY group, base inst: video_display/u_area_bin/u_matrix_3x3/fifo_line_buf1/U_ipm2l_fifo_fifo_line_buf/U_ipm2l_fifo_ctrl/N89_1/gateop, insts:13.
I: Infer CARRY group, base inst: video_display/u_area_bin/u_matrix_3x3/fifo_line_buf1/U_ipm2l_fifo_fifo_line_buf/U_ipm2l_fifo_ctrl/N177.eq_0/gateop, insts:6.
I: Infer CARRY group, base inst: video_display/u_area_bin/u_matrix_3x3/fifo_line_buf1/U_ipm2l_fifo_fifo_line_buf/U_ipm2l_fifo_ctrl/N180.eq_0/gateop, insts:7.
I: Infer CARRY group, base inst: video_display/u_area_bin/u_matrix_3x3/fifo_line_buf2/U_ipm2l_fifo_fifo_line_buf/U_ipm2l_fifo_ctrl/N2_1/gateop, insts:13.
I: Infer CARRY group, base inst: video_display/u_area_bin/u_matrix_3x3/fifo_line_buf2/U_ipm2l_fifo_fifo_line_buf/U_ipm2l_fifo_ctrl/N89_1/gateop, insts:13.
I: Infer CARRY group, base inst: video_display/u_area_bin/u_matrix_3x3/fifo_line_buf2/U_ipm2l_fifo_fifo_line_buf/U_ipm2l_fifo_ctrl/N177.eq_0/gateop, insts:6.
I: Infer CARRY group, base inst: video_display/u_area_bin/u_matrix_3x3/fifo_line_buf2/U_ipm2l_fifo_fifo_line_buf/U_ipm2l_fifo_ctrl/N180.eq_0/gateop, insts:7.
I: Infer APM group, base inst: video_display/u_RGB2YCbCr/N14/gopapm, insts:2.
I: Infer DRM36K group, base inst: video_display/blk_mem_gen_0/U_ipm2l_rom_blk_mem_gen_0/U_ipm2l_spram/ADDR_LOOP[0].DATA_LOOP[0].U_GTP_DRM36K_E1_0/gopdrm_36k, insts:2.
I: Infer DRM36K group, base inst: video_display/blk_mem_gen_0/U_ipm2l_rom_blk_mem_gen_0/U_ipm2l_spram/ADDR_LOOP[0].DATA_LOOP[1].U_GTP_DRM36K_E1_0/gopdrm_36k, insts:2.
I: Infer DRM36K group, base inst: video_display/blk_mem_gen_0/U_ipm2l_rom_blk_mem_gen_0/U_ipm2l_spram/ADDR_LOOP[0].DATA_LOOP[2].U_GTP_DRM36K_E1_0/gopdrm_36k, insts:2.
I: Infer DRM36K group, base inst: video_display/blk_mem_gen_0/U_ipm2l_rom_blk_mem_gen_0/U_ipm2l_spram/ADDR_LOOP[0].DATA_LOOP[3].U_GTP_DRM36K_E1_0/gopdrm_36k, insts:2.
I: Infer DRM36K group, base inst: video_display/blk_mem_gen_0/U_ipm2l_rom_blk_mem_gen_0/U_ipm2l_spram/ADDR_LOOP[0].DATA_LOOP[4].U_GTP_DRM36K_E1_0/gopdrm_36k, insts:2.
I: Infer DRM36K group, base inst: video_display/blk_mem_gen_0/U_ipm2l_rom_blk_mem_gen_0/U_ipm2l_spram/ADDR_LOOP[0].DATA_LOOP[5].U_GTP_DRM36K_E1_0/gopdrm_36k, insts:2.
I: Infer DRM36K group, base inst: video_display/blk_mem_gen_0/U_ipm2l_rom_blk_mem_gen_0/U_ipm2l_spram/ADDR_LOOP[0].DATA_LOOP[6].U_GTP_DRM36K_E1_0/gopdrm_36k, insts:2.
I: Infer DRM36K group, base inst: video_display/blk_mem_gen_0/U_ipm2l_rom_blk_mem_gen_0/U_ipm2l_spram/ADDR_LOOP[0].DATA_LOOP[7].U_GTP_DRM36K_E1_0/gopdrm_36k, insts:2.
I: Infer DRM36K group, base inst: video_display/blk_mem_gen_0/U_ipm2l_rom_blk_mem_gen_0/U_ipm2l_spram/ADDR_LOOP[0].DATA_LOOP[8].U_GTP_DRM36K_E1_0/gopdrm_36k, insts:2.
I: Infer DRM36K group, base inst: video_display/blk_mem_gen_0/U_ipm2l_rom_blk_mem_gen_0/U_ipm2l_spram/ADDR_LOOP[0].DATA_LOOP[9].U_GTP_DRM36K_E1_0/gopdrm_36k, insts:2.
I: Infer DRM36K group, base inst: video_display/blk_mem_gen_0/U_ipm2l_rom_blk_mem_gen_0/U_ipm2l_spram/ADDR_LOOP[0].DATA_LOOP[10].U_GTP_DRM36K_E1_0/gopdrm_36k, insts:2.
I: Infer DRM36K group, base inst: video_display/blk_mem_gen_0/U_ipm2l_rom_blk_mem_gen_0/U_ipm2l_spram/ADDR_LOOP[0].DATA_LOOP[11].U_GTP_DRM36K_E1_0/gopdrm_36k, insts:2.
I: Infer DRM36K group, base inst: video_display/blk_mem_gen_0/U_ipm2l_rom_blk_mem_gen_0/U_ipm2l_spram/ADDR_LOOP[0].DATA_LOOP[12].U_GTP_DRM36K_E1_0/gopdrm_36k, insts:2.
I: Infer DRM36K group, base inst: video_display/blk_mem_gen_0/U_ipm2l_rom_blk_mem_gen_0/U_ipm2l_spram/ADDR_LOOP[0].DATA_LOOP[13].U_GTP_DRM36K_E1_0/gopdrm_36k, insts:2.
I: Infer DRM36K group, base inst: video_display/blk_mem_gen_0/U_ipm2l_rom_blk_mem_gen_0/U_ipm2l_spram/ADDR_LOOP[0].DATA_LOOP[14].U_GTP_DRM36K_E1_0/gopdrm_36k, insts:2.
I: Infer DRM36K group, base inst: video_display/blk_mem_gen_0/U_ipm2l_rom_blk_mem_gen_0/U_ipm2l_spram/ADDR_LOOP[0].DATA_LOOP[15].U_GTP_DRM36K_E1_0/gopdrm_36k, insts:2.
I: Infer DRM36K group, base inst: video_display/blk_mem_gen_0/U_ipm2l_rom_blk_mem_gen_0/U_ipm2l_spram/ADDR_LOOP[0].DATA_LOOP[16].U_GTP_DRM36K_E1_0/gopdrm_36k, insts:2.
I: Infer DRM36K group, base inst: video_display/blk_mem_gen_0/U_ipm2l_rom_blk_mem_gen_0/U_ipm2l_spram/ADDR_LOOP[0].DATA_LOOP[17].U_GTP_DRM36K_E1_0/gopdrm_36k, insts:2.
I: Infer DRM36K group, base inst: video_display/blk_mem_gen_0/U_ipm2l_rom_blk_mem_gen_0/U_ipm2l_spram/ADDR_LOOP[0].DATA_LOOP[18].U_GTP_DRM36K_E1_0/gopdrm_36k, insts:2.
I: Infer DRM36K group, base inst: video_display/blk_mem_gen_0/U_ipm2l_rom_blk_mem_gen_0/U_ipm2l_spram/ADDR_LOOP[0].DATA_LOOP[19].U_GTP_DRM36K_E1_0/gopdrm_36k, insts:2.
I: Infer DRM36K group, base inst: video_display/blk_mem_gen_0/U_ipm2l_rom_blk_mem_gen_0/U_ipm2l_spram/ADDR_LOOP[0].DATA_LOOP[20].U_GTP_DRM36K_E1_0/gopdrm_36k, insts:2.
I: Infer DRM36K group, base inst: video_display/blk_mem_gen_0/U_ipm2l_rom_blk_mem_gen_0/U_ipm2l_spram/ADDR_LOOP[0].DATA_LOOP[21].U_GTP_DRM36K_E1_0/gopdrm_36k, insts:2.
I: Infer DRM36K group, base inst: video_display/blk_mem_gen_0/U_ipm2l_rom_blk_mem_gen_0/U_ipm2l_spram/ADDR_LOOP[0].DATA_LOOP[22].U_GTP_DRM36K_E1_0/gopdrm_36k, insts:2.
I: Infer DRM36K group, base inst: video_display/blk_mem_gen_0/U_ipm2l_rom_blk_mem_gen_0/U_ipm2l_spram/ADDR_LOOP[0].DATA_LOOP[23].U_GTP_DRM36K_E1_0/gopdrm_36k, insts:2.
I: OSERDES "u_dvi_transmitter/serializer_r/GTP_OSERDES_E2_data_master/oserdes_inst" has been packed in "ODDR" of IOL "u_dvi_transmitter/serializer_r/GTP_OUTBUFDS_data_lane/opit_2" success.
I: OSERDES "u_dvi_transmitter/serializer_b/GTP_OSERDES_E2_data_master/oserdes_inst" has been packed in "ODDR" of IOL "u_dvi_transmitter/serializer_b/GTP_OUTBUFDS_data_lane/opit_2" success.
I: OSERDES "u_dvi_transmitter/serializer_clk/GTP_OSERDES_E2_data_master/oserdes_inst" has been packed in "ODDR" of IOL "u_dvi_transmitter/serializer_clk/GTP_OUTBUFDS_data_lane/opit_2" success.
I: OSERDES "u_dvi_transmitter/serializer_g/GTP_OSERDES_E2_data_master/oserdes_inst" has been packed in "ODDR" of IOL "u_dvi_transmitter/serializer_g/GTP_OUTBUFDS_data_lane/opit_2" success.
I: OSERDES "u_dvi_transmitter/serializer_r/GTP_OSERDES_E2_data_slave/oserdes_inst" has been packed in "ODDR" of IOL "u_dvi_transmitter/serializer_r/GTP_OUTBUFDS_data_lane/opit_2_com" success.
I: OSERDES "u_dvi_transmitter/serializer_b/GTP_OSERDES_E2_data_slave/oserdes_inst" has been packed in "ODDR" of IOL "u_dvi_transmitter/serializer_b/GTP_OUTBUFDS_data_lane/opit_2_com" success.
I: OSERDES "u_dvi_transmitter/serializer_clk/GTP_OSERDES_E2_data_slave/oserdes_inst" has been packed in "ODDR" of IOL "u_dvi_transmitter/serializer_clk/GTP_OUTBUFDS_data_lane/opit_2_com" success.
I: OSERDES "u_dvi_transmitter/serializer_g/GTP_OSERDES_E2_data_slave/oserdes_inst" has been packed in "ODDR" of IOL "u_dvi_transmitter/serializer_g/GTP_OUTBUFDS_data_lane/opit_2_com" success.
Device Utilization Summary:
+------------------------------------------------------------------------+
| Logic Utilization     | Used     | Available     | Utilization(%)     
+------------------------------------------------------------------------+
| APM                   | 4        | 80            | 5                  
| FF                    | 1734     | 35600         | 5                  
| LUT                   | 1240     | 17800         | 7                  
| Distributed RAM       | 0        | 5500          | 0                  
| DRM                   | 54       | 55            | 99                 
| IO                    | 9        | 150           | 6                  
| RCKB                  | 0        | 12            | 0                  
| SCANCHAIN             | 0        | 1             | 0                  
| USCM                  | 3        | 32            | 10                 
| CCS                   | 1        | 1             | 100                
| ADC                   | 0        | 1             | 0                  
| DDR_PHY               | 0        | 12            | 0                  
| HSSTLP                | 0        | 1             | 0                  
| GPLL                  | 2        | 3             | 67                 
| PPLL                  | 0        | 3             | 0                  
| DDRPHY_CPD            | 0        | 6             | 0                  
| HCKB                  | 0        | 48            | 0                  
| IOCKB                 | 0        | 12            | 0                  
| MRCKB                 | 0        | 6             | 0                  
| PCIE                  | 0        | 1             | 0                  
| DDRPHY_IOCLK_DIV      | 0        | 3             | 0                  
| ANALOG                | 0        | 1             | 0                  
| TSERDES               | 0        | 24            | 0                  
| KEYRAM                | 0        | 1             | 0                  
+------------------------------------------------------------------------+

Device mapping done.
Total device mapping takes 0.47 sec.

Design 'hdmi_picture_ero_dil' has been successfully mapped to architecture-specific objects.
Saving design to DB.
W: Public-4010: Pcf file E:/User/Files/project_self/OPHW_25H/OPHW_25H_TEST/1_Demo/Advanced/17_HDMI_picture__ero_dil/project/device_map/hdmi_picture_grey.pcf has been covered.
Action dev_map: Real time elapsed is 0h:0m:11s
Action dev_map: CPU time elapsed is 0h:0m:9s
Action dev_map: Process CPU time elapsed is 0h:0m:9s
Current time: Wed Nov 19 00:33:27 2025
Action dev_map: Peak memory pool usage is 365 MB
