#Build: Fabric Compiler 2022.2-SP6.4, Build 146967, Jan 31 01:39 2024
#Install: E:\App\Professional\PDS_2022.2-SP6.4\bin
#Application name: pds_shell.exe
#OS: Windows 10 10.0.26200
#Hostname: LAPTOP-BODHT30J
Generated by Fabric Compiler (version 2022.2-SP6.4 build 146967) at Fri Nov 21 06:06:05 2025
License checkout: fabric_ads from E:\App\Professional\PDS_2022.2-SP6.4\new_pds_F4A80DA47D72.lic
Compiling verification operator library.
Compiling common defs.
Loading technology operator library.
Compiling technology operator library.
Compiling technology operator (valence) library.
Reading design from compile DB
Reading design from compile DB successfully.
Constraint check start.
Compiling prim grid devices.
Building architecture model.
Loading device packaging model.
Building architecture floorplan logic view.
Executing : get_ports eth_rxc
Executing : get_ports eth_rxc successfully.
Executing : create_clock -name eth_rxc [get_ports eth_rxc] -period 8 -waveform {0.000 4.000}
Executing : create_clock -name eth_rxc [get_ports eth_rxc] -period 8 -waveform {0.000 4.000} successfully.
Executing : get_ports sys_clk
Executing : get_ports sys_clk successfully.
Executing : create_clock -name sys_clk [get_ports sys_clk] -period 20 -waveform {0.000 10.000}
Executing : create_clock -name sys_clk [get_ports sys_clk] -period 20 -waveform {0.000 10.000} successfully.
W: ConstraintEditor-4026: [E:/User/Files/project_self/OPHW_25H/workspace/11_eth_udp_loop/constraint/eth_udp_loop.fdc(line number: 177)] PAP_IO_DIRECTION is already defined in p:eth_txd[3], new value OUTPUT will overwrite the current value.
W: ConstraintEditor-4026: [E:/User/Files/project_self/OPHW_25H/workspace/11_eth_udp_loop/constraint/eth_udp_loop.fdc(line number: 178)] PAP_IO_LOC is already defined in p:eth_txd[3], new value V14 will overwrite the current value.
W: ConstraintEditor-4026: [E:/User/Files/project_self/OPHW_25H/workspace/11_eth_udp_loop/constraint/eth_udp_loop.fdc(line number: 179)] PAP_IO_VCCIO is already defined in p:eth_txd[3], new value 3.3 will overwrite the current value.
W: ConstraintEditor-4026: [E:/User/Files/project_self/OPHW_25H/workspace/11_eth_udp_loop/constraint/eth_udp_loop.fdc(line number: 180)] PAP_IO_STANDARD is already defined in p:eth_txd[3], new value LVCMOS33 will overwrite the current value.
W: ConstraintEditor-4026: [E:/User/Files/project_self/OPHW_25H/workspace/11_eth_udp_loop/constraint/eth_udp_loop.fdc(line number: 181)] PAP_IO_DRIVE is already defined in p:eth_txd[3], new value 4 will overwrite the current value.
W: ConstraintEditor-4026: [E:/User/Files/project_self/OPHW_25H/workspace/11_eth_udp_loop/constraint/eth_udp_loop.fdc(line number: 182)] PAP_IO_NONE is already defined in p:eth_txd[3], new value TRUE will overwrite the current value.
W: ConstraintEditor-4026: [E:/User/Files/project_self/OPHW_25H/workspace/11_eth_udp_loop/constraint/eth_udp_loop.fdc(line number: 183)] PAP_IO_SLEW is already defined in p:eth_txd[3], new value FAST will overwrite the current value.
W: ConstraintEditor-4026: [E:/User/Files/project_self/OPHW_25H/workspace/11_eth_udp_loop/constraint/eth_udp_loop.fdc(line number: 184)] PAP_IO_DIRECTION is already defined in p:eth_txd[2], new value OUTPUT will overwrite the current value.
W: ConstraintEditor-4026: [E:/User/Files/project_self/OPHW_25H/workspace/11_eth_udp_loop/constraint/eth_udp_loop.fdc(line number: 185)] PAP_IO_LOC is already defined in p:eth_txd[2], new value V12 will overwrite the current value.
W: ConstraintEditor-4026: [E:/User/Files/project_self/OPHW_25H/workspace/11_eth_udp_loop/constraint/eth_udp_loop.fdc(line number: 186)] PAP_IO_VCCIO is already defined in p:eth_txd[2], new value 3.3 will overwrite the current value.
W: ConstraintEditor-4026: [E:/User/Files/project_self/OPHW_25H/workspace/11_eth_udp_loop/constraint/eth_udp_loop.fdc(line number: 187)] PAP_IO_STANDARD is already defined in p:eth_txd[2], new value LVCMOS33 will overwrite the current value.
W: ConstraintEditor-4026: [E:/User/Files/project_self/OPHW_25H/workspace/11_eth_udp_loop/constraint/eth_udp_loop.fdc(line number: 188)] PAP_IO_DRIVE is already defined in p:eth_txd[2], new value 4 will overwrite the current value.
W: ConstraintEditor-4026: [E:/User/Files/project_self/OPHW_25H/workspace/11_eth_udp_loop/constraint/eth_udp_loop.fdc(line number: 189)] PAP_IO_NONE is already defined in p:eth_txd[2], new value TRUE will overwrite the current value.
W: ConstraintEditor-4026: [E:/User/Files/project_self/OPHW_25H/workspace/11_eth_udp_loop/constraint/eth_udp_loop.fdc(line number: 190)] PAP_IO_SLEW is already defined in p:eth_txd[2], new value FAST will overwrite the current value.
W: ConstraintEditor-4026: [E:/User/Files/project_self/OPHW_25H/workspace/11_eth_udp_loop/constraint/eth_udp_loop.fdc(line number: 191)] PAP_IO_DIRECTION is already defined in p:eth_txd[1], new value OUTPUT will overwrite the current value.
W: ConstraintEditor-4026: [E:/User/Files/project_self/OPHW_25H/workspace/11_eth_udp_loop/constraint/eth_udp_loop.fdc(line number: 192)] PAP_IO_LOC is already defined in p:eth_txd[1], new value V13 will overwrite the current value.
W: ConstraintEditor-4026: [E:/User/Files/project_self/OPHW_25H/workspace/11_eth_udp_loop/constraint/eth_udp_loop.fdc(line number: 193)] PAP_IO_VCCIO is already defined in p:eth_txd[1], new value 3.3 will overwrite the current value.
W: ConstraintEditor-4026: [E:/User/Files/project_self/OPHW_25H/workspace/11_eth_udp_loop/constraint/eth_udp_loop.fdc(line number: 194)] PAP_IO_STANDARD is already defined in p:eth_txd[1], new value LVCMOS33 will overwrite the current value.
W: ConstraintEditor-4026: [E:/User/Files/project_self/OPHW_25H/workspace/11_eth_udp_loop/constraint/eth_udp_loop.fdc(line number: 195)] PAP_IO_DRIVE is already defined in p:eth_txd[1], new value 4 will overwrite the current value.
W: ConstraintEditor-4026: [E:/User/Files/project_self/OPHW_25H/workspace/11_eth_udp_loop/constraint/eth_udp_loop.fdc(line number: 196)] PAP_IO_NONE is already defined in p:eth_txd[1], new value TRUE will overwrite the current value.
W: ConstraintEditor-4026: [E:/User/Files/project_self/OPHW_25H/workspace/11_eth_udp_loop/constraint/eth_udp_loop.fdc(line number: 197)] PAP_IO_SLEW is already defined in p:eth_txd[1], new value FAST will overwrite the current value.
W: ConstraintEditor-4026: [E:/User/Files/project_self/OPHW_25H/workspace/11_eth_udp_loop/constraint/eth_udp_loop.fdc(line number: 198)] PAP_IO_DIRECTION is already defined in p:eth_txd[0], new value OUTPUT will overwrite the current value.
W: ConstraintEditor-4026: [E:/User/Files/project_self/OPHW_25H/workspace/11_eth_udp_loop/constraint/eth_udp_loop.fdc(line number: 199)] PAP_IO_LOC is already defined in p:eth_txd[0], new value T12 will overwrite the current value.
W: ConstraintEditor-4026: [E:/User/Files/project_self/OPHW_25H/workspace/11_eth_udp_loop/constraint/eth_udp_loop.fdc(line number: 200)] PAP_IO_VCCIO is already defined in p:eth_txd[0], new value 3.3 will overwrite the current value.
W: ConstraintEditor-4026: [E:/User/Files/project_self/OPHW_25H/workspace/11_eth_udp_loop/constraint/eth_udp_loop.fdc(line number: 201)] PAP_IO_STANDARD is already defined in p:eth_txd[0], new value LVCMOS33 will overwrite the current value.
W: ConstraintEditor-4026: [E:/User/Files/project_self/OPHW_25H/workspace/11_eth_udp_loop/constraint/eth_udp_loop.fdc(line number: 202)] PAP_IO_DRIVE is already defined in p:eth_txd[0], new value 4 will overwrite the current value.
W: ConstraintEditor-4026: [E:/User/Files/project_self/OPHW_25H/workspace/11_eth_udp_loop/constraint/eth_udp_loop.fdc(line number: 203)] PAP_IO_NONE is already defined in p:eth_txd[0], new value TRUE will overwrite the current value.
W: ConstraintEditor-4026: [E:/User/Files/project_self/OPHW_25H/workspace/11_eth_udp_loop/constraint/eth_udp_loop.fdc(line number: 204)] PAP_IO_SLEW is already defined in p:eth_txd[0], new value FAST will overwrite the current value.
W: ConstraintEditor-4026: [E:/User/Files/project_self/OPHW_25H/workspace/11_eth_udp_loop/constraint/eth_udp_loop.fdc(line number: 205)] PAP_IO_DIRECTION is already defined in p:eth_rxd[3], new value INPUT will overwrite the current value.
W: ConstraintEditor-4026: [E:/User/Files/project_self/OPHW_25H/workspace/11_eth_udp_loop/constraint/eth_udp_loop.fdc(line number: 206)] PAP_IO_LOC is already defined in p:eth_rxd[3], new value U11 will overwrite the current value.
W: ConstraintEditor-4026: [E:/User/Files/project_self/OPHW_25H/workspace/11_eth_udp_loop/constraint/eth_udp_loop.fdc(line number: 207)] PAP_IO_VCCIO is already defined in p:eth_rxd[3], new value 3.3 will overwrite the current value.
W: ConstraintEditor-4026: [E:/User/Files/project_self/OPHW_25H/workspace/11_eth_udp_loop/constraint/eth_udp_loop.fdc(line number: 208)] PAP_IO_STANDARD is already defined in p:eth_rxd[3], new value LVCMOS33 will overwrite the current value.
W: ConstraintEditor-4026: [E:/User/Files/project_self/OPHW_25H/workspace/11_eth_udp_loop/constraint/eth_udp_loop.fdc(line number: 209)] PAP_IO_NONE is already defined in p:eth_rxd[3], new value TRUE will overwrite the current value.
W: ConstraintEditor-4026: [E:/User/Files/project_self/OPHW_25H/workspace/11_eth_udp_loop/constraint/eth_udp_loop.fdc(line number: 210)] PAP_IO_DIRECTION is already defined in p:eth_rxd[2], new value INPUT will overwrite the current value.
W: ConstraintEditor-4026: [E:/User/Files/project_self/OPHW_25H/workspace/11_eth_udp_loop/constraint/eth_udp_loop.fdc(line number: 211)] PAP_IO_LOC is already defined in p:eth_rxd[2], new value V11 will overwrite the current value.
W: ConstraintEditor-4026: [E:/User/Files/project_self/OPHW_25H/workspace/11_eth_udp_loop/constraint/eth_udp_loop.fdc(line number: 212)] PAP_IO_VCCIO is already defined in p:eth_rxd[2], new value 3.3 will overwrite the current value.
W: ConstraintEditor-4026: [E:/User/Files/project_self/OPHW_25H/workspace/11_eth_udp_loop/constraint/eth_udp_loop.fdc(line number: 213)] PAP_IO_STANDARD is already defined in p:eth_rxd[2], new value LVCMOS33 will overwrite the current value.
W: ConstraintEditor-4026: [E:/User/Files/project_self/OPHW_25H/workspace/11_eth_udp_loop/constraint/eth_udp_loop.fdc(line number: 214)] PAP_IO_NONE is already defined in p:eth_rxd[2], new value TRUE will overwrite the current value.
W: ConstraintEditor-4026: [E:/User/Files/project_self/OPHW_25H/workspace/11_eth_udp_loop/constraint/eth_udp_loop.fdc(line number: 215)] PAP_IO_DIRECTION is already defined in p:eth_rxd[1], new value INPUT will overwrite the current value.
W: ConstraintEditor-4026: [E:/User/Files/project_self/OPHW_25H/workspace/11_eth_udp_loop/constraint/eth_udp_loop.fdc(line number: 216)] PAP_IO_LOC is already defined in p:eth_rxd[1], new value U9 will overwrite the current value.
W: ConstraintEditor-4026: [E:/User/Files/project_self/OPHW_25H/workspace/11_eth_udp_loop/constraint/eth_udp_loop.fdc(line number: 217)] PAP_IO_VCCIO is already defined in p:eth_rxd[1], new value 3.3 will overwrite the current value.
W: ConstraintEditor-4026: [E:/User/Files/project_self/OPHW_25H/workspace/11_eth_udp_loop/constraint/eth_udp_loop.fdc(line number: 218)] PAP_IO_STANDARD is already defined in p:eth_rxd[1], new value LVCMOS33 will overwrite the current value.
W: ConstraintEditor-4026: [E:/User/Files/project_self/OPHW_25H/workspace/11_eth_udp_loop/constraint/eth_udp_loop.fdc(line number: 219)] PAP_IO_NONE is already defined in p:eth_rxd[1], new value TRUE will overwrite the current value.
W: ConstraintEditor-4026: [E:/User/Files/project_self/OPHW_25H/workspace/11_eth_udp_loop/constraint/eth_udp_loop.fdc(line number: 220)] PAP_IO_DIRECTION is already defined in p:eth_rxd[0], new value INPUT will overwrite the current value.
W: ConstraintEditor-4026: [E:/User/Files/project_self/OPHW_25H/workspace/11_eth_udp_loop/constraint/eth_udp_loop.fdc(line number: 221)] PAP_IO_LOC is already defined in p:eth_rxd[0], new value V9 will overwrite the current value.
W: ConstraintEditor-4026: [E:/User/Files/project_self/OPHW_25H/workspace/11_eth_udp_loop/constraint/eth_udp_loop.fdc(line number: 222)] PAP_IO_VCCIO is already defined in p:eth_rxd[0], new value 3.3 will overwrite the current value.
W: ConstraintEditor-4026: [E:/User/Files/project_self/OPHW_25H/workspace/11_eth_udp_loop/constraint/eth_udp_loop.fdc(line number: 223)] PAP_IO_STANDARD is already defined in p:eth_rxd[0], new value LVCMOS33 will overwrite the current value.
W: ConstraintEditor-4026: [E:/User/Files/project_self/OPHW_25H/workspace/11_eth_udp_loop/constraint/eth_udp_loop.fdc(line number: 224)] PAP_IO_NONE is already defined in p:eth_rxd[0], new value TRUE will overwrite the current value.
W: ConstraintEditor-4026: [E:/User/Files/project_self/OPHW_25H/workspace/11_eth_udp_loop/constraint/eth_udp_loop.fdc(line number: 225)] PAP_IO_DIRECTION is already defined in p:eth_rst_n, new value OUTPUT will overwrite the current value.
W: ConstraintEditor-4026: [E:/User/Files/project_self/OPHW_25H/workspace/11_eth_udp_loop/constraint/eth_udp_loop.fdc(line number: 226)] PAP_IO_LOC is already defined in p:eth_rst_n, new value U10 will overwrite the current value.
W: ConstraintEditor-4026: [E:/User/Files/project_self/OPHW_25H/workspace/11_eth_udp_loop/constraint/eth_udp_loop.fdc(line number: 227)] PAP_IO_VCCIO is already defined in p:eth_rst_n, new value 3.3 will overwrite the current value.
W: ConstraintEditor-4026: [E:/User/Files/project_self/OPHW_25H/workspace/11_eth_udp_loop/constraint/eth_udp_loop.fdc(line number: 228)] PAP_IO_STANDARD is already defined in p:eth_rst_n, new value LVCMOS33 will overwrite the current value.
W: ConstraintEditor-4026: [E:/User/Files/project_self/OPHW_25H/workspace/11_eth_udp_loop/constraint/eth_udp_loop.fdc(line number: 229)] PAP_IO_DRIVE is already defined in p:eth_rst_n, new value 4 will overwrite the current value.
W: ConstraintEditor-4026: [E:/User/Files/project_self/OPHW_25H/workspace/11_eth_udp_loop/constraint/eth_udp_loop.fdc(line number: 230)] PAP_IO_NONE is already defined in p:eth_rst_n, new value TRUE will overwrite the current value.
W: ConstraintEditor-4026: [E:/User/Files/project_self/OPHW_25H/workspace/11_eth_udp_loop/constraint/eth_udp_loop.fdc(line number: 231)] PAP_IO_SLEW is already defined in p:eth_rst_n, new value FAST will overwrite the current value.
W: ConstraintEditor-4026: [E:/User/Files/project_self/OPHW_25H/workspace/11_eth_udp_loop/constraint/eth_udp_loop.fdc(line number: 232)] PAP_IO_DIRECTION is already defined in p:eth_tx_ctl, new value OUTPUT will overwrite the current value.
W: ConstraintEditor-4026: [E:/User/Files/project_self/OPHW_25H/workspace/11_eth_udp_loop/constraint/eth_udp_loop.fdc(line number: 233)] PAP_IO_LOC is already defined in p:eth_tx_ctl, new value R13 will overwrite the current value.
W: ConstraintEditor-4026: [E:/User/Files/project_self/OPHW_25H/workspace/11_eth_udp_loop/constraint/eth_udp_loop.fdc(line number: 234)] PAP_IO_VCCIO is already defined in p:eth_tx_ctl, new value 3.3 will overwrite the current value.
W: ConstraintEditor-4026: [E:/User/Files/project_self/OPHW_25H/workspace/11_eth_udp_loop/constraint/eth_udp_loop.fdc(line number: 235)] PAP_IO_STANDARD is already defined in p:eth_tx_ctl, new value LVCMOS33 will overwrite the current value.
W: ConstraintEditor-4026: [E:/User/Files/project_self/OPHW_25H/workspace/11_eth_udp_loop/constraint/eth_udp_loop.fdc(line number: 236)] PAP_IO_DRIVE is already defined in p:eth_tx_ctl, new value 4 will overwrite the current value.
W: ConstraintEditor-4026: [E:/User/Files/project_self/OPHW_25H/workspace/11_eth_udp_loop/constraint/eth_udp_loop.fdc(line number: 237)] PAP_IO_NONE is already defined in p:eth_tx_ctl, new value TRUE will overwrite the current value.
W: ConstraintEditor-4026: [E:/User/Files/project_self/OPHW_25H/workspace/11_eth_udp_loop/constraint/eth_udp_loop.fdc(line number: 238)] PAP_IO_SLEW is already defined in p:eth_tx_ctl, new value FAST will overwrite the current value.
W: ConstraintEditor-4026: [E:/User/Files/project_self/OPHW_25H/workspace/11_eth_udp_loop/constraint/eth_udp_loop.fdc(line number: 239)] PAP_IO_DIRECTION is already defined in p:eth_txc, new value OUTPUT will overwrite the current value.
W: ConstraintEditor-4026: [E:/User/Files/project_self/OPHW_25H/workspace/11_eth_udp_loop/constraint/eth_udp_loop.fdc(line number: 240)] PAP_IO_LOC is already defined in p:eth_txc, new value V17 will overwrite the current value.
W: ConstraintEditor-4026: [E:/User/Files/project_self/OPHW_25H/workspace/11_eth_udp_loop/constraint/eth_udp_loop.fdc(line number: 241)] PAP_IO_VCCIO is already defined in p:eth_txc, new value 3.3 will overwrite the current value.
W: ConstraintEditor-4026: [E:/User/Files/project_self/OPHW_25H/workspace/11_eth_udp_loop/constraint/eth_udp_loop.fdc(line number: 242)] PAP_IO_STANDARD is already defined in p:eth_txc, new value LVCMOS33 will overwrite the current value.
W: ConstraintEditor-4026: [E:/User/Files/project_self/OPHW_25H/workspace/11_eth_udp_loop/constraint/eth_udp_loop.fdc(line number: 243)] PAP_IO_DRIVE is already defined in p:eth_txc, new value 4 will overwrite the current value.
W: ConstraintEditor-4026: [E:/User/Files/project_self/OPHW_25H/workspace/11_eth_udp_loop/constraint/eth_udp_loop.fdc(line number: 244)] PAP_IO_NONE is already defined in p:eth_txc, new value TRUE will overwrite the current value.
W: ConstraintEditor-4026: [E:/User/Files/project_self/OPHW_25H/workspace/11_eth_udp_loop/constraint/eth_udp_loop.fdc(line number: 245)] PAP_IO_SLEW is already defined in p:eth_txc, new value FAST will overwrite the current value.
W: ConstraintEditor-4026: [E:/User/Files/project_self/OPHW_25H/workspace/11_eth_udp_loop/constraint/eth_udp_loop.fdc(line number: 246)] PAP_IO_DIRECTION is already defined in p:eth_rx_ctl, new value INPUT will overwrite the current value.
W: ConstraintEditor-4026: [E:/User/Files/project_self/OPHW_25H/workspace/11_eth_udp_loop/constraint/eth_udp_loop.fdc(line number: 247)] PAP_IO_LOC is already defined in p:eth_rx_ctl, new value U12 will overwrite the current value.
W: ConstraintEditor-4026: [E:/User/Files/project_self/OPHW_25H/workspace/11_eth_udp_loop/constraint/eth_udp_loop.fdc(line number: 248)] PAP_IO_VCCIO is already defined in p:eth_rx_ctl, new value 3.3 will overwrite the current value.
W: ConstraintEditor-4026: [E:/User/Files/project_self/OPHW_25H/workspace/11_eth_udp_loop/constraint/eth_udp_loop.fdc(line number: 249)] PAP_IO_STANDARD is already defined in p:eth_rx_ctl, new value LVCMOS33 will overwrite the current value.
W: ConstraintEditor-4026: [E:/User/Files/project_self/OPHW_25H/workspace/11_eth_udp_loop/constraint/eth_udp_loop.fdc(line number: 250)] PAP_IO_NONE is already defined in p:eth_rx_ctl, new value TRUE will overwrite the current value.
W: ConstraintEditor-4026: [E:/User/Files/project_self/OPHW_25H/workspace/11_eth_udp_loop/constraint/eth_udp_loop.fdc(line number: 251)] PAP_IO_DIRECTION is already defined in p:eth_rxc, new value INPUT will overwrite the current value.
W: ConstraintEditor-4026: [E:/User/Files/project_self/OPHW_25H/workspace/11_eth_udp_loop/constraint/eth_udp_loop.fdc(line number: 252)] PAP_IO_LOC is already defined in p:eth_rxc, new value P15 will overwrite the current value.
W: ConstraintEditor-4026: [E:/User/Files/project_self/OPHW_25H/workspace/11_eth_udp_loop/constraint/eth_udp_loop.fdc(line number: 253)] PAP_IO_VCCIO is already defined in p:eth_rxc, new value 3.3 will overwrite the current value.
W: ConstraintEditor-4026: [E:/User/Files/project_self/OPHW_25H/workspace/11_eth_udp_loop/constraint/eth_udp_loop.fdc(line number: 254)] PAP_IO_STANDARD is already defined in p:eth_rxc, new value LVCMOS33 will overwrite the current value.
W: ConstraintEditor-4026: [E:/User/Files/project_self/OPHW_25H/workspace/11_eth_udp_loop/constraint/eth_udp_loop.fdc(line number: 255)] PAP_IO_NONE is already defined in p:eth_rxc, new value TRUE will overwrite the current value.
W: ConstraintEditor-4026: [E:/User/Files/project_self/OPHW_25H/workspace/11_eth_udp_loop/constraint/eth_udp_loop.fdc(line number: 256)] PAP_IO_DIRECTION is already defined in p:sys_clk, new value INPUT will overwrite the current value.
W: ConstraintEditor-4026: [E:/User/Files/project_self/OPHW_25H/workspace/11_eth_udp_loop/constraint/eth_udp_loop.fdc(line number: 257)] PAP_IO_LOC is already defined in p:sys_clk, new value P3 will overwrite the current value.
W: ConstraintEditor-4026: [E:/User/Files/project_self/OPHW_25H/workspace/11_eth_udp_loop/constraint/eth_udp_loop.fdc(line number: 258)] PAP_IO_VCCIO is already defined in p:sys_clk, new value 3.3 will overwrite the current value.
W: ConstraintEditor-4026: [E:/User/Files/project_self/OPHW_25H/workspace/11_eth_udp_loop/constraint/eth_udp_loop.fdc(line number: 259)] PAP_IO_STANDARD is already defined in p:sys_clk, new value LVCMOS33 will overwrite the current value.
W: ConstraintEditor-4026: [E:/User/Files/project_self/OPHW_25H/workspace/11_eth_udp_loop/constraint/eth_udp_loop.fdc(line number: 260)] PAP_IO_NONE is already defined in p:sys_clk, new value TRUE will overwrite the current value.
C: ConstraintEditor-2002: [E:/User/Files/project_self/OPHW_25H/workspace/11_eth_udp_loop/constraint/eth_udp_loop.fdc(line number: 178)] | Port eth_txd[3] has been placed at location V14, whose type is share pin.
C: ConstraintEditor-2002: [E:/User/Files/project_self/OPHW_25H/workspace/11_eth_udp_loop/constraint/eth_udp_loop.fdc(line number: 192)] | Port eth_txd[1] has been placed at location V13, whose type is share pin.
C: ConstraintEditor-2002: [E:/User/Files/project_self/OPHW_25H/workspace/11_eth_udp_loop/constraint/eth_udp_loop.fdc(line number: 199)] | Port eth_txd[0] has been placed at location T12, whose type is share pin.
C: ConstraintEditor-2002: [E:/User/Files/project_self/OPHW_25H/workspace/11_eth_udp_loop/constraint/eth_udp_loop.fdc(line number: 206)] | Port eth_rxd[3] has been placed at location U11, whose type is share pin.
C: ConstraintEditor-2002: [E:/User/Files/project_self/OPHW_25H/workspace/11_eth_udp_loop/constraint/eth_udp_loop.fdc(line number: 211)] | Port eth_rxd[2] has been placed at location V11, whose type is share pin.
C: ConstraintEditor-2002: [E:/User/Files/project_self/OPHW_25H/workspace/11_eth_udp_loop/constraint/eth_udp_loop.fdc(line number: 216)] | Port eth_rxd[1] has been placed at location U9, whose type is share pin.
C: ConstraintEditor-2002: [E:/User/Files/project_self/OPHW_25H/workspace/11_eth_udp_loop/constraint/eth_udp_loop.fdc(line number: 221)] | Port eth_rxd[0] has been placed at location V9, whose type is share pin.
C: ConstraintEditor-2002: [E:/User/Files/project_self/OPHW_25H/workspace/11_eth_udp_loop/constraint/eth_udp_loop.fdc(line number: 233)] | Port eth_tx_ctl has been placed at location R13, whose type is share pin.
C: ConstraintEditor-2002: [E:/User/Files/project_self/OPHW_25H/workspace/11_eth_udp_loop/constraint/eth_udp_loop.fdc(line number: 240)] | Port eth_txc has been placed at location V17, whose type is share pin.
C: ConstraintEditor-2002: [E:/User/Files/project_self/OPHW_25H/workspace/11_eth_udp_loop/constraint/eth_udp_loop.fdc(line number: 247)] | Port eth_rx_ctl has been placed at location U12, whose type is share pin.
C: ConstraintEditor-2002: [E:/User/Files/project_self/OPHW_25H/workspace/11_eth_udp_loop/constraint/eth_udp_loop.fdc(line number: 172)] | Port sys_rst_n has been placed at location G14, whose type is share pin.
Constraint check end.

Start pre-mapping.
I: Encoding type of FSM 'cur_state_fsm[6:0]' is: onehot.
I: Encoding table of FSM 'cur_state_fsm[6:0]':
I: from  u_icmp/u_icmp_rx/cur_state[6] u_icmp/u_icmp_rx/cur_state[5] u_icmp/u_icmp_rx/cur_state[4] u_icmp/u_icmp_rx/cur_state[3] u_icmp/u_icmp_rx/cur_state[2] u_icmp/u_icmp_rx/cur_state[1] u_icmp/u_icmp_rx/cur_state[0]
I: to  u_icmp/u_icmp_rx/cur_state_reg[6] u_icmp/u_icmp_rx/cur_state_reg[5] u_icmp/u_icmp_rx/cur_state_reg[4] u_icmp/u_icmp_rx/cur_state_reg[3] u_icmp/u_icmp_rx/cur_state_reg[2] u_icmp/u_icmp_rx/cur_state_reg[1] u_icmp/u_icmp_rx/cur_state_reg[0]
I: 0000001 => 0000001
I: 0000010 => 0000010
I: 0000100 => 0000100
I: 0001000 => 0001000
I: 0010000 => 0010000
I: 0100000 => 0100000
I: 1000000 => 1000000
I: Encoding type of FSM 'protocol_sw_fsm[1:0]' is: onehot.
I: Encoding table of FSM 'protocol_sw_fsm[1:0]':
I: from  u_eth_ctrl/protocol_sw[1] u_eth_ctrl/protocol_sw[0]
I: to  u_eth_ctrl/protocol_sw_reg[2] u_eth_ctrl/protocol_sw_reg[1] u_eth_ctrl/protocol_sw_reg[0]
I: 00 => 001
I: 01 => 010
I: 10 => 100
I: Encoding type of FSM 'cur_state_fsm[7:0]' is: onehot.
I: Encoding table of FSM 'cur_state_fsm[7:0]':
I: from  u_icmp/u_icmp_tx/cur_state[7] u_icmp/u_icmp_tx/cur_state[6] u_icmp/u_icmp_tx/cur_state[5] u_icmp/u_icmp_tx/cur_state[4] u_icmp/u_icmp_tx/cur_state[3] u_icmp/u_icmp_tx/cur_state[2] u_icmp/u_icmp_tx/cur_state[1] u_icmp/u_icmp_tx/cur_state[0]
I: to  u_icmp/u_icmp_tx/cur_state_reg[7] u_icmp/u_icmp_tx/cur_state_reg[6] u_icmp/u_icmp_tx/cur_state_reg[5] u_icmp/u_icmp_tx/cur_state_reg[4] u_icmp/u_icmp_tx/cur_state_reg[3] u_icmp/u_icmp_tx/cur_state_reg[2] u_icmp/u_icmp_tx/cur_state_reg[1] u_icmp/u_icmp_tx/cur_state_reg[0]
I: 00000001 => 00000001
I: 00000010 => 00000010
I: 00000100 => 00000100
I: 00001000 => 00001000
I: 00010000 => 00010000
I: 00100000 => 00100000
I: 01000000 => 01000000
I: 10000000 => 10000000
I: Encoding type of FSM 'cur_state_fsm[6:0]' is: onehot.
I: Encoding table of FSM 'cur_state_fsm[6:0]':
I: from  u_udp/u_udp_rx/cur_state[6] u_udp/u_udp_rx/cur_state[5] u_udp/u_udp_rx/cur_state[4] u_udp/u_udp_rx/cur_state[3] u_udp/u_udp_rx/cur_state[2] u_udp/u_udp_rx/cur_state[1] u_udp/u_udp_rx/cur_state[0]
I: to  u_udp/u_udp_rx/cur_state_reg[6] u_udp/u_udp_rx/cur_state_reg[5] u_udp/u_udp_rx/cur_state_reg[4] u_udp/u_udp_rx/cur_state_reg[3] u_udp/u_udp_rx/cur_state_reg[2] u_udp/u_udp_rx/cur_state_reg[1] u_udp/u_udp_rx/cur_state_reg[0]
I: 0000001 => 0000001
I: 0000010 => 0000010
I: 0000100 => 0000100
I: 0001000 => 0001000
I: 0010000 => 0010000
I: 0100000 => 0100000
I: 1000000 => 1000000
I: Encoding type of FSM 'cur_state_fsm[6:0]' is: onehot.
I: Encoding table of FSM 'cur_state_fsm[6:0]':
I: from  u_udp/u_udp_tx/cur_state[6] u_udp/u_udp_tx/cur_state[5] u_udp/u_udp_tx/cur_state[4] u_udp/u_udp_tx/cur_state[3] u_udp/u_udp_tx/cur_state[2] u_udp/u_udp_tx/cur_state[1] u_udp/u_udp_tx/cur_state[0]
I: to  u_udp/u_udp_tx/cur_state_reg[6] u_udp/u_udp_tx/cur_state_reg[5] u_udp/u_udp_tx/cur_state_reg[4] u_udp/u_udp_tx/cur_state_reg[3] u_udp/u_udp_tx/cur_state_reg[2] u_udp/u_udp_tx/cur_state_reg[1] u_udp/u_udp_tx/cur_state_reg[0]
I: 0000001 => 0000001
I: 0000010 => 0000010
I: 0000100 => 0000100
I: 0001000 => 0001000
I: 0010000 => 0010000
I: 0100000 => 0100000
I: 1000000 => 1000000
I: Encoding type of FSM 'cur_state_fsm[4:0]' is: onehot.
I: Encoding table of FSM 'cur_state_fsm[4:0]':
I: from  u_arp/u_arp_rx/cur_state[4] u_arp/u_arp_rx/cur_state[3] u_arp/u_arp_rx/cur_state[2] u_arp/u_arp_rx/cur_state[1] u_arp/u_arp_rx/cur_state[0]
I: to  u_arp/u_arp_rx/cur_state_reg[4] u_arp/u_arp_rx/cur_state_reg[3] u_arp/u_arp_rx/cur_state_reg[2] u_arp/u_arp_rx/cur_state_reg[1] u_arp/u_arp_rx/cur_state_reg[0]
I: 00001 => 00001
I: 00010 => 00010
I: 00100 => 00100
I: 01000 => 01000
I: 10000 => 10000
I: Encoding type of FSM 'cur_state_fsm[4:0]' is: onehot.
I: Encoding table of FSM 'cur_state_fsm[4:0]':
I: from  u_arp/u_arp_tx/cur_state[4] u_arp/u_arp_tx/cur_state[3] u_arp/u_arp_tx/cur_state[2] u_arp/u_arp_tx/cur_state[1] u_arp/u_arp_tx/cur_state[0]
I: to  u_arp/u_arp_tx/cur_state_reg[4] u_arp/u_arp_tx/cur_state_reg[3] u_arp/u_arp_tx/cur_state_reg[2] u_arp/u_arp_tx/cur_state_reg[1] u_arp/u_arp_tx/cur_state_reg[0]
I: 00001 => 00001
I: 00010 => 00010
I: 00100 => 00100
I: 01000 => 01000
I: 10000 => 10000
I: Constant propagation done on u_icmp/u_icmp_rx/N49 (bmsWIDEINV).
I: Constant propagation done on u_icmp/u_icmp_rx/N50 (bmsPMUX).
I: Constant propagation done on u_icmp/u_icmp_tx/N70 (bmsWIDEINV).
I: Constant propagation done on u_icmp/u_icmp_tx/N71 (bmsPMUX).
I: Constant propagation done on u_udp/u_udp_rx/N47 (bmsWIDEINV).
I: Constant propagation done on u_udp/u_udp_rx/N48 (bmsPMUX).
I: Constant propagation done on u_udp/u_udp_tx/N70 (bmsWIDEINV).
I: Constant propagation done on u_udp/u_udp_tx/N71 (bmsPMUX).
I: Constant propagation done on u_arp/u_arp_rx/N37 (bmsWIDEINV).
I: Constant propagation done on u_arp/u_arp_rx/N38 (bmsPMUX).
W: Removed bmsWIDEDFFCPE inst ip_head_byte_num[5:0] at 0 that is stuck at constant 0.
I: Removed bmsSUB inst N348_1 that is redundant to N328
W: Removed bmsWIDEDFFCPE inst check_buffer[31:0] at 20 that is stuck at constant 0.
I: Removed bmsSUB inst N307_1 that is redundant to N287
W: Removed bmsWIDEDFFCPE inst check_buffer[31:0] at 20 that is stuck at constant 0.
I: Removed bmsWIDEDFFCPE inst arp_data[2][3] that is redundant to arp_data[1][0]
I: Removed bmsWIDEDFFCPE inst arp_data[4][1] that is redundant to arp_data[1][0]
I: Removed bmsWIDEDFFCPE inst arp_data[4][2] that is redundant to arp_data[1][0]
I: Removed bmsWIDEDFFCPE inst arp_data[5][2] that is redundant to arp_data[1][0]
I: Removed bmsWIDEDFFCPE inst arp_data[9][0] that is redundant to arp_data[1][0]
I: Removed bmsWIDEDFFCPE inst arp_data[9][4] that is redundant to arp_data[1][0]
I: Removed bmsWIDEDFFCPE inst arp_data[10][1] that is redundant to arp_data[1][0]
I: Removed bmsWIDEDFFCPE inst arp_data[10][5] that is redundant to arp_data[1][0]
I: Removed bmsWIDEDFFCPE inst arp_data[11][0] that is redundant to arp_data[1][0]
I: Removed bmsWIDEDFFCPE inst arp_data[11][1] that is redundant to arp_data[1][0]
I: Removed bmsWIDEDFFCPE inst arp_data[11][4] that is redundant to arp_data[1][0]
I: Removed bmsWIDEDFFCPE inst arp_data[11][5] that is redundant to arp_data[1][0]
I: Removed bmsWIDEDFFCPE inst arp_data[12][2] that is redundant to arp_data[1][0]
I: Removed bmsWIDEDFFCPE inst arp_data[12][6] that is redundant to arp_data[1][0]
I: Removed bmsWIDEDFFCPE inst arp_data[13][0] that is redundant to arp_data[1][0]
I: Removed bmsWIDEDFFCPE inst arp_data[13][2] that is redundant to arp_data[1][0]
I: Removed bmsWIDEDFFCPE inst arp_data[13][4] that is redundant to arp_data[1][0]
I: Removed bmsWIDEDFFCPE inst arp_data[13][6] that is redundant to arp_data[1][0]
I: Removed bmsWIDEDFFCPE inst arp_data[14][6] that is redundant to arp_data[1][0]
I: Removed bmsWIDEDFFCPE inst arp_data[14][7] that is redundant to arp_data[1][0]
I: Removed bmsWIDEDFFCPE inst arp_data[15][3] that is redundant to arp_data[1][0]
I: Removed bmsWIDEDFFCPE inst arp_data[15][5] that is redundant to arp_data[1][0]
I: Removed bmsWIDEDFFCPE inst arp_data[15][7] that is redundant to arp_data[1][0]
I: Removed bmsWIDEDFFCPE inst arp_data[16][0] that is redundant to arp_data[1][0]
I: Removed bmsWIDEDFFCPE inst arp_data[17][1] that is redundant to arp_data[1][0]
I: Removed bmsWIDEDFFCPE inst arp_data[17][3] that is redundant to arp_data[1][0]
I: Removed bmsWIDEDFFCPE inst arp_data[0][1] that is redundant to arp_data[0][0]
I: Removed bmsWIDEDFFCPE inst arp_data[0][2] that is redundant to arp_data[0][0]
I: Removed bmsWIDEDFFCPE inst arp_data[0][3] that is redundant to arp_data[0][0]
I: Removed bmsWIDEDFFCPE inst arp_data[0][4] that is redundant to arp_data[0][0]
I: Removed bmsWIDEDFFCPE inst arp_data[0][5] that is redundant to arp_data[0][0]
I: Removed bmsWIDEDFFCPE inst arp_data[0][6] that is redundant to arp_data[0][0]
I: Removed bmsWIDEDFFCPE inst arp_data[0][7] that is redundant to arp_data[0][0]
I: Removed bmsWIDEDFFCPE inst arp_data[1][1] that is redundant to arp_data[0][0]
I: Removed bmsWIDEDFFCPE inst arp_data[1][2] that is redundant to arp_data[0][0]
I: Removed bmsWIDEDFFCPE inst arp_data[1][3] that is redundant to arp_data[0][0]
I: Removed bmsWIDEDFFCPE inst arp_data[1][4] that is redundant to arp_data[0][0]
I: Removed bmsWIDEDFFCPE inst arp_data[1][5] that is redundant to arp_data[0][0]
I: Removed bmsWIDEDFFCPE inst arp_data[1][6] that is redundant to arp_data[0][0]
I: Removed bmsWIDEDFFCPE inst arp_data[1][7] that is redundant to arp_data[0][0]
I: Removed bmsWIDEDFFCPE inst arp_data[2][0] that is redundant to arp_data[0][0]
I: Removed bmsWIDEDFFCPE inst arp_data[2][1] that is redundant to arp_data[0][0]
I: Removed bmsWIDEDFFCPE inst arp_data[2][2] that is redundant to arp_data[0][0]
I: Removed bmsWIDEDFFCPE inst arp_data[2][4] that is redundant to arp_data[0][0]
I: Removed bmsWIDEDFFCPE inst arp_data[2][5] that is redundant to arp_data[0][0]
I: Removed bmsWIDEDFFCPE inst arp_data[2][6] that is redundant to arp_data[0][0]
I: Removed bmsWIDEDFFCPE inst arp_data[2][7] that is redundant to arp_data[0][0]
I: Removed bmsWIDEDFFCPE inst arp_data[3][0] that is redundant to arp_data[0][0]
I: Removed bmsWIDEDFFCPE inst arp_data[3][1] that is redundant to arp_data[0][0]
I: Removed bmsWIDEDFFCPE inst arp_data[3][2] that is redundant to arp_data[0][0]
I: Removed bmsWIDEDFFCPE inst arp_data[3][3] that is redundant to arp_data[0][0]
I: Removed bmsWIDEDFFCPE inst arp_data[3][4] that is redundant to arp_data[0][0]
I: Removed bmsWIDEDFFCPE inst arp_data[3][5] that is redundant to arp_data[0][0]
I: Removed bmsWIDEDFFCPE inst arp_data[3][6] that is redundant to arp_data[0][0]
I: Removed bmsWIDEDFFCPE inst arp_data[3][7] that is redundant to arp_data[0][0]
I: Removed bmsWIDEDFFCPE inst arp_data[4][0] that is redundant to arp_data[0][0]
I: Removed bmsWIDEDFFCPE inst arp_data[4][3] that is redundant to arp_data[0][0]
I: Removed bmsWIDEDFFCPE inst arp_data[4][4] that is redundant to arp_data[0][0]
I: Removed bmsWIDEDFFCPE inst arp_data[4][5] that is redundant to arp_data[0][0]
I: Removed bmsWIDEDFFCPE inst arp_data[4][6] that is redundant to arp_data[0][0]
I: Removed bmsWIDEDFFCPE inst arp_data[4][7] that is redundant to arp_data[0][0]
I: Removed bmsWIDEDFFCPE inst arp_data[5][0] that is redundant to arp_data[0][0]
I: Removed bmsWIDEDFFCPE inst arp_data[5][1] that is redundant to arp_data[0][0]
I: Removed bmsWIDEDFFCPE inst arp_data[5][3] that is redundant to arp_data[0][0]
I: Removed bmsWIDEDFFCPE inst arp_data[5][4] that is redundant to arp_data[0][0]
I: Removed bmsWIDEDFFCPE inst arp_data[5][5] that is redundant to arp_data[0][0]
I: Removed bmsWIDEDFFCPE inst arp_data[5][6] that is redundant to arp_data[0][0]
I: Removed bmsWIDEDFFCPE inst arp_data[5][7] that is redundant to arp_data[0][0]
I: Removed bmsWIDEDFFCPE inst arp_data[6][0] that is redundant to arp_data[0][0]
I: Removed bmsWIDEDFFCPE inst arp_data[6][1] that is redundant to arp_data[0][0]
I: Removed bmsWIDEDFFCPE inst arp_data[6][2] that is redundant to arp_data[0][0]
I: Removed bmsWIDEDFFCPE inst arp_data[6][3] that is redundant to arp_data[0][0]
I: Removed bmsWIDEDFFCPE inst arp_data[6][4] that is redundant to arp_data[0][0]
I: Removed bmsWIDEDFFCPE inst arp_data[6][5] that is redundant to arp_data[0][0]
I: Removed bmsWIDEDFFCPE inst arp_data[6][6] that is redundant to arp_data[0][0]
I: Removed bmsWIDEDFFCPE inst arp_data[6][7] that is redundant to arp_data[0][0]
I: Removed bmsWIDEDFFCPE inst arp_data[8][0] that is redundant to arp_data[0][0]
I: Removed bmsWIDEDFFCPE inst arp_data[8][1] that is redundant to arp_data[0][0]
I: Removed bmsWIDEDFFCPE inst arp_data[8][2] that is redundant to arp_data[0][0]
I: Removed bmsWIDEDFFCPE inst arp_data[8][3] that is redundant to arp_data[0][0]
I: Removed bmsWIDEDFFCPE inst arp_data[8][4] that is redundant to arp_data[0][0]
I: Removed bmsWIDEDFFCPE inst arp_data[8][5] that is redundant to arp_data[0][0]
I: Removed bmsWIDEDFFCPE inst arp_data[8][6] that is redundant to arp_data[0][0]
I: Removed bmsWIDEDFFCPE inst arp_data[8][7] that is redundant to arp_data[0][0]
I: Removed bmsWIDEDFFCPE inst arp_data[9][1] that is redundant to arp_data[0][0]
I: Removed bmsWIDEDFFCPE inst arp_data[9][2] that is redundant to arp_data[0][0]
I: Removed bmsWIDEDFFCPE inst arp_data[9][3] that is redundant to arp_data[0][0]
I: Removed bmsWIDEDFFCPE inst arp_data[9][5] that is redundant to arp_data[0][0]
I: Removed bmsWIDEDFFCPE inst arp_data[9][6] that is redundant to arp_data[0][0]
I: Removed bmsWIDEDFFCPE inst arp_data[9][7] that is redundant to arp_data[0][0]
I: Removed bmsWIDEDFFCPE inst arp_data[10][0] that is redundant to arp_data[0][0]
I: Removed bmsWIDEDFFCPE inst arp_data[10][2] that is redundant to arp_data[0][0]
I: Removed bmsWIDEDFFCPE inst arp_data[10][3] that is redundant to arp_data[0][0]
I: Removed bmsWIDEDFFCPE inst arp_data[10][4] that is redundant to arp_data[0][0]
I: Removed bmsWIDEDFFCPE inst arp_data[10][6] that is redundant to arp_data[0][0]
I: Removed bmsWIDEDFFCPE inst arp_data[10][7] that is redundant to arp_data[0][0]
I: Removed bmsWIDEDFFCPE inst arp_data[11][2] that is redundant to arp_data[0][0]
I: Removed bmsWIDEDFFCPE inst arp_data[11][3] that is redundant to arp_data[0][0]
I: Removed bmsWIDEDFFCPE inst arp_data[11][6] that is redundant to arp_data[0][0]
I: Removed bmsWIDEDFFCPE inst arp_data[11][7] that is redundant to arp_data[0][0]
I: Removed bmsWIDEDFFCPE inst arp_data[12][0] that is redundant to arp_data[0][0]
I: Removed bmsWIDEDFFCPE inst arp_data[12][1] that is redundant to arp_data[0][0]
I: Removed bmsWIDEDFFCPE inst arp_data[12][3] that is redundant to arp_data[0][0]
I: Removed bmsWIDEDFFCPE inst arp_data[12][4] that is redundant to arp_data[0][0]
I: Removed bmsWIDEDFFCPE inst arp_data[12][5] that is redundant to arp_data[0][0]
I: Removed bmsWIDEDFFCPE inst arp_data[12][7] that is redundant to arp_data[0][0]
I: Removed bmsWIDEDFFCPE inst arp_data[13][1] that is redundant to arp_data[0][0]
I: Removed bmsWIDEDFFCPE inst arp_data[13][3] that is redundant to arp_data[0][0]
I: Removed bmsWIDEDFFCPE inst arp_data[13][5] that is redundant to arp_data[0][0]
I: Removed bmsWIDEDFFCPE inst arp_data[13][7] that is redundant to arp_data[0][0]
I: Removed bmsWIDEDFFCPE inst arp_data[14][0] that is redundant to arp_data[0][0]
I: Removed bmsWIDEDFFCPE inst arp_data[14][1] that is redundant to arp_data[0][0]
I: Removed bmsWIDEDFFCPE inst arp_data[14][2] that is redundant to arp_data[0][0]
I: Removed bmsWIDEDFFCPE inst arp_data[14][3] that is redundant to arp_data[0][0]
I: Removed bmsWIDEDFFCPE inst arp_data[14][4] that is redundant to arp_data[0][0]
I: Removed bmsWIDEDFFCPE inst arp_data[14][5] that is redundant to arp_data[0][0]
I: Removed bmsWIDEDFFCPE inst arp_data[15][0] that is redundant to arp_data[0][0]
I: Removed bmsWIDEDFFCPE inst arp_data[15][1] that is redundant to arp_data[0][0]
I: Removed bmsWIDEDFFCPE inst arp_data[15][2] that is redundant to arp_data[0][0]
I: Removed bmsWIDEDFFCPE inst arp_data[15][4] that is redundant to arp_data[0][0]
I: Removed bmsWIDEDFFCPE inst arp_data[15][6] that is redundant to arp_data[0][0]
I: Removed bmsWIDEDFFCPE inst arp_data[16][1] that is redundant to arp_data[0][0]
I: Removed bmsWIDEDFFCPE inst arp_data[16][2] that is redundant to arp_data[0][0]
I: Removed bmsWIDEDFFCPE inst arp_data[16][3] that is redundant to arp_data[0][0]
I: Removed bmsWIDEDFFCPE inst arp_data[16][4] that is redundant to arp_data[0][0]
I: Removed bmsWIDEDFFCPE inst arp_data[16][5] that is redundant to arp_data[0][0]
I: Removed bmsWIDEDFFCPE inst arp_data[16][6] that is redundant to arp_data[0][0]
I: Removed bmsWIDEDFFCPE inst arp_data[16][7] that is redundant to arp_data[0][0]
I: Removed bmsWIDEDFFCPE inst arp_data[17][0] that is redundant to arp_data[0][0]
I: Removed bmsWIDEDFFCPE inst arp_data[17][2] that is redundant to arp_data[0][0]
I: Removed bmsWIDEDFFCPE inst arp_data[17][4] that is redundant to arp_data[0][0]
I: Removed bmsWIDEDFFCPE inst arp_data[17][5] that is redundant to arp_data[0][0]
I: Removed bmsWIDEDFFCPE inst arp_data[17][6] that is redundant to arp_data[0][0]
I: Removed bmsWIDEDFFCPE inst arp_data[17][7] that is redundant to arp_data[0][0]
W: Removed bmsWIDEDFFCPE inst arp_data[0][0] that is stuck at constant 0.
W: Removed bmsWIDEDFFCPE inst arp_data[1][0] that is stuck at constant 1.
Executing : pre-mapping successfully. Time elapsed: 0.169s wall, 0.141s user + 0.109s system = 0.250s CPU (147.9%)

Start mod-gen.
W: Public-4008: Instance 'async_fifo_2048x8b_inst/U_ipm2l_fifo_async_fifo_2048x8b/U_ipm2l_fifo_ctrl/rd_water_level[11:0]' of 'bmsWIDEDFFCPE' unit is dangling and will be cleaned.
W: Public-4008: Instance 'async_fifo_2048x8b_inst/U_ipm2l_fifo_async_fifo_2048x8b/U_ipm2l_fifo_ctrl/wr_water_level[11:0]' of 'bmsWIDEDFFCPE' unit is dangling and will be cleaned.
I: Removed bmsADD inst u_udp/u_udp_tx/N3383 that is redundant to u_icmp/u_icmp_tx/N3754
I: Removed bmsREDOR inst u_udp/u_udp_tx/N545 that is redundant to u_icmp/u_icmp_tx/N592
I: Removed bmsREDOR inst u_icmp/u_icmp_tx/N592 that is redundant to u_arp/u_arp_tx/N376
I: Removed bmsSUB inst u_udp/u_udp_tx/N307_0 that is redundant to u_icmp/u_icmp_tx/N348_0
I: Removed bmsREDAND inst u_udp/u_udp_tx/N496 that is redundant to u_icmp/u_icmp_tx/N543
I: Removed inst u_icmp/u_icmp_tx/preamble[1][7:0] which is redundant to u_icmp/u_icmp_tx/preamble[0][7:0] (type bmsWIDEDFFPATCE)
I: Removed inst u_icmp/u_icmp_tx/preamble[2][7:0] which is redundant to u_icmp/u_icmp_tx/preamble[0][7:0] (type bmsWIDEDFFPATCE)
I: Removed inst u_icmp/u_icmp_tx/preamble[3][7:0] which is redundant to u_icmp/u_icmp_tx/preamble[0][7:0] (type bmsWIDEDFFPATCE)
I: Removed inst u_icmp/u_icmp_tx/preamble[4][7:0] which is redundant to u_icmp/u_icmp_tx/preamble[0][7:0] (type bmsWIDEDFFPATCE)
I: Removed inst u_icmp/u_icmp_tx/preamble[5][7:0] which is redundant to u_icmp/u_icmp_tx/preamble[0][7:0] (type bmsWIDEDFFPATCE)
I: Removed inst u_icmp/u_icmp_tx/preamble[6][7:0] which is redundant to u_icmp/u_icmp_tx/preamble[0][7:0] (type bmsWIDEDFFPATCE)
I: Removed inst u_icmp/u_icmp_tx/eth_head[11][7:0] which is redundant to u_icmp/u_icmp_tx/preamble[0][7:0] (type bmsWIDEDFFPATCE)
I: Removed inst u_arp/u_arp_tx/eth_head[11][7:0] which is redundant to u_icmp/u_icmp_tx/preamble[0][7:0] (type bmsWIDEDFFPATCE)
I: Removed inst u_arp/u_arp_tx/preamble[0][7:0] which is redundant to u_icmp/u_icmp_tx/preamble[0][7:0] (type bmsWIDEDFFPATCE)
I: Removed inst u_arp/u_arp_tx/preamble[1][7:0] which is redundant to u_icmp/u_icmp_tx/preamble[0][7:0] (type bmsWIDEDFFPATCE)
I: Removed inst u_arp/u_arp_tx/preamble[2][7:0] which is redundant to u_icmp/u_icmp_tx/preamble[0][7:0] (type bmsWIDEDFFPATCE)
I: Removed inst u_arp/u_arp_tx/preamble[3][7:0] which is redundant to u_icmp/u_icmp_tx/preamble[0][7:0] (type bmsWIDEDFFPATCE)
I: Removed inst u_arp/u_arp_tx/preamble[4][7:0] which is redundant to u_icmp/u_icmp_tx/preamble[0][7:0] (type bmsWIDEDFFPATCE)
I: Removed inst u_arp/u_arp_tx/preamble[5][7:0] which is redundant to u_icmp/u_icmp_tx/preamble[0][7:0] (type bmsWIDEDFFPATCE)
I: Removed inst u_arp/u_arp_tx/preamble[6][7:0] which is redundant to u_icmp/u_icmp_tx/preamble[0][7:0] (type bmsWIDEDFFPATCE)
I: Removed inst u_udp/u_udp_tx/preamble[0][7:0] which is redundant to u_icmp/u_icmp_tx/preamble[0][7:0] (type bmsWIDEDFFPATCE)
I: Removed inst u_udp/u_udp_tx/preamble[1][7:0] which is redundant to u_icmp/u_icmp_tx/preamble[0][7:0] (type bmsWIDEDFFPATCE)
I: Removed inst u_udp/u_udp_tx/preamble[2][7:0] which is redundant to u_icmp/u_icmp_tx/preamble[0][7:0] (type bmsWIDEDFFPATCE)
I: Removed inst u_udp/u_udp_tx/preamble[3][7:0] which is redundant to u_icmp/u_icmp_tx/preamble[0][7:0] (type bmsWIDEDFFPATCE)
I: Removed inst u_udp/u_udp_tx/preamble[4][7:0] which is redundant to u_icmp/u_icmp_tx/preamble[0][7:0] (type bmsWIDEDFFPATCE)
I: Removed inst u_udp/u_udp_tx/preamble[5][7:0] which is redundant to u_icmp/u_icmp_tx/preamble[0][7:0] (type bmsWIDEDFFPATCE)
I: Removed inst u_udp/u_udp_tx/preamble[6][7:0] which is redundant to u_icmp/u_icmp_tx/preamble[0][7:0] (type bmsWIDEDFFPATCE)
I: Removed inst u_udp/u_udp_tx/eth_head[11][7:0] which is redundant to u_icmp/u_icmp_tx/preamble[0][7:0] (type bmsWIDEDFFPATCE)
I: Removed inst u_arp/u_arp_tx/preamble[7][7:0] which is redundant to u_icmp/u_icmp_tx/preamble[7][7:0] (type bmsWIDEDFFPATCE)
I: Removed inst u_udp/u_udp_tx/preamble[7][7:0] which is redundant to u_icmp/u_icmp_tx/preamble[7][7:0] (type bmsWIDEDFFPATCE)
I: Removed inst u_arp/u_arp_tx/eth_head[7][7:0] which is redundant to u_icmp/u_icmp_tx/eth_head[7][7:0] (type bmsWIDEDFFPATCE)
I: Removed inst u_udp/u_udp_tx/eth_head[7][7:0] which is redundant to u_icmp/u_icmp_tx/eth_head[7][7:0] (type bmsWIDEDFFPATCE)
I: Removed inst u_arp/u_arp_tx/eth_head[8][7:0] which is redundant to u_icmp/u_icmp_tx/eth_head[8][7:0] (type bmsWIDEDFFPATCE)
I: Removed inst u_udp/u_udp_tx/eth_head[8][7:0] which is redundant to u_icmp/u_icmp_tx/eth_head[8][7:0] (type bmsWIDEDFFPATCE)
I: Removed inst u_arp/u_arp_tx/eth_head[9][7:0] which is redundant to u_icmp/u_icmp_tx/eth_head[9][7:0] (type bmsWIDEDFFPATCE)
I: Removed inst u_udp/u_udp_tx/eth_head[9][7:0] which is redundant to u_icmp/u_icmp_tx/eth_head[9][7:0] (type bmsWIDEDFFPATCE)
I: Removed inst u_arp/u_arp_tx/eth_head[10][7:0] which is redundant to u_icmp/u_icmp_tx/eth_head[10][7:0] (type bmsWIDEDFFPATCE)
I: Removed inst u_udp/u_udp_tx/eth_head[10][7:0] which is redundant to u_icmp/u_icmp_tx/eth_head[10][7:0] (type bmsWIDEDFFPATCE)
I: Removed inst u_arp/u_arp_tx/eth_head[12][7:0] which is redundant to u_icmp/u_icmp_tx/eth_head[12][7:0] (type bmsWIDEDFFPATCE)
I: Removed inst u_udp/u_udp_tx/eth_head[12][7:0] which is redundant to u_icmp/u_icmp_tx/eth_head[12][7:0] (type bmsWIDEDFFPATCE)
I: Removed inst u_icmp/u_icmp_tx/eth_head[13][7:0] which is redundant to u_icmp/u_icmp_tx/eth_head[6][7:0] (type bmsWIDEDFFCPE)
I: Removed inst u_arp/u_arp_tx/eth_head[6][7:0] which is redundant to u_icmp/u_icmp_tx/eth_head[6][7:0] (type bmsWIDEDFFCPE)
I: Removed inst u_udp/u_udp_tx/eth_head[6][7:0] which is redundant to u_icmp/u_icmp_tx/eth_head[6][7:0] (type bmsWIDEDFFCPE)
I: Removed inst u_udp/u_udp_tx/eth_head[13][7:0] which is redundant to u_icmp/u_icmp_tx/eth_head[6][7:0] (type bmsWIDEDFFCPE)
Executing : mod-gen successfully. Time elapsed: 0.378s wall, 0.406s user + 0.078s system = 0.484s CPU (128.1%)

Start logic-optimization.
W: Removed bmsWIDEDFFPATCE inst u_icmp/u_icmp_tx/preamble[0][7:0] at 0 that is stuck at constant 1.
W: Removed bmsWIDEDFFPATCE inst u_icmp/u_icmp_tx/preamble[0][7:0] at 1 that is stuck at constant 0.
W: Removed bmsWIDEDFFPATCE inst u_icmp/u_icmp_tx/preamble[0][7:0] at 2 that is stuck at constant 1.
W: Removed bmsWIDEDFFPATCE inst u_icmp/u_icmp_tx/preamble[0][7:0] at 3 that is stuck at constant 0.
W: Removed bmsWIDEDFFPATCE inst u_icmp/u_icmp_tx/preamble[0][7:0] at 4 that is stuck at constant 1.
W: Removed bmsWIDEDFFPATCE inst u_icmp/u_icmp_tx/preamble[0][7:0] at 5 that is stuck at constant 0.
W: Removed bmsWIDEDFFPATCE inst u_icmp/u_icmp_tx/preamble[0][7:0] at 6 that is stuck at constant 1.
W: Removed bmsWIDEDFFPATCE inst u_icmp/u_icmp_tx/preamble[0][7:0] at 7 that is stuck at constant 0.
W: Removed bmsWIDEDFFPATCE inst u_icmp/u_icmp_tx/preamble[7][7:0] at 0 that is stuck at constant 1.
W: Removed bmsWIDEDFFPATCE inst u_icmp/u_icmp_tx/preamble[7][7:0] at 1 that is stuck at constant 0.
W: Removed bmsWIDEDFFPATCE inst u_icmp/u_icmp_tx/preamble[7][7:0] at 2 that is stuck at constant 1.
W: Removed bmsWIDEDFFPATCE inst u_icmp/u_icmp_tx/preamble[7][7:0] at 3 that is stuck at constant 0.
W: Removed bmsWIDEDFFPATCE inst u_icmp/u_icmp_tx/preamble[7][7:0] at 4 that is stuck at constant 1.
W: Removed bmsWIDEDFFPATCE inst u_icmp/u_icmp_tx/preamble[7][7:0] at 5 that is stuck at constant 0.
W: Removed bmsWIDEDFFPATCE inst u_icmp/u_icmp_tx/preamble[7][7:0] at 6 that is stuck at constant 1.
W: Removed bmsWIDEDFFPATCE inst u_icmp/u_icmp_tx/preamble[7][7:0] at 7 that is stuck at constant 1.
W: Removed bmsWIDEDFFCPE inst u_icmp/u_icmp_tx/eth_head[6][7:0] at 0 that is stuck at constant 0.
W: Removed bmsWIDEDFFCPE inst u_icmp/u_icmp_tx/eth_head[6][7:0] at 1 that is stuck at constant 0.
W: Removed bmsWIDEDFFCPE inst u_icmp/u_icmp_tx/eth_head[6][7:0] at 2 that is stuck at constant 0.
W: Removed bmsWIDEDFFCPE inst u_icmp/u_icmp_tx/eth_head[6][7:0] at 3 that is stuck at constant 0.
W: Removed bmsWIDEDFFCPE inst u_icmp/u_icmp_tx/eth_head[6][7:0] at 4 that is stuck at constant 0.
W: Removed bmsWIDEDFFCPE inst u_icmp/u_icmp_tx/eth_head[6][7:0] at 5 that is stuck at constant 0.
W: Removed bmsWIDEDFFCPE inst u_icmp/u_icmp_tx/eth_head[6][7:0] at 6 that is stuck at constant 0.
W: Removed bmsWIDEDFFCPE inst u_icmp/u_icmp_tx/eth_head[6][7:0] at 7 that is stuck at constant 0.
W: Removed bmsWIDEDFFPATCE inst u_icmp/u_icmp_tx/eth_head[7][7:0] at 0 that is stuck at constant 1.
W: Removed bmsWIDEDFFPATCE inst u_icmp/u_icmp_tx/eth_head[7][7:0] at 1 that is stuck at constant 0.
W: Removed bmsWIDEDFFPATCE inst u_icmp/u_icmp_tx/eth_head[7][7:0] at 2 that is stuck at constant 0.
W: Removed bmsWIDEDFFPATCE inst u_icmp/u_icmp_tx/eth_head[7][7:0] at 3 that is stuck at constant 0.
W: Removed bmsWIDEDFFPATCE inst u_icmp/u_icmp_tx/eth_head[7][7:0] at 4 that is stuck at constant 1.
W: Removed bmsWIDEDFFPATCE inst u_icmp/u_icmp_tx/eth_head[7][7:0] at 5 that is stuck at constant 0.
W: Removed bmsWIDEDFFPATCE inst u_icmp/u_icmp_tx/eth_head[7][7:0] at 6 that is stuck at constant 0.
W: Removed bmsWIDEDFFPATCE inst u_icmp/u_icmp_tx/eth_head[7][7:0] at 7 that is stuck at constant 0.
W: Removed bmsWIDEDFFPATCE inst u_icmp/u_icmp_tx/eth_head[8][7:0] at 0 that is stuck at constant 0.
W: Removed bmsWIDEDFFPATCE inst u_icmp/u_icmp_tx/eth_head[8][7:0] at 1 that is stuck at constant 1.
W: Removed bmsWIDEDFFPATCE inst u_icmp/u_icmp_tx/eth_head[8][7:0] at 2 that is stuck at constant 0.
W: Removed bmsWIDEDFFPATCE inst u_icmp/u_icmp_tx/eth_head[8][7:0] at 3 that is stuck at constant 0.
W: Removed bmsWIDEDFFPATCE inst u_icmp/u_icmp_tx/eth_head[8][7:0] at 4 that is stuck at constant 0.
W: Removed bmsWIDEDFFPATCE inst u_icmp/u_icmp_tx/eth_head[8][7:0] at 5 that is stuck at constant 1.
W: Removed bmsWIDEDFFPATCE inst u_icmp/u_icmp_tx/eth_head[8][7:0] at 6 that is stuck at constant 0.
W: Removed bmsWIDEDFFPATCE inst u_icmp/u_icmp_tx/eth_head[8][7:0] at 7 that is stuck at constant 0.
W: Removed bmsWIDEDFFPATCE inst u_icmp/u_icmp_tx/eth_head[9][7:0] at 0 that is stuck at constant 1.
W: Removed bmsWIDEDFFPATCE inst u_icmp/u_icmp_tx/eth_head[9][7:0] at 1 that is stuck at constant 1.
W: Removed bmsWIDEDFFPATCE inst u_icmp/u_icmp_tx/eth_head[9][7:0] at 2 that is stuck at constant 0.
W: Removed bmsWIDEDFFPATCE inst u_icmp/u_icmp_tx/eth_head[9][7:0] at 3 that is stuck at constant 0.
W: Removed bmsWIDEDFFPATCE inst u_icmp/u_icmp_tx/eth_head[9][7:0] at 4 that is stuck at constant 1.
W: Removed bmsWIDEDFFPATCE inst u_icmp/u_icmp_tx/eth_head[9][7:0] at 5 that is stuck at constant 1.
W: Removed bmsWIDEDFFPATCE inst u_icmp/u_icmp_tx/eth_head[9][7:0] at 6 that is stuck at constant 0.
W: Removed bmsWIDEDFFPATCE inst u_icmp/u_icmp_tx/eth_head[9][7:0] at 7 that is stuck at constant 0.
W: Removed bmsWIDEDFFPATCE inst u_icmp/u_icmp_tx/eth_head[10][7:0] at 0 that is stuck at constant 0.
W: Removed bmsWIDEDFFPATCE inst u_icmp/u_icmp_tx/eth_head[10][7:0] at 1 that is stuck at constant 0.
W: Removed bmsWIDEDFFPATCE inst u_icmp/u_icmp_tx/eth_head[10][7:0] at 2 that is stuck at constant 1.
W: Removed bmsWIDEDFFPATCE inst u_icmp/u_icmp_tx/eth_head[10][7:0] at 3 that is stuck at constant 0.
W: Removed bmsWIDEDFFPATCE inst u_icmp/u_icmp_tx/eth_head[10][7:0] at 4 that is stuck at constant 0.
W: Removed bmsWIDEDFFPATCE inst u_icmp/u_icmp_tx/eth_head[10][7:0] at 5 that is stuck at constant 0.
W: Removed bmsWIDEDFFPATCE inst u_icmp/u_icmp_tx/eth_head[10][7:0] at 6 that is stuck at constant 1.
W: Removed bmsWIDEDFFPATCE inst u_icmp/u_icmp_tx/eth_head[10][7:0] at 7 that is stuck at constant 0.
W: Removed bmsWIDEDFFPATCE inst u_icmp/u_icmp_tx/eth_head[12][7:0] at 0 that is stuck at constant 0.
W: Removed bmsWIDEDFFPATCE inst u_icmp/u_icmp_tx/eth_head[12][7:0] at 1 that is stuck at constant 0.
W: Removed bmsWIDEDFFPATCE inst u_icmp/u_icmp_tx/eth_head[12][7:0] at 2 that is stuck at constant 0.
W: Removed bmsWIDEDFFPATCE inst u_icmp/u_icmp_tx/eth_head[12][7:0] at 3 that is stuck at constant 1.
W: Removed bmsWIDEDFFPATCE inst u_icmp/u_icmp_tx/eth_head[12][7:0] at 4 that is stuck at constant 0.
W: Removed bmsWIDEDFFPATCE inst u_icmp/u_icmp_tx/eth_head[12][7:0] at 5 that is stuck at constant 0.
W: Removed bmsWIDEDFFPATCE inst u_icmp/u_icmp_tx/eth_head[12][7:0] at 6 that is stuck at constant 0.
W: Removed bmsWIDEDFFPATCE inst u_icmp/u_icmp_tx/eth_head[12][7:0] at 7 that is stuck at constant 0.
W: Removed bmsWIDEDFFPATCE inst u_arp/u_arp_tx/eth_head[13][7:0] at 0 that is stuck at constant 0.
W: Removed bmsWIDEDFFPATCE inst u_arp/u_arp_tx/eth_head[13][7:0] at 1 that is stuck at constant 1.
W: Removed bmsWIDEDFFPATCE inst u_arp/u_arp_tx/eth_head[13][7:0] at 2 that is stuck at constant 1.
W: Removed bmsWIDEDFFPATCE inst u_arp/u_arp_tx/eth_head[13][7:0] at 3 that is stuck at constant 0.
W: Removed bmsWIDEDFFPATCE inst u_arp/u_arp_tx/eth_head[13][7:0] at 4 that is stuck at constant 0.
W: Removed bmsWIDEDFFPATCE inst u_arp/u_arp_tx/eth_head[13][7:0] at 5 that is stuck at constant 0.
W: Removed bmsWIDEDFFPATCE inst u_arp/u_arp_tx/eth_head[13][7:0] at 6 that is stuck at constant 0.
W: Removed bmsWIDEDFFPATCE inst u_arp/u_arp_tx/eth_head[13][7:0] at 7 that is stuck at constant 0.
Executing : logic-optimization successfully. Time elapsed: 1.220s wall, 1.125s user + 0.094s system = 1.219s CPU (99.9%)

Start tech-mapping phase 1.
W: Public-4008: Instance 'u_icmp/u_icmp_rx/des_ip[24]' of 'bmsWIDEDFFCPE' unit is dangling and will be cleaned.
W: Public-4008: Instance 'u_icmp/u_icmp_rx/des_ip[25]' of 'bmsWIDEDFFCPE' unit is dangling and will be cleaned.
W: Public-4008: Instance 'u_icmp/u_icmp_rx/des_ip[26]' of 'bmsWIDEDFFCPE' unit is dangling and will be cleaned.
W: Public-4008: Instance 'u_icmp/u_icmp_rx/des_ip[27]' of 'bmsWIDEDFFCPE' unit is dangling and will be cleaned.
W: Public-4008: Instance 'u_icmp/u_icmp_rx/des_ip[28]' of 'bmsWIDEDFFCPE' unit is dangling and will be cleaned.
W: Public-4008: Instance 'u_icmp/u_icmp_rx/des_ip[29]' of 'bmsWIDEDFFCPE' unit is dangling and will be cleaned.
W: Public-4008: Instance 'u_icmp/u_icmp_rx/des_ip[30]' of 'bmsWIDEDFFCPE' unit is dangling and will be cleaned.
W: Public-4008: Instance 'u_icmp/u_icmp_rx/des_ip[31]' of 'bmsWIDEDFFCPE' unit is dangling and will be cleaned.
W: Public-4008: Instance 'u_icmp/u_icmp_rx/ip_head_byte_num[0]' of 'bmsWIDEDFFCPE' unit is dangling and will be cleaned.
W: Public-4008: Instance 'u_icmp/u_icmp_rx/ip_head_byte_num[1]' of 'bmsWIDEDFFCPE' unit is dangling and will be cleaned.
W: Public-4008: Instance 'u_icmp/u_icmp_tx/check_buffer[20]' of 'bmsWIDEDFFCPE' unit is dangling and will be cleaned.
W: Public-4008: Instance 'u_icmp/u_icmp_tx/check_buffer[21]' of 'bmsWIDEDFFCPE' unit is dangling and will be cleaned.
W: Public-4008: Instance 'u_icmp/u_icmp_tx/check_buffer[22]' of 'bmsWIDEDFFCPE' unit is dangling and will be cleaned.
W: Public-4008: Instance 'u_icmp/u_icmp_tx/check_buffer[23]' of 'bmsWIDEDFFCPE' unit is dangling and will be cleaned.
W: Public-4008: Instance 'u_icmp/u_icmp_tx/check_buffer[24]' of 'bmsWIDEDFFCPE' unit is dangling and will be cleaned.
W: Public-4008: Instance 'u_icmp/u_icmp_tx/check_buffer[25]' of 'bmsWIDEDFFCPE' unit is dangling and will be cleaned.
W: Public-4008: Instance 'u_icmp/u_icmp_tx/check_buffer[26]' of 'bmsWIDEDFFCPE' unit is dangling and will be cleaned.
W: Public-4008: Instance 'u_icmp/u_icmp_tx/check_buffer[27]' of 'bmsWIDEDFFCPE' unit is dangling and will be cleaned.
W: Public-4008: Instance 'u_icmp/u_icmp_tx/check_buffer[28]' of 'bmsWIDEDFFCPE' unit is dangling and will be cleaned.
W: Public-4008: Instance 'u_icmp/u_icmp_tx/check_buffer[29]' of 'bmsWIDEDFFCPE' unit is dangling and will be cleaned.
W: Public-4008: Instance 'u_icmp/u_icmp_tx/check_buffer[30]' of 'bmsWIDEDFFCPE' unit is dangling and will be cleaned.
W: Public-4008: Instance 'u_icmp/u_icmp_tx/check_buffer[31]' of 'bmsWIDEDFFCPE' unit is dangling and will be cleaned.
W: Public-4008: Instance 'u_udp/u_udp_rx/des_ip[24]' of 'bmsWIDEDFFCPE' unit is dangling and will be cleaned.
W: Public-4008: Instance 'u_udp/u_udp_rx/des_ip[25]' of 'bmsWIDEDFFCPE' unit is dangling and will be cleaned.
W: Public-4008: Instance 'u_udp/u_udp_rx/des_ip[26]' of 'bmsWIDEDFFCPE' unit is dangling and will be cleaned.
W: Public-4008: Instance 'u_udp/u_udp_rx/des_ip[27]' of 'bmsWIDEDFFCPE' unit is dangling and will be cleaned.
W: Public-4008: Instance 'u_udp/u_udp_rx/des_ip[28]' of 'bmsWIDEDFFCPE' unit is dangling and will be cleaned.
W: Public-4008: Instance 'u_udp/u_udp_rx/des_ip[29]' of 'bmsWIDEDFFCPE' unit is dangling and will be cleaned.
W: Public-4008: Instance 'u_udp/u_udp_rx/des_ip[30]' of 'bmsWIDEDFFCPE' unit is dangling and will be cleaned.
W: Public-4008: Instance 'u_udp/u_udp_rx/des_ip[31]' of 'bmsWIDEDFFCPE' unit is dangling and will be cleaned.
W: Public-4008: Instance 'u_udp/u_udp_tx/check_buffer[20]' of 'bmsWIDEDFFCPE' unit is dangling and will be cleaned.
W: Public-4008: Instance 'u_udp/u_udp_tx/check_buffer[21]' of 'bmsWIDEDFFCPE' unit is dangling and will be cleaned.
W: Public-4008: Instance 'u_udp/u_udp_tx/check_buffer[22]' of 'bmsWIDEDFFCPE' unit is dangling and will be cleaned.
W: Public-4008: Instance 'u_udp/u_udp_tx/check_buffer[23]' of 'bmsWIDEDFFCPE' unit is dangling and will be cleaned.
W: Public-4008: Instance 'u_udp/u_udp_tx/check_buffer[24]' of 'bmsWIDEDFFCPE' unit is dangling and will be cleaned.
W: Public-4008: Instance 'u_udp/u_udp_tx/check_buffer[25]' of 'bmsWIDEDFFCPE' unit is dangling and will be cleaned.
W: Public-4008: Instance 'u_udp/u_udp_tx/check_buffer[26]' of 'bmsWIDEDFFCPE' unit is dangling and will be cleaned.
W: Public-4008: Instance 'u_udp/u_udp_tx/check_buffer[27]' of 'bmsWIDEDFFCPE' unit is dangling and will be cleaned.
W: Public-4008: Instance 'u_udp/u_udp_tx/check_buffer[28]' of 'bmsWIDEDFFCPE' unit is dangling and will be cleaned.
W: Public-4008: Instance 'u_udp/u_udp_tx/check_buffer[29]' of 'bmsWIDEDFFCPE' unit is dangling and will be cleaned.
W: Public-4008: Instance 'u_udp/u_udp_tx/check_buffer[30]' of 'bmsWIDEDFFCPE' unit is dangling and will be cleaned.
W: Public-4008: Instance 'u_udp/u_udp_tx/check_buffer[31]' of 'bmsWIDEDFFCPE' unit is dangling and will be cleaned.
I: Removed GTP_DFF_PE inst u_arp/u_arp_tx/eth_head[5][0] that is redundant to u_arp/u_arp_tx/arp_data[23][0]
I: Removed GTP_DFF_PE inst u_arp/u_arp_tx/eth_head[5][1] that is redundant to u_arp/u_arp_tx/arp_data[23][1]
I: Removed GTP_DFF_PE inst u_arp/u_arp_tx/eth_head[5][2] that is redundant to u_arp/u_arp_tx/arp_data[23][2]
I: Removed GTP_DFF_PE inst u_arp/u_arp_tx/eth_head[5][3] that is redundant to u_arp/u_arp_tx/arp_data[23][3]
I: Removed GTP_DFF_PE inst u_arp/u_arp_tx/eth_head[5][4] that is redundant to u_arp/u_arp_tx/arp_data[23][4]
I: Removed GTP_DFF_PE inst u_arp/u_arp_tx/eth_head[5][5] that is redundant to u_arp/u_arp_tx/arp_data[23][5]
I: Removed GTP_DFF_PE inst u_arp/u_arp_tx/eth_head[5][6] that is redundant to u_arp/u_arp_tx/arp_data[23][6]
I: Removed GTP_DFF_PE inst u_arp/u_arp_tx/eth_head[5][7] that is redundant to u_arp/u_arp_tx/arp_data[23][7]
I: Removed GTP_DFF_PE inst u_arp/u_arp_tx/eth_head[4][0] that is redundant to u_arp/u_arp_tx/arp_data[22][0]
I: Removed GTP_DFF_PE inst u_arp/u_arp_tx/eth_head[4][1] that is redundant to u_arp/u_arp_tx/arp_data[22][1]
I: Removed GTP_DFF_PE inst u_arp/u_arp_tx/eth_head[4][2] that is redundant to u_arp/u_arp_tx/arp_data[22][2]
I: Removed GTP_DFF_PE inst u_arp/u_arp_tx/eth_head[4][3] that is redundant to u_arp/u_arp_tx/arp_data[22][3]
I: Removed GTP_DFF_PE inst u_arp/u_arp_tx/eth_head[4][4] that is redundant to u_arp/u_arp_tx/arp_data[22][4]
I: Removed GTP_DFF_PE inst u_arp/u_arp_tx/eth_head[4][5] that is redundant to u_arp/u_arp_tx/arp_data[22][5]
I: Removed GTP_DFF_PE inst u_arp/u_arp_tx/eth_head[4][6] that is redundant to u_arp/u_arp_tx/arp_data[22][6]
I: Removed GTP_DFF_PE inst u_arp/u_arp_tx/eth_head[4][7] that is redundant to u_arp/u_arp_tx/arp_data[22][7]
I: Removed GTP_DFF_PE inst u_arp/u_arp_tx/eth_head[3][0] that is redundant to u_arp/u_arp_tx/arp_data[21][0]
I: Removed GTP_DFF_PE inst u_arp/u_arp_tx/eth_head[3][1] that is redundant to u_arp/u_arp_tx/arp_data[21][1]
I: Removed GTP_DFF_PE inst u_arp/u_arp_tx/eth_head[3][2] that is redundant to u_arp/u_arp_tx/arp_data[21][2]
I: Removed GTP_DFF_PE inst u_arp/u_arp_tx/eth_head[3][3] that is redundant to u_arp/u_arp_tx/arp_data[21][3]
I: Removed GTP_DFF_PE inst u_arp/u_arp_tx/eth_head[3][4] that is redundant to u_arp/u_arp_tx/arp_data[21][4]
I: Removed GTP_DFF_PE inst u_arp/u_arp_tx/eth_head[3][5] that is redundant to u_arp/u_arp_tx/arp_data[21][5]
I: Removed GTP_DFF_PE inst u_arp/u_arp_tx/eth_head[3][6] that is redundant to u_arp/u_arp_tx/arp_data[21][6]
I: Removed GTP_DFF_PE inst u_arp/u_arp_tx/eth_head[3][7] that is redundant to u_arp/u_arp_tx/arp_data[21][7]
I: Removed GTP_DFF_PE inst u_arp/u_arp_tx/eth_head[2][0] that is redundant to u_arp/u_arp_tx/arp_data[20][0]
I: Removed GTP_DFF_PE inst u_arp/u_arp_tx/eth_head[2][1] that is redundant to u_arp/u_arp_tx/arp_data[20][1]
I: Removed GTP_DFF_PE inst u_arp/u_arp_tx/eth_head[2][2] that is redundant to u_arp/u_arp_tx/arp_data[20][2]
I: Removed GTP_DFF_PE inst u_arp/u_arp_tx/eth_head[2][3] that is redundant to u_arp/u_arp_tx/arp_data[20][3]
I: Removed GTP_DFF_PE inst u_arp/u_arp_tx/eth_head[2][4] that is redundant to u_arp/u_arp_tx/arp_data[20][4]
I: Removed GTP_DFF_PE inst u_arp/u_arp_tx/eth_head[2][5] that is redundant to u_arp/u_arp_tx/arp_data[20][5]
I: Removed GTP_DFF_PE inst u_arp/u_arp_tx/eth_head[2][6] that is redundant to u_arp/u_arp_tx/arp_data[20][6]
I: Removed GTP_DFF_PE inst u_arp/u_arp_tx/eth_head[2][7] that is redundant to u_arp/u_arp_tx/arp_data[20][7]
I: Removed GTP_DFF_PE inst u_arp/u_arp_tx/eth_head[1][0] that is redundant to u_arp/u_arp_tx/arp_data[19][0]
I: Removed GTP_DFF_PE inst u_arp/u_arp_tx/eth_head[1][1] that is redundant to u_arp/u_arp_tx/arp_data[19][1]
I: Removed GTP_DFF_PE inst u_arp/u_arp_tx/eth_head[1][2] that is redundant to u_arp/u_arp_tx/arp_data[19][2]
I: Removed GTP_DFF_PE inst u_arp/u_arp_tx/eth_head[1][3] that is redundant to u_arp/u_arp_tx/arp_data[19][3]
I: Removed GTP_DFF_PE inst u_arp/u_arp_tx/eth_head[1][4] that is redundant to u_arp/u_arp_tx/arp_data[19][4]
I: Removed GTP_DFF_PE inst u_arp/u_arp_tx/eth_head[1][5] that is redundant to u_arp/u_arp_tx/arp_data[19][5]
I: Removed GTP_DFF_PE inst u_arp/u_arp_tx/eth_head[1][6] that is redundant to u_arp/u_arp_tx/arp_data[19][6]
I: Removed GTP_DFF_PE inst u_arp/u_arp_tx/eth_head[1][7] that is redundant to u_arp/u_arp_tx/arp_data[19][7]
I: Removed GTP_DFF_PE inst u_arp/u_arp_tx/eth_head[0][0] that is redundant to u_arp/u_arp_tx/arp_data[18][0]
I: Removed GTP_DFF_PE inst u_arp/u_arp_tx/eth_head[0][1] that is redundant to u_arp/u_arp_tx/arp_data[18][1]
I: Removed GTP_DFF_PE inst u_arp/u_arp_tx/eth_head[0][2] that is redundant to u_arp/u_arp_tx/arp_data[18][2]
I: Removed GTP_DFF_PE inst u_arp/u_arp_tx/eth_head[0][3] that is redundant to u_arp/u_arp_tx/arp_data[18][3]
I: Removed GTP_DFF_PE inst u_arp/u_arp_tx/eth_head[0][4] that is redundant to u_arp/u_arp_tx/arp_data[18][4]
I: Removed GTP_DFF_PE inst u_arp/u_arp_tx/eth_head[0][5] that is redundant to u_arp/u_arp_tx/arp_data[18][5]
I: Removed GTP_DFF_PE inst u_arp/u_arp_tx/eth_head[0][6] that is redundant to u_arp/u_arp_tx/arp_data[18][6]
I: Removed GTP_DFF_PE inst u_arp/u_arp_tx/eth_head[0][7] that is redundant to u_arp/u_arp_tx/arp_data[18][7]
I: Removed GTP_DFF_CE inst u_udp/u_udp_tx/tx_data_num[0] that is redundant to u_udp/u_udp_tx/total_num[0]
I: Removed GTP_DFF_CE inst u_udp/u_udp_tx/udp_num[0] that is redundant to u_udp/u_udp_tx/total_num[0]
I: Removed GTP_DFF_CE inst u_udp/u_udp_tx/tx_data_num[1] that is redundant to u_udp/u_udp_tx/total_num[1]
I: Removed GTP_DFF_CE inst u_udp/u_udp_tx/udp_num[1] that is redundant to u_udp/u_udp_tx/total_num[1]
I: Removed GTP_DFF_CE inst u_udp/u_udp_tx/udp_num[2] that is redundant to u_udp/u_udp_tx/tx_data_num[2]
I: Removed GTP_DFF_CE inst u_icmp/u_icmp_tx/tx_data_num[0] that is redundant to u_icmp/u_icmp_tx/total_num[0]
I: Removed GTP_DFF_CE inst u_icmp/u_icmp_tx/tx_data_num[1] that is redundant to u_icmp/u_icmp_tx/total_num[1]
I: Removed GTP_DFF_E inst u_udp/u_udp_tx/ip_head[6][16] that is redundant to u_udp/u_udp_tx/ip_head[0][0]
I: Removed GTP_DFF_E inst u_udp/u_udp_tx/ip_head[6][17] that is redundant to u_udp/u_udp_tx/ip_head[0][1]
Executing : tech-mapping phase 1 successfully. Time elapsed: 0.105s wall, 0.094s user + 0.000s system = 0.094s CPU (89.6%)

Start tech-mapping phase 2.
Executing : tech-mapping phase 2 successfully. Time elapsed: 1.734s wall, 1.672s user + 0.453s system = 2.125s CPU (122.6%)

Start tech-optimization.
Executing : tech-optimization successfully. Time elapsed: 0.262s wall, 0.250s user + 0.125s system = 0.375s CPU (142.9%)

Start phys-optimization.
Executing : phys-optimization successfully. Time elapsed: 0.000s wall, 0.000s user + 0.000s system = 0.000s CPU (n/a%)

Start restore-hierarchy.
Executing : restore-hierarchy successfully. Time elapsed: 0.106s wall, 0.094s user + 0.016s system = 0.109s CPU (102.9%)

W: Unable to honor max fanout constraint for gtp_inv driven net N30
W: Unable to honor max fanout constraint for gtp_inv driven net N30

Cell Usage:
GTP_CLKBUFG                   1 use
GTP_DFF_C                   161 uses
GTP_DFF_CE                 1025 uses
GTP_DFF_E                   190 uses
GTP_DFF_P                     7 uses
GTP_DFF_PE                  252 uses
GTP_DRM18K_E1                 1 use
GTP_GRS                       1 use
GTP_IDDR_E1                   5 uses
GTP_INV                       3 uses
GTP_IOCLKBUF                  1 use
GTP_LUT1                     23 uses
GTP_LUT2                     25 uses
GTP_LUT3                     51 uses
GTP_LUT4                     75 uses
GTP_LUT5                    128 uses
GTP_LUT6                    446 uses
GTP_LUT6CARRY               750 uses
GTP_LUT6D                   256 uses
GTP_MUX2LUT7                 55 uses
GTP_MUX2LUT8                 16 uses
GTP_ODDR_E1                   5 uses

I/O ports: 14
GTP_INBUF                   7 uses
GTP_OUTBUF                  7 uses

Mapping Summary:
Total LUTs: 1754 of 17800 (9.85%)
	LUTs as dram: 0 of 5500 (0.00%)
	LUTs as logic: 1754
Total Registers: 1635 of 35600 (4.59%)
Total Latches: 0

DRM36K/FIFO:
Total DRM = 0.5 of 55 (0.91%)

APMs:
Total APMs = 0.00 of 80 (0.00%)

Total I/O ports = 14 of 150 (9.33%)


Overview of Control Sets:

Number of unique control sets : 73

Histogram:
**************************************************************
  Fanout      | Count    | Sync Set/Reset    Async Set/Reset
--------------------------------------------------------------
  [0, 2)      | 0        | 0                 0
  [2, 4)      | 4        | 0                 4
  [4, 6)      | 9        | 0                 9
  [6, 8)      | 1        | 0                 1
  [8, 10)     | 19       | 0                 19
  [10, 12)    | 0        | 0                 0
  [12, 14)    | 2        | 0                 2
  [14, 16)    | 0        | 0                 0
  [16, Inf)   | 38       | 5                 33
--------------------------------------------------------------
  The maximum fanout: 168
==============================================================

Flip-Flop Distribution:
************************************************************************
  Clock Enable    Sync Set/Reset    Async Set/Reset    Total Registers
------------------------------------------------------------------------
  NO              NO                NO                 0
  NO              NO                YES                168
  NO              YES               NO                 0
  YES             NO                NO                 190
  YES             NO                YES                1277
  YES             YES               NO                 0
========================================================================

Latch Distribution:
************************************************
  Gate Enable    Preset/Clear    Total Latches
************************************************
  NO             NO              0
  NO             YES             0
  YES            NO              0
  YES            YES             0
************************************************

Design 'eth_udp_loop' has been successfully synthesized to architecture-specific objects.
Saving design to DB.
Saving design to eth_udp_loop_syn.vm
Constructing timing graph ...
Timing graph has been constructed successfully
C: STA-3009: The clock sys_clk is not connected to any clock endpoints,it will be treated as a normal port or pin.
W: Timing-4087: Port 'eth_rst_n' is not constrained, it is treated as combinational output.
W: Timing-4087: Port 'eth_tx_ctl' is not constrained, it is treated as combinational output.
W: Timing-4087: Port 'eth_txc' is not constrained, it is treated as combinational output.
W: Timing-4087: Port 'eth_txd[0]' is not constrained, it is treated as combinational output.
W: Timing-4087: Port 'eth_txd[1]' is not constrained, it is treated as combinational output.
W: Timing-4087: Port 'eth_txd[2]' is not constrained, it is treated as combinational output.
W: Timing-4087: Port 'eth_txd[3]' is not constrained, it is treated as combinational output.
W: Timing-4086: Port 'eth_rx_ctl' is not constrained, it is treated as combinational input.
W: Timing-4086: Port 'eth_rxd[0]' is not constrained, it is treated as combinational input.
W: Timing-4086: Port 'eth_rxd[1]' is not constrained, it is treated as combinational input.
W: Timing-4086: Port 'eth_rxd[2]' is not constrained, it is treated as combinational input.
W: Timing-4086: Port 'eth_rxd[3]' is not constrained, it is treated as combinational input.
W: Timing-4086: Port 'sys_rst_n' is not constrained, it is treated as combinational input.
Action synthesize: Real time elapsed is 0h:0m:11s
Action synthesize: CPU time elapsed is 0h:0m:9s
Action synthesize: Process CPU time elapsed is 0h:0m:9s
Current time: Fri Nov 21 06:06:15 2025
Action synthesize: Peak memory pool usage is 360 MB
