#Build: Fabric Compiler 2022.2-SP6.4, Build 146967, Jan 31 01:39 2024
#Install: E:\App\Professional\PDS_2022.2-SP6.4\bin
#Application name: pds_shell.exe
#OS: Windows 10 10.0.26200
#Hostname: LAPTOP-BODHT30J
Generated by Fabric Compiler (version 2022.2-SP6.4 build 146967) at Fri Nov 21 06:06:47 2025
Compiling verification operator library.
Compiling common defs.
Compiling prim grid devices.
Compiling gate devices.
Compiling gate operators.
Building architecture model.
Loading device packaging model.
Reading design from pnr DB.
Start Report Post-PnR timing.
W: Flow-4065: The port sys_clk has a sdc constraint, but it do not connect to any pin.
Constructing timing graph ...
Timing graph has been constructed successfully
C: STA-3009: The clock sys_clk is not connected to any clock endpoints,it will be treated as a normal port or pin.
W: Timing-4087: Port 'eth_rst_n' is not constrained, it is treated as combinational output.
W: Timing-4087: Port 'eth_tx_ctl' is not constrained, it is treated as combinational output.
W: Timing-4087: Port 'eth_txc' is not constrained, it is treated as combinational output.
W: Timing-4087: Port 'eth_txd[0]' is not constrained, it is treated as combinational output.
W: Timing-4087: Port 'eth_txd[1]' is not constrained, it is treated as combinational output.
W: Timing-4087: Port 'eth_txd[2]' is not constrained, it is treated as combinational output.
W: Timing-4087: Port 'eth_txd[3]' is not constrained, it is treated as combinational output.
W: Timing-4086: Port 'eth_rx_ctl' is not constrained, it is treated as combinational input.
W: Timing-4086: Port 'eth_rxd[0]' is not constrained, it is treated as combinational input.
W: Timing-4086: Port 'eth_rxd[1]' is not constrained, it is treated as combinational input.
W: Timing-4086: Port 'eth_rxd[2]' is not constrained, it is treated as combinational input.
W: Timing-4086: Port 'eth_rxd[3]' is not constrained, it is treated as combinational input.
W: Timing-4086: Port 'sys_rst_n' is not constrained, it is treated as combinational input.
Report timing is finished successfully.
Action report_timing: Real time elapsed is 0h:0m:10s
Action report_timing: CPU time elapsed is 0h:0m:8s
Action report_timing: Process CPU time elapsed is 0h:0m:8s
Current time: Fri Nov 21 06:06:56 2025
Action report_timing: Peak memory pool usage is 976 MB
