#Build: Fabric Compiler 2022.2-SP6.4, Build 146967, Jan 31 01:39 2024
#Install: E:\App\Professional\PDS_2022.2-SP6.4\bin
#Application name: pds_shell.exe
#OS: Windows 10 10.0.26200
#Hostname: LAPTOP-BODHT30J
Generated by Fabric Compiler (version 2022.2-SP6.4 build 146967) at Fri Nov 21 06:06:16 2025
Compiling verification operator library.
Compiling common defs.
Loading technology operator library.
Compiling technology operator library.
Compiling technology operator (valence) library.
Compiling operator packing rules.
Compiling prim grid devices.
Compiling gate devices.
Compiling gate operators.
Compiling tech operator impls.
Building architecture model.
Loading device packaging model.
Flattening design 'eth_udp_loop'
Device mapping started.
Optimizing circuit logic.
Checking design netlist.
Processing tech operator.
Converting tech operator to gate operator.
Processing gate operator.
I: Infer CARRY group, base inst: async_fifo_2048x8b_inst/U_ipm2l_fifo_async_fifo_2048x8b/U_ipm2l_fifo_ctrl/N2_1/gateop, insts:12.
I: Infer CARRY group, base inst: async_fifo_2048x8b_inst/U_ipm2l_fifo_async_fifo_2048x8b/U_ipm2l_fifo_ctrl/N84_1/gateop, insts:12.
I: Infer CARRY group, base inst: u_icmp/u_icmp_rx/N168_1.fsub_1/gateop, insts:13.
I: Infer CARRY group, base inst: u_icmp/u_icmp_rx/N356_1_1/gateop, insts:15.
I: Infer CARRY group, base inst: u_icmp/u_icmp_rx/N360_1.fsub_1/gateop, insts:16.
I: Infer CARRY group, base inst: u_icmp/u_icmp_rx/N361.eq_0/gateop, insts:8.
I: Infer CARRY group, base inst: u_icmp/u_icmp_rx/N372_1/gateop, insts:32.
I: Infer CARRY group, base inst: u_icmp/u_icmp_rx/N375_1/gateop, insts:32.
I: Infer CARRY group, base inst: u_icmp/u_icmp_rx/N377.lt_0/gateop, insts:8.
I: Infer CARRY group, base inst: u_icmp/u_icmp_rx/N397.eq_0/gateop, insts:8.
I: Infer CARRY group, base inst: u_icmp/u_icmp_tx/N19_1_1/gateop, insts:13.
I: Infer CARRY group, base inst: u_icmp/u_icmp_tx/N130_1_1/gateop, insts:15.
I: Infer CARRY group, base inst: async_fifo_2048x8b_inst/U_ipm2l_fifo_async_fifo_2048x8b/U_ipm2l_fifo_ctrl/N167.eq_0/gateop, insts:6.
I: Infer CARRY group, base inst: async_fifo_2048x8b_inst/U_ipm2l_fifo_async_fifo_2048x8b/U_ipm2l_fifo_ctrl/N170.eq_0/gateop, insts:6.
I: Infer CARRY group, base inst: u_icmp/u_icmp_tx/N328_1.fsub_1/gateop, insts:15.
I: Infer CARRY group, base inst: u_icmp/u_icmp_tx/N329.lt_0/gateop, insts:8.
I: Infer CARRY group, base inst: u_icmp/u_icmp_tx/N337_1_1/gateop, insts:15.
I: Infer CARRY group, base inst: u_icmp/u_icmp_tx/N340.eq_0/gateop, insts:8.
I: Infer CARRY group, base inst: u_icmp/u_icmp_tx/N346_1/gateop, insts:16.
I: Infer CARRY group, base inst: u_icmp/u_icmp_tx/N349.lt_0/gateop, insts:8.
I: Infer CARRY group, base inst: u_icmp/u_icmp_tx/N370_1.fsub_1/gateop, insts:14.
I: Infer CARRY group, base inst: u_icmp/u_icmp_tx/N371.eq_0/gateop, insts:8.
I: Infer CARRY group, base inst: u_icmp/u_icmp_tx/N943_5_0/gateop, insts:21.
I: Infer CARRY group, base inst: u_icmp/u_icmp_tx/N964_5_0/gateop, insts:33.
I: Infer CARRY group, base inst: u_icmp/u_icmp_tx/N3739_1/gateop, insts:32.
I: Infer CARRY group, base inst: u_icmp/u_icmp_tx/N3751_1_1/gateop, insts:16.
I: Infer CARRY group, base inst: u_icmp/u_icmp_tx/N3757_0/gateop, insts:18.
I: Infer CARRY group, base inst: u_icmp/u_icmp_tx/N3760_1/gateop, insts:18.
I: Infer CARRY group, base inst: u_icmp/u_icmp_tx/N3763_1_1/gateop, insts:16.
I: Infer CARRY group, base inst: u_icmp/u_icmp_tx/N3766_1/gateop, insts:19.
I: Infer CARRY group, base inst: u_udp/u_udp_rx/N216_1.fsub_1/gateop, insts:12.
I: Infer CARRY group, base inst: u_udp/u_udp_rx/N235_1_1/gateop, insts:15.
I: Infer CARRY group, base inst: u_udp/u_udp_rx/N237_1.fsub_1/gateop, insts:15.
I: Infer CARRY group, base inst: u_udp/u_udp_rx/N238.eq_0/gateop, insts:8.
I: Infer CARRY group, base inst: u_udp/u_udp_tx/N20_1_1/gateop, insts:13.
I: Infer CARRY group, base inst: u_udp/u_udp_tx/N22_1_1/gateop, insts:12.
I: Infer CARRY group, base inst: u_udp/u_udp_tx/N129_1_1/gateop, insts:15.
I: Infer CARRY group, base inst: u_udp/u_udp_tx/N287_1.fsub_1/gateop, insts:15.
I: Infer CARRY group, base inst: u_udp/u_udp_tx/N288.lt_0/gateop, insts:8.
I: Infer CARRY group, base inst: u_udp/u_udp_tx/N296_1_1/gateop, insts:15.
I: Infer CARRY group, base inst: u_udp/u_udp_tx/N299.eq_0/gateop, insts:8.
I: Infer CARRY group, base inst: u_udp/u_udp_tx/N305_1/gateop, insts:16.
I: Infer CARRY group, base inst: u_udp/u_udp_tx/N308.lt_0/gateop, insts:8.
I: Infer CARRY group, base inst: u_udp/u_udp_tx/N329_1.fsub_1/gateop, insts:14.
I: Infer CARRY group, base inst: u_udp/u_udp_tx/N330.eq_0/gateop, insts:8.
I: Infer CARRY group, base inst: u_udp/u_udp_tx/N891_5_0/gateop, insts:21.
I: Infer CARRY group, base inst: u_udp/u_udp_tx/N3380_1_1/gateop, insts:16.
I: Infer CARRY group, base inst: u_udp/u_udp_tx/N3386_1/gateop, insts:17.
I: Infer CARRY group, base inst: u_udp/u_udp_tx/N3389_1/gateop, insts:18.
I: Infer CARRY group, base inst: u_udp/u_udp_tx/N3392_1_1/gateop, insts:16.
I: Infer CARRY group, base inst: u_udp/u_udp_tx/N3395_1/gateop, insts:19.
I: OSERDES "u_gmii_to_rgmii/u_rgmii_tx/txdata_bus[2].u_ODDR_inst_txdata/oserdes_inst" has been packed in "ODDR" of IOL "eth_txd_obuf[2]/opit_1" success.
I: OSERDES "u_gmii_to_rgmii/u_rgmii_tx/txdata_bus[3].u_ODDR_inst_txdata/oserdes_inst" has been packed in "ODDR" of IOL "eth_txd_obuf[3]/opit_1" success.
I: OSERDES "u_gmii_to_rgmii/u_rgmii_tx/txdata_bus[1].u_ODDR_inst_txdata/oserdes_inst" has been packed in "ODDR" of IOL "eth_txd_obuf[1]/opit_1" success.
I: ISERDES "u_gmii_to_rgmii/u_rgmii_rx/u_iddr_rx_ctl/iserdes_inst" has been packed in "IDDR" of IOL "eth_rx_ctl_ibuf/opit_1" success.
I: ISERDES "u_gmii_to_rgmii/u_rgmii_rx/rxdata_bus[0].u_iddr_rxd/iserdes_inst" has been packed in "IDDR" of IOL "eth_rxd_ibuf[0]/opit_1" success.
I: ISERDES "u_gmii_to_rgmii/u_rgmii_rx/rxdata_bus[1].u_iddr_rxd/iserdes_inst" has been packed in "IDDR" of IOL "eth_rxd_ibuf[1]/opit_1" success.
I: ISERDES "u_gmii_to_rgmii/u_rgmii_rx/rxdata_bus[2].u_iddr_rxd/iserdes_inst" has been packed in "IDDR" of IOL "eth_rxd_ibuf[2]/opit_1" success.
I: ISERDES "u_gmii_to_rgmii/u_rgmii_rx/rxdata_bus[3].u_iddr_rxd/iserdes_inst" has been packed in "IDDR" of IOL "eth_rxd_ibuf[3]/opit_1" success.
I: OSERDES "u_gmii_to_rgmii/u_rgmii_tx/u_ODDR_inst_tx_ctl/oserdes_inst" has been packed in "ODDR" of IOL "eth_tx_ctl_obuf/opit_1" success.
I: OSERDES "u_gmii_to_rgmii/u_rgmii_tx/txdata_bus[0].u_ODDR_inst_txdata/oserdes_inst" has been packed in "ODDR" of IOL "eth_txd_obuf[0]/opit_1" success.
Device Utilization Summary:
+------------------------------------------------------------------------+
| Logic Utilization     | Used     | Available     | Utilization(%)     
+------------------------------------------------------------------------+
| APM                   | 0        | 80            | 0                  
| FF                    | 1635     | 35600         | 5                  
| LUT                   | 1754     | 17800         | 10                 
| Distributed RAM       | 0        | 5500          | 0                  
| DRM                   | 0.5      | 55            | 1                  
| IO                    | 14       | 150           | 10                 
| RCKB                  | 0        | 12            | 0                  
| SCANCHAIN             | 0        | 1             | 0                  
| USCM                  | 1        | 32            | 4                  
| CCS                   | 1        | 1             | 100                
| ADC                   | 0        | 1             | 0                  
| DDR_PHY               | 0        | 12            | 0                  
| HSSTLP                | 0        | 1             | 0                  
| GPLL                  | 0        | 3             | 0                  
| PPLL                  | 0        | 3             | 0                  
| DDRPHY_CPD            | 0        | 6             | 0                  
| HCKB                  | 0        | 48            | 0                  
| IOCKB                 | 1        | 12            | 9                  
| MRCKB                 | 0        | 6             | 0                  
| PCIE                  | 0        | 1             | 0                  
| DDRPHY_IOCLK_DIV      | 0        | 3             | 0                  
| ANALOG                | 0        | 1             | 0                  
| TSERDES               | 0        | 24            | 0                  
| KEYRAM                | 0        | 1             | 0                  
+------------------------------------------------------------------------+

Device mapping done.
Total device mapping takes 0.20 sec.

Design 'eth_udp_loop' has been successfully mapped to architecture-specific objects.
Saving design to DB.
Action dev_map: Real time elapsed is 0h:0m:9s
Action dev_map: CPU time elapsed is 0h:0m:6s
Action dev_map: Process CPU time elapsed is 0h:0m:6s
Current time: Fri Nov 21 06:06:23 2025
Action dev_map: Peak memory pool usage is 327 MB
