IP Generator (Version 2022.2-SP6.4 build 146967)
Check out license ...
Start generating at 2025-11-21 05:30
Instance: async_fifo_2048x8b (E:\User\Files\project_self\OPHW_25H\workspace\11_eth_udp_loop\project\ipcore\async_fifo_2048x8b\async_fifo_2048x8b.idf)
IP: Pango DRM Based FIFO (1.10)
Part: Logos2-PG2L25H-MBG325--6
Create directory 'rtl' ...
Copy 'rtl\ipm2l_fifo_ctrl_v1_1.v.xml' to 'rtl' ...
Copy 'rtl\ipm2l_fifo_v1_10.v.xml' to 'rtl' ...
Copy 'rtl\ipm2l_sdpram_v1_10.v.xml' to 'rtl' ...
Compile file 'rtl\ipm2l_sdpram_v1_10.v.xml' to 'rtl\ipm2l_sdpram_v1_10_async_fifo_2048x8b.v' ...
Compile file 'rtl\ipm2l_fifo_v1_10.v.xml' to 'rtl\ipm2l_fifo_v1_10_async_fifo_2048x8b.v' ...
Compile file 'rtl\ipm2l_fifo_ctrl_v1_1.v.xml' to 'rtl\ipm2l_fifo_ctrl_v1_1_async_fifo_2048x8b.v' ...
Copy 'ipm2l_fifo_wrapper_v1_10.v.xml' ...
Compile file 'ipm2l_fifo_wrapper_v1_10.v.xml' to 'async_fifo_2048x8b.v' ...
Found top module 'async_fifo_2048x8b' in file 'async_fifo_2048x8b.v'.
Copy 'ipm2l_fifo_wrapper_v1_0_tb.v.xml' ...
Compile file 'ipm2l_fifo_wrapper_v1_0_tb.v.xml' to 'async_fifo_2048x8b_tb.v' ...
Run file 'creatResetValue.tcl' ...
Create template file 'async_fifo_2048x8b_tmpl.v' ...
Create template file 'async_fifo_2048x8b_tmpl.vhdl' ...
There are 4 source files to synthesize.
Synthesis is disabled.
Done: 0 error(s), 0 warning(s)
