-----------------------------------------------------------------------------------------------------------------------------------------------------------------------------------------------------------------------------------------------------------------------------------------------------
Detailed RTL Component Info :
-----Module Name :
                    hdmi_picture_ero_dil

-----Multipliers :
                    8 x 5     Multipliers := 1
                    8 x 7     Multipliers := 2
                    12 x 7     Multipliers := 1

-----Adders :

APM: Final Mapping Report
|---------------------------------|-------------------------------------------|--------------|--------------|---------|---------|---------|---------|---------|---------|---------|---------|--------------|--------------|--------------|--------------|--------------|--------------|
| APM Inst Name                   | APM Cascade                               | X Size       | Y Size       | Z Size  | XB Size | P Size  | X_REG   | Y_REG   | Z_REG   | XB_REG  | P_REG   | MULT_REG     | PREADD_REG   | USE_PREADD   | USE_POSTADD  | USE_MULT     | Primitives   |
|---------------------------------|-------------------------------------------|--------------|--------------|---------|---------|---------|---------|---------|---------|---------|---------|--------------|--------------|--------------|--------------|--------------|--------------|
| video_display/u_area_bin/N42    | /                                         | 11(unsigned) | 7(unsigned)  | /       | 10      | 18      | 0       | 0       | /       | 1       | 0       | 1            | 1            | 1            | 0            | 1            | GTP_APM_E2   |
|---------------------------------|-------------------------------------------|--------------|--------------|---------|---------|---------|---------|---------|---------|---------|---------|--------------|--------------|--------------|--------------|--------------|--------------|
| video_display/u_RGB2YCbCr/N14   | CPO>>0 + video_display/u_RGB2YCbCr/N42    | 8(unsigned)  | 7(unsigned)  | 16      | /       | 0       | 0       | 0       | 0       | /       | 0       | 1            | 0            | 0            | 1            | 1            | GTP_APM_E2   |
|---------------------------------|-------------------------------------------|--------------|--------------|---------|---------|---------|---------|---------|---------|---------|---------|--------------|--------------|--------------|--------------|--------------|--------------|
| video_display/u_RGB2YCbCr/N28   | /                                         | 8(unsigned)  | 7(unsigned)  | /       | /       | 15      | 0       | 0       | /       | /       | 0       | 1            | 0            | 0            | 0            | 1            | GTP_APM_E2   |
|---------------------------------|-------------------------------------------|--------------|--------------|---------|---------|---------|---------|---------|---------|---------|---------|--------------|--------------|--------------|--------------|--------------|--------------|
| video_display/u_RGB2YCbCr/N42   | /                                         | 8(unsigned)  | 5(unsigned)  | /       | /       | 16      | 0       | 0       | /       | /       | 1       | 1            | 0            | 0            | 1            | 1            | GTP_APM_E2   |
|---------------------------------|-------------------------------------------|--------------|--------------|---------|---------|---------|---------|---------|---------|---------|---------|--------------|--------------|--------------|--------------|--------------|--------------|

-----------------------------------------------------------------------------------------------------------------------------------------------------------------------------------------------------------------------------------------------------------------------------------------------------

