-----------------------------------------------------------------------------------------------------------------------------------------------------------------------------------------
Detailed RTL Component Info :
-----Module Name :
                    hdmi_picture_gamma

-----ROMs :
            2K Bit    (256 x 8 bit)          ROMs := 3

Distributed RAM and Block RAM: Final Mapping Report
|----------------------------------------------------------------|------------------------|-------------------|---------|
| DPRAM Inst Name                                                | Size (Depth x Width)   | Primitives        | Count   |
|----------------------------------------------------------------|------------------------|-------------------|---------|
| video_display/u_data_gamma[0].u_gamma_lookuptable/gamma_data   | 256 x 8                |                   |         |
|                                                                | 256 x 1                | GTP_ROM256X1      | 8       |
|----------------------------------------------------------------|------------------------|-------------------|---------|
| video_display/u_data_gamma[1].u_gamma_lookuptable/gamma_data   | 256 x 8                |                   |         |
|                                                                | 256 x 1                | GTP_ROM256X1      | 8       |
|----------------------------------------------------------------|------------------------|-------------------|---------|
| video_display/u_data_gamma[2].u_gamma_lookuptable/gamma_data   | 256 x 8                |                   |         |
|                                                                | 256 x 1                | GTP_ROM256X1      | 8       |
|----------------------------------------------------------------|------------------------|-------------------|---------|

-----------------------------------------------------------------------------------------------------------------------------------------------------------------------------------------

