#Build: Fabric Compiler 2022.2-SP6.4, Build 146967, Jan 31 01:39 2024
#Install: E:\App\Professional\PDS_2022.2-SP6.4\bin
#Application name: pds.exe
#OS: Windows 10 10.0.26200
#Hostname: LAPTOP-BODHT30J
Generated by Fabric Compiler (version 2022.2-SP6.4 build 146967) at Fri Nov 21 14:00:46 2025
C: Flow-2003: Constraint file missing: "E:/User/Files/project_self/OPHW_25H/workspace/10_hdmi_block_move/constraint/12_HDMI_picture_display.fdc". 
Parse module hierarchy of project 'E:/User/Files/project_self/OPHW_25H/workspace/10_hdmi_block_move/project/temp_projects/Main_Flow/Main_Flow.pds' (ADS Parser)
C: Flow-2001: Design file missing: "E:/User/Files/project_self/OPHW_25H/workspace/10_hdmi_block_move/design/hdmi_picture_display.v". 
File "E:/User/Files/project_self/OPHW_25H/workspace/10_hdmi_block_move/design/hdmi_picture_display.v" has been removed from project successfully. 
Parse module hierarchy of project 'E:/User/Files/project_self/OPHW_25H/workspace/10_hdmi_block_move/project/temp_projects/Main_Flow/Main_Flow.pds' (ADS Parser)
File "E:/User/Files/project_self/OPHW_25H/workspace/10_hdmi_block_move/constraint/12_HDMI_picture_display.fdc" has been removed from project successfully. 
File "E:/User/Files/project_self/OPHW_25H/workspace/10_hdmi_block_move/constraint/10_hdmi_block_move.fdc" has been added to project successfully. 
W: Public-4009: File E:/User/Files/project_self/OPHW_25H/workspace/10_hdmi_block_move/design/asyn_rst_syn.v already exists.
W: Public-4009: File E:/User/Files/project_self/OPHW_25H/workspace/10_hdmi_block_move/design/dvi_encoder.v already exists.
W: Public-4009: File E:/User/Files/project_self/OPHW_25H/workspace/10_hdmi_block_move/design/dvi_transmitter_top.v already exists.
File "E:/User/Files/project_self/OPHW_25H/workspace/10_hdmi_block_move/design/hdmi_block_move.v" has been added to project successfully. 
W: Public-4009: File E:/User/Files/project_self/OPHW_25H/workspace/10_hdmi_block_move/design/serializer_10_to_1.v already exists.
W: Public-4009: File E:/User/Files/project_self/OPHW_25H/workspace/10_hdmi_block_move/design/sync_vg.v already exists.
W: Public-4009: File E:/User/Files/project_self/OPHW_25H/workspace/10_hdmi_block_move/design/video_display.v already exists.
Parse module hierarchy of project 'E:/User/Files/project_self/OPHW_25H/workspace/10_hdmi_block_move/project/temp_projects/Main_Flow/Main_Flow.pds' (ADS Parser)
File "E:/User/Files/project_self/OPHW_25H/workspace/10_hdmi_block_move/project/ipcore/blk_mem_gen_0/blk_mem_gen_0.idf" has been removed from project successfully. 
Parse module hierarchy of project 'E:/User/Files/project_self/OPHW_25H/workspace/10_hdmi_block_move/project/temp_projects/Main_Flow/Main_Flow.pds' (ADS Parser)


Process "Compile" started.
Current time: Fri Nov 21 14:01:32 2025
Compiling architecture definition.
Analyzing project file 'E:/User/Files/project_self/OPHW_25H/workspace/10_hdmi_block_move/project/10_hdmi_block_move.pds'.
License checkout: fabric_ads from E:\App\Professional\PDS_2022.2-SP6.4\new_pds_F4A80DA47D72.lic
Compiling verification operator library.
Loading technology operator library.
Compiling technology operator library.
Compiling technology operator (valence) library.
I: Enable Verilog2k features and keywords
Start rtl-analyze.
Executing : .rtl_analyze -work work -include_path {E:/User/Files/project_self/OPHW_25H/workspace/10_hdmi_block_move/project} E:/User/Files/project_self/OPHW_25H/workspace/10_hdmi_block_move/design/asyn_rst_syn.v
I: Verilog-0001: Analyzing file E:/User/Files/project_self/OPHW_25H/workspace/10_hdmi_block_move/design/asyn_rst_syn.v
I: Verilog-0002: [E:/User/Files/project_self/OPHW_25H/workspace/10_hdmi_block_move/design/asyn_rst_syn.v(line number: 7)] Analyzing module asyn_rst_syn (library work)
Parsing done.
Executing : .rtl_analyze -work work -include_path {E:/User/Files/project_self/OPHW_25H/workspace/10_hdmi_block_move/project} E:/User/Files/project_self/OPHW_25H/workspace/10_hdmi_block_move/design/asyn_rst_syn.v successfully.
Executing : .rtl_analyze -work work -include_path {E:/User/Files/project_self/OPHW_25H/workspace/10_hdmi_block_move/project} E:/User/Files/project_self/OPHW_25H/workspace/10_hdmi_block_move/design/dvi_encoder.v
I: Verilog-0001: Analyzing file E:/User/Files/project_self/OPHW_25H/workspace/10_hdmi_block_move/design/dvi_encoder.v
I: Verilog-0002: [E:/User/Files/project_self/OPHW_25H/workspace/10_hdmi_block_move/design/dvi_encoder.v(line number: 21)] Analyzing module dvi_encoder (library work)
Parsing done.
Executing : .rtl_analyze -work work -include_path {E:/User/Files/project_self/OPHW_25H/workspace/10_hdmi_block_move/project} E:/User/Files/project_self/OPHW_25H/workspace/10_hdmi_block_move/design/dvi_encoder.v successfully.
Executing : .rtl_analyze -work work -include_path {E:/User/Files/project_self/OPHW_25H/workspace/10_hdmi_block_move/project} E:/User/Files/project_self/OPHW_25H/workspace/10_hdmi_block_move/design/dvi_transmitter_top.v
I: Verilog-0001: Analyzing file E:/User/Files/project_self/OPHW_25H/workspace/10_hdmi_block_move/design/dvi_transmitter_top.v
I: Verilog-0002: [E:/User/Files/project_self/OPHW_25H/workspace/10_hdmi_block_move/design/dvi_transmitter_top.v(line number: 7)] Analyzing module dvi_transmitter_top (library work)
Parsing done.
Executing : .rtl_analyze -work work -include_path {E:/User/Files/project_self/OPHW_25H/workspace/10_hdmi_block_move/project} E:/User/Files/project_self/OPHW_25H/workspace/10_hdmi_block_move/design/dvi_transmitter_top.v successfully.
Executing : .rtl_analyze -work work -include_path {E:/User/Files/project_self/OPHW_25H/workspace/10_hdmi_block_move/project} E:/User/Files/project_self/OPHW_25H/workspace/10_hdmi_block_move/design/serializer_10_to_1.v
I: Verilog-0001: Analyzing file E:/User/Files/project_self/OPHW_25H/workspace/10_hdmi_block_move/design/serializer_10_to_1.v
I: Verilog-0002: [E:/User/Files/project_self/OPHW_25H/workspace/10_hdmi_block_move/design/serializer_10_to_1.v(line number: 9)] Analyzing module serializer_10_to_1 (library work)
Parsing done.
Executing : .rtl_analyze -work work -include_path {E:/User/Files/project_self/OPHW_25H/workspace/10_hdmi_block_move/project} E:/User/Files/project_self/OPHW_25H/workspace/10_hdmi_block_move/design/serializer_10_to_1.v successfully.
Executing : .rtl_analyze -work work -include_path {E:/User/Files/project_self/OPHW_25H/workspace/10_hdmi_block_move/project} E:/User/Files/project_self/OPHW_25H/workspace/10_hdmi_block_move/design/sync_vg.v
I: Verilog-0001: Analyzing file E:/User/Files/project_self/OPHW_25H/workspace/10_hdmi_block_move/design/sync_vg.v
I: Verilog-0002: [E:/User/Files/project_self/OPHW_25H/workspace/10_hdmi_block_move/design/sync_vg.v(line number: 35)] Analyzing module sync_vg (library work)
Parsing done.
Executing : .rtl_analyze -work work -include_path {E:/User/Files/project_self/OPHW_25H/workspace/10_hdmi_block_move/project} E:/User/Files/project_self/OPHW_25H/workspace/10_hdmi_block_move/design/sync_vg.v successfully.
Executing : .rtl_analyze -work work -include_path {E:/User/Files/project_self/OPHW_25H/workspace/10_hdmi_block_move/project} E:/User/Files/project_self/OPHW_25H/workspace/10_hdmi_block_move/design/video_display.v
I: Verilog-0001: Analyzing file E:/User/Files/project_self/OPHW_25H/workspace/10_hdmi_block_move/design/video_display.v
I: Verilog-0002: [E:/User/Files/project_self/OPHW_25H/workspace/10_hdmi_block_move/design/video_display.v(line number: 8)] Analyzing module video_display (library work)
W: Verilog-2006: [E:/User/Files/project_self/OPHW_25H/workspace/10_hdmi_block_move/design/video_display.v(line number: 37)] Ansi_parameter force parameter in body to localparam
Parsing done.
Executing : .rtl_analyze -work work -include_path {E:/User/Files/project_self/OPHW_25H/workspace/10_hdmi_block_move/project} E:/User/Files/project_self/OPHW_25H/workspace/10_hdmi_block_move/design/video_display.v successfully.
Executing : .rtl_analyze -work work -include_path {E:/User/Files/project_self/OPHW_25H/workspace/10_hdmi_block_move/project} E:/User/Files/project_self/OPHW_25H/workspace/10_hdmi_block_move/design/hdmi_block_move.v
I: Verilog-0001: Analyzing file E:/User/Files/project_self/OPHW_25H/workspace/10_hdmi_block_move/design/hdmi_block_move.v
I: Verilog-0002: [E:/User/Files/project_self/OPHW_25H/workspace/10_hdmi_block_move/design/hdmi_block_move.v(line number: 24)] Analyzing module hdmi_block_move (library work)
Parsing done.
Executing : .rtl_analyze -work work -include_path {E:/User/Files/project_self/OPHW_25H/workspace/10_hdmi_block_move/project} E:/User/Files/project_self/OPHW_25H/workspace/10_hdmi_block_move/design/hdmi_block_move.v successfully.
Executing : .rtl_analyze -include_path {E:/User/Files/project_self/OPHW_25H/workspace/10_hdmi_block_move/project} E:/User/Files/project_self/OPHW_25H/workspace/10_hdmi_block_move/project/ipcore/pll_0/pll_0.v
I: Verilog-0001: Analyzing file E:/User/Files/project_self/OPHW_25H/workspace/10_hdmi_block_move/project/ipcore/pll_0/pll_0.v
I: Verilog-0002: [E:/User/Files/project_self/OPHW_25H/workspace/10_hdmi_block_move/project/ipcore/pll_0/pll_0.v(line number: 18)] Analyzing module pll_0 (library work)
Parsing done.
Executing : .rtl_analyze -include_path {E:/User/Files/project_self/OPHW_25H/workspace/10_hdmi_block_move/project} E:/User/Files/project_self/OPHW_25H/workspace/10_hdmi_block_move/project/ipcore/pll_0/pll_0.v successfully.
Executing : .rtl_analyze -include_path {E:/User/Files/project_self/OPHW_25H/workspace/10_hdmi_block_move/project} E:/User/Files/project_self/OPHW_25H/workspace/10_hdmi_block_move/project/ipcore/pll_1/pll_1.v
I: Verilog-0001: Analyzing file E:/User/Files/project_self/OPHW_25H/workspace/10_hdmi_block_move/project/ipcore/pll_1/pll_1.v
I: Verilog-0002: [E:/User/Files/project_self/OPHW_25H/workspace/10_hdmi_block_move/project/ipcore/pll_1/pll_1.v(line number: 18)] Analyzing module pll_1 (library work)
Parsing done.
Executing : .rtl_analyze -include_path {E:/User/Files/project_self/OPHW_25H/workspace/10_hdmi_block_move/project} E:/User/Files/project_self/OPHW_25H/workspace/10_hdmi_block_move/project/ipcore/pll_1/pll_1.v successfully.
I: Module "hdmi_block_move" is set as top module.
Executing : rtl-analyze successfully. Time elapsed: 1.186s wall, 0.000s user + 0.016s system = 0.016s CPU (1.3%)

Start rtl-elaborate.
I: Verilog-0003: [E:/User/Files/project_self/OPHW_25H/workspace/10_hdmi_block_move/design/hdmi_block_move.v(line number: 24)] Elaborating module hdmi_block_move
I: Module instance {hdmi_block_move} parameter value:
    X_WIDTH = 4'b1100
    Y_WIDTH = 4'b1100
    V_TOTAL = 12'b010001100101
    V_FP = 12'b000000000100
    V_BP = 12'b000000100100
    V_SYNC = 12'b000000000101
    V_ACT = 12'b010000111000
    H_TOTAL = 12'b100010011000
    H_FP = 12'b000001011000
    H_BP = 12'b000010010100
    H_SYNC = 12'b000000101100
    H_ACT = 12'b011110000000
    HV_OFFSET = 12'b000000000000
I: Verilog-0004: [E:/User/Files/project_self/OPHW_25H/workspace/10_hdmi_block_move/design/hdmi_block_move.v(line number: 72)] Elaborating instance u_pll_0
I: Verilog-0003: [E:/User/Files/project_self/OPHW_25H/workspace/10_hdmi_block_move/project/ipcore/pll_0/pll_0.v(line number: 18)] Elaborating module pll_0
I: Verilog-0004: [E:/User/Files/project_self/OPHW_25H/workspace/10_hdmi_block_move/project/ipcore/pll_0/pll_0.v(line number: 302)] Elaborating instance u_gpll
I: Verilog-0004: [E:/User/Files/project_self/OPHW_25H/workspace/10_hdmi_block_move/design/hdmi_block_move.v(line number: 79)] Elaborating instance u_pll_1
I: Verilog-0003: [E:/User/Files/project_self/OPHW_25H/workspace/10_hdmi_block_move/project/ipcore/pll_1/pll_1.v(line number: 18)] Elaborating module pll_1
I: Verilog-0004: [E:/User/Files/project_self/OPHW_25H/workspace/10_hdmi_block_move/project/ipcore/pll_1/pll_1.v(line number: 300)] Elaborating instance u_gpll
I: Verilog-0004: [E:/User/Files/project_self/OPHW_25H/workspace/10_hdmi_block_move/design/hdmi_block_move.v(line number: 116)] Elaborating instance sync_vg
I: Verilog-0003: [E:/User/Files/project_self/OPHW_25H/workspace/10_hdmi_block_move/design/sync_vg.v(line number: 35)] Elaborating module sync_vg
I: Module instance {hdmi_block_move/sync_vg} parameter value:
    X_BITS = 4'b1100
    Y_BITS = 4'b1100
    V_TOTAL = 12'b010001100101
    V_FP = 12'b000000000100
    V_BP = 12'b000000100100
    V_SYNC = 12'b000000000101
    V_ACT = 12'b010000111000
    H_TOTAL = 12'b100010011000
    H_FP = 12'b000001011000
    H_BP = 12'b000010010100
    H_SYNC = 12'b000000101100
    H_ACT = 12'b011110000000
I: Verilog-0004: [E:/User/Files/project_self/OPHW_25H/workspace/10_hdmi_block_move/design/hdmi_block_move.v(line number: 134)] Elaborating instance video_display
I: Verilog-0003: [E:/User/Files/project_self/OPHW_25H/workspace/10_hdmi_block_move/design/video_display.v(line number: 8)] Elaborating module video_display
I: Module instance {hdmi_block_move/video_display} parameter value:
    COCLOR_DEPP = 32'b00000000000000000000000000001000
    X_BITS = 4'b1100
    Y_BITS = 4'b1100
    H_ACT = 12'b011110000000
    V_ACT = 12'b010000111000
    DIV_CNT = 22'b0010110111000110110000
I: Verilog-0004: [E:/User/Files/project_self/OPHW_25H/workspace/10_hdmi_block_move/design/hdmi_block_move.v(line number: 150)] Elaborating instance u_dvi_transmitter
I: Verilog-0003: [E:/User/Files/project_self/OPHW_25H/workspace/10_hdmi_block_move/design/dvi_transmitter_top.v(line number: 7)] Elaborating module dvi_transmitter_top
I: Verilog-0004: [E:/User/Files/project_self/OPHW_25H/workspace/10_hdmi_block_move/design/dvi_transmitter_top.v(line number: 39)] Elaborating instance reset_syn
I: Verilog-0003: [E:/User/Files/project_self/OPHW_25H/workspace/10_hdmi_block_move/design/asyn_rst_syn.v(line number: 7)] Elaborating module asyn_rst_syn
I: Verilog-0004: [E:/User/Files/project_self/OPHW_25H/workspace/10_hdmi_block_move/design/dvi_transmitter_top.v(line number: 47)] Elaborating instance encoder_b
I: Verilog-0003: [E:/User/Files/project_self/OPHW_25H/workspace/10_hdmi_block_move/design/dvi_encoder.v(line number: 21)] Elaborating module dvi_encoder
I: Module instance {hdmi_block_move/u_dvi_transmitter/encoder_b} parameter value:
    CTRLTOKEN0 = 10'b1101010100
    CTRLTOKEN1 = 10'b0010101011
    CTRLTOKEN2 = 10'b0101010100
    CTRLTOKEN3 = 10'b1010101011
I: Verilog-0004: [E:/User/Files/project_self/OPHW_25H/workspace/10_hdmi_block_move/design/dvi_transmitter_top.v(line number: 58)] Elaborating instance encoder_g
I: Verilog-0003: [E:/User/Files/project_self/OPHW_25H/workspace/10_hdmi_block_move/design/dvi_encoder.v(line number: 21)] Elaborating module dvi_encoder
I: Module instance {hdmi_block_move/u_dvi_transmitter/encoder_g} parameter value:
    CTRLTOKEN0 = 10'b1101010100
    CTRLTOKEN1 = 10'b0010101011
    CTRLTOKEN2 = 10'b0101010100
    CTRLTOKEN3 = 10'b1010101011
I: Verilog-0004: [E:/User/Files/project_self/OPHW_25H/workspace/10_hdmi_block_move/design/dvi_transmitter_top.v(line number: 69)] Elaborating instance encoder_r
I: Verilog-0003: [E:/User/Files/project_self/OPHW_25H/workspace/10_hdmi_block_move/design/dvi_encoder.v(line number: 21)] Elaborating module dvi_encoder
I: Module instance {hdmi_block_move/u_dvi_transmitter/encoder_r} parameter value:
    CTRLTOKEN0 = 10'b1101010100
    CTRLTOKEN1 = 10'b0010101011
    CTRLTOKEN2 = 10'b0101010100
    CTRLTOKEN3 = 10'b1010101011
I: Verilog-0004: [E:/User/Files/project_self/OPHW_25H/workspace/10_hdmi_block_move/design/dvi_transmitter_top.v(line number: 81)] Elaborating instance serializer_b
I: Verilog-0003: [E:/User/Files/project_self/OPHW_25H/workspace/10_hdmi_block_move/design/serializer_10_to_1.v(line number: 9)] Elaborating module serializer_10_to_1
I: Verilog-0004: [E:/User/Files/project_self/OPHW_25H/workspace/10_hdmi_block_move/design/serializer_10_to_1.v(line number: 42)] Elaborating instance GTP_OSERDES_E2_data_master
W: Verilog-2019: [E:/User/Files/project_self/OPHW_25H/workspace/10_hdmi_block_move/design/serializer_10_to_1.v(line number: 19)] Width mismatch between port RST and signal bound to it for instantiated module GTP_OSERDES_E2
I: Verilog-0004: [E:/User/Files/project_self/OPHW_25H/workspace/10_hdmi_block_move/design/serializer_10_to_1.v(line number: 87)] Elaborating instance GTP_OSERDES_E2_data_slave
W: Verilog-2019: [E:/User/Files/project_self/OPHW_25H/workspace/10_hdmi_block_move/design/serializer_10_to_1.v(line number: 64)] Width mismatch between port RST and signal bound to it for instantiated module GTP_OSERDES_E2
I: Verilog-0004: [E:/User/Files/project_self/OPHW_25H/workspace/10_hdmi_block_move/design/serializer_10_to_1.v(line number: 109)] Elaborating instance GTP_OUTBUFDS_data_lane
I: Verilog-0004: [E:/User/Files/project_self/OPHW_25H/workspace/10_hdmi_block_move/design/dvi_transmitter_top.v(line number: 90)] Elaborating instance serializer_g
I: Verilog-0003: [E:/User/Files/project_self/OPHW_25H/workspace/10_hdmi_block_move/design/serializer_10_to_1.v(line number: 9)] Elaborating module serializer_10_to_1
I: Verilog-0004: [E:/User/Files/project_self/OPHW_25H/workspace/10_hdmi_block_move/design/dvi_transmitter_top.v(line number: 99)] Elaborating instance serializer_r
I: Verilog-0003: [E:/User/Files/project_self/OPHW_25H/workspace/10_hdmi_block_move/design/serializer_10_to_1.v(line number: 9)] Elaborating module serializer_10_to_1
I: Verilog-0004: [E:/User/Files/project_self/OPHW_25H/workspace/10_hdmi_block_move/design/dvi_transmitter_top.v(line number: 108)] Elaborating instance serializer_clk
I: Verilog-0003: [E:/User/Files/project_self/OPHW_25H/workspace/10_hdmi_block_move/design/serializer_10_to_1.v(line number: 9)] Elaborating module serializer_10_to_1
Executing : rtl-elaborate successfully. Time elapsed: 0.005s wall, 0.000s user + 0.016s system = 0.016s CPU (294.9%)

Start rtl-prep.
Executing : rtl-prep successfully. Time elapsed: 0.005s wall, 0.000s user + 0.000s system = 0.000s CPU (n/a%)

Start rtl-infer.
Start DFF-inference.
W: Sdm-2000: [E:/User/Files/project_self/OPHW_25H/workspace/10_hdmi_block_move/design/video_display.v(line number: 62)] Removed register node video_display/div_cnt[21] that is stuck at constant 0.
W: Sdm-2000: [E:/User/Files/project_self/OPHW_25H/workspace/10_hdmi_block_move/design/video_display.v(line number: 62)] Removed register node video_display/div_cnt[20] that is stuck at constant 0.
Executing : DFF-inference successfully.
Executing : rtl-infer successfully. Time elapsed: 0.114s wall, 0.109s user + 0.000s system = 0.109s CPU (95.5%)

Start rtl-control-opt.
Executing : rtl-control-opt successfully. Time elapsed: 0.001s wall, 0.000s user + 0.000s system = 0.000s CPU (n/a%)

Start rtl-data-opt.
Executing : rtl-data-opt successfully. Time elapsed: 0.006s wall, 0.016s user + 0.000s system = 0.016s CPU (268.1%)

Start FSM inference.
Executing : FSM inference successfully. Time elapsed: 0.001s wall, 0.000s user + 0.000s system = 0.000s CPU (n/a%)

Start sdm2adm.
W: Loop was found during constant probe.
W: Loop was found during constant probe.
W: Loop was found during constant probe.
W: Loop was found during constant probe.
W: Loop was found during constant probe.
W: Loop was found during constant probe.
W: Loop was found during constant probe.
W: Loop was found during constant probe.
W: Loop was found during constant probe.
W: Loop was found during constant probe.
W: Loop was found during constant probe.
W: Loop was found during constant probe.
W: Loop was found during constant probe.
I: Constant propagation done on N128 (bmsWIDEMUX).
I: Constant propagation done on N105 (bmsREDAND).
I: Constant propagation done on N146 (bmsWIDEMUX).
W: Loop was found during constant probe.
I: Constant propagation done on N156_7:0_2 (bmsWIDEMUX).
Executing : sdm2adm successfully. Time elapsed: 0.013s wall, 0.016s user + 0.000s system = 0.016s CPU (122.9%)

Saving design to DB.
Action compile: Real time elapsed is 0h:0m:3s
Action compile: CPU time elapsed is 0h:0m:0s
Action compile: Process CPU time elapsed is 0h:0m:0s
Current time: Fri Nov 21 14:01:34 2025
Action compile: Peak memory pool usage is 138 MB
Action from compile to compile: Total Real Time elapsed is 0h:0m:3s
Action from compile to compile: Total CPU time elapsed is 0h:0m:0s
Action from compile to compile: Total Process CPU Time elapsed is 0h:0m:0s
Process "Compile" done.


Process "Synthesize" started.
Current time: Fri Nov 21 14:01:35 2025
Compiling architecture definition.
Analyzing project file 'E:/User/Files/project_self/OPHW_25H/workspace/10_hdmi_block_move/project/10_hdmi_block_move.pds'.
License checkout: fabric_ads from E:\App\Professional\PDS_2022.2-SP6.4\new_pds_F4A80DA47D72.lic
Compiling verification operator library.
Compiling common defs.
Loading technology operator library.
Compiling technology operator library.
Compiling technology operator (valence) library.
Reading design from compile DB
Reading design from compile DB successfully.
NOTE: The technology fpga was specified.
NOTE: delay_model specified was generic_cmos.
NOTE: Using the fpga syntax tables...
Totals:
 Calls to malloc = 0
 Calls to calloc = 148538

Constraint check start.
Compiling prim grid devices.
Building architecture model.
Loading device packaging model.
Building architecture floorplan logic view.
Executing : get_ports sys_clk
Executing : get_ports sys_clk successfully.
Executing : create_clock -name sys_clk [get_ports sys_clk] -period 20.000 -waveform {0.000 10.000}
Executing : create_clock -name sys_clk [get_ports sys_clk] -period 20.000 -waveform {0.000 10.000} successfully.
C: ConstraintEditor-2002: [E:/User/Files/project_self/OPHW_25H/workspace/10_hdmi_block_move/constraint/10_hdmi_block_move.fdc(line number: 9)] | Port tmds_data_n[1] has been placed at location K15, whose type is share pin.
C: ConstraintEditor-2002: [E:/User/Files/project_self/OPHW_25H/workspace/10_hdmi_block_move/constraint/10_hdmi_block_move.fdc(line number: 27)] | Port tmds_data_p[1] has been placed at location J14, whose type is share pin.
Constraint check end.

C: SDC-2025: Clock source 'n:u_pll_0/clkout1' need a clock constraint, please use 'create_clock' or 'create_generate_clock' to generate.
Executing : get_ports sys_clk
Executing : get_ports sys_clk successfully.
Executing : get_pins u_pll_0/u_gpll:CLKOUT1
Executing : get_pins u_pll_0/u_gpll:CLKOUT1 successfully.
Executing : create_generated_clock -name sys_clk|u_pll_0/u_gpll/CLKOUT1_Inferred -source [get_ports sys_clk] [get_pins u_pll_0/u_gpll:CLKOUT1] -master_clock sys_clk -edges {1 2 3} -edge_shift {0.000000 40.101010 80.202020} -add
Executing : create_generated_clock -name sys_clk|u_pll_0/u_gpll/CLKOUT1_Inferred -source [get_ports sys_clk] [get_pins u_pll_0/u_gpll:CLKOUT1] -master_clock sys_clk -edges {1 2 3} -edge_shift {0.000000 40.101010 80.202020} -add successfully.
C: SDC-2025: Clock source 'n:u_pll_0/clkout0' need a clock constraint, please use 'create_clock' or 'create_generate_clock' to generate.
Executing : get_ports sys_clk
Executing : get_ports sys_clk successfully.
Executing : get_pins u_pll_0/u_gpll:CLKOUT0
Executing : get_pins u_pll_0/u_gpll:CLKOUT0 successfully.
Executing : create_generated_clock -name sys_clk|u_pll_0/u_gpll/CLKOUT0_Inferred -source [get_ports sys_clk] [get_pins u_pll_0/u_gpll:CLKOUT0] -master_clock sys_clk -edges {1 2 3} -edge_shift {0.000000 -6.632997 -13.265993} -add
Executing : create_generated_clock -name sys_clk|u_pll_0/u_gpll/CLKOUT0_Inferred -source [get_ports sys_clk] [get_pins u_pll_0/u_gpll:CLKOUT0] -master_clock sys_clk -edges {1 2 3} -edge_shift {0.000000 -6.632997 -13.265993} -add successfully.
C: SDC-2025: Clock source 'n:u_pll_1/clkout0' need a clock constraint, please use 'create_clock' or 'create_generate_clock' to generate.
Executing : get_pins u_pll_0/u_gpll:CLKOUT0
Executing : get_pins u_pll_0/u_gpll:CLKOUT0 successfully.
Executing : get_pins u_pll_1/u_gpll:CLKOUT0
Executing : get_pins u_pll_1/u_gpll:CLKOUT0 successfully.
Executing : create_generated_clock -name sys_clk|u_pll_0/u_gpll/CLKOUT0_Inferred|u_pll_1/u_gpll/CLKOUT0_Inferred -source [get_pins u_pll_0/u_gpll:CLKOUT0] [get_pins u_pll_1/u_gpll:CLKOUT0] -master_clock sys_clk|u_pll_0/u_gpll/CLKOUT0_Inferred -edges {1 2 3} -edge_shift {0.000000 -2.693603 -5.387205} -add
Executing : create_generated_clock -name sys_clk|u_pll_0/u_gpll/CLKOUT0_Inferred|u_pll_1/u_gpll/CLKOUT0_Inferred -source [get_pins u_pll_0/u_gpll:CLKOUT0] [get_pins u_pll_1/u_gpll:CLKOUT0] -master_clock sys_clk|u_pll_0/u_gpll/CLKOUT0_Inferred -edges {1 2 3} -edge_shift {0.000000 -2.693603 -5.387205} -add successfully.
Start pre-mapping.
I: Constant propagation done on sync_vg/N99 (bmsWIDEMUX).
I: Constant propagation done on sync_vg/N110 (bmsWIDEMUX).
I: Constant propagation done on sync_vg/N112 (bmsWIDEMUX).
Executing : pre-mapping successfully. Time elapsed: 0.085s wall, 0.062s user + 0.031s system = 0.094s CPU (110.8%)

Start mod-gen.
W: Removed bmsWIDEDFFRSE inst u_dvi_transmitter/encoder_g/c0_q that is stuck at constant 0.
I: Constant propagation done on u_dvi_transmitter/encoder_g/c0_q (bmsWIDEDFFRSE).
W: Removed bmsWIDEDFFRSE inst u_dvi_transmitter/encoder_g/c1_q that is stuck at constant 0.
I: Constant propagation done on u_dvi_transmitter/encoder_g/c1_q (bmsWIDEDFFRSE).
W: Removed bmsWIDEDFFRSE inst u_dvi_transmitter/encoder_r/c0_q that is stuck at constant 0.
I: Constant propagation done on u_dvi_transmitter/encoder_r/c0_q (bmsWIDEDFFRSE).
W: Removed bmsWIDEDFFRSE inst u_dvi_transmitter/encoder_r/c1_q that is stuck at constant 0.
I: Constant propagation done on u_dvi_transmitter/encoder_r/c1_q (bmsWIDEDFFRSE).
W: Removed bmsWIDEDFFRSE inst u_dvi_transmitter/encoder_g/c0_reg that is stuck at constant 0.
I: Constant propagation done on u_dvi_transmitter/encoder_g/c0_reg (bmsWIDEDFFRSE).
W: Removed bmsWIDEDFFRSE inst u_dvi_transmitter/encoder_g/c1_reg that is stuck at constant 0.
I: Constant propagation done on u_dvi_transmitter/encoder_g/c1_reg (bmsWIDEDFFRSE).
W: Removed bmsWIDEDFFRSE inst u_dvi_transmitter/encoder_r/c0_reg that is stuck at constant 0.
I: Constant propagation done on u_dvi_transmitter/encoder_r/c0_reg (bmsWIDEDFFRSE).
W: Removed bmsWIDEDFFRSE inst u_dvi_transmitter/encoder_r/c1_reg that is stuck at constant 0.
I: Removed bmsWIDEDFFRSE inst u_dvi_transmitter/encoder_r/din_q[7:0] that is redundant to u_dvi_transmitter/encoder_g/din_q[7:0]
I: Removed bmsWIDEDFFRSE inst u_dvi_transmitter/encoder_g/de_q that is redundant to u_dvi_transmitter/encoder_b/de_q
I: Removed bmsWIDEDFFRSE inst u_dvi_transmitter/encoder_r/de_q that is redundant to u_dvi_transmitter/encoder_b/de_q
I: Removed bmsWIDEDFFRSE inst u_dvi_transmitter/encoder_g/de_reg that is redundant to u_dvi_transmitter/encoder_b/de_reg
I: Removed bmsWIDEDFFRSE inst u_dvi_transmitter/encoder_r/de_reg that is redundant to u_dvi_transmitter/encoder_b/de_reg
I: Removed bmsADD inst u_dvi_transmitter/encoder_r/N275 that is redundant to u_dvi_transmitter/encoder_g/N275
I: Removed bmsADD inst u_dvi_transmitter/encoder_r/N14_1 that is redundant to u_dvi_transmitter/encoder_g/N14_1
I: Removed bmsWIDEDFFRSE inst u_dvi_transmitter/encoder_r/n1d[3:0] that is redundant to u_dvi_transmitter/encoder_g/n1d[3:0]
I: Removed bmsADD inst u_dvi_transmitter/encoder_r/N261 that is redundant to u_dvi_transmitter/encoder_g/N261
I: Removed bmsADD inst u_dvi_transmitter/encoder_r/N74_1 that is redundant to u_dvi_transmitter/encoder_g/N74_1
I: Removed bmsWIDEDFFRSE inst u_dvi_transmitter/encoder_r/q_m_reg[8:0] that is redundant to u_dvi_transmitter/encoder_g/q_m_reg[8:0]
I: Removed bmsSUB inst u_dvi_transmitter/encoder_r/N91 that is redundant to u_dvi_transmitter/encoder_g/N91
I: Removed bmsWIDEDFFRSE inst u_dvi_transmitter/encoder_r/n1q_m[3:0] that is redundant to u_dvi_transmitter/encoder_g/n1q_m[3:0]
I: Removed bmsWIDEINV inst u_dvi_transmitter/encoder_r/N107 that is redundant to u_dvi_transmitter/encoder_g/N107
I: Removed bmsWIDEDFFCPE inst u_dvi_transmitter/encoder_r/dout[8] that is redundant to u_dvi_transmitter/encoder_g/dout[8]
I: Removed bmsWIDEDFFRSE inst u_dvi_transmitter/encoder_r/n0q_m[3:0] that is redundant to u_dvi_transmitter/encoder_g/n0q_m[3:0]
I: Removed bmsWIDEMUX inst u_dvi_transmitter/encoder_r/N108 that is redundant to u_dvi_transmitter/encoder_g/N108
W: Removed bmsWIDEDFFRSE inst rstn_1ms[15:0] at 14 that is stuck at constant 0.
W: Removed bmsWIDEDFFRSE inst sync_vg/v_count[11:0] at 11 that is stuck at constant 0.
W: Removed bmsWIDEDFFRSE inst u_dvi_transmitter/encoder_b/n1d[3:0] at 0 that is stuck at constant 0.
W: Removed bmsWIDEDFFRSE inst u_dvi_transmitter/encoder_g/n1d[3:0] at 0 that is stuck at constant 0.
Executing : mod-gen successfully. Time elapsed: 0.085s wall, 0.062s user + 0.016s system = 0.078s CPU (91.5%)

Start logic-optimization.
W: Removed bmsWIDEDFFRSE inst u_dvi_transmitter/encoder_b/n1q_m[3:0] at 0 that is stuck at constant 0.
W: Removed bmsWIDEDFFRSE inst u_dvi_transmitter/encoder_b/n0q_m[3:0] at 0 that is stuck at constant 0.
W: Removed bmsWIDEDFFRSE inst u_dvi_transmitter/encoder_g/n1q_m[3:0] at 0 that is stuck at constant 0.
W: Removed bmsWIDEDFFRSE inst u_dvi_transmitter/encoder_g/n0q_m[3:0] at 0 that is stuck at constant 0.
Executing : logic-optimization successfully. Time elapsed: 0.413s wall, 0.391s user + 0.031s system = 0.422s CPU (102.1%)

Start tech-mapping phase 1.
W: Public-4008: Instance 'u_dvi_transmitter/encoder_r/dout[3]' of 'bmsWIDEDFFCPE' unit is dangling and will be cleaned.
W: Public-4008: Instance 'u_dvi_transmitter/encoder_r/dout[4]' of 'bmsWIDEDFFCPE' unit is dangling and will be cleaned.
W: Public-4008: Instance 'u_dvi_transmitter/encoder_r/dout[5]' of 'bmsWIDEDFFCPE' unit is dangling and will be cleaned.
W: Public-4008: Instance 'u_dvi_transmitter/encoder_r/dout[6]' of 'bmsWIDEDFFCPE' unit is dangling and will be cleaned.
W: Public-4008: Instance 'u_dvi_transmitter/encoder_r/dout[7]' of 'bmsWIDEDFFCPE' unit is dangling and will be cleaned.
W: Public-4008: Instance 'rstn_1ms[14]' of 'bmsWIDEDFFRSE' unit is dangling and will be cleaned.
W: Public-4008: Instance 'rstn_1ms[15]' of 'bmsWIDEDFFRSE' unit is dangling and will be cleaned.
W: Public-4008: Instance 'video_display/pixel_data[1]' of 'bmsWIDEDFFCPE' unit is dangling and will be cleaned.
W: Public-4008: Instance 'video_display/pixel_data[2]' of 'bmsWIDEDFFCPE' unit is dangling and will be cleaned.
W: Public-4008: Instance 'video_display/pixel_data[3]' of 'bmsWIDEDFFCPE' unit is dangling and will be cleaned.
W: Public-4008: Instance 'video_display/pixel_data[4]' of 'bmsWIDEDFFCPE' unit is dangling and will be cleaned.
W: Public-4008: Instance 'video_display/pixel_data[5]' of 'bmsWIDEDFFCPE' unit is dangling and will be cleaned.
W: Public-4008: Instance 'video_display/pixel_data[6]' of 'bmsWIDEDFFCPE' unit is dangling and will be cleaned.
W: Public-4008: Instance 'video_display/pixel_data[7]' of 'bmsWIDEDFFCPE' unit is dangling and will be cleaned.
W: Public-4008: Instance 'video_display/pixel_data[9]' of 'bmsWIDEDFFCPE' unit is dangling and will be cleaned.
W: Public-4008: Instance 'video_display/pixel_data[10]' of 'bmsWIDEDFFCPE' unit is dangling and will be cleaned.
W: Public-4008: Instance 'video_display/pixel_data[11]' of 'bmsWIDEDFFCPE' unit is dangling and will be cleaned.
W: Public-4008: Instance 'video_display/pixel_data[12]' of 'bmsWIDEDFFCPE' unit is dangling and will be cleaned.
W: Public-4008: Instance 'video_display/pixel_data[13]' of 'bmsWIDEDFFCPE' unit is dangling and will be cleaned.
W: Public-4008: Instance 'video_display/pixel_data[14]' of 'bmsWIDEDFFCPE' unit is dangling and will be cleaned.
W: Public-4008: Instance 'video_display/pixel_data[15]' of 'bmsWIDEDFFCPE' unit is dangling and will be cleaned.
W: Public-4008: Instance 'video_display/pixel_data[16]' of 'bmsWIDEDFFCPE' unit is dangling and will be cleaned.
W: Public-4008: Instance 'video_display/pixel_data[17]' of 'bmsWIDEDFFCPE' unit is dangling and will be cleaned.
W: Public-4008: Instance 'video_display/pixel_data[18]' of 'bmsWIDEDFFCPE' unit is dangling and will be cleaned.
W: Public-4008: Instance 'video_display/pixel_data[19]' of 'bmsWIDEDFFCPE' unit is dangling and will be cleaned.
W: Public-4008: Instance 'video_display/pixel_data[20]' of 'bmsWIDEDFFCPE' unit is dangling and will be cleaned.
W: Public-4008: Instance 'video_display/pixel_data[21]' of 'bmsWIDEDFFCPE' unit is dangling and will be cleaned.
W: Public-4008: Instance 'video_display/pixel_data[22]' of 'bmsWIDEDFFCPE' unit is dangling and will be cleaned.
W: Public-4008: Instance 'video_display/pixel_data[23]' of 'bmsWIDEDFFCPE' unit is dangling and will be cleaned.
W: Public-4008: Instance 'sync_vg/v_count[11]' of 'bmsWIDEDFFRSE' unit is dangling and will be cleaned.
W: Public-4008: Instance 'u_dvi_transmitter/encoder_b/q_m_reg[2]' of 'bmsWIDEDFFRSE' unit is dangling and will be cleaned.
W: Public-4008: Instance 'u_dvi_transmitter/encoder_b/q_m_reg[3]' of 'bmsWIDEDFFRSE' unit is dangling and will be cleaned.
W: Public-4008: Instance 'u_dvi_transmitter/encoder_b/q_m_reg[4]' of 'bmsWIDEDFFRSE' unit is dangling and will be cleaned.
W: Public-4008: Instance 'u_dvi_transmitter/encoder_b/q_m_reg[5]' of 'bmsWIDEDFFRSE' unit is dangling and will be cleaned.
W: Public-4008: Instance 'u_dvi_transmitter/encoder_b/q_m_reg[6]' of 'bmsWIDEDFFRSE' unit is dangling and will be cleaned.
W: Public-4008: Instance 'u_dvi_transmitter/encoder_b/q_m_reg[7]' of 'bmsWIDEDFFRSE' unit is dangling and will be cleaned.
W: Public-4008: Instance 'u_dvi_transmitter/encoder_b/n1q_m[0]' of 'bmsWIDEDFFRSE' unit is dangling and will be cleaned.
W: Public-4008: Instance 'u_dvi_transmitter/encoder_b/n1q_m[1]' of 'bmsWIDEDFFRSE' unit is dangling and will be cleaned.
W: Public-4008: Instance 'u_dvi_transmitter/encoder_b/din_q[1]' of 'bmsWIDEDFFRSE' unit is dangling and will be cleaned.
W: Public-4008: Instance 'u_dvi_transmitter/encoder_b/din_q[2]' of 'bmsWIDEDFFRSE' unit is dangling and will be cleaned.
W: Public-4008: Instance 'u_dvi_transmitter/encoder_b/din_q[3]' of 'bmsWIDEDFFRSE' unit is dangling and will be cleaned.
W: Public-4008: Instance 'u_dvi_transmitter/encoder_b/din_q[4]' of 'bmsWIDEDFFRSE' unit is dangling and will be cleaned.
W: Public-4008: Instance 'u_dvi_transmitter/encoder_b/din_q[5]' of 'bmsWIDEDFFRSE' unit is dangling and will be cleaned.
W: Public-4008: Instance 'u_dvi_transmitter/encoder_b/din_q[6]' of 'bmsWIDEDFFRSE' unit is dangling and will be cleaned.
W: Public-4008: Instance 'u_dvi_transmitter/encoder_b/din_q[7]' of 'bmsWIDEDFFRSE' unit is dangling and will be cleaned.
W: Public-4008: Instance 'u_dvi_transmitter/encoder_b/dout[3]' of 'bmsWIDEDFFCPE' unit is dangling and will be cleaned.
W: Public-4008: Instance 'u_dvi_transmitter/encoder_b/dout[4]' of 'bmsWIDEDFFCPE' unit is dangling and will be cleaned.
W: Public-4008: Instance 'u_dvi_transmitter/encoder_b/dout[5]' of 'bmsWIDEDFFCPE' unit is dangling and will be cleaned.
W: Public-4008: Instance 'u_dvi_transmitter/encoder_b/dout[6]' of 'bmsWIDEDFFCPE' unit is dangling and will be cleaned.
W: Public-4008: Instance 'u_dvi_transmitter/encoder_b/dout[7]' of 'bmsWIDEDFFCPE' unit is dangling and will be cleaned.
W: Public-4008: Instance 'u_dvi_transmitter/encoder_b/n0q_m[0]' of 'bmsWIDEDFFRSE' unit is dangling and will be cleaned.
W: Public-4008: Instance 'u_dvi_transmitter/encoder_b/n0q_m[1]' of 'bmsWIDEDFFRSE' unit is dangling and will be cleaned.
W: Public-4008: Instance 'u_dvi_transmitter/encoder_b/n1d[0]' of 'bmsWIDEDFFRSE' unit is dangling and will be cleaned.
W: Public-4008: Instance 'u_dvi_transmitter/encoder_b/n1d[1]' of 'bmsWIDEDFFRSE' unit is dangling and will be cleaned.
W: Public-4008: Instance 'u_dvi_transmitter/encoder_b/n1d[2]' of 'bmsWIDEDFFRSE' unit is dangling and will be cleaned.
W: Public-4008: Instance 'u_dvi_transmitter/encoder_g/q_m_reg[2]' of 'bmsWIDEDFFRSE' unit is dangling and will be cleaned.
W: Public-4008: Instance 'u_dvi_transmitter/encoder_g/q_m_reg[3]' of 'bmsWIDEDFFRSE' unit is dangling and will be cleaned.
W: Public-4008: Instance 'u_dvi_transmitter/encoder_g/q_m_reg[4]' of 'bmsWIDEDFFRSE' unit is dangling and will be cleaned.
W: Public-4008: Instance 'u_dvi_transmitter/encoder_g/q_m_reg[5]' of 'bmsWIDEDFFRSE' unit is dangling and will be cleaned.
W: Public-4008: Instance 'u_dvi_transmitter/encoder_g/q_m_reg[6]' of 'bmsWIDEDFFRSE' unit is dangling and will be cleaned.
W: Public-4008: Instance 'u_dvi_transmitter/encoder_g/q_m_reg[7]' of 'bmsWIDEDFFRSE' unit is dangling and will be cleaned.
W: Public-4008: Instance 'u_dvi_transmitter/encoder_g/n1q_m[0]' of 'bmsWIDEDFFRSE' unit is dangling and will be cleaned.
W: Public-4008: Instance 'u_dvi_transmitter/encoder_g/n1q_m[1]' of 'bmsWIDEDFFRSE' unit is dangling and will be cleaned.
W: Public-4008: Instance 'u_dvi_transmitter/encoder_g/din_q[1]' of 'bmsWIDEDFFRSE' unit is dangling and will be cleaned.
W: Public-4008: Instance 'u_dvi_transmitter/encoder_g/din_q[2]' of 'bmsWIDEDFFRSE' unit is dangling and will be cleaned.
W: Public-4008: Instance 'u_dvi_transmitter/encoder_g/din_q[3]' of 'bmsWIDEDFFRSE' unit is dangling and will be cleaned.
W: Public-4008: Instance 'u_dvi_transmitter/encoder_g/din_q[4]' of 'bmsWIDEDFFRSE' unit is dangling and will be cleaned.
W: Public-4008: Instance 'u_dvi_transmitter/encoder_g/din_q[5]' of 'bmsWIDEDFFRSE' unit is dangling and will be cleaned.
W: Public-4008: Instance 'u_dvi_transmitter/encoder_g/din_q[6]' of 'bmsWIDEDFFRSE' unit is dangling and will be cleaned.
W: Public-4008: Instance 'u_dvi_transmitter/encoder_g/din_q[7]' of 'bmsWIDEDFFRSE' unit is dangling and will be cleaned.
W: Public-4008: Instance 'u_dvi_transmitter/encoder_g/dout[3]' of 'bmsWIDEDFFCPE' unit is dangling and will be cleaned.
W: Public-4008: Instance 'u_dvi_transmitter/encoder_g/dout[4]' of 'bmsWIDEDFFCPE' unit is dangling and will be cleaned.
W: Public-4008: Instance 'u_dvi_transmitter/encoder_g/dout[5]' of 'bmsWIDEDFFCPE' unit is dangling and will be cleaned.
W: Public-4008: Instance 'u_dvi_transmitter/encoder_g/dout[6]' of 'bmsWIDEDFFCPE' unit is dangling and will be cleaned.
W: Public-4008: Instance 'u_dvi_transmitter/encoder_g/dout[7]' of 'bmsWIDEDFFCPE' unit is dangling and will be cleaned.
W: Public-4008: Instance 'u_dvi_transmitter/encoder_g/n0q_m[0]' of 'bmsWIDEDFFRSE' unit is dangling and will be cleaned.
W: Public-4008: Instance 'u_dvi_transmitter/encoder_g/n0q_m[1]' of 'bmsWIDEDFFRSE' unit is dangling and will be cleaned.
W: Public-4008: Instance 'u_dvi_transmitter/encoder_g/n1d[0]' of 'bmsWIDEDFFRSE' unit is dangling and will be cleaned.
W: Public-4008: Instance 'u_dvi_transmitter/encoder_g/n1d[1]' of 'bmsWIDEDFFRSE' unit is dangling and will be cleaned.
W: Public-4008: Instance 'u_dvi_transmitter/encoder_g/n1d[2]' of 'bmsWIDEDFFRSE' unit is dangling and will be cleaned.
I: Removed GTP_DFF inst u_dvi_transmitter/encoder_b/n1d[3] that is redundant to u_dvi_transmitter/encoder_b/din_q[0]
I: Removed GTP_DFF inst u_dvi_transmitter/encoder_g/n1d[3] that is redundant to u_dvi_transmitter/encoder_g/din_q[0]
I: Removed GTP_DFF inst u_dvi_transmitter/encoder_b/n1q_m[2] that is redundant to u_dvi_transmitter/encoder_b/n0q_m[2]
I: Removed GTP_DFF inst u_dvi_transmitter/encoder_g/n1q_m[2] that is redundant to u_dvi_transmitter/encoder_g/n0q_m[2]
I: Removed GTP_DFF inst u_dvi_transmitter/encoder_b/q_m_reg[1] that is redundant to u_dvi_transmitter/encoder_b/q_m_reg[0]
I: Removed GTP_DFF inst u_dvi_transmitter/encoder_g/q_m_reg[1] that is redundant to u_dvi_transmitter/encoder_g/q_m_reg[0]
I: Removed GTP_DFF_C inst u_dvi_transmitter/encoder_b/dout[1] that is redundant to u_dvi_transmitter/encoder_b/dout[0]
I: Removed GTP_DFF_C inst u_dvi_transmitter/encoder_g/dout[1] that is redundant to u_dvi_transmitter/encoder_g/dout[0]
I: Removed GTP_DFF_C inst u_dvi_transmitter/encoder_r/dout[1] that is redundant to u_dvi_transmitter/encoder_r/dout[0]
I: Removed GTP_DFF inst u_dvi_transmitter/encoder_g/n0q_m[2] that is redundant to u_dvi_transmitter/encoder_b/n0q_m[2]
I: Removed GTP_DFF inst u_dvi_transmitter/encoder_b/q_m_reg[0] that is redundant to u_dvi_transmitter/encoder_b/n1q_m[3]
I: Removed GTP_DFF inst u_dvi_transmitter/encoder_g/q_m_reg[0] that is redundant to u_dvi_transmitter/encoder_g/n1q_m[3]
W: Removed GTP_DFF inst u_dvi_transmitter/encoder_b/n0q_m[2] that is stuck at constant 0.
I: Removed GTP_DFF inst u_dvi_transmitter/encoder_b/q_m_reg[8] that is redundant to u_dvi_transmitter/encoder_b/n0q_m[3]
I: Removed GTP_DFF inst u_dvi_transmitter/encoder_g/q_m_reg[8] that is redundant to u_dvi_transmitter/encoder_g/n0q_m[3]
W: Removed GTP_DFF_CE inst u_dvi_transmitter/encoder_r/cnt[0] that is stuck at constant 0.
W: Removed GTP_DFF_CE inst u_dvi_transmitter/encoder_g/cnt[0] that is stuck at constant 0.
W: Removed GTP_DFF_CE inst u_dvi_transmitter/encoder_b/cnt[0] that is stuck at constant 0.
Executing : tech-mapping phase 1 successfully. Time elapsed: 0.019s wall, 0.016s user + 0.000s system = 0.016s CPU (81.4%)

Start tech-mapping phase 2.
Executing : tech-mapping phase 2 successfully. Time elapsed: 0.278s wall, 0.516s user + 0.188s system = 0.703s CPU (253.3%)

Start tech-optimization.
Executing : tech-optimization successfully. Time elapsed: 0.045s wall, 0.062s user + 0.000s system = 0.062s CPU (139.1%)

Start phys-optimization.
Executing : phys-optimization successfully. Time elapsed: 0.000s wall, 0.000s user + 0.000s system = 0.000s CPU (n/a%)

Start restore-hierarchy.
Executing : restore-hierarchy successfully. Time elapsed: 0.006s wall, 0.000s user + 0.000s system = 0.000s CPU (n/a%)

W: syn_maxfan of lutcarry N42_16 is more than 10000 on net _N1535, but wasn't replicated.
W: syn_maxfan of lutcarry N42_16 is more than 10000 on net _N1535, but wasn't replicated.
W: prevent name conflict by renaming net sync_vg/N0 to sync_vg/N0_rnmt
W: prevent name conflict by renaming net u_dvi_transmitter/encoder_b/de_reg to u_dvi_transmitter/encoder_b/de_reg_rnmt

Cell Usage:
GTP_DFF                      40 uses
GTP_DFF_C                    45 uses
GTP_DFF_CE                   16 uses
GTP_DFF_P                     4 uses
GTP_DFF_PE                    6 uses
GTP_DFF_R                    28 uses
GTP_DFF_RE                   11 uses
GTP_GPLL                      2 uses
GTP_GRS                       1 use
GTP_LUT1                      4 uses
GTP_LUT2                      7 uses
GTP_LUT3                      4 uses
GTP_LUT4                     36 uses
GTP_LUT5                     19 uses
GTP_LUT6                     47 uses
GTP_LUT6CARRY               162 uses
GTP_LUT6D                     9 uses
GTP_OSERDES_E2                8 uses

I/O ports: 5
GTP_INBUF                   1 use
GTP_OUTBUFDS                4 uses

Mapping Summary:
Total LUTs: 288 of 17800 (1.62%)
	LUTs as dram: 0 of 5500 (0.00%)
	LUTs as logic: 288
Total Registers: 150 of 35600 (0.42%)
Total Latches: 0

DRM36K/FIFO:
Total DRM = 0.0 of 55 (0.00%)

APMs:
Total APMs = 0.00 of 80 (0.00%)

Total I/O ports = 9 of 150 (6.00%)


Overview of Control Sets:

Number of unique control sets : 9

Histogram:
**************************************************************
  Fanout      | Count    | Sync Set/Reset    Async Set/Reset
--------------------------------------------------------------
  [0, 2)      | 0        | 0                 0
  [2, 4)      | 2        | 1                 1
  [4, 6)      | 0        | 0                 0
  [6, 8)      | 0        | 0                 0
  [8, 10)     | 0        | 0                 0
  [10, 12)    | 1        | 1                 0
  [12, 14)    | 1        | 1                 0
  [14, 16)    | 1        | 1                 0
  [16, Inf)   | 4        | 1                 3
--------------------------------------------------------------
  The maximum fanout: 40
==============================================================

Flip-Flop Distribution:
************************************************************************
  Clock Enable    Sync Set/Reset    Async Set/Reset    Total Registers
------------------------------------------------------------------------
  NO              NO                NO                 40
  NO              NO                YES                49
  NO              YES               NO                 28
  YES             NO                NO                 0
  YES             NO                YES                22
  YES             YES               NO                 11
========================================================================

Latch Distribution:
************************************************
  Gate Enable    Preset/Clear    Total Latches
************************************************
  NO             NO              0
  NO             YES             0
  YES            NO              0
  YES            YES             0
************************************************

Design 'hdmi_block_move' has been successfully synthesized to architecture-specific objects.
Saving design to DB.
Saving design to hdmi_block_move_syn.vm
Constructing timing graph ...
Timing graph has been constructed successfully
W: Timing-4087: Port 'tmds_clk_n' is not constrained, it is treated as combinational output.
W: Timing-4087: Port 'tmds_clk_p' is not constrained, it is treated as combinational output.
W: Timing-4087: Port 'tmds_data_n[0]' is not constrained, it is treated as combinational output.
W: Timing-4087: Port 'tmds_data_n[1]' is not constrained, it is treated as combinational output.
W: Timing-4087: Port 'tmds_data_n[2]' is not constrained, it is treated as combinational output.
W: Timing-4087: Port 'tmds_data_p[0]' is not constrained, it is treated as combinational output.
W: Timing-4087: Port 'tmds_data_p[1]' is not constrained, it is treated as combinational output.
W: Timing-4087: Port 'tmds_data_p[2]' is not constrained, it is treated as combinational output.
Action synthesize: Real time elapsed is 0h:0m:6s
Action synthesize: CPU time elapsed is 0h:0m:5s
Action synthesize: Process CPU time elapsed is 0h:0m:5s
Current time: Fri Nov 21 14:01:40 2025
Action synthesize: Peak memory pool usage is 301 MB
Action from compile to synthesize: Total Real Time elapsed is 0h:0m:9s
Action from compile to synthesize: Total CPU time elapsed is 0h:0m:5s
Action from compile to synthesize: Total Process CPU Time elapsed is 0h:0m:5s
Process "Synthesize" done.


Process "Device Map" started.
Current time: Fri Nov 21 14:01:41 2025
Compiling architecture definition.
Analyzing project file 'E:/User/Files/project_self/OPHW_25H/workspace/10_hdmi_block_move/project/10_hdmi_block_move.pds'.
Compiling verification operator library.
Compiling common defs.
Loading technology operator library.
Compiling technology operator library.
Compiling technology operator (valence) library.
Compiling operator packing rules.
Compiling prim grid devices.
Compiling gate devices.
Compiling gate operators.
Compiling tech operator impls.
Building architecture model.
Loading device packaging model.
NOTE: The technology fpga was specified.
NOTE: delay_model specified was generic_cmos.
NOTE: Using the fpga syntax tables...
Totals:
 Calls to malloc = 0
 Calls to calloc = 148538

Flattening design 'hdmi_block_move'
Device mapping started.
Optimizing circuit logic.
Checking design netlist.
Processing tech operator.
I: The instance clkbufg_0(GTP_CLKBUFG) has been inserted on the net pix_clk in design, driver pin CLKOUT0(instance u_pll_0/u_gpll) -> load pin CLK(instance sync_vg/de_out).
I: The instance clkbufg_1(GTP_CLKBUFG) has been inserted on the net pix_clk_x5 in design, driver pin CLKOUT0(instance u_pll_1/u_gpll) -> load pin OCLK(instance u_dvi_transmitter/serializer_b/GTP_OSERDES_E2_data_master).
I: The instance clkbufg_2(GTP_CLKBUFG) has been inserted on the net cfg_clk in design, driver pin CLKOUT1(instance u_pll_0/u_gpll) -> load pin CLK(instance rstn_1ms[0]).
Converting tech operator to gate operator.
Processing gate operator.
I: Infer CARRY group, base inst: N12_0_1/gateop, insts:13.
I: Infer CARRY group, base inst: N42_15/gateop, insts:2.
I: Infer CARRY group, base inst: sync_vg/N4_mux2_1/gateop, insts:2.
I: Infer CARRY group, base inst: sync_vg/N8_1_1/gateop, insts:11.
I: Infer CARRY group, base inst: sync_vg/N24_1_1/gateop, insts:10.
I: Infer CARRY group, base inst: sync_vg/N72_1.fsub_1/gateop, insts:11.
I: Infer CARRY group, base inst: sync_vg/N82_7/gateop, insts:2.
I: Infer CARRY group, base inst: video_display/N6_mux10_3/gateop, insts:2.
I: Infer CARRY group, base inst: video_display/N8_1_1/gateop, insts:19.
I: Infer CARRY group, base inst: video_display/N36_4_1/gateop, insts:10.
I: Infer CARRY group, base inst: video_display/N41_4_1/gateop, insts:10.
I: Infer CARRY group, base inst: video_display/N48_mux7_5/gateop, insts:2.
I: Infer CARRY group, base inst: video_display/N50_mux3/gateop, insts:2.
I: Infer CARRY group, base inst: video_display/N65_1.fsub_1/gateop, insts:11.
I: Infer CARRY group, base inst: video_display/N66.lt_0/gateop, insts:6.
I: Infer CARRY group, base inst: video_display/N72_2_1/gateop, insts:11.
I: Infer CARRY group, base inst: video_display/N73.lt_0/gateop, insts:6.
I: Infer CARRY group, base inst: video_display/N76.lt_0/gateop, insts:6.
I: Infer CARRY group, base inst: video_display/N82.lt_0/gateop, insts:6.
I: Infer CARRY group, base inst: video_display/N105_36/gateop, insts:3.
I: Infer CARRY group, base inst: u_dvi_transmitter/encoder_b/N171_4/gateop, insts:2.
I: Infer CARRY group, base inst: u_dvi_transmitter/encoder_b/N222_13_0/gateop, insts:5.
I: Infer CARRY group, base inst: u_dvi_transmitter/encoder_g/N222_13_0/gateop, insts:5.
I: Infer CARRY group, base inst: u_dvi_transmitter/encoder_r/N222_13_0/gateop, insts:5.
I: OSERDES "u_dvi_transmitter/serializer_r/GTP_OSERDES_E2_data_master/oserdes_inst" has been packed in "ODDR" of IOL "u_dvi_transmitter/serializer_r/GTP_OUTBUFDS_data_lane/opit_2" success.
I: OSERDES "u_dvi_transmitter/serializer_b/GTP_OSERDES_E2_data_master/oserdes_inst" has been packed in "ODDR" of IOL "u_dvi_transmitter/serializer_b/GTP_OUTBUFDS_data_lane/opit_2" success.
I: OSERDES "u_dvi_transmitter/serializer_clk/GTP_OSERDES_E2_data_master/oserdes_inst" has been packed in "ODDR" of IOL "u_dvi_transmitter/serializer_clk/GTP_OUTBUFDS_data_lane/opit_2" success.
I: OSERDES "u_dvi_transmitter/serializer_g/GTP_OSERDES_E2_data_master/oserdes_inst" has been packed in "ODDR" of IOL "u_dvi_transmitter/serializer_g/GTP_OUTBUFDS_data_lane/opit_2" success.
I: OSERDES "u_dvi_transmitter/serializer_r/GTP_OSERDES_E2_data_slave/oserdes_inst" has been packed in "ODDR" of IOL "u_dvi_transmitter/serializer_r/GTP_OUTBUFDS_data_lane/opit_2_com" success.
I: OSERDES "u_dvi_transmitter/serializer_b/GTP_OSERDES_E2_data_slave/oserdes_inst" has been packed in "ODDR" of IOL "u_dvi_transmitter/serializer_b/GTP_OUTBUFDS_data_lane/opit_2_com" success.
I: OSERDES "u_dvi_transmitter/serializer_clk/GTP_OSERDES_E2_data_slave/oserdes_inst" has been packed in "ODDR" of IOL "u_dvi_transmitter/serializer_clk/GTP_OUTBUFDS_data_lane/opit_2_com" success.
I: OSERDES "u_dvi_transmitter/serializer_g/GTP_OSERDES_E2_data_slave/oserdes_inst" has been packed in "ODDR" of IOL "u_dvi_transmitter/serializer_g/GTP_OUTBUFDS_data_lane/opit_2_com" success.
Device Utilization Summary:
+------------------------------------------------------------------------+
| Logic Utilization     | Used     | Available     | Utilization(%)     
+------------------------------------------------------------------------+
| APM                   | 0        | 80            | 0                  
| FF                    | 150      | 35600         | 1                  
| LUT                   | 288      | 17800         | 2                  
| Distributed RAM       | 0        | 5500          | 0                  
| DRM                   | 0        | 55            | 0                  
| IO                    | 9        | 150           | 6                  
| RCKB                  | 0        | 12            | 0                  
| SCANCHAIN             | 0        | 1             | 0                  
| USCM                  | 3        | 32            | 10                 
| CCS                   | 1        | 1             | 100                
| ADC                   | 0        | 1             | 0                  
| DDR_PHY               | 0        | 12            | 0                  
| HSSTLP                | 0        | 1             | 0                  
| GPLL                  | 2        | 3             | 67                 
| PPLL                  | 0        | 3             | 0                  
| DDRPHY_CPD            | 0        | 6             | 0                  
| HCKB                  | 0        | 48            | 0                  
| IOCKB                 | 0        | 12            | 0                  
| MRCKB                 | 0        | 6             | 0                  
| PCIE                  | 0        | 1             | 0                  
| DDRPHY_IOCLK_DIV      | 0        | 3             | 0                  
| ANALOG                | 0        | 1             | 0                  
| TSERDES               | 0        | 24            | 0                  
| KEYRAM                | 0        | 1             | 0                  
+------------------------------------------------------------------------+

Device mapping done.
Total device mapping takes 0.05 sec.

Design 'hdmi_block_move' has been successfully mapped to architecture-specific objects.
Saving design to DB.
W: Public-4010: Pcf file E:/User/Files/project_self/OPHW_25H/workspace/10_hdmi_block_move/project/device_map/hdmi_test.pcf has been covered.
Action dev_map: Real time elapsed is 0h:0m:7s
Action dev_map: CPU time elapsed is 0h:0m:5s
Action dev_map: Process CPU time elapsed is 0h:0m:5s
Current time: Fri Nov 21 14:01:47 2025
Action dev_map: Peak memory pool usage is 298 MB
Action from compile to dev_map: Total Real Time elapsed is 0h:0m:16s
Action from compile to dev_map: Total CPU time elapsed is 0h:0m:10s
Action from compile to dev_map: Total Process CPU Time elapsed is 0h:0m:10s
Process "Device Map" done.


Process "Place & Route" started.
Current time: Fri Nov 21 14:01:47 2025
Compiling architecture definition.
Analyzing project file 'E:/User/Files/project_self/OPHW_25H/workspace/10_hdmi_block_move/project/10_hdmi_block_move.pds'.
Compiling verification operator library.
Compiling common defs.
Compiling prim grid devices.
Compiling gate devices.
Compiling gate operators.
Building architecture model.
Loading device packaging model.
pnr strategy configuration : 
strategy name : 0
Building architecture floorplan logic view.
Constraint check start.
Executing : def_port {tmds_clk_n} LOC=R17 VCCIO=3.3 IOSTANDARD=TMDS DRIVE=5 NONE=TRUE
Executing : def_port {tmds_clk_n} LOC=R17 VCCIO=3.3 IOSTANDARD=TMDS DRIVE=5 NONE=TRUE successfully
Executing : def_port {tmds_clk_p} LOC=R16 VCCIO=3.3 IOSTANDARD=TMDS DRIVE=5 NONE=TRUE
Executing : def_port {tmds_clk_p} LOC=R16 VCCIO=3.3 IOSTANDARD=TMDS DRIVE=5 NONE=TRUE successfully
Executing : def_port {tmds_data_n[0]} LOC=T15 VCCIO=3.3 IOSTANDARD=TMDS DRIVE=5 NONE=TRUE
Executing : def_port {tmds_data_n[0]} LOC=T15 VCCIO=3.3 IOSTANDARD=TMDS DRIVE=5 NONE=TRUE successfully
Executing : def_port {tmds_data_n[1]} LOC=K15 VCCIO=3.3 IOSTANDARD=TMDS DRIVE=5 NONE=TRUE
C: ConstraintEditor-2002: [E:/User/Files/project_self/OPHW_25H/workspace/10_hdmi_block_move/project/device_map/hdmi_test.pcf(line number: 6)] | Port tmds_data_n[1] has been placed at location K15, whose type is share pin.
Executing : def_port {tmds_data_n[1]} LOC=K15 VCCIO=3.3 IOSTANDARD=TMDS DRIVE=5 NONE=TRUE successfully
Executing : def_port {tmds_data_n[2]} LOC=R15 VCCIO=3.3 IOSTANDARD=TMDS DRIVE=5 NONE=TRUE
Executing : def_port {tmds_data_n[2]} LOC=R15 VCCIO=3.3 IOSTANDARD=TMDS DRIVE=5 NONE=TRUE successfully
Executing : def_port {tmds_data_p[0]} LOC=T14 VCCIO=3.3 IOSTANDARD=TMDS DRIVE=5 NONE=TRUE
Executing : def_port {tmds_data_p[0]} LOC=T14 VCCIO=3.3 IOSTANDARD=TMDS DRIVE=5 NONE=TRUE successfully
Executing : def_port {tmds_data_p[1]} LOC=J14 VCCIO=3.3 IOSTANDARD=TMDS DRIVE=5 NONE=TRUE
C: ConstraintEditor-2002: [E:/User/Files/project_self/OPHW_25H/workspace/10_hdmi_block_move/project/device_map/hdmi_test.pcf(line number: 9)] | Port tmds_data_p[1] has been placed at location J14, whose type is share pin.
Executing : def_port {tmds_data_p[1]} LOC=J14 VCCIO=3.3 IOSTANDARD=TMDS DRIVE=5 NONE=TRUE successfully
Executing : def_port {tmds_data_p[2]} LOC=P14 VCCIO=3.3 IOSTANDARD=TMDS DRIVE=5 NONE=TRUE
Executing : def_port {tmds_data_p[2]} LOC=P14 VCCIO=3.3 IOSTANDARD=TMDS DRIVE=5 NONE=TRUE successfully
Executing : def_port {sys_clk} LOC=P3 VCCIO=3.3 IOSTANDARD=LVCMOS33 NONE=TRUE
Executing : def_port {sys_clk} LOC=P3 VCCIO=3.3 IOSTANDARD=LVCMOS33 NONE=TRUE successfully
Constraint check end.
NOTE: The technology fpga was specified.
NOTE: delay_model specified was generic_cmos.
NOTE: Using the fpga syntax tables...
Totals:
 Calls to malloc = 0
 Calls to calloc = 5993935

I: Column Clock Check open.
Read Column Clock Map.

Placement started.
Phase 1 Pre global placement started.
Mapping instance GRS_INST/grs_ccs to CCS_75_10.
Phase 1.1 1st GP placement started.
Design Utilization : 2%.
First map gop timing takes 0.48 sec
Worst slack after clock region global placement is -1672
Wirelength after clock region global placement is 3504 and checksum is DCBD9AA27D9FBFEF.
1st GP placement takes 0.84 sec.

Phase 1.2 Clock placement started.
Mapping instance u_pll_0/u_gpll/gpll_inst to GPLL_271_157.
Mapping instance clkbufg_0/gopclkbufg to USCM_155_270.
Mapping instance clkbufg_2/gopclkbufg to USCM_155_273.
Mapping instance u_pll_1/u_gpll/gpll_inst to GPLL_7_157.
Mapping instance clkbufg_1/gopclkbufg to USCM_155_276.
Clock placement takes 0.02 sec.

Wirelength after Pre Global Placement is 3504 and checksum is DCBD9AA27D9FBFEF.
Pre global placement takes 0.95 sec.

Phase 2 Global placement started.
Phase 2.1 Fixed placement started.
Placed fixed group with base inst sys_clk_ibuf/opit_1 on IOLHR_268_156.
Placed fixed group with base inst u_dvi_transmitter/serializer_b/GTP_OUTBUFDS_data_lane/opit_2 on IOLHR_16_144.
Placed fixed group with base inst u_dvi_transmitter/serializer_clk/GTP_OUTBUFDS_data_lane/opit_2 on IOLHR_16_132.
Placed fixed group with base inst u_dvi_transmitter/serializer_g/GTP_OUTBUFDS_data_lane/opit_2 on IOLHR_16_246.
Placed fixed group with base inst u_dvi_transmitter/serializer_r/GTP_OUTBUFDS_data_lane/opit_2 on IOLHR_16_162.
Placed fixed instance GRS_INST/grs_ccs on CCS_75_10.
Placed fixed instance clkbufg_0/gopclkbufg on USCM_155_270.
Placed fixed instance clkbufg_1/gopclkbufg on USCM_155_276.
Placed fixed instance clkbufg_2/gopclkbufg on USCM_155_273.
Placed fixed instance u_pll_0/u_gpll/gpll_inst on GPLL_271_157.
Placed fixed instance u_pll_1/u_gpll/gpll_inst on GPLL_7_157.
Placed fixed instance BKCL_auto_0 on BKCL_1_34.
Placed fixed instance BKCL_auto_1 on BKCL_277_34.
Fixed placement takes 0.02 sec.

Phase 2.2 Process placement started.
I: The IO driver of u_pll_0/u_gpll/gpll_inst(CLKIN1) is not constraint at pllpad, its clock path will pass through SRB.
Process placement takes 0.00 sec.

Phase 2.3 IO placement started.
IO placement takes 0.02 sec.

Phase 2.4 2nd GP placement started.
Run super clustering :
	Initial slack -4223.
	1 iterations finished.
	Final slack -4223.
Super clustering done.
Design Utilization : 2%.
Worst slack after global placement is -1258
2nd GP placement takes 0.08 sec.

Wirelength after global placement is 1429 and checksum is A41C68C4FB4C3C6D.
Global placement takes 0.11 sec.

Phase 3 Post global placement started.
Packing LUT6D started.
I: LUT6D pack result: There are 67 LUT6 in collection, pack success:13
Packing LUT6D takes 0.02 sec.
Phase 3.1 Macro cell placement started.
I: Process macros using "Greedy".
Wirelength after macro cell placement is 1457 and checksum is 95DD4F3646685E5.
Macro cell placement takes 0.00 sec.

Phase 3.2 3rd GP placement started.
Run super clustering :
	Initial slack -4223.
	1 iterations finished.
	Final slack -4223.
Super clustering done.
Design Utilization : 2%.
Worst slack after post global placement is -1289
3rd GP placement takes 0.05 sec.

Wirelength after post global placement is 1927 and checksum is B83CF77A04A84C2C.
Packing LUT6D started.
I: LUT6D pack result: There are 41 LUT6 in collection, pack success:0
Packing LUT6D takes 0.00 sec.
Post global placement takes 0.06 sec.

Phase 4 Legalization started.
The average distance in LP is 0.651685.
Wirelength after legalization is 2504 and checksum is B0E56FAF422A109A.
Legalization takes 0.02 sec.

Phase 5 Timing-driven detailed placement started.
Phase 5.1 Replication placement started.
Worst slack before Replication Place is -1632.
Replication placement takes 0.03 sec.

Wirelength after replication placement is 2504 and checksum is B0E56FAF422A109A.
Phase 5.2 Swapping placement started.
Worst slack before detailed placement is -1632, TNS before detailed placement is -124406. 
Cost at Swap iteration 0 : -1632, wslk -1632, tns -124339, takes 0.00 sec.
Cost at DP iteration 0 : -1632, wslk -1439, tns -122765, takes 0.00 sec.
Cost at Swap iteration 1 : -1439, wslk -1439, tns -123106, takes 0.00 sec.
Cost at Swap iteration 2 : -1439, wslk -1439, tns -122814, takes 0.02 sec.
Cost at DP iteration 2 : -1439, wslk -1439, tns -121233, takes 0.02 sec.
Cost at Swap iteration 3 : -1439, wslk -1439, tns -120939, takes 0.00 sec.
Worst slack after detailed placement is -1439, TNS after detailed placement is -120939. 
Swapping placement takes 0.03 sec.

Wirelength after detailed placement is 2663 and checksum is 31B536F2FAB25BF.
Timing-driven detailed placement takes 0.06 sec.

Worst slack is -1645, TNS after placement is -146790.
Placement done.
Total placement takes 1.31 sec.
Finished placement.

Routing started.
Enter timing driven router mode.
Route thread size: 2
Building routing graph takes 0.53 sec.
Setup STE netlist take 21 msec.
Dispose control chain take 3 msec.
Collect const net info take 11 msec.
Total nets for routing: 288.
Total loads for routing: 1573.
Direct connect net size: 66
Build all design net take 6 msec.
Worst slack is -1645, TNS before route is -146790.
Processing design graph takes 0.04 sec.
Delay table total memory: 0.23173141 MB
Route graph total memory: 43.88286018 MB
Route design total memory: 0.91738129 MB
Global routing takes 0.00 sec.
Total 286 subnets.
Unrouted clock nets at iteration 0 (0.005 sec): 1
Unrouted clock nets at iteration 1 (0.000 sec): 1
Unrouted clock nets at iteration 2 (0.000 sec): 1
Unrouted clock nets at iteration 3 (0.000 sec): 1
Unrouted clock nets at iteration 4 (0.000 sec): 0
Total route nets size: 279
Pre route takes 0.293 sec
Unrouted general nets at iteration 6 (MT total route time: 0.067 sec): 242(overused: 1574)
Unrouted general nets at iteration 7 (MT total route time: 0.045 sec): 202(overused: 1318)
Unrouted general nets at iteration 8 (MT total route time: 0.039 sec): 158(overused: 750)
Unrouted general nets at iteration 9 (MT total route time: 0.027 sec): 117(overused: 492)
Unrouted general nets at iteration 10 (MT total route time: 0.020 sec): 89(overused: 309)
Unrouted general nets at iteration 11 (MT total route time: 0.014 sec): 66(overused: 226)
Unrouted general nets at iteration 12 (MT total route time: 0.011 sec): 52(overused: 186)
Unrouted general nets at iteration 13 (MT total route time: 0.010 sec): 46(overused: 135)
Unrouted general nets at iteration 14 (MT total route time: 0.008 sec): 38(overused: 114)
Unrouted general nets at iteration 15 (MT total route time: 0.006 sec): 27(overused: 82)
Unrouted general nets at iteration 16 (MT total route time: 0.006 sec): 24(overused: 72)
Unrouted general nets at iteration 17 (MT total route time: 0.005 sec): 23(overused: 66)
Unrouted general nets at iteration 18 (MT total route time: 0.006 sec): 22(overused: 74)
Unrouted general nets at iteration 19 (MT total route time: 0.005 sec): 22(overused: 70)
Unrouted general nets at iteration 20 (MT total route time: 0.005 sec): 17(overused: 64)
Unrouted general nets at iteration 21 (MT total route time: 0.004 sec): 16(overused: 56)
Unrouted general nets at iteration 22 (MT total route time: 0.004 sec): 16(overused: 52)
Unrouted general nets at iteration 23 (MT total route time: 0.003 sec): 15(overused: 46)
Unrouted general nets at iteration 24 (MT total route time: 0.004 sec): 13(overused: 36)
Unrouted general nets at iteration 25 (MT total route time: 0.004 sec): 17(overused: 52)
Unrouted general nets at iteration 26 (MT total route time: 0.004 sec): 17(overused: 40)
Unrouted general nets at iteration 27 (MT total route time: 0.004 sec): 13(overused: 36)
Unrouted general nets at iteration 28 (MT total route time: 0.003 sec): 13(overused: 38)
Unrouted general nets at iteration 29 (MT total route time: 0.003 sec): 14(overused: 34)
Unrouted general nets at iteration 30 (MT total route time: 0.003 sec): 11(overused: 32)
Unrouted general nets at iteration 31 (MT total route time: 0.003 sec): 14(overused: 38)
Unrouted general nets at iteration 32 (MT total route time: 0.002 sec): 10(overused: 34)
Unrouted general nets at iteration 33 (MT total route time: 0.002 sec): 10(overused: 28)
Unrouted general nets at iteration 34 (MT total route time: 0.003 sec): 12(overused: 36)
Unrouted general nets at iteration 35 (MT total route time: 0.003 sec): 11(overused: 30)
Unrouted general nets at iteration 36 (MT total route time: 0.002 sec): 9(overused: 24)
Unrouted general nets at iteration 37 (MT total route time: 0.002 sec): 9(overused: 26)
Unrouted general nets at iteration 38 (MT total route time: 0.002 sec): 12(overused: 28)
Unrouted general nets at iteration 39 (MT total route time: 0.003 sec): 14(overused: 30)
Unrouted general nets at iteration 40 (MT total route time: 0.003 sec): 14(overused: 28)
Unrouted general nets at iteration 41 (MT total route time: 0.002 sec): 11(overused: 26)
Unrouted general nets at iteration 42 (MT total route time: 0.002 sec): 12(overused: 28)
Unrouted general nets at iteration 43 (MT total route time: 0.002 sec): 13(overused: 28)
Unrouted general nets at iteration 44 (MT total route time: 0.002 sec): 15(overused: 30)
Unrouted general nets at iteration 45 (MT total route time: 0.002 sec): 11(overused: 24)
Unrouted general nets at iteration 46 (MT total route time: 0.002 sec): 10(overused: 24)
Unrouted general nets at iteration 47 (MT total route time: 0.003 sec): 14(overused: 26)
Unrouted general nets at iteration 48 (MT total route time: 0.003 sec): 13(overused: 26)
Unrouted general nets at iteration 49 (MT total route time: 0.002 sec): 16(overused: 32)
Unrouted general nets at iteration 50 (MT total route time: 0.002 sec): 11(overused: 24)
Unrouted general nets at iteration 51 (MT total route time: 0.003 sec): 13(overused: 28)
Unrouted general nets at iteration 52 (MT total route time: 0.002 sec): 14(overused: 32)
Unrouted general nets at iteration 53 (MT total route time: 0.002 sec): 11(overused: 22)
Unrouted general nets at iteration 54 (MT total route time: 0.002 sec): 8(overused: 16)
Unrouted general nets at iteration 55 (MT total route time: 0.001 sec): 8(overused: 16)
Unrouted general nets at iteration 56 (MT total route time: 0.002 sec): 4(overused: 8)
Unrouted general nets at iteration 57 (MT total route time: 0.000 sec): 2(overused: 4)
Unrouted general nets at iteration 58 (MT total route time: 0.000 sec): 2(overused: 4)
Unrouted general nets at iteration 59 (MT total route time: 0.000 sec): 2(overused: 4)
Unrouted general nets at iteration 60 (MT total route time: 0.000 sec): 2(overused: 4)
Unrouted general nets at iteration 61 (MT total route time: 0.000 sec): 2(overused: 4)
Unrouted general nets at iteration 62 (MT total route time: 0.000 sec): 2(overused: 4)
Unrouted general nets at iteration 63 (MT total route time: 0.000 sec): 2(overused: 4)
Unrouted general nets at iteration 64 (MT total route time: 0.001 sec): 2(overused: 4)
Unrouted general nets at iteration 65 (MT total route time: 0.000 sec): 2(overused: 4)
Unrouted general nets at iteration 66 (MT total route time: 0.001 sec): 2(overused: 4)
Unrouted general nets at iteration 67 (MT total route time: 0.001 sec): 2(overused: 8)
Unrouted general nets at iteration 68 (MT total route time: 0.000 sec): 2(overused: 4)
Unrouted general nets at iteration 69 (MT total route time: 0.000 sec): 2(overused: 4)
Unrouted general nets at iteration 70 (MT total route time: 0.000 sec): 2(overused: 4)
Unrouted general nets at iteration 71 (MT total route time: 0.000 sec): 0(overused: 0)
----General net take 0.000 sec(route net take 0.000 sec, inc cost take 0.000 sec, iter times: 1)
----const net route take 0.003 sec
Unrouted nets at iteration 72 (0.003 sec): 0
Detailed routing takes 1.40 sec.
I: Design net nt_sys_clk is routed by general path.
C: Route-2036: The clock path from sys_clk_ibuf/opit_1:DI_TO_CLK to u_pll_0/u_gpll/gpll_inst:CLKIN1 is routed by SRB.
Fix violation Finished.
No hold violation.
Hold Violation Fix in router takes 0.74 sec.
Sort Original Nets take 0.000 sec
Build solution node for device pins which were mapped to more than one design pin take 0.000 sec
Total net: 288, route succeed net: 288
Generate routing result take 0.001 sec
Handle PERMUX permutation take 0.017 sec
Handle const net take 0.001 sec
Handle route through take 0.001 sec
Handle loads' routing node take 0.001 sec
Used SRB routing arc is 3732.
Finish routing takes 0.02 sec.
Total routing takes 2.96 sec.


Device Utilization Summary :
+------------------------------------------------------------------------------+
| Logic Utilization           | Used     | Available     | Utilization(%)     
+------------------------------------------------------------------------------+
| Use of ADC                  | 0        | 1             | 0                  
| Use of ANALOG               | 0        | 1             | 0                  
| Use of APM                  | 0        | 80            | 0                  
| Use of BKCL                 | 2        | 3             | 67                 
| Use of CCS                  | 1        | 1             | 100                
| Use of CLMA                 | 77       | 3075          | 3                  
|   FF                        | 88       | 24600         | 1                  
|   LUT                       | 223      | 12300         | 2                  
|   LUT-FF pairs              | 76       | 12300         | 1                  
| Use of CLMS                 | 28       | 1375          | 3                  
|   FF                        | 62       | 11000         | 1                  
|   LUT                       | 94       | 5500          | 2                  
|   LUT-FF pairs              | 54       | 5500          | 1                  
|   Distributed RAM           | 0        | 5500          | 0                  
| Use of DDRPHY_CPD           | 0        | 6             | 0                  
| Use of DDRPHY_IOCLK_DIV     | 0        | 3             | 0                  
| Use of DDR_PHY              | 0        | 12            | 0                  
| Use of DRM                  | 0        | 55            | 0                  
| Use of GPLL                 | 2        | 3             | 67                 
| Use of GSEB                 | 0        | 67            | 0                  
| Use of HARD0                | 47       | 3150          | 2                  
| Use of HCKB                 | 5        | 48            | 11                 
|  HCKB dataused              | 0        | 48            | 0                  
| Use of HCKMUX_TEST          | 0        | 4             | 0                  
| Use of HSSTLP               | 0        | 1             | 0                  
| Use of IO                   | 9        | 150           | 6                  
|   IOBD                      | 4        | 72            | 6                  
|   IOBS                      | 5        | 78            | 7                  
| Use of IOCKB                | 0        | 12            | 0                  
| Use of IOCKMUX_TEST         | 0        | 3             | 0                  
| Use of IOLHR                | 9        | 150           | 6                  
| Use of KEYRAM               | 0        | 1             | 0                  
| Use of MFG_TEST             | 0        | 1             | 0                  
| Use of MRCKB                | 0        | 6             | 0                  
| Use of MRCKMUX_TEST         | 0        | 3             | 0                  
| Use of MRPOSTMUX_TEST       | 0        | 3             | 0                  
| Use of PCIE                 | 0        | 1             | 0                  
| Use of PCKMUX_TEST          | 0        | 6             | 0                  
| Use of PLLMRMUX_TEST        | 0        | 3             | 0                  
| Use of PLLREFMUX_TEST       | 0        | 3             | 0                  
| Use of PPLL                 | 0        | 3             | 0                  
| Use of PREGMUXC_TEST        | 0        | 2             | 0                  
| Use of PREGMUXLR_TEST       | 0        | 3             | 0                  
| Use of RCKB                 | 0        | 12            | 0                  
|  RCKB dataused              | 0        | 12            | 0                  
| Use of RCKMUX_TEST          | 0        | 3             | 0                  
| Use of SCANCHAIN            | 0        | 1             | 0                  
| Use of SCKMUX_TEST          | 0        | 6             | 0                  
| Use of SFB                  | 0        | 925           | 0                  
| Use of SPAD                 | 0        | 4             | 0                  
| Use of TSERDES              | 0        | 24            | 0                  
| Use of USCM                 | 3        | 32            | 10                 
|  USCM dataused              | 0        | 32            | 0                  
| Use of USCMMUX_TEST         | 0        | 32            | 0                  
+------------------------------------------------------------------------------+

Finished routing.
Design 'hdmi_block_move' has been placed and routed successfully.
Saving design to DB.
Finished placement and routing.
Action pnr: Real time elapsed is 0h:0m:13s
Action pnr: CPU time elapsed is 0h:0m:11s
Action pnr: Process CPU time elapsed is 0h:0m:13s
Current time: Fri Nov 21 14:01:59 2025
Action pnr: Peak memory pool usage is 912 MB
Action from compile to pnr: Total Real Time elapsed is 0h:0m:29s
Action from compile to pnr: Total CPU time elapsed is 0h:0m:21s
Action from compile to pnr: Total Process CPU Time elapsed is 0h:0m:23s
Process "Place & Route" done.


Process "Report Timing" started.
Current time: Fri Nov 21 14:02:00 2025
Compiling architecture definition.
Analyzing project file 'E:/User/Files/project_self/OPHW_25H/workspace/10_hdmi_block_move/project/10_hdmi_block_move.pds'.
Compiling verification operator library.
Compiling common defs.
Compiling prim grid devices.
Compiling gate devices.
Compiling gate operators.
Building architecture model.
Loading device packaging model.
Reading design from pnr DB.
Start Report Post-PnR timing.
NOTE: The technology fpga was specified.
NOTE: delay_model specified was generic_cmos.
NOTE: Using the fpga syntax tables...
Totals:
 Calls to malloc = 0
 Calls to calloc = 5993935

Constructing timing graph ...
Timing graph has been constructed successfully
W: Timing-4087: Port 'tmds_clk_n' is not constrained, it is treated as combinational output.
W: Timing-4087: Port 'tmds_clk_p' is not constrained, it is treated as combinational output.
W: Timing-4087: Port 'tmds_data_n[0]' is not constrained, it is treated as combinational output.
W: Timing-4087: Port 'tmds_data_n[1]' is not constrained, it is treated as combinational output.
W: Timing-4087: Port 'tmds_data_n[2]' is not constrained, it is treated as combinational output.
W: Timing-4087: Port 'tmds_data_p[0]' is not constrained, it is treated as combinational output.
W: Timing-4087: Port 'tmds_data_p[1]' is not constrained, it is treated as combinational output.
W: Timing-4087: Port 'tmds_data_p[2]' is not constrained, it is treated as combinational output.
Report timing is finished successfully.
Action report_timing: Real time elapsed is 0h:0m:8s
Action report_timing: CPU time elapsed is 0h:0m:7s
Action report_timing: Process CPU time elapsed is 0h:0m:7s
Current time: Fri Nov 21 14:02:07 2025
Action report_timing: Peak memory pool usage is 921 MB
Action from compile to report_timing: Total Real Time elapsed is 0h:0m:37s
Action from compile to report_timing: Total CPU time elapsed is 0h:0m:28s
Action from compile to report_timing: Total Process CPU Time elapsed is 0h:0m:30s
Process "Report Timing" done.


Process "Generate Bitstream" started.
Current time: Fri Nov 21 14:02:08 2025
Compiling architecture definition.
Analyzing project file 'E:/User/Files/project_self/OPHW_25H/workspace/10_hdmi_block_move/project/10_hdmi_block_move.pds'.
Compiling verification operator library.
Compiling common defs.
Compiling prim grid devices.
Compiling gate devices.
Compiling gate operators.
Building architecture model.
Loading device packaging model.
Reading design from DB.
Start Generating Programming File...
Reading design from DB takes 0.062500 sec.
Generating architecture configuration.
C: Bitstream-2001: SCBV has not been set. Please set SCBV value based on PCB board, where is in configuration tab of bit stream options.
The bitstream file is "E:/User/Files/project_self/OPHW_25H/workspace/10_hdmi_block_move/project/generate_bitstream/hdmi_block_move.sbit"
Generate programming file takes 0.875000 sec.
Generating Programming File done.
Action gen_bit_stream: Real time elapsed is 0h:0m:8s
Action gen_bit_stream: CPU time elapsed is 0h:0m:6s
Action gen_bit_stream: Process CPU time elapsed is 0h:0m:6s
Current time: Fri Nov 21 14:02:15 2025
Action gen_bit_stream: Peak memory pool usage is 519 MB
Action from compile to gen_bit_stream: Total Real Time elapsed is 0h:0m:45s
Action from compile to gen_bit_stream: Total CPU time elapsed is 0h:0m:34s
Action from compile to gen_bit_stream: Total Process CPU Time elapsed is 0h:0m:36s
Process "Generate Bitstream" done.
Process exit normally.
