#Build: Fabric Compiler 2022.2-SP6.4, Build 146967, Jan 31 01:39 2024
#Install: E:\App\Professional\PDS_2022.2-SP6.4\bin
#Application name: pds_shell.exe
#OS: Windows 10 10.0.26200
#Hostname: LAPTOP-BODHT30J
Generated by Fabric Compiler (version 2022.2-SP6.4 build 146967) at Mon Nov 17 00:16:52 2025
License checkout: fabric_ads from E:\App\Professional\PDS_2022.2-SP6.4\new_pds_F4A80DA47D72.lic
Compiling verification operator library.
Loading technology operator library.
Compiling technology operator library.
Compiling technology operator (valence) library.
I: Enable Verilog2k features and keywords
Start rtl-analyze.
Executing : .rtl_analyze -work work -include_path {E:/User/Files/project_self/OPHW_25H/OPHW_25H_TEST/1_Demo/Advanced/15_matrix_3x3/project} E:/User/Files/project_self/OPHW_25H/OPHW_25H_TEST/1_Demo/Advanced/15_matrix_3x3/design/matrix_3x3.v
I: Verilog-0001: Analyzing file E:/User/Files/project_self/OPHW_25H/OPHW_25H_TEST/1_Demo/Advanced/15_matrix_3x3/design/matrix_3x3.v
I: Verilog-0002: [E:/User/Files/project_self/OPHW_25H/OPHW_25H_TEST/1_Demo/Advanced/15_matrix_3x3/design/matrix_3x3.v(line number: 2)] Analyzing module matrix_3x3 (library work)
Parsing done.
Executing : .rtl_analyze -work work -include_path {E:/User/Files/project_self/OPHW_25H/OPHW_25H_TEST/1_Demo/Advanced/15_matrix_3x3/project} E:/User/Files/project_self/OPHW_25H/OPHW_25H_TEST/1_Demo/Advanced/15_matrix_3x3/design/matrix_3x3.v successfully.
I: Module "matrix_3x3" is set as top module.
Executing : rtl-analyze successfully. Time elapsed: 1.177s wall, 0.016s user + 0.031s system = 0.047s CPU (4.0%)

Start rtl-elaborate.
I: Verilog-0003: [E:/User/Files/project_self/OPHW_25H/OPHW_25H_TEST/1_Demo/Advanced/15_matrix_3x3/design/matrix_3x3.v(line number: 2)] Elaborating module matrix_3x3
I: Module instance {matrix_3x3} parameter value:
    IMG_WIDTH = 11'b11110000000
    IMG_HEIGHT = 11'b10000111000
E: Verilog-4072: [E:/User/Files/project_self/OPHW_25H/OPHW_25H_TEST/1_Demo/Advanced/15_matrix_3x3/design/matrix_3x3.v(line number: 91)] fifo_line_buffer is referenced to undefined module
Program Error Out.
Action compile: Real time elapsed is 0h:0m:2s
Action compile: CPU time elapsed is 0h:0m:0s
Action compile: Process CPU time elapsed is 0h:0m:0s
Current time: Mon Nov 17 00:16:53 2025
Action compile: Peak memory pool usage is 125 MB
