#Build: Fabric Configuration 2022.2-SP6.4, Build 146967, Jan 31 01:39 2024
#Install: E:\App\Professional\PDS_2022.2-SP6.4\bin
#Application name: cdt_cfg.exe
#OS: Windows 10 10.0.26200
#Hostname: LAPTOP-BODHT30J
Generated by Fabric Configuration (version 2022.2-SP6.4 build 146967) at Wed Nov 19 23:03:26 2025
M_PROCESS_FINISH_STARTED

Connecting to server[127.0.0.1 : 65420].
Connect to server[127.0.0.1 : 65420] successfully.
COMMAND[check version information] execute successfully, takes 0.0 secs.
The cable List : 
Cable index 0:USB Cable II/fffffffffffffffe 

COMMAND[get_cable_paras] execute successfully, takes 0.9 secs.
COMMAND[set_cable_paras] execute successfully, takes 0.5 secs.
PANGO USB CABLE II cable driver: D2XX DLL
PG2L25H
This device configure situation (done bit): 1
COMMAND[Open config cable] execute successfully, takes 2.1 secs.
The done bit is 1
COMMAND[Program] execute successfully, takes 10.0 secs.
The done bit is 1
COMMAND[Program] execute successfully, takes 10.0 secs.
