[Debug] [2025-11-17 22:35:39] /*************************** 2025-11-17 22:35:39  Start ***************************/
[Debug] [2025-11-17 22:35:39] Path: E:/App/Professional/PDS_2022.2-SP6.4/bin
[Debug] [2025-11-17 22:35:39] #Generated by Fabric Debugger (version 2022.2-SP6.4 build 146967) at Mon Nov 17 22:35:39 2025


[Info] [2025-11-17 22:35:39] MsgOut: Fabric Debugger Started.
[Debug] [2025-11-17 22:35:39] Main window show.
[Debug] [2025-11-17 22:35:45] Operation: Try to close window.
[Debug] [2025-11-17 22:35:45] /*************************** 2025-11-17 22:35:45  End ***************************/
[Debug] [2025-11-18 16:50:41] /*************************** 2025-11-18 16:50:41  Start ***************************/
[Debug] [2025-11-18 16:50:41] Path: E:/App/Professional/PDS_2022.2-SP6.4/bin
[Debug] [2025-11-18 16:50:41] #Generated by Fabric Debugger (version 2022.2-SP6.4 build 146967) at Tue Nov 18 16:50:41 2025


[Info] [2025-11-18 16:50:41] MsgOut: Fabric Debugger Started.
[Debug] [2025-11-18 16:50:41] Main window show.
[Debug] [2025-11-18 16:50:44] Operation: Scan.
[Debug] [2025-11-18 16:50:44] Client Local host name:LAPTOP-BODHT30J
[Debug] [2025-11-18 16:50:44] Client Local Address:192.168.157.1
[Debug] [2025-11-18 16:50:44] Client Local Address:192.168.244.1
[Debug] [2025-11-18 16:50:44] Client Local Address:192.168.0.103
[Debug] [2025-11-18 16:50:44] Server Address:127.0.0.1, Port:65420
[Info] [2025-11-18 16:50:44] MsgOut: Connecting to server[127.0.0.1 : 65420].
[Info] [2025-11-18 16:50:45] Connect OK, Server: 127.0.0.1  Port: 65420
[Info] [2025-11-18 16:50:45] MsgOut: Connect to server[127.0.0.1 : 65420] successfully.
[Debug] [2025-11-18 16:50:45] Finish.
[Debug] [2025-11-18 16:50:45] Log::Print : check version information
[Debug] [2025-11-18 16:50:45] Send RPC: 1.
[Debug] [2025-11-18 16:50:45] Send cmd [check version information:40004] OK
[Debug] [2025-11-18 16:50:45] Log::Print : get_cable_paras
[Debug] [2025-11-18 16:50:45] Send RPC: 2.
[Debug] [2025-11-18 16:50:45] Send cmd [get_cable_paras:40010] OK
[Debug] [2025-11-18 16:50:45] Log::Print : open_cable
[Debug] [2025-11-18 16:50:45] Send RPC: 3.
[Debug] [2025-11-18 16:50:45] Send cmd [open_cable:10001] OK
[Info] [2025-11-18 16:50:45] MsgOut: COMMAND[check version information] execute successfully, takes 0.2 secs.
[Debug] [2025-11-18 16:50:45] COMMAND[check version information] execute successfully, takes 0.2 secs.
[Info] [2025-11-18 16:50:46] MsgOut: The Cable List : 
Cable index 0:USB Cable II/fffffffffffffffe 

[Info] [2025-11-18 16:50:46] MsgOut: COMMAND[get_cable_paras] execute successfully, takes 1.0 secs.
[Debug] [2025-11-18 16:50:46] COMMAND[get_cable_paras] execute successfully, takes 1.0 secs.
[Info] [2025-11-18 16:50:46] MsgOut: PANGO USB CABLE II cable driver: D2XX DLL
[Info] [2025-11-18 16:51:41] MsgOut: COMMAND[open_cable] execute successfully, takes 56.5 secs.
[Debug] [2025-11-18 16:51:41] COMMAND[open_cable] execute successfully, takes 56.5 secs.
[Debug] [2025-11-18 16:52:03] Operation: Open server dialog.
[Debug] [2025-11-18 16:52:10] Log::Print : set_cable_paras
[Debug] [2025-11-18 16:52:10] Send RPC: 4.
[Debug] [2025-11-18 16:52:10] Send cmd [set_cable_paras:40011] OK
[Info] [2025-11-18 16:52:10] MsgOut: COMMAND[set_cable_paras] execute successfully, takes 0.5 secs.
[Debug] [2025-11-18 16:52:10] COMMAND[set_cable_paras] execute successfully, takes 0.5 secs.
[Debug] [2025-11-18 16:52:13] Operation: Scan.
[Debug] [2025-11-18 16:52:13] Log::Print : open_cable
[Debug] [2025-11-18 16:52:13] Send RPC: 5.
[Debug] [2025-11-18 16:52:13] Send cmd [open_cable:10001] OK
[Info] [2025-11-18 16:52:14] MsgOut: PANGO USB CABLE II cable driver: D2XX DLL
[Info] [2025-11-18 16:52:16] MsgOut: COMMAND[open_cable] execute successfully, takes 2.4 secs.
[Debug] [2025-11-18 16:52:16] COMMAND[open_cable] execute successfully, takes 2.4 secs.
[Debug] [2025-11-18 16:52:37] Operation: Program.
[Debug] [2025-11-18 16:52:37] Log::Print : configure
[Debug] [2025-11-18 16:52:37] Send RPC: 6.
[Debug] [2025-11-18 16:52:37] Send cmd [configure:10002] OK
[Debug] [2025-11-18 16:52:38] The value is 6.
[Debug] [2025-11-18 16:52:38] The value is 10.
[Debug] [2025-11-18 16:52:39] The value is 15.
[Debug] [2025-11-18 16:52:39] The value is 20.
[Debug] [2025-11-18 16:52:40] The value is 25.
[Debug] [2025-11-18 16:52:40] The value is 30.
[Debug] [2025-11-18 16:52:41] The value is 35.
[Debug] [2025-11-18 16:52:41] The value is 40.
[Debug] [2025-11-18 16:52:42] The value is 45.
[Debug] [2025-11-18 16:52:42] The value is 50.
[Debug] [2025-11-18 16:52:43] The value is 55.
[Debug] [2025-11-18 16:52:43] The value is 60.
[Debug] [2025-11-18 16:52:44] The value is 65.
[Debug] [2025-11-18 16:52:44] The value is 70.
[Debug] [2025-11-18 16:52:44] The value is 75.
[Debug] [2025-11-18 16:52:45] The value is 80.
[Debug] [2025-11-18 16:52:45] The value is 85.
[Debug] [2025-11-18 16:52:46] The value is 90.
[Debug] [2025-11-18 16:52:46] The value is 95.
[Debug] [2025-11-18 16:52:47] The value is 100.
[Debug] [2025-11-18 16:52:48] [BusValue] Opt:Add.
[Debug] [2025-11-18 16:52:48] [BusValue] Opt:Add.
[Debug] [2025-11-18 16:52:48] [BusValue] Opt:Add.
[Info] [2025-11-18 16:52:48] MsgOut: COMMAND[configure] execute successfully, takes 10.6 secs.
[Debug] [2025-11-18 16:52:48] COMMAND[configure] execute successfully, takes 10.6 secs.
[Debug] [2025-11-18 16:52:48] Log::Print : Import Core: 0 OK
[Debug] [2025-11-18 16:53:48] Operation: Trigger.
[Debug] [2025-11-18 16:53:48] Log::Print : run
[Debug] [2025-11-18 16:53:48] Send RPC: 7.
[Debug] [2025-11-18 16:53:48] Send cmd [run:10003] OK
[Info] [2025-11-18 16:53:48] MsgOut: Core 0 trigger successful at Tue Nov 18 16:53:48 2025
[Debug] [2025-11-18 16:53:48] Operation: ZoomFit
[Debug] [2025-11-18 16:53:48] Finish.
[Debug] [2025-11-18 16:53:48] [BusValue] Opt:Flush.
[Debug] [2025-11-18 16:53:48] [BusValue] Opt:Update.
[Info] [2025-11-18 16:53:48] MsgOut: COMMAND[run] execute successfully, takes 0.8 secs.
[Debug] [2025-11-18 16:53:48] COMMAND[run] execute successfully, takes 0.8 secs.
[Debug] [2025-11-18 16:54:09] Operation: ZoomOut
[Debug] [2025-11-18 16:54:09] Finish.
[Debug] [2025-11-18 16:54:10] Operation: ZoomOut
[Debug] [2025-11-18 16:54:10] Finish.
[Debug] [2025-11-18 16:54:10] Operation: ZoomOut
[Debug] [2025-11-18 16:54:10] Operation: ZoomOut
[Debug] [2025-11-18 16:54:10] Operation: ZoomOut
[Debug] [2025-11-18 16:54:10] Operation: ZoomOut
[Debug] [2025-11-18 16:54:11] Operation: ZoomOut
[Debug] [2025-11-18 16:54:11] Operation: ZoomOut
[Debug] [2025-11-18 16:54:11] Operation: ZoomOut
[Debug] [2025-11-18 16:54:17] Operation: Zoom in.
[Debug] [2025-11-18 16:54:17] Finish.
[Debug] [2025-11-18 16:54:17] Operation: Zoom in.
[Debug] [2025-11-18 16:54:17] Finish.
[Debug] [2025-11-18 16:54:17] Operation: Zoom in.
[Debug] [2025-11-18 16:54:17] Finish.
[Debug] [2025-11-18 16:54:18] Operation: Zoom in.
[Debug] [2025-11-18 16:54:18] Finish.
[Debug] [2025-11-18 16:54:18] Operation: Zoom in.
[Debug] [2025-11-18 16:54:18] Finish.
[Debug] [2025-11-18 16:54:35] Operation: Try to close window.
[Debug] [2025-11-18 16:54:35] /*************************** 2025-11-18 16:54:35  End ***************************/
[Debug] [2025-11-18 17:00:23] /*************************** 2025-11-18 17:00:23  Start ***************************/
[Debug] [2025-11-18 17:00:23] Path: E:/App/Professional/PDS_2022.2-SP6.4/bin
[Debug] [2025-11-18 17:00:23] #Generated by Fabric Debugger (version 2022.2-SP6.4 build 146967) at Tue Nov 18 17:00:23 2025


[Info] [2025-11-18 17:00:23] MsgOut: Fabric Debugger Started.
[Debug] [2025-11-18 17:00:23] Main window show.
[Debug] [2025-11-18 17:00:26] Operation: Open server dialog.
[Debug] [2025-11-18 17:00:28] Client Local host name:LAPTOP-BODHT30J
[Debug] [2025-11-18 17:00:28] Client Local Address:192.168.157.1
[Debug] [2025-11-18 17:00:28] Client Local Address:192.168.244.1
[Debug] [2025-11-18 17:00:28] Client Local Address:192.168.0.103
[Debug] [2025-11-18 17:00:28] Server Address:127.0.0.1, Port:65420
[Info] [2025-11-18 17:00:28] MsgOut: Connecting to server[127.0.0.1 : 65420].
[Info] [2025-11-18 17:00:28] Connect OK, Server: 127.0.0.1  Port: 65420
[Info] [2025-11-18 17:00:28] MsgOut: Connect to server[127.0.0.1 : 65420] successfully.
[Debug] [2025-11-18 17:00:28] Finish.
[Debug] [2025-11-18 17:00:28] Log::Print : check version information
[Debug] [2025-11-18 17:00:28] Send RPC: 1.
[Debug] [2025-11-18 17:00:28] Send cmd [check version information:40004] OK
[Debug] [2025-11-18 17:00:28] Log::Print : get_cable_paras
[Debug] [2025-11-18 17:00:28] Send RPC: 2.
[Debug] [2025-11-18 17:00:28] Send cmd [get_cable_paras:40010] OK
[Info] [2025-11-18 17:00:28] MsgOut: COMMAND[check version information] execute successfully, takes 0.1 secs.
[Debug] [2025-11-18 17:00:28] COMMAND[check version information] execute successfully, takes 0.1 secs.
[Info] [2025-11-18 17:00:29] MsgOut: The Cable List : 
Cable index 0:USB Cable II/fffffffffffffffe 

[Info] [2025-11-18 17:00:29] MsgOut: COMMAND[get_cable_paras] execute successfully, takes 1.0 secs.
[Debug] [2025-11-18 17:00:29] COMMAND[get_cable_paras] execute successfully, takes 1.0 secs.
[Debug] [2025-11-18 17:00:32] Log::Print : set_cable_paras
[Debug] [2025-11-18 17:00:32] Send RPC: 3.
[Debug] [2025-11-18 17:00:32] Send cmd [set_cable_paras:40011] OK
[Info] [2025-11-18 17:00:33] MsgOut: COMMAND[set_cable_paras] execute successfully, takes 0.5 secs.
[Debug] [2025-11-18 17:00:33] COMMAND[set_cable_paras] execute successfully, takes 0.5 secs.
[Debug] [2025-11-18 17:00:35] Operation: Scan.
[Debug] [2025-11-18 17:00:35] Log::Print : open_cable
[Debug] [2025-11-18 17:00:35] Send RPC: 4.
[Debug] [2025-11-18 17:00:35] Send cmd [open_cable:10001] OK
[Info] [2025-11-18 17:00:36] MsgOut: PANGO USB CABLE II cable driver: D2XX DLL
[Info] [2025-11-18 17:00:37] MsgOut: COMMAND[open_cable] execute successfully, takes 2.4 secs.
[Debug] [2025-11-18 17:00:37] COMMAND[open_cable] execute successfully, takes 2.4 secs.
[Debug] [2025-11-18 17:00:42] Operation: Trigger.
[Debug] [2025-11-18 17:00:42] Log::Print : run
[Debug] [2025-11-18 17:00:42] Send RPC: 5.
[Debug] [2025-11-18 17:00:42] Send cmd [run:10003] OK
[Info] [2025-11-18 17:00:42] MsgOut: Core 0 trigger successful at Tue Nov 18 17:00:42 2025
[Debug] [2025-11-18 17:00:42] Operation: ZoomFit
[Debug] [2025-11-18 17:00:42] Finish.
[Info] [2025-11-18 17:00:42] MsgOut: COMMAND[run] execute successfully, takes 0.8 secs.
[Debug] [2025-11-18 17:00:42] COMMAND[run] execute successfully, takes 0.8 secs.
[Debug] [2025-11-18 17:00:52] Operation: ZoomOut
[Debug] [2025-11-18 17:00:52] Finish.
[Debug] [2025-11-18 17:00:52] Operation: ZoomOut
[Debug] [2025-11-18 17:00:52] Finish.
[Debug] [2025-11-18 17:00:52] Operation: ZoomOut
[Debug] [2025-11-18 17:00:53] Operation: ZoomOut
[Debug] [2025-11-18 17:00:53] Operation: ZoomOut
[Debug] [2025-11-18 17:00:53] Operation: ZoomOut
[Debug] [2025-11-18 17:00:53] Operation: ZoomOut
[Debug] [2025-11-18 17:00:53] Operation: ZoomOut
[Debug] [2025-11-18 17:00:53] Operation: ZoomOut
[Debug] [2025-11-18 17:00:54] Operation: ZoomOut
[Debug] [2025-11-18 17:01:36] Operation: Try to close window.
[Debug] [2025-11-18 17:01:36] /*************************** 2025-11-18 17:01:36  End ***************************/
[Debug] [2025-11-18 17:01:48] /*************************** 2025-11-18 17:01:48  Start ***************************/
[Debug] [2025-11-18 17:01:48] Path: E:/App/Professional/PDS_2022.2-SP6.4/bin
[Debug] [2025-11-18 17:01:48] #Generated by Fabric Debugger (version 2022.2-SP6.4 build 146967) at Tue Nov 18 17:01:48 2025


[Info] [2025-11-18 17:01:48] MsgOut: Fabric Debugger Started.
[Debug] [2025-11-18 17:01:48] Main window show.
[Debug] [2025-11-18 17:01:50] Operation: Open server dialog.
[Debug] [2025-11-18 17:01:51] Client Local host name:LAPTOP-BODHT30J
[Debug] [2025-11-18 17:01:51] Client Local Address:192.168.157.1
[Debug] [2025-11-18 17:01:51] Client Local Address:192.168.244.1
[Debug] [2025-11-18 17:01:51] Client Local Address:192.168.0.103
[Debug] [2025-11-18 17:01:51] Server Address:127.0.0.1, Port:65420
[Info] [2025-11-18 17:01:51] MsgOut: Connecting to server[127.0.0.1 : 65420].
[Info] [2025-11-18 17:01:51] Connect OK, Server: 127.0.0.1  Port: 65420
[Info] [2025-11-18 17:01:51] MsgOut: Connect to server[127.0.0.1 : 65420] successfully.
[Debug] [2025-11-18 17:01:51] Finish.
[Debug] [2025-11-18 17:01:51] Log::Print : check version information
[Debug] [2025-11-18 17:01:51] Send RPC: 1.
[Debug] [2025-11-18 17:01:51] Send cmd [check version information:40004] OK
[Debug] [2025-11-18 17:01:52] Log::Print : get_cable_paras
[Debug] [2025-11-18 17:01:52] Send RPC: 2.
[Debug] [2025-11-18 17:01:52] Send cmd [get_cable_paras:40010] OK
[Info] [2025-11-18 17:01:52] MsgOut: COMMAND[check version information] execute successfully, takes 0.2 secs.
[Debug] [2025-11-18 17:01:52] COMMAND[check version information] execute successfully, takes 0.2 secs.
[Info] [2025-11-18 17:01:53] MsgOut: The Cable List : 
Cable index 0:USB Cable II/fffffffffffffffe 

[Info] [2025-11-18 17:01:53] MsgOut: COMMAND[get_cable_paras] execute successfully, takes 0.9 secs.
[Debug] [2025-11-18 17:01:53] COMMAND[get_cable_paras] execute successfully, takes 0.9 secs.
[Debug] [2025-11-18 17:01:55] Log::Print : set_cable_paras
[Debug] [2025-11-18 17:01:55] Send RPC: 3.
[Debug] [2025-11-18 17:01:55] Send cmd [set_cable_paras:40011] OK
[Info] [2025-11-18 17:01:56] MsgOut: COMMAND[set_cable_paras] execute successfully, takes 0.4 secs.
[Debug] [2025-11-18 17:01:56] COMMAND[set_cable_paras] execute successfully, takes 0.4 secs.
[Debug] [2025-11-18 17:01:56] Operation: Scan.
[Debug] [2025-11-18 17:01:56] Log::Print : open_cable
[Debug] [2025-11-18 17:01:56] Send RPC: 4.
[Debug] [2025-11-18 17:01:56] Send cmd [open_cable:10001] OK
[Info] [2025-11-18 17:01:57] MsgOut: PANGO USB CABLE II cable driver: D2XX DLL
[Info] [2025-11-18 17:01:59] MsgOut: COMMAND[open_cable] execute successfully, takes 2.2 secs.
[Debug] [2025-11-18 17:01:59] COMMAND[open_cable] execute successfully, takes 2.2 secs.
[Debug] [2025-11-18 17:02:16] Operation: Trigger.
[Debug] [2025-11-18 17:02:16] Log::Print : run
[Debug] [2025-11-18 17:02:16] Send RPC: 5.
[Debug] [2025-11-18 17:02:16] Send cmd [run:10003] OK
[Info] [2025-11-18 17:02:16] MsgOut: Core 0 trigger successful at Tue Nov 18 17:02:16 2025
[Debug] [2025-11-18 17:02:17] Operation: ZoomFit
[Debug] [2025-11-18 17:02:17] Finish.
[Info] [2025-11-18 17:02:17] MsgOut: COMMAND[run] execute successfully, takes 0.8 secs.
[Debug] [2025-11-18 17:02:17] COMMAND[run] execute successfully, takes 0.8 secs.
[Debug] [2025-11-18 17:02:31] Operation: Try to close window.
[Debug] [2025-11-18 17:02:31] /*************************** 2025-11-18 17:02:31  End ***************************/
[Debug] [2025-11-18 18:05:16] /*************************** 2025-11-18 18:05:16  Start ***************************/
[Debug] [2025-11-18 18:05:16] Path: E:/App/Professional/PDS_2022.2-SP6.4/bin
[Debug] [2025-11-18 18:05:16] #Generated by Fabric Debugger (version 2022.2-SP6.4 build 146967) at Tue Nov 18 18:05:16 2025


[Info] [2025-11-18 18:05:17] MsgOut: Fabric Debugger Started.
[Debug] [2025-11-18 18:05:17] Main window show.
[Debug] [2025-11-18 18:05:19] Operation: Open server dialog.
[Debug] [2025-11-18 18:05:20] Client Local host name:LAPTOP-BODHT30J
[Debug] [2025-11-18 18:05:20] Client Local Address:192.168.157.1
[Debug] [2025-11-18 18:05:20] Client Local Address:192.168.244.1
[Debug] [2025-11-18 18:05:20] Client Local Address:192.168.0.103
[Debug] [2025-11-18 18:05:20] Server Address:127.0.0.1, Port:65420
[Info] [2025-11-18 18:05:20] MsgOut: Connecting to server[127.0.0.1 : 65420].
[Info] [2025-11-18 18:05:20] Connect OK, Server: 127.0.0.1  Port: 65420
[Info] [2025-11-18 18:05:20] MsgOut: Connect to server[127.0.0.1 : 65420] successfully.
[Debug] [2025-11-18 18:05:20] Finish.
[Debug] [2025-11-18 18:05:20] Log::Print : check version information
[Debug] [2025-11-18 18:05:20] Send RPC: 1.
[Debug] [2025-11-18 18:05:20] Send cmd [check version information:40004] OK
[Debug] [2025-11-18 18:05:21] Log::Print : get_cable_paras
[Debug] [2025-11-18 18:05:21] Send RPC: 2.
[Debug] [2025-11-18 18:05:21] Send cmd [get_cable_paras:40010] OK
[Info] [2025-11-18 18:05:21] MsgOut: COMMAND[check version information] execute successfully, takes 0.2 secs.
[Debug] [2025-11-18 18:05:21] COMMAND[check version information] execute successfully, takes 0.2 secs.
[Info] [2025-11-18 18:05:22] MsgOut: The Cable List : 
Cable index 0:USB Cable II/fffffffffffffffe 

[Info] [2025-11-18 18:05:22] MsgOut: COMMAND[get_cable_paras] execute successfully, takes 1.0 secs.
[Debug] [2025-11-18 18:05:22] COMMAND[get_cable_paras] execute successfully, takes 1.0 secs.
[Debug] [2025-11-18 18:05:25] Log::Print : set_cable_paras
[Debug] [2025-11-18 18:05:25] Send RPC: 3.
[Debug] [2025-11-18 18:05:25] Send cmd [set_cable_paras:40011] OK
[Info] [2025-11-18 18:05:26] MsgOut: COMMAND[set_cable_paras] execute successfully, takes 0.5 secs.
[Debug] [2025-11-18 18:05:26] COMMAND[set_cable_paras] execute successfully, takes 0.5 secs.
[Debug] [2025-11-18 18:05:29] Operation: Scan.
[Debug] [2025-11-18 18:05:29] Log::Print : open_cable
[Debug] [2025-11-18 18:05:29] Send RPC: 4.
[Debug] [2025-11-18 18:05:29] Send cmd [open_cable:10001] OK
[Info] [2025-11-18 18:05:30] MsgOut: PANGO USB CABLE II cable driver: D2XX DLL
[Info] [2025-11-18 18:05:31] MsgOut: COMMAND[open_cable] execute successfully, takes 2.2 secs.
[Debug] [2025-11-18 18:05:31] COMMAND[open_cable] execute successfully, takes 2.2 secs.
[Debug] [2025-11-18 18:05:39] Operation: Program.
[Debug] [2025-11-18 18:05:39] Log::Print : configure
[Debug] [2025-11-18 18:05:39] Send RPC: 5.
[Debug] [2025-11-18 18:05:39] Send cmd [configure:10002] OK
[Debug] [2025-11-18 18:05:40] The value is 6.
[Debug] [2025-11-18 18:05:40] The value is 10.
[Debug] [2025-11-18 18:05:40] The value is 15.
[Debug] [2025-11-18 18:05:41] The value is 20.
[Debug] [2025-11-18 18:05:41] The value is 25.
[Debug] [2025-11-18 18:05:42] The value is 30.
[Debug] [2025-11-18 18:05:42] The value is 35.
[Debug] [2025-11-18 18:05:43] The value is 40.
[Debug] [2025-11-18 18:05:43] The value is 45.
[Debug] [2025-11-18 18:05:44] The value is 50.
[Debug] [2025-11-18 18:05:44] The value is 55.
[Debug] [2025-11-18 18:05:45] The value is 60.
[Debug] [2025-11-18 18:05:45] The value is 65.
[Debug] [2025-11-18 18:05:46] The value is 70.
[Debug] [2025-11-18 18:05:46] The value is 75.
[Debug] [2025-11-18 18:05:47] The value is 80.
[Debug] [2025-11-18 18:05:47] The value is 85.
[Debug] [2025-11-18 18:05:48] The value is 90.
[Debug] [2025-11-18 18:05:48] The value is 95.
[Debug] [2025-11-18 18:05:49] The value is 100.
[Debug] [2025-11-18 18:05:50] [BusValue] Opt:Add.
[Debug] [2025-11-18 18:05:50] [BusValue] Opt:Add.
[Debug] [2025-11-18 18:05:50] [BusValue] Opt:Add.
[Info] [2025-11-18 18:05:50] MsgOut: COMMAND[configure] execute successfully, takes 10.7 secs.
[Debug] [2025-11-18 18:05:50] COMMAND[configure] execute successfully, takes 10.7 secs.
[Debug] [2025-11-18 18:05:50] Log::Print : Import Core: 0 OK
[Debug] [2025-11-18 18:05:56] Operation: Trigger.
[Debug] [2025-11-18 18:05:56] Log::Print : run
[Debug] [2025-11-18 18:05:56] Send RPC: 6.
[Debug] [2025-11-18 18:05:56] Send cmd [run:10003] OK
[Info] [2025-11-18 18:05:56] MsgOut: Core 0 trigger successful at Tue Nov 18 18:05:56 2025
[Debug] [2025-11-18 18:05:56] Operation: ZoomFit
[Debug] [2025-11-18 18:05:56] Finish.
[Debug] [2025-11-18 18:05:56] [BusValue] Opt:Flush.
[Debug] [2025-11-18 18:05:56] [BusValue] Opt:Update.
[Info] [2025-11-18 18:05:56] MsgOut: COMMAND[run] execute successfully, takes 0.8 secs.
[Debug] [2025-11-18 18:05:56] COMMAND[run] execute successfully, takes 0.8 secs.
[Debug] [2025-11-18 18:07:46] Operation: Go to X cursor.
[Debug] [2025-11-18 18:07:46] Finish.
[Debug] [2025-11-18 18:08:00] Operation: Try to close window.
[Debug] [2025-11-18 18:08:00] /*************************** 2025-11-18 18:08:00  End ***************************/
