D8|IOBD_0_600|BANKL4|DIFFIO_L4_G0_00P_VAA1P|||
D9|IOBD_0_588|BANKL4|DIFFIO_L4_G0_01P_VAA2P|||
B9|IOBD_0_576|BANKL4|DIFFIO_L4_G0_02P_DQS_VAA3P|||
C11|IOBD_0_564|BANKL4|DIFFIO_L4_G0_03P|||
B10|IOBD_0_552|BANKL4|DIFFIO_L4_G0_04P_VAA5P|||
D11|IOBD_0_540|BANKL4|DIFFIO_L4_G0_05P|||
B12|IOBD_0_528|BANKL4|DIFFIO_L4_G1_06P_VAA7P|||
A13|IOBD_0_516|BANKL4|DIFFIO_L4_G1_07P_VAA8P|||
C14|IOBD_0_504|BANKL4|DIFFIO_L4_G1_08P_DQS_VAA9P|||
B14|IOBD_0_492|BANKL4|DIFFIO_L4_G1_09P_VAA10P|||
D13|IOBD_0_480|BANKL4|DIFFIO_L4_G1_10P_GSCLK|||
E13|IOBD_0_468|BANKL4|DIFFIO_L4_G1_11P_GMCLK|||
E15|IOBD_0_450|BANKL4|DIFFIO_L4_G2_12P_GMCLK|||
E16|IOBD_0_438|BANKL4|DIFFIO_L4_G2_13P_GSCLK|||
B16|IOBD_0_426|BANKL4|DIFFIO_L4_G2_14P_DQS|||
C16|IOBD_0_414|BANKL4|DIFFIO_L4_G2_15P_A28|||
E17|IOBD_0_402|BANKL4|DIFFIO_L4_G2_16P_A26|||
C17|IOBD_0_390|BANKL4|DIFFIO_L4_G2_17P_A24|||
G17|IOBD_0_378|BANKL4|DIFFIO_L4_G3_18P_A22|||
H16|IOBD_0_366|BANKL4|DIFFIO_L4_G3_19P_A20|||
G15|IOBD_0_354|BANKL4|DIFFIO_L4_G3_20P_DQS|||
G14|IOBD_0_342|BANKL4|DIFFIO_L4_G3_21P_A17|||
H17|IOBD_0_330|BANKL4|DIFFIO_L4_G3_22P_BFOE_N|||
F17|IOBD_0_318|BANKL4|DIFFIO_L4_G3_23P_VS1|||
D10|IOBS_0_606|BANKL4|SIO_L4_00|||
C8|IOBS_0_594|BANKL4|DIFFIO_L4_G0_00N_VAA1N|||
C9|IOBS_0_582|BANKL4|DIFFIO_L4_G0_01N_VAA2N|||
A9|IOBS_0_570|BANKL4|DIFFIO_L4_G0_02N_DQS_VAA3N|||
B11|IOBS_0_558|BANKL4|DIFFIO_L4_G0_03N|||
A10|IOBS_0_546|BANKL4|DIFFIO_L4_G0_04N_VAA5N|||
C12|IOBS_0_534|BANKL4|DIFFIO_L4_G0_05N_VREF|||
A12|IOBS_0_522|BANKL4|DIFFIO_L4_G1_06N_VAA7N|||
A14|IOBS_0_510|BANKL4|DIFFIO_L4_G1_07N_VAA8N|||
B15|IOBS_0_498|BANKL4|DIFFIO_L4_G1_08N_DQS_VAA9N|||
A15|IOBS_0_486|BANKL4|DIFFIO_L4_G1_09N_VAA10N|||
C13|IOBS_0_474|BANKL4|DIFFIO_L4_G1_10N_GSCLK|||
D14|IOBS_0_462|BANKL4|DIFFIO_L4_G1_11N_GMCLK|||
D15|IOBS_0_444|BANKL4|DIFFIO_L4_G2_12N_GMCLK|||
D16|IOBS_0_432|BANKL4|DIFFIO_L4_G2_13N_GSCLK|||
A17|IOBS_0_420|BANKL4|DIFFIO_L4_G2_14N_DQS_BADRVO_N|||
B17|IOBS_0_408|BANKL4|DIFFIO_L4_G2_15N_A27|||
D18|IOBS_0_396|BANKL4|DIFFIO_L4_G2_16N_A25|||
C18|IOBS_0_384|BANKL4|DIFFIO_L4_G2_17N_A23|||
F18|IOBS_0_372|BANKL4|DIFFIO_L4_G3_18N_VREF_A21|||
G16|IOBS_0_360|BANKL4|DIFFIO_L4_G3_19N_A19|||
F15|IOBS_0_348|BANKL4|DIFFIO_L4_G3_20N_DQS_A18|||
F14|IOBS_0_336|BANKL4|DIFFIO_L4_G3_21N_A16|||
H18|IOBS_0_324|BANKL4|DIFFIO_L4_G3_22N_BFWE_FCS2_N|||
E18|IOBS_0_312|BANKL4|DIFFIO_L4_G3_23N_VS0|||
H14|IOBS_0_306|BANKL4|SIO_L4_01|||
K16|IOBD_0_294|BANKL5|DIFFIO_L5_G0_00P_MOSI_D0|||
J15|IOBD_0_282|BANKL5|DIFFIO_L5_G0_01P_D2|||
J18|IOBD_0_270|BANKL5|DIFFIO_L5_G0_02P_DQS_IO_STATUS_C|||
K17|IOBD_0_258|BANKL5|DIFFIO_L5_G0_03P_D4|||
J14|IOBD_0_246|BANKL5|DIFFIO_L5_G0_04P_D6|||YES
L15|IOBD_0_234|BANKL5|DIFFIO_L5_G0_05P_FCS_N|||
M16|IOBD_0_222|BANKL5|DIFFIO_L5_G1_06P_D9|||
M14|IOBD_0_210|BANKL5|DIFFIO_L5_G1_07P_D11|||
N16|IOBD_0_198|BANKL5|DIFFIO_L5_G1_08P_DQS|||
N18|IOBD_0_186|BANKL5|DIFFIO_L5_G1_09P_D14|||
P15|IOBD_0_174|BANKL5|DIFFIO_L5_G1_10P_GSCLK|||
P14|IOBD_0_162|BANKL5|DIFFIO_L5_G1_11P_GMCLK|||YES
T14|IOBD_0_144|BANKL5|DIFFIO_L5_G2_12P_GMCLK|||YES
R16|IOBD_0_132|BANKL5|DIFFIO_L5_G2_13P_GSCLK|||YES
R18|IOBD_0_120|BANKL5|DIFFIO_L5_G2_14P_DQS_RWSEL|||
T17|IOBD_0_108|BANKL5|DIFFIO_L5_G2_15P_CS_N|||
U15|IOBD_0_96|BANKL5|DIFFIO_L5_G2_16P_D30_A14|||
V16|IOBD_0_84|BANKL5|DIFFIO_L5_G2_17P_D28_A12|||
R13|IOBD_0_72|BANKL5|DIFFIO_L5_G3_18P_D26_A10|||
U14|IOBD_0_60|BANKL5|DIFFIO_L5_G3_19P_D24_A8|||
V12|IOBD_0_48|BANKL5|DIFFIO_L5_G3_20P_DQS|||
T12|IOBD_0_36|BANKL5|DIFFIO_L5_G3_21P_D21_A5|||
U11|IOBD_0_24|BANKL5|DIFFIO_L5_G3_22P_D19_A3|||
U9|IOBD_0_12|BANKL5|DIFFIO_L5_G3_23P_D17_A1|||
L14|IOBS_0_300|BANKL5|SIO_L5_00|||
L17|IOBS_0_288|BANKL5|DIFFIO_L5_G0_00N_MISO_D1_DI|||
J16|IOBS_0_276|BANKL5|DIFFIO_L5_G0_01N_D3|||
K18|IOBS_0_264|BANKL5|DIFFIO_L5_G0_02N_DQS_ECCLKIN|||
L18|IOBS_0_252|BANKL5|DIFFIO_L5_G0_03N_D5|||
K15|IOBS_0_240|BANKL5|DIFFIO_L5_G0_04N_D7|||YES
M15|IOBS_0_228|BANKL5|DIFFIO_L5_G0_05N_VREF_D8|||
M17|IOBS_0_216|BANKL5|DIFFIO_L5_G1_06N_D10|||
N14|IOBS_0_204|BANKL5|DIFFIO_L5_G1_07N_D12|||
N17|IOBS_0_192|BANKL5|DIFFIO_L5_G1_08N_DQS_D13|||
P18|IOBS_0_180|BANKL5|DIFFIO_L5_G1_09N_D15|||
P16|IOBS_0_168|BANKL5|DIFFIO_L5_G1_10N_GSCLK|||
R15|IOBS_0_156|BANKL5|DIFFIO_L5_G1_11N_GMCLK|||YES
T15|IOBS_0_138|BANKL5|DIFFIO_L5_G2_12N_GMCLK|||YES
R17|IOBS_0_126|BANKL5|DIFFIO_L5_G2_13N_GSCLK|||YES
T18|IOBS_0_114|BANKL5|DIFFIO_L5_G2_14N_DQS_CSO_DOUT|||
U17|IOBS_0_102|BANKL5|DIFFIO_L5_G2_15N_D31_A15|||
U16|IOBS_0_90|BANKL5|DIFFIO_L5_G2_16N_D29_A13|||
V17|IOBS_0_78|BANKL5|DIFFIO_L5_G2_17N_D27_A11|||
T13|IOBS_0_66|BANKL5|DIFFIO_L5_G3_18N_VREF_D25_A9|||
V14|IOBS_0_54|BANKL5|DIFFIO_L5_G3_19N_D23_A7|||
V13|IOBS_0_42|BANKL5|DIFFIO_L5_G3_20N_DQS_D22_A6|||
U12|IOBS_0_30|BANKL5|DIFFIO_L5_G3_21N_D20_A4|||
V11|IOBS_0_18|BANKL5|DIFFIO_L5_G3_22N_D18_A2|||
V9|IOBS_0_6|BANKL5|DIFFIO_L5_G3_23N_D16_A0|||
U10|IOBS_0_0|BANKL5|SIO_L5_01|||
K6|IOBD_276_294|BANKR5|DIFFIO_R5_G0_00P|||
J5|IOBD_276_282|BANKR5|DIFFIO_R5_G0_01P|||
K2|IOBD_276_270|BANKR5|DIFFIO_R5_G0_02P_DQS|||
K3|IOBD_276_258|BANKR5|DIFFIO_R5_G0_03P|||
L4|IOBD_276_246|BANKR5|DIFFIO_R5_G0_04P|||
L5|IOBD_276_234|BANKR5|DIFFIO_R5_G0_05P|||
M2|IOBD_276_222|BANKR5|DIFFIO_R5_G1_06P|||
M6|IOBD_276_210|BANKR5|DIFFIO_R5_G1_07P|||
N1|IOBD_276_198|BANKR5|DIFFIO_R5_G1_08P_DQS|||
M4|IOBD_276_186|BANKR5|DIFFIO_R5_G1_09P|||
N3|IOBD_276_174|BANKR5|DIFFIO_R5_G1_10P_GSCLK|||
P4|IOBD_276_162|BANKR5|DIFFIO_R5_G1_11P_GMCLK|||
R2|IOBD_276_144|BANKR5|DIFFIO_R5_G2_12P_GMCLK|||
R3|IOBD_276_132|BANKR5|DIFFIO_R5_G2_13P_GSCLK|||
U2|IOBD_276_120|BANKR5|DIFFIO_R5_G2_14P_DQS|||
V3|IOBD_276_108|BANKR5|DIFFIO_R5_G2_15P|||
T4|IOBD_276_96|BANKR5|DIFFIO_R5_G2_16P|||
U4|IOBD_276_84|BANKR5|DIFFIO_R5_G2_17P|||
P6|IOBD_276_72|BANKR5|DIFFIO_R5_G3_18P|||
U6|IOBD_276_60|BANKR5|DIFFIO_R5_G3_19P|||
R5|IOBD_276_48|BANKR5|DIFFIO_R5_G3_20P_DQS|||
R7|IOBD_276_36|BANKR5|DIFFIO_R5_G3_21P|||
U7|IOBD_276_24|BANKR5|DIFFIO_R5_G3_22P|||
V8|IOBD_276_12|BANKR5|DIFFIO_R5_G3_23P|||
J6|IOBS_276_300|BANKR5|SIO_R5_00|||
K5|IOBS_276_288|BANKR5|DIFFIO_R5_G0_00N|||
J4|IOBS_276_276|BANKR5|DIFFIO_R5_G0_01N|||
K1|IOBS_276_264|BANKR5|DIFFIO_R5_G0_02N_DQS|||
L2|IOBS_276_252|BANKR5|DIFFIO_R5_G0_03N|||
L3|IOBS_276_240|BANKR5|DIFFIO_R5_G0_04N|||
M5|IOBS_276_228|BANKR5|DIFFIO_R5_G0_05N_VREF|||
M1|IOBS_276_216|BANKR5|DIFFIO_R5_G1_06N|||
N6|IOBS_276_204|BANKR5|DIFFIO_R5_G1_07N|||
P1|IOBS_276_192|BANKR5|DIFFIO_R5_G1_08N_DQS|||
N4|IOBS_276_180|BANKR5|DIFFIO_R5_G1_09N|||
N2|IOBS_276_168|BANKR5|DIFFIO_R5_G1_10N_GSCLK|||
P3|IOBS_276_156|BANKR5|DIFFIO_R5_G1_11N_GMCLK|||YES
R1|IOBS_276_138|BANKR5|DIFFIO_R5_G2_12N_GMCLK|||
T2|IOBS_276_126|BANKR5|DIFFIO_R5_G2_13N_GSCLK|||
U1|IOBS_276_114|BANKR5|DIFFIO_R5_G2_14N_DQS|||
V2|IOBS_276_102|BANKR5|DIFFIO_R5_G2_15N|||
T3|IOBS_276_90|BANKR5|DIFFIO_R5_G2_16N|||
V4|IOBS_276_78|BANKR5|DIFFIO_R5_G2_17N|||
P5|IOBS_276_66|BANKR5|DIFFIO_R5_G3_18N_VREF|||
U5|IOBS_276_54|BANKR5|DIFFIO_R5_G3_19N|||
T5|IOBS_276_42|BANKR5|DIFFIO_R5_G3_20N_DQS|||
T7|IOBS_276_30|BANKR5|DIFFIO_R5_G3_21N|||
V6|IOBS_276_18|BANKR5|DIFFIO_R5_G3_22N|||
V7|IOBS_276_6|BANKR5|DIFFIO_R5_G3_23N|||
R6|IOBS_276_0|BANKR5|SIO_R5_01|||
