#Build: Fabric Compiler 2022.2-SP6.4, Build 146967, Jan 31 01:39 2024
#Install: E:\App\Professional\PDS_2022.2-SP6.4\bin
#Application name: pds_shell.exe
#OS: Windows 10 10.0.26200
#Hostname: LAPTOP-BODHT30J
Generated by Fabric Compiler (version 2022.2-SP6.4 build 146967) at Fri Nov 14 12:38:39 2025
Compiling verification operator library.
Compiling common defs.
Compiling prim grid devices.
Compiling gate devices.
Compiling gate operators.
Building architecture model.
Loading device packaging model.
Reading design from DB.
Start Generating Programming File...
Reading design from DB takes 0.046875 sec.
Generating architecture configuration.
C: Bitstream-2001: SCBV has not been set. Please set SCBV value based on PCB board, where is in configuration tab of bit stream options.
The bitstream file is "E:/User/Files/project_self/OPHW_25H/OPHW_25H_TEST/1_Demo/Basic/05_hdmi_colorbar/project/generate_bitstream/hdmi_test.sbit"
Generate programming file takes 0.687500 sec.
Generating Programming File done.
Action gen_bit_stream: Real time elapsed is 0h:0m:8s
Action gen_bit_stream: CPU time elapsed is 0h:0m:6s
Action gen_bit_stream: Process CPU time elapsed is 0h:0m:6s
Current time: Fri Nov 14 12:38:45 2025
Action gen_bit_stream: Peak memory pool usage is 514 MB
