#Build: Fabric Compiler 2022.2-SP6.4, Build 146967, Jan 31 01:39 2024
#Install: E:\App\Professional\PDS_2022.2-SP6.4\bin
#Application name: pds_shell.exe
#OS: Windows 10 10.0.26200
#Hostname: LAPTOP-BODHT30J
Generated by Fabric Compiler (version 2022.2-SP6.4 build 146967) at Fri Nov 14 13:02:00 2025
Compiling verification operator library.
Compiling common defs.
Loading technology operator library.
Compiling technology operator library.
Compiling technology operator (valence) library.
Compiling operator packing rules.
Compiling prim grid devices.
Compiling gate devices.
Compiling gate operators.
Compiling tech operator impls.
Building architecture model.
Loading device packaging model.
Flattening design 'hdmi_test'
Device mapping started.
Optimizing circuit logic.
Checking design netlist.
Processing tech operator.
I: The instance clkbufg_0(GTP_CLKBUFG) has been inserted on the net pix_clk in design, driver pin CLKOUT0(instance u_pll_0/u_gpll) -> load pin CLK(instance pattern_vg/b_out[0]).
I: The instance clkbufg_1(GTP_CLKBUFG) has been inserted on the net pix_clk_x5 in design, driver pin CLKOUT0(instance u_pll_1/u_gpll) -> load pin OCLK(instance u_dvi_transmitter/serializer_b/GTP_OSERDES_E2_data_master).
I: The instance clkbufg_2(GTP_CLKBUFG) has been inserted on the net cfg_clk in design, driver pin CLKOUT1(instance u_pll_0/u_gpll) -> load pin CLK(instance rstn_1ms[0]).
Converting tech operator to gate operator.
Processing gate operator.
I: Infer CARRY group, base inst: N12_0_1/gateop, insts:13.
I: Infer CARRY group, base inst: pattern_vg/N2_mux3_1/gateop, insts:2.
I: Infer CARRY group, base inst: pattern_vg/N16_mux1/gateop, insts:2.
I: Infer CARRY group, base inst: sync_vg/N8_1_1/gateop, insts:11.
I: Infer CARRY group, base inst: sync_vg/N24_1_1/gateop, insts:10.
I: Infer CARRY group, base inst: sync_vg/N82_2/gateop, insts:3.
I: Infer CARRY group, base inst: u_dvi_transmitter/encoder_b/N171_4/gateop, insts:2.
I: Infer CARRY group, base inst: u_dvi_transmitter/encoder_b/N222_13_0/gateop, insts:5.
I: Infer CARRY group, base inst: u_dvi_transmitter/encoder_g/N171_2/gateop, insts:2.
I: Infer CARRY group, base inst: u_dvi_transmitter/encoder_g/N220_6[4]_1/gateop, insts:2.
I: Infer CARRY group, base inst: u_dvi_transmitter/encoder_g/N222_13_0/gateop, insts:5.
I: Infer CARRY group, base inst: u_dvi_transmitter/encoder_r/N171_4/gateop, insts:2.
I: Infer CARRY group, base inst: u_dvi_transmitter/encoder_r/N222_13_0/gateop, insts:5.
I: OSERDES "u_dvi_transmitter/serializer_r/GTP_OSERDES_E2_data_master/oserdes_inst" has been packed in "ODDR" of IOL "u_dvi_transmitter/serializer_r/GTP_OUTBUFDS_data_lane/opit_2" success.
I: OSERDES "u_dvi_transmitter/serializer_b/GTP_OSERDES_E2_data_master/oserdes_inst" has been packed in "ODDR" of IOL "u_dvi_transmitter/serializer_b/GTP_OUTBUFDS_data_lane/opit_2" success.
I: OSERDES "u_dvi_transmitter/serializer_clk/GTP_OSERDES_E2_data_master/oserdes_inst" has been packed in "ODDR" of IOL "u_dvi_transmitter/serializer_clk/GTP_OUTBUFDS_data_lane/opit_2" success.
I: OSERDES "u_dvi_transmitter/serializer_g/GTP_OSERDES_E2_data_master/oserdes_inst" has been packed in "ODDR" of IOL "u_dvi_transmitter/serializer_g/GTP_OUTBUFDS_data_lane/opit_2" success.
I: OSERDES "u_dvi_transmitter/serializer_r/GTP_OSERDES_E2_data_slave/oserdes_inst" has been packed in "ODDR" of IOL "u_dvi_transmitter/serializer_r/GTP_OUTBUFDS_data_lane/opit_2_com" success.
I: OSERDES "u_dvi_transmitter/serializer_b/GTP_OSERDES_E2_data_slave/oserdes_inst" has been packed in "ODDR" of IOL "u_dvi_transmitter/serializer_b/GTP_OUTBUFDS_data_lane/opit_2_com" success.
I: OSERDES "u_dvi_transmitter/serializer_clk/GTP_OSERDES_E2_data_slave/oserdes_inst" has been packed in "ODDR" of IOL "u_dvi_transmitter/serializer_clk/GTP_OUTBUFDS_data_lane/opit_2_com" success.
I: OSERDES "u_dvi_transmitter/serializer_g/GTP_OSERDES_E2_data_slave/oserdes_inst" has been packed in "ODDR" of IOL "u_dvi_transmitter/serializer_g/GTP_OUTBUFDS_data_lane/opit_2_com" success.
Device Utilization Summary:
+------------------------------------------------------------------------+
| Logic Utilization     | Used     | Available     | Utilization(%)     
+------------------------------------------------------------------------+
| APM                   | 0        | 80            | 0                  
| FF                    | 95       | 35600         | 1                  
| LUT                   | 157      | 17800         | 1                  
| Distributed RAM       | 0        | 5500          | 0                  
| DRM                   | 0        | 55            | 0                  
| IO                    | 9        | 150           | 6                  
| RCKB                  | 0        | 12            | 0                  
| SCANCHAIN             | 0        | 1             | 0                  
| USCM                  | 3        | 32            | 10                 
| CCS                   | 1        | 1             | 100                
| ADC                   | 0        | 1             | 0                  
| DDR_PHY               | 0        | 12            | 0                  
| HSSTLP                | 0        | 1             | 0                  
| GPLL                  | 2        | 3             | 67                 
| PPLL                  | 0        | 3             | 0                  
| DDRPHY_CPD            | 0        | 6             | 0                  
| HCKB                  | 0        | 48            | 0                  
| IOCKB                 | 0        | 12            | 0                  
| MRCKB                 | 0        | 6             | 0                  
| PCIE                  | 0        | 1             | 0                  
| DDRPHY_IOCLK_DIV      | 0        | 3             | 0                  
| ANALOG                | 0        | 1             | 0                  
| TSERDES               | 0        | 24            | 0                  
| KEYRAM                | 0        | 1             | 0                  
+------------------------------------------------------------------------+

Device mapping done.
Total device mapping takes 0.02 sec.

Design 'hdmi_test' has been successfully mapped to architecture-specific objects.
Saving design to DB.
W: Public-4010: Pcf file E:/User/Files/project_self/OPHW_25H/OPHW_25H_TEST/1_Demo/Basic/05_hdmi_colorbar/project/device_map/hdmi_test.pcf has been covered.
Action dev_map: Real time elapsed is 0h:0m:8s
Action dev_map: CPU time elapsed is 0h:0m:5s
Action dev_map: Process CPU time elapsed is 0h:0m:5s
Current time: Fri Nov 14 13:02:06 2025
Action dev_map: Peak memory pool usage is 295 MB
