#Build: Fabric Compiler 2022.2-SP6.4, Build 146967, Jan 31 01:39 2024
#Install: E:\App\Professional\PDS_2022.2-SP6.4\bin
#Application name: pds_shell.exe
#OS: Windows 10 10.0.26200
#Hostname: LAPTOP-BODHT30J
Generated by Fabric Compiler (version 2022.2-SP6.4 build 146967) at Tue Nov 18 19:14:20 2025
Compiling verification operator library.
Compiling common defs.
Compiling prim grid devices.
Compiling gate devices.
Compiling gate operators.
Building architecture model.
Loading device packaging model.
pnr strategy configuration : 
strategy name : 0
Building architecture floorplan logic view.
Constraint check start.
Executing : def_port {tmds_clk_n} LOC=R17 VCCIO=3.3 IOSTANDARD=TMDS DRIVE=5 NONE=TRUE
Executing : def_port {tmds_clk_n} LOC=R17 VCCIO=3.3 IOSTANDARD=TMDS DRIVE=5 NONE=TRUE successfully
Executing : def_port {tmds_clk_p} LOC=R16 VCCIO=3.3 IOSTANDARD=TMDS DRIVE=5 NONE=TRUE
Executing : def_port {tmds_clk_p} LOC=R16 VCCIO=3.3 IOSTANDARD=TMDS DRIVE=5 NONE=TRUE successfully
Executing : def_port {tmds_data_n[0]} LOC=T15 VCCIO=3.3 IOSTANDARD=TMDS DRIVE=5 NONE=TRUE
Executing : def_port {tmds_data_n[0]} LOC=T15 VCCIO=3.3 IOSTANDARD=TMDS DRIVE=5 NONE=TRUE successfully
Executing : def_port {tmds_data_n[1]} LOC=K15 VCCIO=3.3 IOSTANDARD=TMDS DRIVE=5 NONE=TRUE
C: ConstraintEditor-2002: [E:/User/Files/project_self/OPHW_25H/workspace/16work/project/device_map/hdmi_picture_grey.pcf(line number: 6)] | Port tmds_data_n[1] has been placed at location K15, whose type is share pin.
Executing : def_port {tmds_data_n[1]} LOC=K15 VCCIO=3.3 IOSTANDARD=TMDS DRIVE=5 NONE=TRUE successfully
Executing : def_port {tmds_data_n[2]} LOC=R15 VCCIO=3.3 IOSTANDARD=TMDS DRIVE=5 NONE=TRUE
Executing : def_port {tmds_data_n[2]} LOC=R15 VCCIO=3.3 IOSTANDARD=TMDS DRIVE=5 NONE=TRUE successfully
Executing : def_port {tmds_data_p[0]} LOC=T14 VCCIO=3.3 IOSTANDARD=TMDS DRIVE=5 NONE=TRUE
Executing : def_port {tmds_data_p[0]} LOC=T14 VCCIO=3.3 IOSTANDARD=TMDS DRIVE=5 NONE=TRUE successfully
Executing : def_port {tmds_data_p[1]} LOC=J14 VCCIO=3.3 IOSTANDARD=TMDS DRIVE=5 NONE=TRUE
C: ConstraintEditor-2002: [E:/User/Files/project_self/OPHW_25H/workspace/16work/project/device_map/hdmi_picture_grey.pcf(line number: 9)] | Port tmds_data_p[1] has been placed at location J14, whose type is share pin.
Executing : def_port {tmds_data_p[1]} LOC=J14 VCCIO=3.3 IOSTANDARD=TMDS DRIVE=5 NONE=TRUE successfully
Executing : def_port {tmds_data_p[2]} LOC=P14 VCCIO=3.3 IOSTANDARD=TMDS DRIVE=5 NONE=TRUE
Executing : def_port {tmds_data_p[2]} LOC=P14 VCCIO=3.3 IOSTANDARD=TMDS DRIVE=5 NONE=TRUE successfully
Executing : def_port {sys_clk} LOC=P3 VCCIO=3.3 IOSTANDARD=LVCMOS33 NONE=TRUE
Executing : def_port {sys_clk} LOC=P3 VCCIO=3.3 IOSTANDARD=LVCMOS33 NONE=TRUE successfully
Constraint check end.
I: Column Clock Check open.
Read Column Clock Map.

Placement started.
Phase 1 Pre global placement started.
Mapping instance GRS_INST/grs_ccs to CCS_75_10.
Phase 1.1 1st GP placement started.
Design Utilization : 3%.
First map gop timing takes 0.86 sec
Worst slack after clock region global placement is -2763
Wirelength after clock region global placement is 9526 and checksum is 54D984AD5987319E.
1st GP placement takes 1.34 sec.

Phase 1.2 Clock placement started.
Mapping instance u_pll_0/u_gpll/gpll_inst to GPLL_271_157.
Mapping instance clkbufg_0/gopclkbufg to USCM_155_270.
Mapping instance clkbufg_2/gopclkbufg to USCM_155_273.
Mapping instance u_pll_1/u_gpll/gpll_inst to GPLL_7_157.
Mapping instance clkbufg_1/gopclkbufg to USCM_155_276.
Clock placement takes 0.03 sec.

Wirelength after Pre Global Placement is 9526 and checksum is 54D984AD5987319E.
Pre global placement takes 1.48 sec.

Phase 2 Global placement started.
Phase 2.1 Fixed placement started.
Placed fixed group with base inst sys_clk_ibuf/opit_1 on IOLHR_268_156.
Placed fixed group with base inst u_dvi_transmitter/serializer_b/GTP_OUTBUFDS_data_lane/opit_2 on IOLHR_16_144.
Placed fixed group with base inst u_dvi_transmitter/serializer_clk/GTP_OUTBUFDS_data_lane/opit_2 on IOLHR_16_132.
Placed fixed group with base inst u_dvi_transmitter/serializer_g/GTP_OUTBUFDS_data_lane/opit_2 on IOLHR_16_246.
Placed fixed group with base inst u_dvi_transmitter/serializer_r/GTP_OUTBUFDS_data_lane/opit_2 on IOLHR_16_162.
Placed fixed instance GRS_INST/grs_ccs on CCS_75_10.
Placed fixed instance clkbufg_0/gopclkbufg on USCM_155_270.
Placed fixed instance clkbufg_1/gopclkbufg on USCM_155_276.
Placed fixed instance clkbufg_2/gopclkbufg on USCM_155_273.
Placed fixed instance u_pll_0/u_gpll/gpll_inst on GPLL_271_157.
Placed fixed instance u_pll_1/u_gpll/gpll_inst on GPLL_7_157.
Placed fixed instance BKCL_auto_0 on BKCL_1_34.
Placed fixed instance BKCL_auto_1 on BKCL_277_34.
Fixed placement takes 0.03 sec.

Phase 2.2 Process placement started.
I: The IO driver of u_pll_0/u_gpll/gpll_inst(CLKIN1) is not constraint at pllpad, its clock path will pass through SRB.
Process placement takes 0.00 sec.

Phase 2.3 IO placement started.
IO placement takes 0.00 sec.

Phase 2.4 2nd GP placement started.
Run super clustering :
	Initial slack -4291.
	1 iterations finished.
	Final slack -4291.
Super clustering done.
Design Utilization : 3%.
Worst slack after global placement is -2141
2nd GP placement takes 0.20 sec.

Wirelength after global placement is 8142 and checksum is 675591599B1442E8.
Global placement takes 0.23 sec.

Phase 3 Post global placement started.
Packing LUT6D started.
I: LUT6D pack result: There are 200 LUT6 in collection, pack success:20
Packing LUT6D takes 0.05 sec.
Phase 3.1 Macro cell placement started.
I: Process macros using "Greedy".
Wirelength after macro cell placement is 8965 and checksum is AAA30E187CD3FC1D.
Macro cell placement takes 0.00 sec.

Phase 3.2 3rd GP placement started.
Run super clustering :
	Initial slack -4291.
	1 iterations finished.
	Final slack -4291.
Super clustering done.
Design Utilization : 3%.
Worst slack after post global placement is -1630
3rd GP placement takes 0.19 sec.

Wirelength after post global placement is 8052 and checksum is DA027C1307FD4138.
Packing LUT6D started.
I: LUT6D pack result: There are 151 LUT6 in collection, pack success:1
Packing LUT6D takes 0.05 sec.
Post global placement takes 0.28 sec.

Phase 4 Legalization started.
The average distance in LP is 0.651224.
Wirelength after legalization is 8778 and checksum is C811501E340777FE.
Legalization takes 0.03 sec.

Phase 5 Timing-driven detailed placement started.
Phase 5.1 Replication placement started.
Worst slack before Replication Place is -1635.
Replication placement takes 0.05 sec.

Wirelength after replication placement is 8778 and checksum is C811501E340777FE.
Phase 5.2 Swapping placement started.
Worst slack before detailed placement is -1635, TNS before detailed placement is -57378. 
Cost at Swap iteration 0 : -1635, wslk -1629, tns -58721, takes 0.00 sec.
Cost at DP iteration 0 : -1629, wslk -1477, tns -49780, takes 0.02 sec.
Cost at Swap iteration 1 : -1477, wslk -1446, tns -49642, takes 0.02 sec.
Cost at Swap iteration 2 : -1446, wslk -1446, tns -49638, takes 0.02 sec.
Cost at DP iteration 2 : -1446, wslk -1403, tns -51123, takes 0.02 sec.
Cost at Swap iteration 3 : -1403, wslk -1403, tns -51059, takes 0.02 sec.
Cost at Swap iteration 4 : -1403, wslk -1403, tns -50995, takes 0.03 sec.
Cost at DP iteration 4 : -1403, wslk -1390, tns -50640, takes 0.09 sec.
Cost at Swap iteration 5 : -1390, wslk -1390, tns -50640, takes 0.02 sec.
Cost at Swap iteration 6 : -1390, wslk -1390, tns -50640, takes 0.05 sec.
Cost at DP iteration 6 : -1390, wslk -1390, tns -50640, takes 0.09 sec.
Cost at Swap iteration 7 : -1390, wslk -1390, tns -50640, takes 0.02 sec.
Worst slack after detailed placement is -1390, TNS after detailed placement is -50640. 
Swapping placement takes 0.42 sec.

Wirelength after detailed placement is 9354 and checksum is 1364338EA30C0801.
Timing-driven detailed placement takes 0.47 sec.

Worst slack is -4441, TNS after placement is -765880.
Placement done.
Total placement takes 5.67 sec.
Finished placement.

Routing started.
Enter timing driven router mode.
Route thread size: 2
Building routing graph takes 0.53 sec.
Setup STE netlist take 68 msec.
Dispose control chain take 8 msec.
Collect const net info take 13 msec.
Total nets for routing: 759.
Total loads for routing: 6069.
Direct connect net size: 115
Build all design net take 27 msec.
Worst slack is -4441, TNS before route is -765880.
Processing design graph takes 0.12 sec.
Delay table total memory: 0.23856735 MB
Route graph total memory: 44.14472008 MB
Route design total memory: 2.08663940 MB
Global routing takes 0.00 sec.
Total 757 subnets.
Unrouted clock nets at iteration 0 (0.009 sec): 1
Unrouted clock nets at iteration 1 (0.000 sec): 1
Unrouted clock nets at iteration 2 (0.000 sec): 1
Unrouted clock nets at iteration 3 (0.000 sec): 1
Unrouted clock nets at iteration 4 (0.000 sec): 0
Total route nets size: 750
Pre route takes 1.179 sec
Unrouted general nets at iteration 6 (MT total route time: 0.196 sec): 596(overused: 4874)
Unrouted general nets at iteration 7 (MT total route time: 0.148 sec): 457(overused: 3139)
Unrouted general nets at iteration 8 (MT total route time: 0.103 sec): 372(overused: 1806)
Unrouted general nets at iteration 9 (MT total route time: 0.074 sec): 278(overused: 1044)
Unrouted general nets at iteration 10 (MT total route time: 0.050 sec): 218(overused: 642)
Unrouted general nets at iteration 11 (MT total route time: 0.029 sec): 150(overused: 437)
Unrouted general nets at iteration 12 (MT total route time: 0.030 sec): 131(overused: 359)
Unrouted general nets at iteration 13 (MT total route time: 0.018 sec): 77(overused: 160)
Unrouted general nets at iteration 14 (MT total route time: 0.010 sec): 60(overused: 128)
Unrouted general nets at iteration 15 (MT total route time: 0.007 sec): 39(overused: 84)
Unrouted general nets at iteration 16 (MT total route time: 0.007 sec): 20(overused: 46)
Unrouted general nets at iteration 17 (MT total route time: 0.004 sec): 17(overused: 38)
Unrouted general nets at iteration 18 (MT total route time: 0.004 sec): 11(overused: 28)
Unrouted general nets at iteration 19 (MT total route time: 0.003 sec): 11(overused: 26)
Unrouted general nets at iteration 20 (MT total route time: 0.003 sec): 9(overused: 24)
Unrouted general nets at iteration 21 (MT total route time: 0.002 sec): 10(overused: 30)
Unrouted general nets at iteration 22 (MT total route time: 0.002 sec): 9(overused: 28)
Unrouted general nets at iteration 23 (MT total route time: 0.003 sec): 9(overused: 26)
Unrouted general nets at iteration 24 (MT total route time: 0.003 sec): 8(overused: 20)
Unrouted general nets at iteration 25 (MT total route time: 0.003 sec): 8(overused: 20)
Unrouted general nets at iteration 26 (MT total route time: 0.003 sec): 10(overused: 20)
Unrouted general nets at iteration 27 (MT total route time: 0.003 sec): 9(overused: 20)
Unrouted general nets at iteration 28 (MT total route time: 0.003 sec): 8(overused: 16)
Unrouted general nets at iteration 29 (MT total route time: 0.002 sec): 8(overused: 16)
Unrouted general nets at iteration 30 (MT total route time: 0.002 sec): 8(overused: 16)
Unrouted general nets at iteration 31 (MT total route time: 0.002 sec): 8(overused: 16)
Unrouted general nets at iteration 32 (MT total route time: 0.002 sec): 8(overused: 16)
Unrouted general nets at iteration 33 (MT total route time: 0.002 sec): 8(overused: 16)
Unrouted general nets at iteration 34 (MT total route time: 0.002 sec): 8(overused: 16)
Unrouted general nets at iteration 35 (MT total route time: 0.002 sec): 8(overused: 16)
Unrouted general nets at iteration 36 (MT total route time: 0.003 sec): 8(overused: 16)
Unrouted general nets at iteration 37 (MT total route time: 0.003 sec): 8(overused: 16)
Unrouted general nets at iteration 38 (MT total route time: 0.002 sec): 8(overused: 16)
Unrouted general nets at iteration 39 (MT total route time: 0.002 sec): 8(overused: 16)
Unrouted general nets at iteration 40 (MT total route time: 0.002 sec): 8(overused: 16)
Unrouted general nets at iteration 41 (MT total route time: 0.002 sec): 8(overused: 16)
Unrouted general nets at iteration 42 (MT total route time: 0.002 sec): 8(overused: 16)
Unrouted general nets at iteration 43 (MT total route time: 0.002 sec): 8(overused: 16)
Unrouted general nets at iteration 44 (MT total route time: 0.002 sec): 8(overused: 16)
Unrouted general nets at iteration 45 (MT total route time: 0.002 sec): 8(overused: 16)
Unrouted general nets at iteration 46 (MT total route time: 0.004 sec): 8(overused: 16)
Unrouted general nets at iteration 47 (MT total route time: 0.003 sec): 10(overused: 18)
Unrouted general nets at iteration 48 (MT total route time: 0.003 sec): 10(overused: 24)
Unrouted general nets at iteration 49 (MT total route time: 0.002 sec): 11(overused: 24)
Unrouted general nets at iteration 50 (MT total route time: 0.002 sec): 8(overused: 16)
Unrouted general nets at iteration 51 (MT total route time: 0.002 sec): 8(overused: 16)
Unrouted general nets at iteration 52 (MT total route time: 0.002 sec): 8(overused: 16)
Unrouted general nets at iteration 53 (MT total route time: 0.002 sec): 8(overused: 16)
Unrouted general nets at iteration 54 (MT total route time: 0.002 sec): 8(overused: 16)
Unrouted general nets at iteration 55 (MT total route time: 0.002 sec): 8(overused: 16)
Unrouted general nets at iteration 56 (MT total route time: 0.003 sec): 6(overused: 12)
Unrouted general nets at iteration 57 (MT total route time: 0.002 sec): 6(overused: 12)
Unrouted general nets at iteration 58 (MT total route time: 0.002 sec): 6(overused: 12)
Unrouted general nets at iteration 59 (MT total route time: 0.002 sec): 6(overused: 12)
Unrouted general nets at iteration 60 (MT total route time: 0.002 sec): 6(overused: 12)
Unrouted general nets at iteration 61 (MT total route time: 0.002 sec): 6(overused: 12)
Unrouted general nets at iteration 62 (MT total route time: 0.002 sec): 6(overused: 12)
Unrouted general nets at iteration 63 (MT total route time: 0.002 sec): 6(overused: 12)
Unrouted general nets at iteration 64 (MT total route time: 0.002 sec): 6(overused: 12)
Unrouted general nets at iteration 65 (MT total route time: 0.002 sec): 6(overused: 12)
Unrouted general nets at iteration 66 (MT total route time: 0.003 sec): 6(overused: 12)
Unrouted general nets at iteration 67 (MT total route time: 0.002 sec): 6(overused: 12)
Unrouted general nets at iteration 68 (MT total route time: 0.002 sec): 6(overused: 12)
Unrouted general nets at iteration 69 (MT total route time: 0.002 sec): 6(overused: 12)
Unrouted general nets at iteration 70 (MT total route time: 0.002 sec): 6(overused: 12)
Unrouted general nets at iteration 71 (MT total route time: 0.002 sec): 6(overused: 12)
Unrouted general nets at iteration 72 (MT total route time: 0.002 sec): 6(overused: 12)
Unrouted general nets at iteration 73 (MT total route time: 0.002 sec): 6(overused: 12)
Unrouted general nets at iteration 74 (MT total route time: 0.002 sec): 6(overused: 12)
Unrouted general nets at iteration 75 (MT total route time: 0.002 sec): 6(overused: 12)
Unrouted general nets at iteration 76 (MT total route time: 0.003 sec): 6(overused: 12)
Unrouted general nets at iteration 77 (MT total route time: 0.003 sec): 6(overused: 12)
Unrouted general nets at iteration 78 (MT total route time: 0.002 sec): 6(overused: 12)
Unrouted general nets at iteration 79 (MT total route time: 0.002 sec): 6(overused: 12)
Unrouted general nets at iteration 80 (MT total route time: 0.002 sec): 6(overused: 12)
Unrouted general nets at iteration 81 (MT total route time: 0.002 sec): 6(overused: 12)
Unrouted general nets at iteration 82 (MT total route time: 0.002 sec): 6(overused: 12)
Unrouted general nets at iteration 83 (MT total route time: 0.002 sec): 6(overused: 12)
Unrouted general nets at iteration 84 (MT total route time: 0.002 sec): 6(overused: 12)
Unrouted general nets at iteration 85 (MT total route time: 0.002 sec): 6(overused: 12)
Unrouted general nets at iteration 86 (MT total route time: 0.004 sec): 6(overused: 12)
Unrouted general nets at iteration 87 (MT total route time: 0.002 sec): 2(overused: 4)
Unrouted general nets at iteration 88 (MT total route time: 0.001 sec): 2(overused: 4)
Unrouted general nets at iteration 89 (MT total route time: 0.001 sec): 2(overused: 4)
Unrouted general nets at iteration 90 (MT total route time: 0.001 sec): 0(overused: 0)
----General net take 0.001 sec(route net take 0.000 sec, inc cost take 0.001 sec, iter times: 1)
----const net route take 0.016 sec
Unrouted nets at iteration 91 (0.017 sec): 0
Detailed routing takes 4.94 sec.
I: Design net nt_sys_clk is routed by general path.
C: Route-2036: The clock path from sys_clk_ibuf/opit_1:DI_TO_CLK to u_pll_0/u_gpll/gpll_inst:CLKIN1 is routed by SRB.
