[Info] [2025-11-15 23:44:38] /***************************Start jtagserver***************************/
[Info] [2025-11-15 23:44:38] Path: E:/App/Professional/PDS_2022.2-SP6.4/bin
[Info] [2025-11-15 23:44:38] Version: 146967
[Debug] [2025-11-15 23:44:38] Add a new user_thread, socket descriptor is 1188 user_thread id is 00000000000026EC
[Debug] [2025-11-15 23:44:38] After adding, map size is : 1
[Debug] [2025-11-15 23:44:38] Add a new user_thread, socket descriptor is 1044 user_thread id is 00000000000026EC
[Debug] [2025-11-15 23:44:38] After adding, map size is : 2
[Debug] [2025-11-15 23:44:38] IP address of connecting client is : ::ffff:127.0.0.1
[Debug] [2025-11-15 23:44:38] IP address of connecting client is : ::ffff:127.0.0.1
[Debug] [2025-11-15 23:44:38] IP address of connecting client is : ::ffff:127.0.0.1Remove the header data from the client, index : 0
[Debug] [2025-11-15 23:44:38] _total_bytes_size : 160
[Debug] [2025-11-15 23:44:38] Remove the header data from the client, index : 0
[Debug] [2025-11-15 23:44:38] _total_bytes_size : 96
[Debug] [2025-11-15 23:44:38] cmd id :40010cmd name : get_cable_paras
[Debug] [2025-11-15 23:44:39] cmd operation get_cable_paras releases locker
[Debug] [2025-11-15 23:44:42] Remove the header data from the client, index : 0
[Debug] [2025-11-15 23:44:42] _total_bytes_size : 332
[Debug] [2025-11-15 23:44:42] cmd id :40011cmd name : set_cable_paras
[Debug] [2025-11-15 23:44:42] cmd operation set_cable_paras releases locker
[Debug] [2025-11-15 23:44:43] Remove the header data from the client, index : 0
[Debug] [2025-11-15 23:44:43] _total_bytes_size : 101
[Debug] [2025-11-15 23:44:43] cmd id :20001cmd name : Open config cable
[Debug] [2025-11-15 23:44:43] the idcode from the scanning is: 0x10600899
[Debug] [2025-11-15 23:44:43] the idcode from the scanning is: 0x0
[Debug] [2025-11-15 23:44:43] the idcode from the scanning is: 0x0
[Debug] [2025-11-15 23:44:43] the idcode from the scanning is: 0x0
[Debug] [2025-11-15 23:44:43] the idcode from the scanning is: 0x0
[Debug] [2025-11-15 23:44:44] cmd operation Open config cable releases locker
[Debug] [2025-11-15 23:44:47] Remove the header data from the client, index : 0
[Debug] [2025-11-15 23:44:47] _total_bytes_size : 388
[Debug] [2025-11-15 23:44:47] cmd id :4e22cmd name : Program
[Debug] [2025-11-15 23:44:48] the idcode from the scanning is: 0x10600899
[Debug] [2025-11-15 23:44:48] the idcode from the scanning is: 0x0
[Debug] [2025-11-15 23:44:48] the idcode from the scanning is: 0x0
[Debug] [2025-11-15 23:44:48] the idcode from the scanning is: 0x0
[Debug] [2025-11-15 23:44:48] the idcode from the scanning is: 0x0
[Debug] [2025-11-15 23:44:48] begin to read back config registerregAddr is 4
[Debug] [2025-11-15 23:44:48] progress bar is 6
[Debug] [2025-11-15 23:44:49] progress bar is 10
[Debug] [2025-11-15 23:44:49] progress bar is 15
[Debug] [2025-11-15 23:44:50] progress bar is 20
[Debug] [2025-11-15 23:44:50] progress bar is 25
[Debug] [2025-11-15 23:44:50] progress bar is 30
[Debug] [2025-11-15 23:44:51] progress bar is 35
[Debug] [2025-11-15 23:44:51] progress bar is 40
[Debug] [2025-11-15 23:44:52] progress bar is 45
[Debug] [2025-11-15 23:44:52] progress bar is 50
[Debug] [2025-11-15 23:44:53] progress bar is 55
[Debug] [2025-11-15 23:44:53] progress bar is 60
[Debug] [2025-11-15 23:44:54] progress bar is 65
[Debug] [2025-11-15 23:44:54] progress bar is 70
[Debug] [2025-11-15 23:44:55] progress bar is 75
[Debug] [2025-11-15 23:44:55] progress bar is 80
[Debug] [2025-11-15 23:44:56] progress bar is 85
[Debug] [2025-11-15 23:44:56] progress bar is 90
[Debug] [2025-11-15 23:44:57] progress bar is 95
[Debug] [2025-11-15 23:44:57] progress bar is 100
[Debug] [2025-11-15 23:44:57] the value in the status register is :1572000
[Debug] [2025-11-15 23:44:57] cmd operation Program releases locker
[Debug] [2025-11-15 23:45:17] Remove the header data from the client, index : 0
[Debug] [2025-11-15 23:45:17] _total_bytes_size : 929
[Debug] [2025-11-15 23:45:17] cmd id :20300cmd name : Scan Outer SPI Flash
[Debug] [2025-11-15 23:45:17] the idcode from the scanning is: 0x10600899
[Debug] [2025-11-15 23:45:17] the idcode from the scanning is: 0x0
[Debug] [2025-11-15 23:45:17] the idcode from the scanning is: 0x0
[Debug] [2025-11-15 23:45:17] the idcode from the scanning is: 0x0
[Debug] [2025-11-15 23:45:17] the idcode from the scanning is: 0x0
[Debug] [2025-11-15 23:45:17] the value in the status register is :81ffca0
[Debug] [2025-11-15 23:45:17] flash_id is ef4016
[Debug] [2025-11-15 23:45:17] cmd operation Scan Outer SPI Flash releases locker
[Debug] [2025-11-15 23:45:21] Remove the header data from the client, index : 0
[Debug] [2025-11-15 23:45:21] _total_bytes_size : 58c
[Debug] [2025-11-15 23:45:21] cmd id :4f4ecmd name : Erase Outer Flash
[Debug] [2025-11-15 23:45:21] begin to operate flash: cmd id = 4f4e
[Debug] [2025-11-15 23:45:22] the idcode from the scanning is: 0x10600899
[Debug] [2025-11-15 23:45:22] the idcode from the scanning is: 0x0
[Debug] [2025-11-15 23:45:22] the idcode from the scanning is: 0x0
[Debug] [2025-11-15 23:45:22] the idcode from the scanning is: 0x0
[Debug] [2025-11-15 23:45:22] the idcode from the scanning is: 0x0
[Debug] [2025-11-15 23:45:22] the value in the status register is :81ffca0
[Debug] [2025-11-15 23:45:22] flash_id is ef4016
[Debug] [2025-11-15 23:45:22] the value in the status register is :81ffca0
[Debug] [2025-11-15 23:45:22] progress bar is 1
[Error] [2025-11-15 23:45:22] WaitForWIPFinish timeout, wait second ms:100
[Error] [2025-11-15 23:45:22] WaitForWIPFinish timeout, wait second ms:100
[Error] [2025-11-15 23:45:22] WaitForWIPFinish timeout, wait second ms:100
[Error] [2025-11-15 23:45:22] WaitForWIPFinish timeout, wait second ms:100
[Error] [2025-11-15 23:45:22] WaitForWIPFinish timeout, wait second ms:100
[Error] [2025-11-15 23:45:22] WaitForWIPFinish timeout, wait second ms:100
[Error] [2025-11-15 23:45:23] WaitForWIPFinish timeout, wait second ms:100
[Error] [2025-11-15 23:45:23] WaitForWIPFinish timeout, wait second ms:100
[Error] [2025-11-15 23:45:23] WaitForWIPFinish timeout, wait second ms:100
[Debug] [2025-11-15 23:45:23] progress bar is 10
[Error] [2025-11-15 23:45:23] WaitForWIPFinish timeout, wait second ms:100
[Error] [2025-11-15 23:45:23] WaitForWIPFinish timeout, wait second ms:100
[Error] [2025-11-15 23:45:23] WaitForWIPFinish timeout, wait second ms:100
[Debug] [2025-11-15 23:45:23] progress bar is 15
[Error] [2025-11-15 23:45:23] WaitForWIPFinish timeout, wait second ms:100
[Error] [2025-11-15 23:45:24] WaitForWIPFinish timeout, wait second ms:100
[Error] [2025-11-15 23:45:24] WaitForWIPFinish timeout, wait second ms:100
[Debug] [2025-11-15 23:45:24] progress bar is 21
[Error] [2025-11-15 23:45:24] WaitForWIPFinish timeout, wait second ms:100
[Error] [2025-11-15 23:45:24] WaitForWIPFinish timeout, wait second ms:100
[Error] [2025-11-15 23:45:24] WaitForWIPFinish timeout, wait second ms:100
[Debug] [2025-11-15 23:45:24] progress bar is 26
[Error] [2025-11-15 23:45:24] WaitForWIPFinish timeout, wait second ms:100
[Error] [2025-11-15 23:45:24] WaitForWIPFinish timeout, wait second ms:100
[Error] [2025-11-15 23:45:25] WaitForWIPFinish timeout, wait second ms:100
[Debug] [2025-11-15 23:45:25] progress bar is 31
[Error] [2025-11-15 23:45:25] WaitForWIPFinish timeout, wait second ms:100
[Error] [2025-11-15 23:45:25] WaitForWIPFinish timeout, wait second ms:100
[Error] [2025-11-15 23:45:25] WaitForWIPFinish timeout, wait second ms:100
[Debug] [2025-11-15 23:45:25] progress bar is 36
[Error] [2025-11-15 23:45:25] WaitForWIPFinish timeout, wait second ms:100
[Error] [2025-11-15 23:45:25] WaitForWIPFinish timeout, wait second ms:100
[Error] [2025-11-15 23:45:25] WaitForWIPFinish timeout, wait second ms:100
[Debug] [2025-11-15 23:45:26] progress bar is 42
[Error] [2025-11-15 23:45:26] WaitForWIPFinish timeout, wait second ms:100
[Error] [2025-11-15 23:45:26] WaitForWIPFinish timeout, wait second ms:100
[Error] [2025-11-15 23:45:26] WaitForWIPFinish timeout, wait second ms:100
[Debug] [2025-11-15 23:45:26] progress bar is 47
[Error] [2025-11-15 23:45:26] WaitForWIPFinish timeout, wait second ms:100
[Error] [2025-11-15 23:45:26] WaitForWIPFinish timeout, wait second ms:100
[Error] [2025-11-15 23:45:26] WaitForWIPFinish timeout, wait second ms:100
[Debug] [2025-11-15 23:45:26] progress bar is 52
[Error] [2025-11-15 23:45:26] WaitForWIPFinish timeout, wait second ms:100
[Error] [2025-11-15 23:45:27] WaitForWIPFinish timeout, wait second ms:100
[Error] [2025-11-15 23:45:27] WaitForWIPFinish timeout, wait second ms:100
[Debug] [2025-11-15 23:45:27] progress bar is 57
[Error] [2025-11-15 23:45:27] WaitForWIPFinish timeout, wait second ms:100
[Error] [2025-11-15 23:45:27] WaitForWIPFinish timeout, wait second ms:100
[Error] [2025-11-15 23:45:27] WaitForWIPFinish timeout, wait second ms:100
[Debug] [2025-11-15 23:45:27] progress bar is 63
[Error] [2025-11-15 23:45:27] WaitForWIPFinish timeout, wait second ms:100
[Error] [2025-11-15 23:45:27] WaitForWIPFinish timeout, wait second ms:100
[Error] [2025-11-15 23:45:28] WaitForWIPFinish timeout, wait second ms:100
[Debug] [2025-11-15 23:45:28] progress bar is 68
[Error] [2025-11-15 23:45:28] WaitForWIPFinish timeout, wait second ms:100
[Error] [2025-11-15 23:45:28] WaitForWIPFinish timeout, wait second ms:100
[Error] [2025-11-15 23:45:28] WaitForWIPFinish timeout, wait second ms:100
[Debug] [2025-11-15 23:45:28] progress bar is 73
[Error] [2025-11-15 23:45:28] WaitForWIPFinish timeout, wait second ms:100
[Error] [2025-11-15 23:45:28] WaitForWIPFinish timeout, wait second ms:100
[Error] [2025-11-15 23:45:28] WaitForWIPFinish timeout, wait second ms:100
[Debug] [2025-11-15 23:45:29] progress bar is 78
[Error] [2025-11-15 23:45:29] WaitForWIPFinish timeout, wait second ms:100
[Error] [2025-11-15 23:45:29] WaitForWIPFinish timeout, wait second ms:100
[Error] [2025-11-15 23:45:29] WaitForWIPFinish timeout, wait second ms:100
[Debug] [2025-11-15 23:45:29] progress bar is 84
[Error] [2025-11-15 23:45:29] WaitForWIPFinish timeout, wait second ms:100
[Error] [2025-11-15 23:45:29] WaitForWIPFinish timeout, wait second ms:100
[Error] [2025-11-15 23:45:29] WaitForWIPFinish timeout, wait second ms:100
[Debug] [2025-11-15 23:45:29] progress bar is 89
[Error] [2025-11-15 23:45:30] WaitForWIPFinish timeout, wait second ms:100
[Error] [2025-11-15 23:45:30] WaitForWIPFinish timeout, wait second ms:100
[Error] [2025-11-15 23:45:30] WaitForWIPFinish timeout, wait second ms:100
[Debug] [2025-11-15 23:45:30] progress bar is 94
[Debug] [2025-11-15 23:45:30] progress bar is 100
[Debug] [2025-11-15 23:45:30] end to operate flash: cmd id = 20302
[Debug] [2025-11-15 23:45:30] cmd operation Erase Outer Flash releases locker
[Debug] [2025-11-15 23:45:30] Remove the header data from the client, index : 0
[Debug] [2025-11-15 23:45:30] _total_bytes_size : 1417
[Debug] [2025-11-15 23:45:30] cmd id :20301cmd name : Program Outer Flash
[Debug] [2025-11-15 23:45:30] begin to operate flash: cmd id = 20301
[Debug] [2025-11-15 23:45:30] the idcode from the scanning is: 0x10600899
[Debug] [2025-11-15 23:45:30] the idcode from the scanning is: 0x0
[Debug] [2025-11-15 23:45:30] the idcode from the scanning is: 0x0
[Debug] [2025-11-15 23:45:30] the idcode from the scanning is: 0x0
[Debug] [2025-11-15 23:45:30] the idcode from the scanning is: 0x0
[Debug] [2025-11-15 23:45:30] the value in the status register is :81ffca0
[Debug] [2025-11-15 23:45:30] flash_id is ef4016
[Debug] [2025-11-15 23:45:30] progress bar is 1
[Debug] [2025-11-15 23:45:32] progress bar is 6
[Debug] [2025-11-15 23:45:33] progress bar is 10
[Debug] [2025-11-15 23:45:35] progress bar is 15
[Debug] [2025-11-15 23:45:36] progress bar is 20
[Debug] [2025-11-15 23:45:37] progress bar is 25
[Debug] [2025-11-15 23:45:39] progress bar is 30
[Debug] [2025-11-15 23:45:40] progress bar is 35
[Debug] [2025-11-15 23:45:42] progress bar is 40
[Debug] [2025-11-15 23:45:43] progress bar is 45
[Debug] [2025-11-15 23:45:44] progress bar is 50
[Debug] [2025-11-15 23:45:46] progress bar is 55
[Debug] [2025-11-15 23:45:47] progress bar is 60
[Debug] [2025-11-15 23:45:49] progress bar is 65
[Debug] [2025-11-15 23:45:50] progress bar is 70
[Debug] [2025-11-15 23:45:51] progress bar is 75
[Debug] [2025-11-15 23:45:53] progress bar is 80
[Debug] [2025-11-15 23:45:54] progress bar is 85
[Debug] [2025-11-15 23:45:56] progress bar is 90
[Debug] [2025-11-15 23:45:57] progress bar is 95
[Debug] [2025-11-15 23:45:58] progress bar is 100
[Debug] [2025-11-15 23:45:59] end to operate flash: cmd id = 20301
[Debug] [2025-11-15 23:45:59] cmd operation Program Outer Flash releases locker
[Debug] [2025-11-15 23:45:59] Remove the header data from the client, index : 0
[Debug] [2025-11-15 23:45:59] _total_bytes_size : 1415
[Debug] [2025-11-15 23:45:59] cmd id :20303cmd name : Verify Outer Flash
[Debug] [2025-11-15 23:45:59] begin to operate flash: cmd id = 20303
[Debug] [2025-11-15 23:45:59] the idcode from the scanning is: 0x10600899
[Debug] [2025-11-15 23:45:59] the idcode from the scanning is: 0x0
[Debug] [2025-11-15 23:45:59] the idcode from the scanning is: 0x0
[Debug] [2025-11-15 23:45:59] the idcode from the scanning is: 0x0
[Debug] [2025-11-15 23:45:59] the idcode from the scanning is: 0x0
[Debug] [2025-11-15 23:45:59] the value in the status register is :81ffca0
[Debug] [2025-11-15 23:45:59] flash_id is ef4016
[Debug] [2025-11-15 23:45:59] the value in the status register is :81ffca0
[Debug] [2025-11-15 23:45:59] progress bar is 1
[Debug] [2025-11-15 23:46:00] progress bar is 6
[Debug] [2025-11-15 23:46:00] progress bar is 10
[Debug] [2025-11-15 23:46:00] progress bar is 15
[Debug] [2025-11-15 23:46:01] progress bar is 20
[Debug] [2025-11-15 23:46:01] progress bar is 25
[Debug] [2025-11-15 23:46:02] progress bar is 30
[Debug] [2025-11-15 23:46:02] progress bar is 35
[Debug] [2025-11-15 23:46:03] progress bar is 40
[Debug] [2025-11-15 23:46:03] progress bar is 45
[Debug] [2025-11-15 23:46:04] progress bar is 50
[Debug] [2025-11-15 23:46:04] progress bar is 55
[Debug] [2025-11-15 23:46:05] progress bar is 60
[Debug] [2025-11-15 23:46:05] progress bar is 65
[Debug] [2025-11-15 23:46:06] progress bar is 70
[Debug] [2025-11-15 23:46:06] progress bar is 75
[Debug] [2025-11-15 23:46:07] progress bar is 80
[Debug] [2025-11-15 23:46:07] progress bar is 85
[Debug] [2025-11-15 23:46:08] progress bar is 90
[Debug] [2025-11-15 23:46:08] progress bar is 95
[Debug] [2025-11-15 23:46:09] progress bar is 100
[Debug] [2025-11-15 23:46:09] end to operate flash: cmd id = 20303
[Debug] [2025-11-15 23:46:09] cmd operation Verify Outer Flash releases locker
[Debug] [2025-11-15 23:46:57] Remove the header data from the client, index : 0
[Debug] [2025-11-15 23:46:57] _total_bytes_size : 1420
[Debug] [2025-11-15 23:46:57] cmd id :20302cmd name : Erase Outer Flash
[Debug] [2025-11-15 23:46:57] begin to operate flash: cmd id = 20302
[Debug] [2025-11-15 23:46:57] the idcode from the scanning is: 0x10600899
[Debug] [2025-11-15 23:46:57] the idcode from the scanning is: 0x0
[Debug] [2025-11-15 23:46:57] the idcode from the scanning is: 0x0
[Debug] [2025-11-15 23:46:57] the idcode from the scanning is: 0x0
[Debug] [2025-11-15 23:46:57] the idcode from the scanning is: 0x0
[Debug] [2025-11-15 23:46:57] the value in the status register is :81ffca0
[Debug] [2025-11-15 23:46:57] flash_id is ef4016
[Debug] [2025-11-15 23:46:57] the value in the status register is :81ffca0
[Debug] [2025-11-15 23:46:57] progress bar is 1
[Error] [2025-11-15 23:46:57] WaitForWIPFinish timeout, wait second ms:100
[Error] [2025-11-15 23:46:58] WaitForWIPFinish timeout, wait second ms:100
[Error] [2025-11-15 23:46:58] WaitForWIPFinish timeout, wait second ms:100
[Error] [2025-11-15 23:46:58] WaitForWIPFinish timeout, wait second ms:100
[Error] [2025-11-15 23:46:58] WaitForWIPFinish timeout, wait second ms:100
[Error] [2025-11-15 23:46:58] WaitForWIPFinish timeout, wait second ms:100
[Error] [2025-11-15 23:46:58] WaitForWIPFinish timeout, wait second ms:100
[Error] [2025-11-15 23:46:58] WaitForWIPFinish timeout, wait second ms:100
[Error] [2025-11-15 23:46:59] WaitForWIPFinish timeout, wait second ms:100
[Debug] [2025-11-15 23:46:59] progress bar is 10
[Error] [2025-11-15 23:46:59] WaitForWIPFinish timeout, wait second ms:100
[Error] [2025-11-15 23:46:59] WaitForWIPFinish timeout, wait second ms:100
[Error] [2025-11-15 23:46:59] WaitForWIPFinish timeout, wait second ms:100
[Debug] [2025-11-15 23:46:59] progress bar is 15
[Error] [2025-11-15 23:46:59] WaitForWIPFinish timeout, wait second ms:100
[Error] [2025-11-15 23:46:59] WaitForWIPFinish timeout, wait second ms:100
[Error] [2025-11-15 23:46:59] WaitForWIPFinish timeout, wait second ms:100
[Debug] [2025-11-15 23:47:00] progress bar is 21
[Error] [2025-11-15 23:47:00] WaitForWIPFinish timeout, wait second ms:100
[Error] [2025-11-15 23:47:00] WaitForWIPFinish timeout, wait second ms:100
[Error] [2025-11-15 23:47:00] WaitForWIPFinish timeout, wait second ms:100
[Debug] [2025-11-15 23:47:00] progress bar is 26
[Error] [2025-11-15 23:47:00] WaitForWIPFinish timeout, wait second ms:100
[Error] [2025-11-15 23:47:00] WaitForWIPFinish timeout, wait second ms:100
[Error] [2025-11-15 23:47:00] WaitForWIPFinish timeout, wait second ms:100
[Debug] [2025-11-15 23:47:00] progress bar is 31
[Error] [2025-11-15 23:47:01] WaitForWIPFinish timeout, wait second ms:100
[Error] [2025-11-15 23:47:01] WaitForWIPFinish timeout, wait second ms:100
[Error] [2025-11-15 23:47:01] WaitForWIPFinish timeout, wait second ms:100
[Debug] [2025-11-15 23:47:01] progress bar is 36
[Error] [2025-11-15 23:47:01] WaitForWIPFinish timeout, wait second ms:100
[Error] [2025-11-15 23:47:01] WaitForWIPFinish timeout, wait second ms:100
[Error] [2025-11-15 23:47:01] WaitForWIPFinish timeout, wait second ms:100
[Debug] [2025-11-15 23:47:01] progress bar is 42
[Error] [2025-11-15 23:47:01] WaitForWIPFinish timeout, wait second ms:100
[Error] [2025-11-15 23:47:02] WaitForWIPFinish timeout, wait second ms:100
[Error] [2025-11-15 23:47:02] WaitForWIPFinish timeout, wait second ms:100
[Debug] [2025-11-15 23:47:02] progress bar is 47
[Error] [2025-11-15 23:47:02] WaitForWIPFinish timeout, wait second ms:100
[Error] [2025-11-15 23:47:02] WaitForWIPFinish timeout, wait second ms:100
[Error] [2025-11-15 23:47:02] WaitForWIPFinish timeout, wait second ms:100
[Debug] [2025-11-15 23:47:02] progress bar is 52
[Error] [2025-11-15 23:47:02] WaitForWIPFinish timeout, wait second ms:100
[Error] [2025-11-15 23:47:02] WaitForWIPFinish timeout, wait second ms:100
[Error] [2025-11-15 23:47:02] WaitForWIPFinish timeout, wait second ms:100
[Debug] [2025-11-15 23:47:03] progress bar is 57
[Error] [2025-11-15 23:47:03] WaitForWIPFinish timeout, wait second ms:100
[Error] [2025-11-15 23:47:03] WaitForWIPFinish timeout, wait second ms:100
[Error] [2025-11-15 23:47:03] WaitForWIPFinish timeout, wait second ms:100
[Debug] [2025-11-15 23:47:03] progress bar is 63
[Error] [2025-11-15 23:47:03] WaitForWIPFinish timeout, wait second ms:100
[Error] [2025-11-15 23:47:03] WaitForWIPFinish timeout, wait second ms:100
[Error] [2025-11-15 23:47:03] WaitForWIPFinish timeout, wait second ms:100
[Debug] [2025-11-15 23:47:03] progress bar is 68
[Error] [2025-11-15 23:47:04] WaitForWIPFinish timeout, wait second ms:100
[Error] [2025-11-15 23:47:04] WaitForWIPFinish timeout, wait second ms:100
[Error] [2025-11-15 23:47:04] WaitForWIPFinish timeout, wait second ms:100
[Debug] [2025-11-15 23:47:04] progress bar is 73
[Error] [2025-11-15 23:47:04] WaitForWIPFinish timeout, wait second ms:100
[Error] [2025-11-15 23:47:04] WaitForWIPFinish timeout, wait second ms:100
[Error] [2025-11-15 23:47:04] WaitForWIPFinish timeout, wait second ms:100
[Debug] [2025-11-15 23:47:04] progress bar is 78
[Error] [2025-11-15 23:47:04] WaitForWIPFinish timeout, wait second ms:100
[Error] [2025-11-15 23:47:05] WaitForWIPFinish timeout, wait second ms:100
[Error] [2025-11-15 23:47:05] WaitForWIPFinish timeout, wait second ms:100
[Debug] [2025-11-15 23:47:05] progress bar is 84
[Error] [2025-11-15 23:47:05] WaitForWIPFinish timeout, wait second ms:100
[Error] [2025-11-15 23:47:05] WaitForWIPFinish timeout, wait second ms:100
[Error] [2025-11-15 23:47:05] WaitForWIPFinish timeout, wait second ms:100
[Debug] [2025-11-15 23:47:05] progress bar is 89
[Error] [2025-11-15 23:47:05] WaitForWIPFinish timeout, wait second ms:100
[Error] [2025-11-15 23:47:05] WaitForWIPFinish timeout, wait second ms:100
[Error] [2025-11-15 23:47:06] WaitForWIPFinish timeout, wait second ms:100
[Debug] [2025-11-15 23:47:06] progress bar is 94
[Debug] [2025-11-15 23:47:06] progress bar is 100
[Debug] [2025-11-15 23:47:06] end to operate flash: cmd id = 20302
[Debug] [2025-11-15 23:47:06] cmd operation Erase Outer Flash releases locker
[Debug] [2025-11-15 23:47:06] Remove the header data from the client, index : 0
[Debug] [2025-11-15 23:47:06] _total_bytes_size : 1417
[Debug] [2025-11-15 23:47:06] cmd id :20301cmd name : Program Outer Flash
[Debug] [2025-11-15 23:47:06] begin to operate flash: cmd id = 20301
[Debug] [2025-11-15 23:47:06] the idcode from the scanning is: 0x10600899
[Debug] [2025-11-15 23:47:06] the idcode from the scanning is: 0x0
[Debug] [2025-11-15 23:47:06] the idcode from the scanning is: 0x0
[Debug] [2025-11-15 23:47:06] the idcode from the scanning is: 0x0
[Debug] [2025-11-15 23:47:06] the idcode from the scanning is: 0x0
[Debug] [2025-11-15 23:47:06] the value in the status register is :81ffca0
[Debug] [2025-11-15 23:47:06] flash_id is ef4016
[Debug] [2025-11-15 23:47:06] progress bar is 1
[Debug] [2025-11-15 23:47:08] progress bar is 6
[Debug] [2025-11-15 23:47:09] progress bar is 10
[Debug] [2025-11-15 23:47:10] progress bar is 15
[Debug] [2025-11-15 23:47:12] progress bar is 20
[Debug] [2025-11-15 23:47:13] progress bar is 25
[Debug] [2025-11-15 23:47:15] progress bar is 30
[Debug] [2025-11-15 23:47:16] progress bar is 35
[Debug] [2025-11-15 23:47:17] progress bar is 40
[Debug] [2025-11-15 23:47:19] progress bar is 45
[Debug] [2025-11-15 23:47:20] progress bar is 50
[Debug] [2025-11-15 23:47:22] progress bar is 55
[Debug] [2025-11-15 23:47:23] progress bar is 60
[Debug] [2025-11-15 23:47:24] progress bar is 65
[Debug] [2025-11-15 23:47:26] progress bar is 70
[Debug] [2025-11-15 23:47:27] progress bar is 75
[Debug] [2025-11-15 23:47:29] progress bar is 80
[Debug] [2025-11-15 23:47:30] progress bar is 85
[Debug] [2025-11-15 23:47:31] progress bar is 90
[Debug] [2025-11-15 23:47:33] progress bar is 95
[Debug] [2025-11-15 23:47:34] progress bar is 100
[Debug] [2025-11-15 23:47:34] end to operate flash: cmd id = 20301
[Debug] [2025-11-15 23:47:34] cmd operation Program Outer Flash releases locker
[Debug] [2025-11-15 23:47:34] Remove the header data from the client, index : 0
[Debug] [2025-11-15 23:47:34] _total_bytes_size : 1415
[Debug] [2025-11-15 23:47:34] cmd id :20303cmd name : Verify Outer Flash
[Debug] [2025-11-15 23:47:34] begin to operate flash: cmd id = 20303
[Debug] [2025-11-15 23:47:35] the idcode from the scanning is: 0x10600899
[Debug] [2025-11-15 23:47:35] the idcode from the scanning is: 0x0
[Debug] [2025-11-15 23:47:35] the idcode from the scanning is: 0x0
[Debug] [2025-11-15 23:47:35] the idcode from the scanning is: 0x0
[Debug] [2025-11-15 23:47:35] the idcode from the scanning is: 0x0
[Debug] [2025-11-15 23:47:35] the value in the status register is :81ffca0
[Debug] [2025-11-15 23:47:35] flash_id is ef4016
[Debug] [2025-11-15 23:47:35] the value in the status register is :81ffca0
[Debug] [2025-11-15 23:47:35] progress bar is 1
[Debug] [2025-11-15 23:47:35] progress bar is 6
[Debug] [2025-11-15 23:47:36] progress bar is 10
[Debug] [2025-11-15 23:47:36] progress bar is 15
[Debug] [2025-11-15 23:47:37] progress bar is 20
[Debug] [2025-11-15 23:47:37] progress bar is 25
[Debug] [2025-11-15 23:47:38] progress bar is 30
[Debug] [2025-11-15 23:47:38] progress bar is 35
[Debug] [2025-11-15 23:47:39] progress bar is 40
[Debug] [2025-11-15 23:47:39] progress bar is 45
[Debug] [2025-11-15 23:47:40] progress bar is 50
[Debug] [2025-11-15 23:47:40] progress bar is 55
[Debug] [2025-11-15 23:47:41] progress bar is 60
[Debug] [2025-11-15 23:47:41] progress bar is 65
[Debug] [2025-11-15 23:47:41] progress bar is 70
[Debug] [2025-11-15 23:47:42] progress bar is 75
[Debug] [2025-11-15 23:47:42] progress bar is 80
[Debug] [2025-11-15 23:47:43] progress bar is 85
[Debug] [2025-11-15 23:47:43] progress bar is 90
[Debug] [2025-11-15 23:47:44] progress bar is 95
[Debug] [2025-11-15 23:47:44] progress bar is 100
[Debug] [2025-11-15 23:47:45] end to operate flash: cmd id = 20303
[Debug] [2025-11-15 23:47:45] cmd operation Verify Outer Flash releases locker
[Info] [2025-11-16 14:58:01] /***************************Start jtagserver***************************/
[Info] [2025-11-16 14:58:01] Path: E:/App/Professional/PDS_2022.2-SP6.4/bin
[Info] [2025-11-16 14:58:01] Version: 146967
[Debug] [2025-11-16 14:58:02] Add a new user_thread, socket descriptor is 1028 user_thread id is 0000000000004070
[Debug] [2025-11-16 14:58:02] After adding, map size is : 1
[Debug] [2025-11-16 14:58:02] Add a new user_thread, socket descriptor is 1020 user_thread id is 0000000000004070
[Debug] [2025-11-16 14:58:02] After adding, map size is : 2
[Debug] [2025-11-16 14:58:02] IP address of connecting client is : ::ffff:127.0.0.1
[Debug] [2025-11-16 14:58:02] IP address of connecting client is : ::ffff:127.0.0.1
[Debug] [2025-11-16 14:58:02] Remove the header data from the client, index : 0
[Debug] [2025-11-16 14:58:02] _total_bytes_size : 160
[Debug] [2025-11-16 14:58:02] Remove the header data from the client, index : 0
[Debug] [2025-11-16 14:58:02] _total_bytes_size : 96
[Debug] [2025-11-16 14:58:02] cmd id :40010cmd name : get_cable_paras
[Debug] [2025-11-16 14:58:03] cmd operation get_cable_paras releases locker
[Debug] [2025-11-16 14:58:06] Remove the header data from the client, index : 0
[Debug] [2025-11-16 14:58:06] _total_bytes_size : 332
[Debug] [2025-11-16 14:58:06] cmd id :40011cmd name : set_cable_paras
[Debug] [2025-11-16 14:58:06] cmd operation set_cable_paras releases locker
[Debug] [2025-11-16 14:58:08] Remove the header data from the client, index : 0
[Debug] [2025-11-16 14:58:08] _total_bytes_size : 101
[Debug] [2025-11-16 14:58:08] cmd id :20001cmd name : Open config cable
[Debug] [2025-11-16 14:58:08] the idcode from the scanning is: 0x10600899
[Debug] [2025-11-16 14:58:08] the idcode from the scanning is: 0x0
[Debug] [2025-11-16 14:58:08] the idcode from the scanning is: 0x0
[Debug] [2025-11-16 14:58:08] the idcode from the scanning is: 0x0
[Debug] [2025-11-16 14:58:08] the idcode from the scanning is: 0x0
[Debug] [2025-11-16 14:58:08] cmd operation Open config cable releases locker
[Debug] [2025-11-16 14:58:12] Remove the header data from the client, index : 0
[Debug] [2025-11-16 14:58:12] _total_bytes_size : 388
[Debug] [2025-11-16 14:58:12] cmd id :4e22cmd name : Program
[Debug] [2025-11-16 14:58:12] the idcode from the scanning is: 0x10600899
[Debug] [2025-11-16 14:58:12] the idcode from the scanning is: 0x0
[Debug] [2025-11-16 14:58:12] the idcode from the scanning is: 0x0
[Debug] [2025-11-16 14:58:12] the idcode from the scanning is: 0x0
[Debug] [2025-11-16 14:58:12] the idcode from the scanning is: 0x0
[Debug] [2025-11-16 14:58:12] begin to read back config registerregAddr is 4
[Debug] [2025-11-16 14:58:13] progress bar is 6
[Debug] [2025-11-16 14:58:13] progress bar is 10
[Debug] [2025-11-16 14:58:13] progress bar is 15
[Debug] [2025-11-16 14:58:14] progress bar is 20
[Debug] [2025-11-16 14:58:14] progress bar is 25
[Debug] [2025-11-16 14:58:15] progress bar is 30
[Debug] [2025-11-16 14:58:15] progress bar is 35
[Debug] [2025-11-16 14:58:16] progress bar is 40
[Debug] [2025-11-16 14:58:16] progress bar is 45
[Debug] [2025-11-16 14:58:17] progress bar is 50
[Debug] [2025-11-16 14:58:17] progress bar is 55
[Debug] [2025-11-16 14:58:18] progress bar is 60
[Debug] [2025-11-16 14:58:18] progress bar is 65
[Debug] [2025-11-16 14:58:19] progress bar is 70
[Debug] [2025-11-16 14:58:19] progress bar is 75
[Debug] [2025-11-16 14:58:20] progress bar is 80
[Debug] [2025-11-16 14:58:20] progress bar is 85
[Debug] [2025-11-16 14:58:21] progress bar is 90
[Debug] [2025-11-16 14:58:21] progress bar is 95
[Debug] [2025-11-16 14:58:22] progress bar is 100
[Debug] [2025-11-16 14:58:22] the value in the status register is :1572000
[Debug] [2025-11-16 14:58:22] cmd operation Program releases locker
[Debug] [2025-11-16 14:59:03] Remove the header data from the client, index : 0
[Debug] [2025-11-16 14:59:03] _total_bytes_size : 929
[Debug] [2025-11-16 14:59:03] cmd id :20300cmd name : Scan Outer SPI Flash
[Debug] [2025-11-16 14:59:03] the idcode from the scanning is: 0x10600899
[Debug] [2025-11-16 14:59:03] the idcode from the scanning is: 0x0
[Debug] [2025-11-16 14:59:03] the idcode from the scanning is: 0x0
[Debug] [2025-11-16 14:59:03] the idcode from the scanning is: 0x0
[Debug] [2025-11-16 14:59:03] the idcode from the scanning is: 0x0
[Debug] [2025-11-16 14:59:03] the value in the status register is :81ffca0
[Debug] [2025-11-16 14:59:03] flash_id is ef4016
[Debug] [2025-11-16 14:59:03] cmd operation Scan Outer SPI Flash releases locker
[Debug] [2025-11-16 14:59:07] Remove the header data from the client, index : 0
[Debug] [2025-11-16 14:59:07] _total_bytes_size : 58c
[Debug] [2025-11-16 14:59:07] cmd id :4f4ecmd name : Erase Outer Flash
[Debug] [2025-11-16 14:59:07] begin to operate flash: cmd id = 4f4e
[Debug] [2025-11-16 14:59:07] the idcode from the scanning is: 0x10600899
[Debug] [2025-11-16 14:59:07] the idcode from the scanning is: 0x0
[Debug] [2025-11-16 14:59:07] the idcode from the scanning is: 0x0
[Debug] [2025-11-16 14:59:07] the idcode from the scanning is: 0x0
[Debug] [2025-11-16 14:59:07] the idcode from the scanning is: 0x0
[Debug] [2025-11-16 14:59:07] the value in the status register is :81ffca0
[Debug] [2025-11-16 14:59:07] flash_id is ef4016
[Debug] [2025-11-16 14:59:07] the value in the status register is :81ffca0
[Debug] [2025-11-16 14:59:07] progress bar is 1
[Error] [2025-11-16 14:59:07] WaitForWIPFinish timeout, wait second ms:100
[Error] [2025-11-16 14:59:07] WaitForWIPFinish timeout, wait second ms:100
[Error] [2025-11-16 14:59:07] WaitForWIPFinish timeout, wait second ms:100
[Error] [2025-11-16 14:59:08] WaitForWIPFinish timeout, wait second ms:100
[Error] [2025-11-16 14:59:08] WaitForWIPFinish timeout, wait second ms:100
[Error] [2025-11-16 14:59:08] WaitForWIPFinish timeout, wait second ms:100
[Error] [2025-11-16 14:59:08] WaitForWIPFinish timeout, wait second ms:100
[Error] [2025-11-16 14:59:08] WaitForWIPFinish timeout, wait second ms:100
[Error] [2025-11-16 14:59:08] WaitForWIPFinish timeout, wait second ms:100
[Debug] [2025-11-16 14:59:08] progress bar is 10
[Error] [2025-11-16 14:59:09] WaitForWIPFinish timeout, wait second ms:100
[Error] [2025-11-16 14:59:09] WaitForWIPFinish timeout, wait second ms:100
[Error] [2025-11-16 14:59:09] WaitForWIPFinish timeout, wait second ms:100
[Debug] [2025-11-16 14:59:09] progress bar is 15
[Error] [2025-11-16 14:59:09] WaitForWIPFinish timeout, wait second ms:100
[Error] [2025-11-16 14:59:09] WaitForWIPFinish timeout, wait second ms:100
[Error] [2025-11-16 14:59:09] WaitForWIPFinish timeout, wait second ms:100
[Debug] [2025-11-16 14:59:09] progress bar is 21
[Error] [2025-11-16 14:59:09] WaitForWIPFinish timeout, wait second ms:100
[Error] [2025-11-16 14:59:10] WaitForWIPFinish timeout, wait second ms:100
[Error] [2025-11-16 14:59:10] WaitForWIPFinish timeout, wait second ms:100
[Debug] [2025-11-16 14:59:10] progress bar is 26
[Error] [2025-11-16 14:59:10] WaitForWIPFinish timeout, wait second ms:100
[Error] [2025-11-16 14:59:10] WaitForWIPFinish timeout, wait second ms:100
[Error] [2025-11-16 14:59:10] WaitForWIPFinish timeout, wait second ms:100
[Debug] [2025-11-16 14:59:10] progress bar is 31
[Error] [2025-11-16 14:59:10] WaitForWIPFinish timeout, wait second ms:100
[Error] [2025-11-16 14:59:10] WaitForWIPFinish timeout, wait second ms:100
[Error] [2025-11-16 14:59:11] WaitForWIPFinish timeout, wait second ms:100
[Debug] [2025-11-16 14:59:11] progress bar is 36
[Error] [2025-11-16 14:59:11] WaitForWIPFinish timeout, wait second ms:100
[Error] [2025-11-16 14:59:11] WaitForWIPFinish timeout, wait second ms:100
[Error] [2025-11-16 14:59:11] WaitForWIPFinish timeout, wait second ms:100
[Debug] [2025-11-16 14:59:11] progress bar is 42
[Error] [2025-11-16 14:59:11] WaitForWIPFinish timeout, wait second ms:100
[Error] [2025-11-16 14:59:11] WaitForWIPFinish timeout, wait second ms:100
[Error] [2025-11-16 14:59:11] WaitForWIPFinish timeout, wait second ms:100
[Debug] [2025-11-16 14:59:12] progress bar is 47
[Error] [2025-11-16 14:59:12] WaitForWIPFinish timeout, wait second ms:100
[Error] [2025-11-16 14:59:12] WaitForWIPFinish timeout, wait second ms:100
[Error] [2025-11-16 14:59:12] WaitForWIPFinish timeout, wait second ms:100
[Debug] [2025-11-16 14:59:12] progress bar is 52
[Error] [2025-11-16 14:59:12] WaitForWIPFinish timeout, wait second ms:100
[Error] [2025-11-16 14:59:12] WaitForWIPFinish timeout, wait second ms:100
[Error] [2025-11-16 14:59:12] WaitForWIPFinish timeout, wait second ms:100
[Debug] [2025-11-16 14:59:12] progress bar is 57
[Error] [2025-11-16 14:59:12] WaitForWIPFinish timeout, wait second ms:100
[Error] [2025-11-16 14:59:13] WaitForWIPFinish timeout, wait second ms:100
[Error] [2025-11-16 14:59:13] WaitForWIPFinish timeout, wait second ms:100
[Debug] [2025-11-16 14:59:13] progress bar is 63
[Error] [2025-11-16 14:59:13] WaitForWIPFinish timeout, wait second ms:100
[Error] [2025-11-16 14:59:13] WaitForWIPFinish timeout, wait second ms:100
[Error] [2025-11-16 14:59:13] WaitForWIPFinish timeout, wait second ms:100
[Debug] [2025-11-16 14:59:13] progress bar is 68
[Error] [2025-11-16 14:59:13] WaitForWIPFinish timeout, wait second ms:100
[Error] [2025-11-16 14:59:13] WaitForWIPFinish timeout, wait second ms:100
[Debug] [2025-11-16 14:59:14] progress bar is 73
[Error] [2025-11-16 14:59:14] WaitForWIPFinish timeout, wait second ms:100
[Error] [2025-11-16 14:59:14] WaitForWIPFinish timeout, wait second ms:100
[Error] [2025-11-16 14:59:14] WaitForWIPFinish timeout, wait second ms:100
[Debug] [2025-11-16 14:59:14] progress bar is 78
[Error] [2025-11-16 14:59:14] WaitForWIPFinish timeout, wait second ms:100
[Error] [2025-11-16 14:59:14] WaitForWIPFinish timeout, wait second ms:100
[Error] [2025-11-16 14:59:14] WaitForWIPFinish timeout, wait second ms:100
[Debug] [2025-11-16 14:59:14] progress bar is 84
[Error] [2025-11-16 14:59:15] WaitForWIPFinish timeout, wait second ms:100
[Error] [2025-11-16 14:59:15] WaitForWIPFinish timeout, wait second ms:100
[Error] [2025-11-16 14:59:15] WaitForWIPFinish timeout, wait second ms:100
[Debug] [2025-11-16 14:59:15] progress bar is 89
[Error] [2025-11-16 14:59:15] WaitForWIPFinish timeout, wait second ms:100
[Error] [2025-11-16 14:59:15] WaitForWIPFinish timeout, wait second ms:100
[Error] [2025-11-16 14:59:15] WaitForWIPFinish timeout, wait second ms:100
[Debug] [2025-11-16 14:59:15] progress bar is 94
[Debug] [2025-11-16 14:59:15] progress bar is 100
[Debug] [2025-11-16 14:59:15] end to operate flash: cmd id = 20302
[Debug] [2025-11-16 14:59:15] cmd operation Erase Outer Flash releases locker
[Debug] [2025-11-16 14:59:15] Remove the header data from the client, index : 0
[Debug] [2025-11-16 14:59:15] _total_bytes_size : 1417
[Debug] [2025-11-16 14:59:15] cmd id :20301cmd name : Program Outer Flash
[Debug] [2025-11-16 14:59:15] begin to operate flash: cmd id = 20301
[Debug] [2025-11-16 14:59:16] the idcode from the scanning is: 0x10600899
[Debug] [2025-11-16 14:59:16] the idcode from the scanning is: 0x0
[Debug] [2025-11-16 14:59:16] the idcode from the scanning is: 0x0
[Debug] [2025-11-16 14:59:16] the idcode from the scanning is: 0x0
[Debug] [2025-11-16 14:59:16] the idcode from the scanning is: 0x0
[Debug] [2025-11-16 14:59:16] the value in the status register is :81ffca0
[Debug] [2025-11-16 14:59:16] flash_id is ef4016
[Debug] [2025-11-16 14:59:16] progress bar is 1
[Debug] [2025-11-16 14:59:17] progress bar is 6
[Debug] [2025-11-16 14:59:19] progress bar is 10
[Debug] [2025-11-16 14:59:20] progress bar is 15
[Debug] [2025-11-16 14:59:21] progress bar is 20
[Debug] [2025-11-16 14:59:23] progress bar is 25
[Debug] [2025-11-16 14:59:24] progress bar is 30
[Debug] [2025-11-16 14:59:26] progress bar is 35
[Debug] [2025-11-16 14:59:27] progress bar is 40
[Debug] [2025-11-16 14:59:28] progress bar is 45
[Debug] [2025-11-16 14:59:30] progress bar is 50
[Debug] [2025-11-16 14:59:31] progress bar is 55
[Debug] [2025-11-16 14:59:33] progress bar is 60
[Debug] [2025-11-16 14:59:34] progress bar is 65
[Debug] [2025-11-16 14:59:35] progress bar is 70
[Debug] [2025-11-16 14:59:37] progress bar is 75
[Debug] [2025-11-16 14:59:38] progress bar is 80
[Debug] [2025-11-16 14:59:40] progress bar is 85
[Debug] [2025-11-16 14:59:41] progress bar is 90
[Debug] [2025-11-16 14:59:42] progress bar is 95
[Debug] [2025-11-16 14:59:44] progress bar is 100
[Debug] [2025-11-16 14:59:44] end to operate flash: cmd id = 20301
[Debug] [2025-11-16 14:59:44] cmd operation Program Outer Flash releases locker
[Debug] [2025-11-16 14:59:44] Remove the header data from the client, index : 0
[Debug] [2025-11-16 14:59:44] _total_bytes_size : 1415
[Debug] [2025-11-16 14:59:44] cmd id :20303cmd name : Verify Outer Flash
[Debug] [2025-11-16 14:59:44] begin to operate flash: cmd id = 20303
[Debug] [2025-11-16 14:59:44] the idcode from the scanning is: 0x10600899
[Debug] [2025-11-16 14:59:44] the idcode from the scanning is: 0x0
[Debug] [2025-11-16 14:59:44] the idcode from the scanning is: 0x0
[Debug] [2025-11-16 14:59:44] the idcode from the scanning is: 0x0
[Debug] [2025-11-16 14:59:44] the idcode from the scanning is: 0x0
[Debug] [2025-11-16 14:59:44] the value in the status register is :81ffca0
[Debug] [2025-11-16 14:59:44] flash_id is ef4016
[Debug] [2025-11-16 14:59:44] the value in the status register is :81ffca0
[Debug] [2025-11-16 14:59:44] progress bar is 1
[Debug] [2025-11-16 14:59:45] progress bar is 6
[Debug] [2025-11-16 14:59:45] progress bar is 10
[Debug] [2025-11-16 14:59:46] progress bar is 15
[Debug] [2025-11-16 14:59:46] progress bar is 20
[Debug] [2025-11-16 14:59:47] progress bar is 25
[Debug] [2025-11-16 14:59:47] progress bar is 30
[Debug] [2025-11-16 14:59:48] progress bar is 35
[Debug] [2025-11-16 14:59:48] progress bar is 40
[Debug] [2025-11-16 14:59:49] progress bar is 45
[Debug] [2025-11-16 14:59:49] progress bar is 50
[Debug] [2025-11-16 14:59:50] progress bar is 55
[Debug] [2025-11-16 14:59:50] progress bar is 60
[Debug] [2025-11-16 14:59:51] progress bar is 65
[Debug] [2025-11-16 14:59:51] progress bar is 70
[Debug] [2025-11-16 14:59:52] progress bar is 75
[Debug] [2025-11-16 14:59:52] progress bar is 80
[Debug] [2025-11-16 14:59:53] progress bar is 85
[Debug] [2025-11-16 14:59:53] progress bar is 90
[Debug] [2025-11-16 14:59:54] progress bar is 95
[Debug] [2025-11-16 14:59:54] progress bar is 100
[Debug] [2025-11-16 14:59:54] end to operate flash: cmd id = 20303
[Debug] [2025-11-16 14:59:54] cmd operation Verify Outer Flash releases locker
