#Build: Fabric Compiler 2022.2-SP6.4, Build 146967, Jan 31 01:39 2024
#Install: E:\App\Professional\PDS_2022.2-SP6.4\bin
#Application name: pds_shell.exe
#OS: Windows 10 10.0.26200
#Hostname: LAPTOP-BODHT30J
Generated by Fabric Compiler (version 2022.2-SP6.4 build 146967) at Wed Nov 19 22:20:07 2025
License checkout: fabric_ads from E:\App\Professional\PDS_2022.2-SP6.4\new_pds_F4A80DA47D72.lic
Compiling verification operator library.
Compiling common defs.
Loading technology operator library.
Compiling technology operator library.
Compiling technology operator (valence) library.
Reading design from compile DB
Reading design from compile DB successfully.
Constraint check start.
Compiling prim grid devices.
Building architecture model.
Loading device packaging model.
Building architecture floorplan logic view.
Executing : get_ports sys_clk
Executing : get_ports sys_clk successfully.
Executing : create_clock -name sys_clk [get_ports sys_clk] -period 20.000 -waveform {0.000 10.000}
Executing : create_clock -name sys_clk [get_ports sys_clk] -period 20.000 -waveform {0.000 10.000} successfully.
C: ConstraintEditor-2002: [E:/User/Files/project_self/OPHW_25H/workspace/21_HDMI_picture_sobel/constraint/21_HDMI_picture_sobel.fdc(line number: 9)] | Port tmds_data_n[1] has been placed at location K15, whose type is share pin.
C: ConstraintEditor-2002: [E:/User/Files/project_self/OPHW_25H/workspace/21_HDMI_picture_sobel/constraint/21_HDMI_picture_sobel.fdc(line number: 27)] | Port tmds_data_p[1] has been placed at location J14, whose type is share pin.
Constraint check end.

C: SDC-2025: Clock source 'n:u_pll_0/clkout1' need a clock constraint, please use 'create_clock' or 'create_generate_clock' to generate.
Executing : get_ports sys_clk
Executing : get_ports sys_clk successfully.
Executing : get_pins u_pll_0/u_gpll:CLKOUT1
Executing : get_pins u_pll_0/u_gpll:CLKOUT1 successfully.
Executing : create_generated_clock -name sys_clk|u_pll_0/u_gpll/CLKOUT1_Inferred -source [get_ports sys_clk] [get_pins u_pll_0/u_gpll:CLKOUT1] -master_clock sys_clk -edges {1 2 3} -edge_shift {0.000000 40.101010 80.202020} -add
Executing : create_generated_clock -name sys_clk|u_pll_0/u_gpll/CLKOUT1_Inferred -source [get_ports sys_clk] [get_pins u_pll_0/u_gpll:CLKOUT1] -master_clock sys_clk -edges {1 2 3} -edge_shift {0.000000 40.101010 80.202020} -add successfully.
C: SDC-2025: Clock source 'n:u_pll_0/clkout0' need a clock constraint, please use 'create_clock' or 'create_generate_clock' to generate.
Executing : get_ports sys_clk
Executing : get_ports sys_clk successfully.
Executing : get_pins u_pll_0/u_gpll:CLKOUT0
Executing : get_pins u_pll_0/u_gpll:CLKOUT0 successfully.
Executing : create_generated_clock -name sys_clk|u_pll_0/u_gpll/CLKOUT0_Inferred -source [get_ports sys_clk] [get_pins u_pll_0/u_gpll:CLKOUT0] -master_clock sys_clk -edges {1 2 3} -edge_shift {0.000000 -6.632997 -13.265993} -add
Executing : create_generated_clock -name sys_clk|u_pll_0/u_gpll/CLKOUT0_Inferred -source [get_ports sys_clk] [get_pins u_pll_0/u_gpll:CLKOUT0] -master_clock sys_clk -edges {1 2 3} -edge_shift {0.000000 -6.632997 -13.265993} -add successfully.
C: SDC-2025: Clock source 'n:u_pll_1/clkout0' need a clock constraint, please use 'create_clock' or 'create_generate_clock' to generate.
Executing : get_pins u_pll_0/u_gpll:CLKOUT0
Executing : get_pins u_pll_0/u_gpll:CLKOUT0 successfully.
Executing : get_pins u_pll_1/u_gpll:CLKOUT0
Executing : get_pins u_pll_1/u_gpll:CLKOUT0 successfully.
Executing : create_generated_clock -name sys_clk|u_pll_0/u_gpll/CLKOUT0_Inferred|u_pll_1/u_gpll/CLKOUT0_Inferred -source [get_pins u_pll_0/u_gpll:CLKOUT0] [get_pins u_pll_1/u_gpll:CLKOUT0] -master_clock sys_clk|u_pll_0/u_gpll/CLKOUT0_Inferred -edges {1 2 3} -edge_shift {0.000000 -2.693603 -5.387205} -add
Executing : create_generated_clock -name sys_clk|u_pll_0/u_gpll/CLKOUT0_Inferred|u_pll_1/u_gpll/CLKOUT0_Inferred -source [get_pins u_pll_0/u_gpll:CLKOUT0] [get_pins u_pll_1/u_gpll:CLKOUT0] -master_clock sys_clk|u_pll_0/u_gpll/CLKOUT0_Inferred -edges {1 2 3} -edge_shift {0.000000 -2.693603 -5.387205} -add successfully.
Start pre-mapping.
I: Constant propagation done on sync_vg/N99 (bmsWIDEMUX).
I: Constant propagation done on sync_vg/N110 (bmsWIDEMUX).
I: Constant propagation done on sync_vg/N112 (bmsWIDEMUX).
W: Removed bmsWIDEDFFCPE inst rgb_b_m0[15:0] at 13 that is stuck at constant 0.
I: Constant propagation done on video_display/u_RGB2YCbCr/rgb_b_m0[15:0] (bmsWIDEDFFCPE).
W: Removed bmsWIDEDFFCPE inst rgb_g_m0[15:0] at 0 that is stuck at constant 0.
I: Constant propagation done on video_display/u_RGB2YCbCr/rgb_g_m0[15:0] (bmsWIDEDFFCPE).
W: Removed bmsWIDEDFFCPE inst rgb_r_m0[15:0] at 15 that is stuck at constant 0.
I: Constant propagation done on video_display/u_RGB2YCbCr/rgb_r_m0[15:0] (bmsWIDEDFFCPE).
Executing : pre-mapping successfully. Time elapsed: 0.184s wall, 0.203s user + 0.031s system = 0.234s CPU (127.4%)

Start mod-gen.
W: Public-4008: Instance 'fifo_line_buf2/U_ipm2l_fifo_fifo_line_buf/U_ipm2l_fifo_ctrl/rd_water_level[12:0]' of 'bmsWIDEDFFCPE' unit is dangling and will be cleaned.
W: Public-4008: Instance 'fifo_line_buf2/U_ipm2l_fifo_fifo_line_buf/U_ipm2l_fifo_ctrl/wr_water_level[12:0]' of 'bmsWIDEDFFCPE' unit is dangling and will be cleaned.
W: Public-4008: Instance 'fifo_line_buf1/U_ipm2l_fifo_fifo_line_buf/U_ipm2l_fifo_ctrl/rd_water_level[12:0]' of 'bmsWIDEDFFCPE' unit is dangling and will be cleaned.
W: Public-4008: Instance 'fifo_line_buf1/U_ipm2l_fifo_fifo_line_buf/U_ipm2l_fifo_ctrl/wr_water_level[12:0]' of 'bmsWIDEDFFCPE' unit is dangling and will be cleaned.
W: Public-4008: Instance 'u_data_delay_inst/genblk1.data_delay[0][23:0]' of 'bmsWIDEDFFCPE' unit is dangling and will be cleaned.
W: Public-4008: Instance 'u_data_delay_inst/genblk1.data_delay[1][23:0]' of 'bmsWIDEDFFCPE' unit is dangling and will be cleaned.
W: Public-4008: Instance 'u_data_delay_inst/genblk1.data_delay[2][23:0]' of 'bmsWIDEDFFCPE' unit is dangling and will be cleaned.
W: Public-4008: Instance 'u_data_delay_inst/genblk1.data_delay[3][23:0]' of 'bmsWIDEDFFCPE' unit is dangling and will be cleaned.
W: Public-4008: Instance 'u_data_delay_inst/genblk1.data_delay[4][23:0]' of 'bmsWIDEDFFCPE' unit is dangling and will be cleaned.
W: Removed bmsWIDEDFFRSE inst u_dvi_transmitter/encoder_g/c0_q that is stuck at constant 0.
I: Constant propagation done on u_dvi_transmitter/encoder_g/c0_q (bmsWIDEDFFRSE).
W: Removed bmsWIDEDFFRSE inst u_dvi_transmitter/encoder_g/c1_q that is stuck at constant 0.
I: Constant propagation done on u_dvi_transmitter/encoder_g/c1_q (bmsWIDEDFFRSE).
W: Removed bmsWIDEDFFRSE inst u_dvi_transmitter/encoder_r/c0_q that is stuck at constant 0.
I: Constant propagation done on u_dvi_transmitter/encoder_r/c0_q (bmsWIDEDFFRSE).
W: Removed bmsWIDEDFFRSE inst u_dvi_transmitter/encoder_r/c1_q that is stuck at constant 0.
I: Constant propagation done on u_dvi_transmitter/encoder_r/c1_q (bmsWIDEDFFRSE).
W: Removed bmsWIDEDFFCPE inst video_display/u_sobel/gx_data[9:0] at 0 that is stuck at constant 0.
W: Removed bmsWIDEDFFCPE inst video_display/u_sobel/gx_data[9:0] at 1 that is stuck at constant 0.
W: Removed bmsWIDEDFFCPE inst video_display/u_sobel/gx_data[9:0] at 2 that is stuck at constant 0.
W: Removed bmsWIDEDFFCPE inst video_display/u_sobel/gx_data[9:0] at 3 that is stuck at constant 0.
W: Removed bmsWIDEDFFCPE inst video_display/u_sobel/gx_data[9:0] at 4 that is stuck at constant 0.
W: Removed bmsWIDEDFFCPE inst video_display/u_sobel/gx_data[9:0] at 5 that is stuck at constant 0.
W: Removed bmsWIDEDFFCPE inst video_display/u_sobel/gx_data[9:0] at 6 that is stuck at constant 0.
W: Removed bmsWIDEDFFCPE inst video_display/u_sobel/gx_data[9:0] at 7 that is stuck at constant 0.
W: Removed bmsWIDEDFFCPE inst video_display/u_sobel/gx_data[9:0] at 8 that is stuck at constant 0.
W: Removed bmsWIDEDFFCPE inst video_display/u_sobel/gx_data[9:0] at 9 that is stuck at constant 0.
W: Removed bmsWIDEDFFCPE inst video_display/u_sobel/gx_temp1[9:0] at 0 that is stuck at constant 0.
W: Removed bmsWIDEDFFCPE inst video_display/u_sobel/gx_temp1[9:0] at 1 that is stuck at constant 0.
W: Removed bmsWIDEDFFCPE inst video_display/u_sobel/gx_temp1[9:0] at 2 that is stuck at constant 0.
W: Removed bmsWIDEDFFCPE inst video_display/u_sobel/gx_temp1[9:0] at 3 that is stuck at constant 0.
W: Removed bmsWIDEDFFCPE inst video_display/u_sobel/gx_temp1[9:0] at 4 that is stuck at constant 0.
W: Removed bmsWIDEDFFCPE inst video_display/u_sobel/gx_temp1[9:0] at 5 that is stuck at constant 0.
W: Removed bmsWIDEDFFCPE inst video_display/u_sobel/gx_temp1[9:0] at 6 that is stuck at constant 0.
W: Removed bmsWIDEDFFCPE inst video_display/u_sobel/gx_temp1[9:0] at 7 that is stuck at constant 0.
W: Removed bmsWIDEDFFCPE inst video_display/u_sobel/gx_temp1[9:0] at 8 that is stuck at constant 0.
W: Removed bmsWIDEDFFCPE inst video_display/u_sobel/gx_temp1[9:0] at 9 that is stuck at constant 0.
W: Removed bmsWIDEDFFCPE inst video_display/u_sobel/gx_temp2[9:0] at 0 that is stuck at constant 0.
W: Removed bmsWIDEDFFCPE inst video_display/u_sobel/gx_temp2[9:0] at 1 that is stuck at constant 0.
W: Removed bmsWIDEDFFCPE inst video_display/u_sobel/gx_temp2[9:0] at 2 that is stuck at constant 0.
W: Removed bmsWIDEDFFCPE inst video_display/u_sobel/gx_temp2[9:0] at 3 that is stuck at constant 0.
W: Removed bmsWIDEDFFCPE inst video_display/u_sobel/gx_temp2[9:0] at 4 that is stuck at constant 0.
W: Removed bmsWIDEDFFCPE inst video_display/u_sobel/gx_temp2[9:0] at 5 that is stuck at constant 0.
W: Removed bmsWIDEDFFCPE inst video_display/u_sobel/gx_temp2[9:0] at 6 that is stuck at constant 0.
W: Removed bmsWIDEDFFCPE inst video_display/u_sobel/gx_temp2[9:0] at 7 that is stuck at constant 0.
W: Removed bmsWIDEDFFCPE inst video_display/u_sobel/gx_temp2[9:0] at 8 that is stuck at constant 0.
W: Removed bmsWIDEDFFCPE inst video_display/u_sobel/gx_temp2[9:0] at 9 that is stuck at constant 0.
W: Removed bmsWIDEDFFCPE inst video_display/u_sobel/gy_data[9:0] at 0 that is stuck at constant 0.
W: Removed bmsWIDEDFFCPE inst video_display/u_sobel/gy_data[9:0] at 1 that is stuck at constant 0.
W: Removed bmsWIDEDFFCPE inst video_display/u_sobel/gy_data[9:0] at 2 that is stuck at constant 0.
W: Removed bmsWIDEDFFCPE inst video_display/u_sobel/gy_data[9:0] at 3 that is stuck at constant 0.
W: Removed bmsWIDEDFFCPE inst video_display/u_sobel/gy_data[9:0] at 4 that is stuck at constant 0.
W: Removed bmsWIDEDFFCPE inst video_display/u_sobel/gy_data[9:0] at 5 that is stuck at constant 0.
W: Removed bmsWIDEDFFCPE inst video_display/u_sobel/gy_data[9:0] at 6 that is stuck at constant 0.
W: Removed bmsWIDEDFFCPE inst video_display/u_sobel/gy_data[9:0] at 7 that is stuck at constant 0.
W: Removed bmsWIDEDFFCPE inst video_display/u_sobel/gy_data[9:0] at 8 that is stuck at constant 0.
W: Removed bmsWIDEDFFCPE inst video_display/u_sobel/gy_data[9:0] at 9 that is stuck at constant 0.
W: Removed bmsWIDEDFFCPE inst video_display/u_sobel/gy_temp1[9:0] at 0 that is stuck at constant 0.
W: Removed bmsWIDEDFFCPE inst video_display/u_sobel/gy_temp1[9:0] at 1 that is stuck at constant 0.
W: Removed bmsWIDEDFFCPE inst video_display/u_sobel/gy_temp1[9:0] at 2 that is stuck at constant 0.
W: Removed bmsWIDEDFFCPE inst video_display/u_sobel/gy_temp1[9:0] at 3 that is stuck at constant 0.
W: Removed bmsWIDEDFFCPE inst video_display/u_sobel/gy_temp1[9:0] at 4 that is stuck at constant 0.
W: Removed bmsWIDEDFFCPE inst video_display/u_sobel/gy_temp1[9:0] at 5 that is stuck at constant 0.
W: Removed bmsWIDEDFFCPE inst video_display/u_sobel/gy_temp1[9:0] at 6 that is stuck at constant 0.
W: Removed bmsWIDEDFFCPE inst video_display/u_sobel/gy_temp1[9:0] at 7 that is stuck at constant 0.
W: Removed bmsWIDEDFFCPE inst video_display/u_sobel/gy_temp1[9:0] at 8 that is stuck at constant 0.
W: Removed bmsWIDEDFFCPE inst video_display/u_sobel/gy_temp1[9:0] at 9 that is stuck at constant 0.
W: Removed bmsWIDEDFFCPE inst video_display/u_sobel/gy_temp2[9:0] at 0 that is stuck at constant 0.
W: Removed bmsWIDEDFFCPE inst video_display/u_sobel/gy_temp2[9:0] at 1 that is stuck at constant 0.
W: Removed bmsWIDEDFFCPE inst video_display/u_sobel/gy_temp2[9:0] at 2 that is stuck at constant 0.
W: Removed bmsWIDEDFFCPE inst video_display/u_sobel/gy_temp2[9:0] at 3 that is stuck at constant 0.
W: Removed bmsWIDEDFFCPE inst video_display/u_sobel/gy_temp2[9:0] at 4 that is stuck at constant 0.
W: Removed bmsWIDEDFFCPE inst video_display/u_sobel/gy_temp2[9:0] at 5 that is stuck at constant 0.
W: Removed bmsWIDEDFFCPE inst video_display/u_sobel/gy_temp2[9:0] at 6 that is stuck at constant 0.
W: Removed bmsWIDEDFFCPE inst video_display/u_sobel/gy_temp2[9:0] at 7 that is stuck at constant 0.
W: Removed bmsWIDEDFFCPE inst video_display/u_sobel/gy_temp2[9:0] at 8 that is stuck at constant 0.
W: Removed bmsWIDEDFFCPE inst video_display/u_sobel/gy_temp2[9:0] at 9 that is stuck at constant 0.
W: Removed bmsWIDEDFFCPE inst video_display/u_sobel/sobel_data_reg[10:0] at 0 that is stuck at constant 0.
W: Removed bmsWIDEDFFCPE inst video_display/u_sobel/sobel_data_reg[10:0] at 1 that is stuck at constant 0.
W: Removed bmsWIDEDFFCPE inst video_display/u_sobel/sobel_data_reg[10:0] at 2 that is stuck at constant 0.
W: Removed bmsWIDEDFFCPE inst video_display/u_sobel/sobel_data_reg[10:0] at 3 that is stuck at constant 0.
W: Removed bmsWIDEDFFCPE inst video_display/u_sobel/sobel_data_reg[10:0] at 4 that is stuck at constant 0.
W: Removed bmsWIDEDFFCPE inst video_display/u_sobel/sobel_data_reg[10:0] at 5 that is stuck at constant 0.
W: Removed bmsWIDEDFFCPE inst video_display/u_sobel/sobel_data_reg[10:0] at 6 that is stuck at constant 0.
W: Removed bmsWIDEDFFCPE inst video_display/u_sobel/sobel_data_reg[10:0] at 7 that is stuck at constant 0.
W: Removed bmsWIDEDFFCPE inst video_display/u_sobel/sobel_data_reg[10:0] at 8 that is stuck at constant 0.
W: Removed bmsWIDEDFFCPE inst video_display/u_sobel/sobel_data_reg[10:0] at 9 that is stuck at constant 0.
W: Removed bmsWIDEDFFCPE inst video_display/u_sobel/sobel_data_reg[10:0] at 10 that is stuck at constant 0.
W: Removed bmsWIDEDFFRSE inst u_dvi_transmitter/encoder_g/c0_reg that is stuck at constant 0.
W: Removed bmsWIDEDFFRSE inst u_dvi_transmitter/encoder_g/c1_reg that is stuck at constant 0.
W: Removed bmsWIDEDFFRSE inst u_dvi_transmitter/encoder_r/c0_reg that is stuck at constant 0.
W: Removed bmsWIDEDFFRSE inst u_dvi_transmitter/encoder_r/c1_reg that is stuck at constant 0.
I: Removed bmsSUB inst video_display/u_sobel/N84_3 that is redundant to video_display/u_sobel/N83_3
I: Removed bmsLT inst video_display/u_sobel/N54 that is redundant to video_display/u_sobel/N42
I: Removed bmsWIDEDFFRSE inst u_dvi_transmitter/encoder_g/de_q that is redundant to u_dvi_transmitter/encoder_b/de_q
I: Removed bmsWIDEDFFRSE inst u_dvi_transmitter/encoder_r/de_q that is redundant to u_dvi_transmitter/encoder_b/de_q
I: Removed bmsWIDEDFFRSE inst u_dvi_transmitter/encoder_g/de_reg that is redundant to u_dvi_transmitter/encoder_b/de_reg
I: Removed bmsWIDEDFFRSE inst u_dvi_transmitter/encoder_r/de_reg that is redundant to u_dvi_transmitter/encoder_b/de_reg
W: Public-4008: Instance 'sync_vg/y_act[11:0]' of 'bmsWIDEDFFRSE' unit is dangling and will be cleaned.
W: Public-4008: Instance 'sync_vg/x_act[11:0]' of 'bmsWIDEDFFRSE' unit is dangling and will be cleaned.
W: Public-4008: Instance 'video_display/rom_addr[15:0]' of 'bmsWIDEDFFCPE' unit is dangling and will be cleaned.
W: Public-4008: Instance 'video_display/rom_addr_previous[15:0]' of 'bmsWIDEDFFCPE' unit is dangling and will be cleaned.
W: Public-4008: Instance 'video_display/rom_addr_sobel[15:0]' of 'bmsWIDEDFFCPE' unit is dangling and will be cleaned.
W: Public-4008: Instance 'video_display/u_RGB2YCbCr/y0[15:0]' of 'bmsWIDEDFFCPE' unit is dangling and will be cleaned.
W: Public-4008: Instance 'video_display/u_RGB2YCbCr/y1[7:0]' of 'bmsWIDEDFFCPE' unit is dangling and will be cleaned.
W: Public-4008: Instance 'video_display/u_RGB2YCbCr/rgb_b_m0[15:0]' of 'bmsWIDEDFFCPE' unit is dangling and will be cleaned.
W: Public-4008: Instance 'video_display/u_RGB2YCbCr/rgb_g_m0[15:0]' of 'bmsWIDEDFFCPE' unit is dangling and will be cleaned.
W: Public-4008: Instance 'video_display/u_RGB2YCbCr/rgb_r_m0[15:0]' of 'bmsWIDEDFFCPE' unit is dangling and will be cleaned.
W: Public-4008: Instance 'video_display/u_matrix_3x3/matrix11[0]' of 'bmsWIDEDFFCPE' unit is dangling and will be cleaned.
W: Public-4008: Instance 'video_display/u_matrix_3x3/matrix11[1]' of 'bmsWIDEDFFCPE' unit is dangling and will be cleaned.
W: Public-4008: Instance 'video_display/u_matrix_3x3/matrix11[2]' of 'bmsWIDEDFFCPE' unit is dangling and will be cleaned.
W: Public-4008: Instance 'video_display/u_matrix_3x3/matrix11[3]' of 'bmsWIDEDFFCPE' unit is dangling and will be cleaned.
W: Public-4008: Instance 'video_display/u_matrix_3x3/matrix11[4]' of 'bmsWIDEDFFCPE' unit is dangling and will be cleaned.
W: Public-4008: Instance 'video_display/u_matrix_3x3/matrix11[5]' of 'bmsWIDEDFFCPE' unit is dangling and will be cleaned.
W: Public-4008: Instance 'video_display/u_matrix_3x3/matrix11[6]' of 'bmsWIDEDFFCPE' unit is dangling and will be cleaned.
W: Public-4008: Instance 'video_display/u_matrix_3x3/matrix11[7]' of 'bmsWIDEDFFCPE' unit is dangling and will be cleaned.
W: Public-4008: Instance 'video_display/u_matrix_3x3/matrix12[0]' of 'bmsWIDEDFFCPE' unit is dangling and will be cleaned.
W: Public-4008: Instance 'video_display/u_matrix_3x3/matrix12[1]' of 'bmsWIDEDFFCPE' unit is dangling and will be cleaned.
W: Public-4008: Instance 'video_display/u_matrix_3x3/matrix12[2]' of 'bmsWIDEDFFCPE' unit is dangling and will be cleaned.
W: Public-4008: Instance 'video_display/u_matrix_3x3/matrix12[3]' of 'bmsWIDEDFFCPE' unit is dangling and will be cleaned.
W: Public-4008: Instance 'video_display/u_matrix_3x3/matrix12[4]' of 'bmsWIDEDFFCPE' unit is dangling and will be cleaned.
W: Public-4008: Instance 'video_display/u_matrix_3x3/matrix12[5]' of 'bmsWIDEDFFCPE' unit is dangling and will be cleaned.
W: Public-4008: Instance 'video_display/u_matrix_3x3/matrix12[6]' of 'bmsWIDEDFFCPE' unit is dangling and will be cleaned.
W: Public-4008: Instance 'video_display/u_matrix_3x3/matrix12[7]' of 'bmsWIDEDFFCPE' unit is dangling and will be cleaned.
W: Public-4008: Instance 'video_display/u_matrix_3x3/matrix13[7:0]' of 'bmsWIDEDFFCPE' unit is dangling and will be cleaned.
W: Public-4008: Instance 'video_display/u_matrix_3x3/matrix21[0]' of 'bmsWIDEDFFCPE' unit is dangling and will be cleaned.
W: Public-4008: Instance 'video_display/u_matrix_3x3/matrix21[1]' of 'bmsWIDEDFFCPE' unit is dangling and will be cleaned.
W: Public-4008: Instance 'video_display/u_matrix_3x3/matrix21[2]' of 'bmsWIDEDFFCPE' unit is dangling and will be cleaned.
W: Public-4008: Instance 'video_display/u_matrix_3x3/matrix21[3]' of 'bmsWIDEDFFCPE' unit is dangling and will be cleaned.
W: Public-4008: Instance 'video_display/u_matrix_3x3/matrix21[4]' of 'bmsWIDEDFFCPE' unit is dangling and will be cleaned.
W: Public-4008: Instance 'video_display/u_matrix_3x3/matrix21[5]' of 'bmsWIDEDFFCPE' unit is dangling and will be cleaned.
W: Public-4008: Instance 'video_display/u_matrix_3x3/matrix21[6]' of 'bmsWIDEDFFCPE' unit is dangling and will be cleaned.
W: Public-4008: Instance 'video_display/u_matrix_3x3/matrix21[7]' of 'bmsWIDEDFFCPE' unit is dangling and will be cleaned.
W: Public-4008: Instance 'video_display/u_matrix_3x3/matrix22[0]' of 'bmsWIDEDFFCPE' unit is dangling and will be cleaned.
W: Public-4008: Instance 'video_display/u_matrix_3x3/matrix22[1]' of 'bmsWIDEDFFCPE' unit is dangling and will be cleaned.
W: Public-4008: Instance 'video_display/u_matrix_3x3/matrix22[2]' of 'bmsWIDEDFFCPE' unit is dangling and will be cleaned.
W: Public-4008: Instance 'video_display/u_matrix_3x3/matrix22[3]' of 'bmsWIDEDFFCPE' unit is dangling and will be cleaned.
W: Public-4008: Instance 'video_display/u_matrix_3x3/matrix22[4]' of 'bmsWIDEDFFCPE' unit is dangling and will be cleaned.
W: Public-4008: Instance 'video_display/u_matrix_3x3/matrix22[5]' of 'bmsWIDEDFFCPE' unit is dangling and will be cleaned.
W: Public-4008: Instance 'video_display/u_matrix_3x3/matrix22[6]' of 'bmsWIDEDFFCPE' unit is dangling and will be cleaned.
W: Public-4008: Instance 'video_display/u_matrix_3x3/matrix22[7]' of 'bmsWIDEDFFCPE' unit is dangling and will be cleaned.
W: Public-4008: Instance 'video_display/u_matrix_3x3/matrix23[7:0]' of 'bmsWIDEDFFCPE' unit is dangling and will be cleaned.
W: Public-4008: Instance 'video_display/u_matrix_3x3/matrix31[0]' of 'bmsWIDEDFFCPE' unit is dangling and will be cleaned.
W: Public-4008: Instance 'video_display/u_matrix_3x3/matrix31[1]' of 'bmsWIDEDFFCPE' unit is dangling and will be cleaned.
W: Public-4008: Instance 'video_display/u_matrix_3x3/matrix31[2]' of 'bmsWIDEDFFCPE' unit is dangling and will be cleaned.
W: Public-4008: Instance 'video_display/u_matrix_3x3/matrix31[3]' of 'bmsWIDEDFFCPE' unit is dangling and will be cleaned.
W: Public-4008: Instance 'video_display/u_matrix_3x3/matrix31[4]' of 'bmsWIDEDFFCPE' unit is dangling and will be cleaned.
W: Public-4008: Instance 'video_display/u_matrix_3x3/matrix31[5]' of 'bmsWIDEDFFCPE' unit is dangling and will be cleaned.
W: Public-4008: Instance 'video_display/u_matrix_3x3/matrix31[6]' of 'bmsWIDEDFFCPE' unit is dangling and will be cleaned.
W: Public-4008: Instance 'video_display/u_matrix_3x3/matrix31[7]' of 'bmsWIDEDFFCPE' unit is dangling and will be cleaned.
W: Public-4008: Instance 'video_display/u_matrix_3x3/matrix32[0]' of 'bmsWIDEDFFCPE' unit is dangling and will be cleaned.
W: Public-4008: Instance 'video_display/u_matrix_3x3/matrix32[1]' of 'bmsWIDEDFFCPE' unit is dangling and will be cleaned.
W: Public-4008: Instance 'video_display/u_matrix_3x3/matrix32[2]' of 'bmsWIDEDFFCPE' unit is dangling and will be cleaned.
W: Public-4008: Instance 'video_display/u_matrix_3x3/matrix32[3]' of 'bmsWIDEDFFCPE' unit is dangling and will be cleaned.
W: Public-4008: Instance 'video_display/u_matrix_3x3/matrix32[4]' of 'bmsWIDEDFFCPE' unit is dangling and will be cleaned.
W: Public-4008: Instance 'video_display/u_matrix_3x3/matrix32[5]' of 'bmsWIDEDFFCPE' unit is dangling and will be cleaned.
W: Public-4008: Instance 'video_display/u_matrix_3x3/matrix32[6]' of 'bmsWIDEDFFCPE' unit is dangling and will be cleaned.
W: Public-4008: Instance 'video_display/u_matrix_3x3/matrix32[7]' of 'bmsWIDEDFFCPE' unit is dangling and will be cleaned.
W: Public-4008: Instance 'video_display/u_matrix_3x3/matrix33[7:0]' of 'bmsWIDEDFFCPE' unit is dangling and will be cleaned.
W: Public-4008: Instance 'video_display/u_matrix_3x3/video_data_1d[7:0]' of 'bmsWIDEDFFCPE' unit is dangling and will be cleaned.
W: Removed bmsWIDEDFFRSE inst rstn_1ms[15:0] at 14 that is stuck at constant 0.
W: Removed bmsWIDEDFFRSE inst sync_vg/v_count[11:0] at 11 that is stuck at constant 0.
W: Removed bmsWIDEDFFCPE inst video_display/u_matrix_3x3/y_cnt[11:0] at 11 that is stuck at constant 0.
W: Removed bmsWIDEDFFPATCE inst video_display/pixel_data[23:0] at 0 that is stuck at constant 1.
W: Removed bmsWIDEDFFPATCE inst video_display/pixel_data[23:0] at 1 that is stuck at constant 1.
W: Removed bmsWIDEDFFPATCE inst video_display/pixel_data[23:0] at 2 that is stuck at constant 1.
W: Removed bmsWIDEDFFPATCE inst video_display/pixel_data[23:0] at 3 that is stuck at constant 1.
W: Removed bmsWIDEDFFPATCE inst video_display/pixel_data[23:0] at 4 that is stuck at constant 1.
W: Removed bmsWIDEDFFPATCE inst video_display/pixel_data[23:0] at 5 that is stuck at constant 1.
W: Removed bmsWIDEDFFPATCE inst video_display/pixel_data[23:0] at 6 that is stuck at constant 1.
W: Removed bmsWIDEDFFPATCE inst video_display/pixel_data[23:0] at 7 that is stuck at constant 1.
W: Removed bmsWIDEDFFPATCE inst video_display/pixel_data[23:0] at 8 that is stuck at constant 1.
W: Removed bmsWIDEDFFPATCE inst video_display/pixel_data[23:0] at 9 that is stuck at constant 1.
W: Removed bmsWIDEDFFPATCE inst video_display/pixel_data[23:0] at 10 that is stuck at constant 1.
W: Removed bmsWIDEDFFPATCE inst video_display/pixel_data[23:0] at 11 that is stuck at constant 1.
W: Removed bmsWIDEDFFPATCE inst video_display/pixel_data[23:0] at 12 that is stuck at constant 1.
W: Removed bmsWIDEDFFPATCE inst video_display/pixel_data[23:0] at 13 that is stuck at constant 1.
W: Removed bmsWIDEDFFPATCE inst video_display/pixel_data[23:0] at 14 that is stuck at constant 1.
W: Removed bmsWIDEDFFPATCE inst video_display/pixel_data[23:0] at 15 that is stuck at constant 1.
W: Removed bmsWIDEDFFPATCE inst video_display/pixel_data[23:0] at 21 that is stuck at constant 1.
W: Removed bmsWIDEDFFPATCE inst video_display/pixel_data[23:0] at 22 that is stuck at constant 1.
W: Removed bmsWIDEDFFPATCE inst video_display/pixel_data[23:0] at 23 that is stuck at constant 1.
W: Removed bmsWIDEDFFRSE inst u_dvi_transmitter/encoder_b/din_q[7:0] at 0 that is stuck at constant 1.
W: Removed bmsWIDEDFFRSE inst u_dvi_transmitter/encoder_b/din_q[7:0] at 1 that is stuck at constant 1.
W: Removed bmsWIDEDFFRSE inst u_dvi_transmitter/encoder_b/din_q[7:0] at 2 that is stuck at constant 1.
W: Removed bmsWIDEDFFRSE inst u_dvi_transmitter/encoder_b/din_q[7:0] at 3 that is stuck at constant 1.
W: Removed bmsWIDEDFFRSE inst u_dvi_transmitter/encoder_b/din_q[7:0] at 4 that is stuck at constant 1.
W: Removed bmsWIDEDFFRSE inst u_dvi_transmitter/encoder_b/din_q[7:0] at 5 that is stuck at constant 1.
W: Removed bmsWIDEDFFRSE inst u_dvi_transmitter/encoder_b/din_q[7:0] at 6 that is stuck at constant 1.
W: Removed bmsWIDEDFFRSE inst u_dvi_transmitter/encoder_b/din_q[7:0] at 7 that is stuck at constant 1.
W: Removed bmsWIDEDFFRSE inst u_dvi_transmitter/encoder_g/din_q[7:0] at 0 that is stuck at constant 1.
W: Removed bmsWIDEDFFRSE inst u_dvi_transmitter/encoder_g/din_q[7:0] at 1 that is stuck at constant 1.
W: Removed bmsWIDEDFFRSE inst u_dvi_transmitter/encoder_g/din_q[7:0] at 2 that is stuck at constant 1.
W: Removed bmsWIDEDFFRSE inst u_dvi_transmitter/encoder_g/din_q[7:0] at 3 that is stuck at constant 1.
W: Removed bmsWIDEDFFRSE inst u_dvi_transmitter/encoder_g/din_q[7:0] at 4 that is stuck at constant 1.
W: Removed bmsWIDEDFFRSE inst u_dvi_transmitter/encoder_g/din_q[7:0] at 5 that is stuck at constant 1.
W: Removed bmsWIDEDFFRSE inst u_dvi_transmitter/encoder_g/din_q[7:0] at 6 that is stuck at constant 1.
W: Removed bmsWIDEDFFRSE inst u_dvi_transmitter/encoder_g/din_q[7:0] at 7 that is stuck at constant 1.
W: Removed bmsWIDEDFFRSE inst u_dvi_transmitter/encoder_r/din_q[7:0] at 5 that is stuck at constant 1.
W: Removed bmsWIDEDFFRSE inst u_dvi_transmitter/encoder_r/din_q[7:0] at 6 that is stuck at constant 1.
W: Removed bmsWIDEDFFRSE inst u_dvi_transmitter/encoder_r/din_q[7:0] at 7 that is stuck at constant 1.
W: Removed bmsWIDEDFFRSE inst u_dvi_transmitter/encoder_b/q_m_reg[8:0] at 0 that is stuck at constant 1.
W: Removed bmsWIDEDFFRSE inst u_dvi_transmitter/encoder_g/q_m_reg[8:0] at 0 that is stuck at constant 1.
W: Removed bmsWIDEDFFRSE inst u_dvi_transmitter/encoder_b/n1d[3:0] at 0 that is stuck at constant 0.
W: Removed bmsWIDEDFFRSE inst u_dvi_transmitter/encoder_g/n1d[3:0] at 0 that is stuck at constant 0.
W: Removed bmsWIDEDFFRSE inst u_dvi_transmitter/encoder_b/n1d[3:0] at 1 that is stuck at constant 0.
W: Removed bmsWIDEDFFRSE inst u_dvi_transmitter/encoder_g/n1d[3:0] at 1 that is stuck at constant 0.
W: Removed bmsWIDEDFFRSE inst u_dvi_transmitter/encoder_b/n1d[3:0] at 3 that is stuck at constant 1.
W: Removed bmsWIDEDFFRSE inst u_dvi_transmitter/encoder_g/n1d[3:0] at 3 that is stuck at constant 1.
W: Removed bmsWIDEDFFRSE inst u_dvi_transmitter/encoder_b/n1d[3:0] at 2 that is stuck at constant 0.
W: Removed bmsWIDEDFFRSE inst u_dvi_transmitter/encoder_g/n1d[3:0] at 2 that is stuck at constant 0.
W: Removed bmsWIDEDFFRSE inst u_dvi_transmitter/encoder_b/q_m_reg[8:0] at 1 that is stuck at constant 1.
W: Removed bmsWIDEDFFRSE inst u_dvi_transmitter/encoder_b/q_m_reg[8:0] at 8 that is stuck at constant 0.
W: Removed bmsWIDEDFFRSE inst u_dvi_transmitter/encoder_g/q_m_reg[8:0] at 1 that is stuck at constant 1.
W: Removed bmsWIDEDFFRSE inst u_dvi_transmitter/encoder_g/q_m_reg[8:0] at 8 that is stuck at constant 0.
W: Removed bmsWIDEDFFRSE inst u_dvi_transmitter/encoder_b/q_m_reg[8:0] at 2 that is stuck at constant 1.
W: Removed bmsWIDEDFFRSE inst u_dvi_transmitter/encoder_g/q_m_reg[8:0] at 2 that is stuck at constant 1.
W: Removed bmsWIDEDFFRSE inst u_dvi_transmitter/encoder_b/q_m_reg[8:0] at 3 that is stuck at constant 1.
W: Removed bmsWIDEDFFRSE inst u_dvi_transmitter/encoder_g/q_m_reg[8:0] at 3 that is stuck at constant 1.
W: Removed bmsWIDEDFFRSE inst u_dvi_transmitter/encoder_b/q_m_reg[8:0] at 4 that is stuck at constant 1.
W: Removed bmsWIDEDFFRSE inst u_dvi_transmitter/encoder_g/q_m_reg[8:0] at 4 that is stuck at constant 1.
W: Removed bmsWIDEDFFRSE inst u_dvi_transmitter/encoder_b/q_m_reg[8:0] at 5 that is stuck at constant 1.
W: Removed bmsWIDEDFFRSE inst u_dvi_transmitter/encoder_g/q_m_reg[8:0] at 5 that is stuck at constant 1.
W: Removed bmsWIDEDFFRSE inst u_dvi_transmitter/encoder_b/q_m_reg[8:0] at 6 that is stuck at constant 1.
W: Removed bmsWIDEDFFRSE inst u_dvi_transmitter/encoder_g/q_m_reg[8:0] at 6 that is stuck at constant 1.
W: Removed bmsWIDEDFFRSE inst u_dvi_transmitter/encoder_b/n1q_m[3:0] at 0 that is stuck at constant 0.
W: Removed bmsWIDEDFFRSE inst u_dvi_transmitter/encoder_b/n0q_m[3:0] at 0 that is stuck at constant 0.
W: Removed bmsWIDEDFFRSE inst u_dvi_transmitter/encoder_g/n1q_m[3:0] at 0 that is stuck at constant 0.
W: Removed bmsWIDEDFFRSE inst u_dvi_transmitter/encoder_g/n0q_m[3:0] at 0 that is stuck at constant 0.
W: Removed bmsWIDEDFFRSE inst u_dvi_transmitter/encoder_b/q_m_reg[8:0] at 7 that is stuck at constant 1.
W: Removed bmsWIDEDFFRSE inst u_dvi_transmitter/encoder_g/q_m_reg[8:0] at 7 that is stuck at constant 1.
W: Removed bmsWIDEDFFRSE inst u_dvi_transmitter/encoder_b/n1q_m[3:0] at 1 that is stuck at constant 0.
W: Removed bmsWIDEDFFRSE inst u_dvi_transmitter/encoder_b/n0q_m[3:0] at 1 that is stuck at constant 0.
W: Removed bmsWIDEDFFRSE inst u_dvi_transmitter/encoder_g/n1q_m[3:0] at 1 that is stuck at constant 0.
W: Removed bmsWIDEDFFRSE inst u_dvi_transmitter/encoder_g/n0q_m[3:0] at 1 that is stuck at constant 0.
W: Removed bmsWIDEDFFRSE inst u_dvi_transmitter/encoder_b/n1q_m[3:0] at 2 that is stuck at constant 0.
W: Removed bmsWIDEDFFRSE inst u_dvi_transmitter/encoder_b/n1q_m[3:0] at 3 that is stuck at constant 1.
W: Removed bmsWIDEDFFRSE inst u_dvi_transmitter/encoder_g/n1q_m[3:0] at 2 that is stuck at constant 0.
W: Removed bmsWIDEDFFRSE inst u_dvi_transmitter/encoder_g/n1q_m[3:0] at 3 that is stuck at constant 1.
W: Removed bmsWIDEDFFRSE inst u_dvi_transmitter/encoder_b/n0q_m[3:0] at 2 that is stuck at constant 0.
W: Removed bmsWIDEDFFRSE inst u_dvi_transmitter/encoder_g/n0q_m[3:0] at 2 that is stuck at constant 0.
W: Removed bmsWIDEDFFRSE inst u_dvi_transmitter/encoder_b/n0q_m[3:0] at 3 that is stuck at constant 0.
W: Removed bmsWIDEDFFRSE inst u_dvi_transmitter/encoder_g/n0q_m[3:0] at 3 that is stuck at constant 0.
I: Removed bmsWIDEINV inst u_dvi_transmitter/encoder_g/N107 that is redundant to u_dvi_transmitter/encoder_b/N107
Executing : mod-gen successfully. Time elapsed: 0.183s wall, 0.219s user + 0.078s system = 0.297s CPU (162.2%)

Start logic-optimization.
W: Removed bmsWIDEDFFCPE inst u_dvi_transmitter/encoder_b/cnt[4:0] at 0 that is stuck at constant 0.
W: Removed bmsWIDEDFFCPE inst u_dvi_transmitter/encoder_g/cnt[4:0] at 0 that is stuck at constant 0.
Executing : logic-optimization successfully. Time elapsed: 0.200s wall, 0.188s user + 0.000s system = 0.188s CPU (93.8%)

Start tech-mapping phase 1.
W: Public-4008: Instance 'rstn_1ms[14]' of 'bmsWIDEDFFRSE' unit is dangling and will be cleaned.
W: Public-4008: Instance 'rstn_1ms[15]' of 'bmsWIDEDFFRSE' unit is dangling and will be cleaned.
W: Public-4008: Instance 'sync_vg/v_count[11]' of 'bmsWIDEDFFRSE' unit is dangling and will be cleaned.
W: Public-4008: Instance 'video_display/u_matrix_3x3/y_cnt[11]' of 'bmsWIDEDFFCPE' unit is dangling and will be cleaned.
W: Public-4008: Instance 'u_dvi_transmitter/encoder_b/cnt[0]' of 'bmsWIDEDFFCPE' unit is dangling and will be cleaned.
W: Public-4008: Instance 'u_dvi_transmitter/encoder_b/dout[1]' of 'bmsWIDEDFFCPE' unit is dangling and will be cleaned.
W: Public-4008: Instance 'u_dvi_transmitter/encoder_b/dout[3]' of 'bmsWIDEDFFCPE' unit is dangling and will be cleaned.
W: Public-4008: Instance 'u_dvi_transmitter/encoder_b/dout[4]' of 'bmsWIDEDFFCPE' unit is dangling and will be cleaned.
W: Public-4008: Instance 'u_dvi_transmitter/encoder_b/dout[5]' of 'bmsWIDEDFFCPE' unit is dangling and will be cleaned.
W: Public-4008: Instance 'u_dvi_transmitter/encoder_b/dout[6]' of 'bmsWIDEDFFCPE' unit is dangling and will be cleaned.
W: Public-4008: Instance 'u_dvi_transmitter/encoder_b/dout[7]' of 'bmsWIDEDFFCPE' unit is dangling and will be cleaned.
W: Public-4008: Instance 'u_dvi_transmitter/encoder_g/cnt[0]' of 'bmsWIDEDFFCPE' unit is dangling and will be cleaned.
W: Public-4008: Instance 'u_dvi_transmitter/encoder_g/dout[1]' of 'bmsWIDEDFFCPE' unit is dangling and will be cleaned.
W: Public-4008: Instance 'u_dvi_transmitter/encoder_g/dout[3]' of 'bmsWIDEDFFCPE' unit is dangling and will be cleaned.
W: Public-4008: Instance 'u_dvi_transmitter/encoder_g/dout[4]' of 'bmsWIDEDFFCPE' unit is dangling and will be cleaned.
W: Public-4008: Instance 'u_dvi_transmitter/encoder_g/dout[5]' of 'bmsWIDEDFFCPE' unit is dangling and will be cleaned.
W: Public-4008: Instance 'u_dvi_transmitter/encoder_g/dout[6]' of 'bmsWIDEDFFCPE' unit is dangling and will be cleaned.
W: Public-4008: Instance 'u_dvi_transmitter/encoder_g/dout[7]' of 'bmsWIDEDFFCPE' unit is dangling and will be cleaned.
W: Public-4008: Instance 'u_dvi_transmitter/encoder_r/q_m_reg[6]' of 'bmsWIDEDFFRSE' unit is dangling and will be cleaned.
W: Public-4008: Instance 'u_dvi_transmitter/encoder_r/q_m_reg[7]' of 'bmsWIDEDFFRSE' unit is dangling and will be cleaned.
W: Public-4008: Instance 'u_dvi_transmitter/encoder_r/din_q[5]' of 'bmsWIDEDFFRSE' unit is dangling and will be cleaned.
W: Public-4008: Instance 'u_dvi_transmitter/encoder_r/din_q[6]' of 'bmsWIDEDFFRSE' unit is dangling and will be cleaned.
W: Public-4008: Instance 'u_dvi_transmitter/encoder_r/din_q[7]' of 'bmsWIDEDFFRSE' unit is dangling and will be cleaned.
W: Public-4008: Instance 'u_dvi_transmitter/encoder_r/dout[6]' of 'bmsWIDEDFFCPE' unit is dangling and will be cleaned.
W: Public-4008: Instance 'u_dvi_transmitter/encoder_r/dout[7]' of 'bmsWIDEDFFCPE' unit is dangling and will be cleaned.
W: Public-4008: Instance 'video_display/pixel_data[0]' of 'bmsWIDEDFFCPE' unit is dangling and will be cleaned.
W: Public-4008: Instance 'video_display/pixel_data[1]' of 'bmsWIDEDFFCPE' unit is dangling and will be cleaned.
W: Public-4008: Instance 'video_display/pixel_data[2]' of 'bmsWIDEDFFCPE' unit is dangling and will be cleaned.
W: Public-4008: Instance 'video_display/pixel_data[3]' of 'bmsWIDEDFFCPE' unit is dangling and will be cleaned.
W: Public-4008: Instance 'video_display/pixel_data[4]' of 'bmsWIDEDFFCPE' unit is dangling and will be cleaned.
W: Public-4008: Instance 'video_display/pixel_data[5]' of 'bmsWIDEDFFCPE' unit is dangling and will be cleaned.
W: Public-4008: Instance 'video_display/pixel_data[6]' of 'bmsWIDEDFFCPE' unit is dangling and will be cleaned.
W: Public-4008: Instance 'video_display/pixel_data[7]' of 'bmsWIDEDFFCPE' unit is dangling and will be cleaned.
W: Public-4008: Instance 'video_display/pixel_data[8]' of 'bmsWIDEDFFCPE' unit is dangling and will be cleaned.
W: Public-4008: Instance 'video_display/pixel_data[9]' of 'bmsWIDEDFFCPE' unit is dangling and will be cleaned.
W: Public-4008: Instance 'video_display/pixel_data[10]' of 'bmsWIDEDFFCPE' unit is dangling and will be cleaned.
W: Public-4008: Instance 'video_display/pixel_data[11]' of 'bmsWIDEDFFCPE' unit is dangling and will be cleaned.
W: Public-4008: Instance 'video_display/pixel_data[12]' of 'bmsWIDEDFFCPE' unit is dangling and will be cleaned.
W: Public-4008: Instance 'video_display/pixel_data[13]' of 'bmsWIDEDFFCPE' unit is dangling and will be cleaned.
W: Public-4008: Instance 'video_display/pixel_data[14]' of 'bmsWIDEDFFCPE' unit is dangling and will be cleaned.
W: Public-4008: Instance 'video_display/pixel_data[15]' of 'bmsWIDEDFFCPE' unit is dangling and will be cleaned.
W: Public-4008: Instance 'video_display/pixel_data[21]' of 'bmsWIDEDFFCPE' unit is dangling and will be cleaned.
W: Public-4008: Instance 'video_display/pixel_data[22]' of 'bmsWIDEDFFCPE' unit is dangling and will be cleaned.
W: Public-4008: Instance 'video_display/pixel_data[23]' of 'bmsWIDEDFFCPE' unit is dangling and will be cleaned.
I: Removed GTP_DFF inst u_dvi_transmitter/encoder_r/n1q_m[0] that is redundant to u_dvi_transmitter/encoder_r/n0q_m[0]
I: Removed GTP_DFF_C inst video_display/pixel_data[17] that is redundant to video_display/pixel_data[16]
I: Removed GTP_DFF_C inst video_display/pixel_data[18] that is redundant to video_display/pixel_data[16]
I: Removed GTP_DFF_C inst video_display/pixel_data[19] that is redundant to video_display/pixel_data[16]
I: Removed GTP_DFF_C inst video_display/pixel_data[20] that is redundant to video_display/pixel_data[16]
I: Removed GTP_DFF inst u_dvi_transmitter/encoder_r/din_q[1] that is redundant to u_dvi_transmitter/encoder_r/din_q[0]
I: Removed GTP_DFF inst u_dvi_transmitter/encoder_r/din_q[2] that is redundant to u_dvi_transmitter/encoder_r/din_q[0]
I: Removed GTP_DFF inst u_dvi_transmitter/encoder_r/din_q[3] that is redundant to u_dvi_transmitter/encoder_r/din_q[0]
I: Removed GTP_DFF inst u_dvi_transmitter/encoder_r/din_q[4] that is redundant to u_dvi_transmitter/encoder_r/din_q[0]
I: Removed GTP_DFF inst u_dvi_transmitter/encoder_r/q_m_reg[2] that is redundant to u_dvi_transmitter/encoder_r/q_m_reg[0]
I: Removed GTP_DFF inst u_dvi_transmitter/encoder_r/q_m_reg[3] that is redundant to u_dvi_transmitter/encoder_r/q_m_reg[1]
I: Removed GTP_DFF inst u_dvi_transmitter/encoder_r/q_m_reg[4] that is redundant to u_dvi_transmitter/encoder_r/q_m_reg[0]
I: Removed GTP_DFF inst u_dvi_transmitter/encoder_r/n1d[1] that is redundant to u_dvi_transmitter/encoder_r/n1d[0]
I: Removed GTP_DFF_C inst u_dvi_transmitter/encoder_r/dout[3] that is redundant to u_dvi_transmitter/encoder_r/dout[1]
I: Removed GTP_DFF_C inst u_dvi_transmitter/encoder_r/dout[4] that is redundant to u_dvi_transmitter/encoder_r/dout[2]
I: Removed GTP_DFF inst u_dvi_transmitter/encoder_r/n1d[3] that is redundant to u_dvi_transmitter/encoder_r/din_q[0]
I: Removed GTP_DFF inst u_dvi_transmitter/encoder_r/n1d[2] that is redundant to u_dvi_transmitter/encoder_r/n0q_m[0]
W: Removed GTP_DFF inst u_dvi_transmitter/encoder_r/n0q_m[0] that is stuck at constant 0.
I: Removed GTP_DFF inst u_dvi_transmitter/encoder_r/q_m_reg[1] that is redundant to u_dvi_transmitter/encoder_r/q_m_reg[0]
I: Removed GTP_DFF inst u_dvi_transmitter/encoder_r/n1q_m[1] that is redundant to u_dvi_transmitter/encoder_r/n0q_m[1]
I: Removed GTP_DFF_C inst u_dvi_transmitter/encoder_r/dout[1] that is redundant to u_dvi_transmitter/encoder_r/dout[0]
W: Removed GTP_DFF inst u_dvi_transmitter/encoder_r/q_m_reg[5] that is stuck at constant 1.
I: Removed GTP_DFF inst u_dvi_transmitter/encoder_r/q_m_reg[8] that is redundant to u_dvi_transmitter/encoder_r/n0q_m[1]
I: Removed GTP_DFF inst u_dvi_transmitter/encoder_r/q_m_reg[0] that is redundant to u_dvi_transmitter/encoder_r/n1q_m[3]
W: Removed GTP_DFF inst u_dvi_transmitter/encoder_r/n1q_m[2] that is stuck at constant 0.
I: Removed GTP_DFF inst u_dvi_transmitter/encoder_r/n0q_m[2] that is redundant to u_dvi_transmitter/encoder_r/n0q_m[1]
W: Removed GTP_DFF inst u_dvi_transmitter/encoder_r/n0q_m[3] that is stuck at constant 0.
W: Public-4008: Instance 'u_dvi_transmitter/encoder_r/n1d[0]' of 'GTP_DFF' unit is dangling and will be cleaned.
W: Removed GTP_DFF_C inst u_dvi_transmitter/encoder_r/cnt[0] that is stuck at constant 0.
Executing : tech-mapping phase 1 successfully. Time elapsed: 0.038s wall, 0.047s user + 0.000s system = 0.047s CPU (123.6%)

Start tech-mapping phase 2.
Executing : tech-mapping phase 2 successfully. Time elapsed: 0.241s wall, 0.344s user + 0.141s system = 0.484s CPU (200.9%)

Start tech-optimization.
Executing : tech-optimization successfully. Time elapsed: 0.054s wall, 0.094s user + 0.016s system = 0.109s CPU (200.8%)

Start phys-optimization.
Executing : phys-optimization successfully. Time elapsed: 0.000s wall, 0.000s user + 0.000s system = 0.000s CPU (n/a%)

Start restore-hierarchy.
Executing : restore-hierarchy successfully. Time elapsed: 0.034s wall, 0.031s user + 0.000s system = 0.031s CPU (90.9%)

W: syn_maxfan of lutcarry N37_mux4_4 is more than 10000 on net wr_fifo_en, but wasn't replicated.
W: syn_maxfan of lutcarry N41_mux10_8 is more than 10000 on net rd_fifo_en, but wasn't replicated.
W: syn_maxfan of lutcarry N37_mux4_4 is more than 10000 on net wr_fifo_en, but wasn't replicated.
W: syn_maxfan of lutcarry N41_mux10_8 is more than 10000 on net rd_fifo_en, but wasn't replicated.
W: prevent name conflict by renaming net sync_vg/N0_cpy to sync_vg/N0_cpy_rnmt
W: Public-4008: Instance 'wr_fifo_en_1d' of 'GTP_DFF_C' unit is dangling and will be cleaned.
W: Public-4008: Instance 'x_cnt[0]' of 'GTP_DFF_C' unit is dangling and will be cleaned.
W: Public-4008: Instance 'x_cnt[1]' of 'GTP_DFF_C' unit is dangling and will be cleaned.
W: Public-4008: Instance 'x_cnt[2]' of 'GTP_DFF_C' unit is dangling and will be cleaned.
W: Public-4008: Instance 'x_cnt[3]' of 'GTP_DFF_C' unit is dangling and will be cleaned.
W: Public-4008: Instance 'x_cnt[4]' of 'GTP_DFF_C' unit is dangling and will be cleaned.
W: Public-4008: Instance 'x_cnt[5]' of 'GTP_DFF_C' unit is dangling and will be cleaned.
W: Public-4008: Instance 'x_cnt[6]' of 'GTP_DFF_C' unit is dangling and will be cleaned.
W: Public-4008: Instance 'x_cnt[7]' of 'GTP_DFF_C' unit is dangling and will be cleaned.
W: Public-4008: Instance 'x_cnt[8]' of 'GTP_DFF_C' unit is dangling and will be cleaned.
W: Public-4008: Instance 'x_cnt[9]' of 'GTP_DFF_C' unit is dangling and will be cleaned.
W: Public-4008: Instance 'x_cnt[10]' of 'GTP_DFF_C' unit is dangling and will be cleaned.
W: Public-4008: Instance 'x_cnt[11]' of 'GTP_DFF_C' unit is dangling and will be cleaned.
W: Public-4008: Instance 'y_cnt[0]' of 'GTP_DFF_CE' unit is dangling and will be cleaned.
W: Public-4008: Instance 'y_cnt[1]' of 'GTP_DFF_CE' unit is dangling and will be cleaned.
W: Public-4008: Instance 'y_cnt[2]' of 'GTP_DFF_CE' unit is dangling and will be cleaned.
W: Public-4008: Instance 'y_cnt[3]' of 'GTP_DFF_CE' unit is dangling and will be cleaned.
W: Public-4008: Instance 'y_cnt[4]' of 'GTP_DFF_CE' unit is dangling and will be cleaned.
W: Public-4008: Instance 'y_cnt[5]' of 'GTP_DFF_CE' unit is dangling and will be cleaned.
W: Public-4008: Instance 'y_cnt[6]' of 'GTP_DFF_CE' unit is dangling and will be cleaned.
W: Public-4008: Instance 'y_cnt[7]' of 'GTP_DFF_CE' unit is dangling and will be cleaned.
W: Public-4008: Instance 'y_cnt[8]' of 'GTP_DFF_CE' unit is dangling and will be cleaned.
W: Public-4008: Instance 'y_cnt[9]' of 'GTP_DFF_CE' unit is dangling and will be cleaned.
W: Public-4008: Instance 'y_cnt[10]' of 'GTP_DFF_CE' unit is dangling and will be cleaned.

Cell Usage:
GTP_DFF                      13 uses
GTP_DFF_C                    41 uses
GTP_DFF_P                     2 uses
GTP_DFF_R                    28 uses
GTP_DFF_RE                   11 uses
GTP_GPLL                      2 uses
GTP_GRS                       1 use
GTP_LUT1                      1 use
GTP_LUT2                      3 uses
GTP_LUT3                      2 uses
GTP_LUT4                      7 uses
GTP_LUT5                      5 uses
GTP_LUT6                     28 uses
GTP_LUT6CARRY                41 uses
GTP_LUT6D                    18 uses
GTP_OSERDES_E2                8 uses

I/O ports: 5
GTP_INBUF                   1 use
GTP_OUTBUFDS                4 uses

Mapping Summary:
Total LUTs: 105 of 17800 (0.59%)
	LUTs as dram: 0 of 5500 (0.00%)
	LUTs as logic: 105
Total Registers: 95 of 35600 (0.27%)
Total Latches: 0

DRM36K/FIFO:
Total DRM = 0.0 of 55 (0.00%)

APMs:
Total APMs = 0.00 of 80 (0.00%)

Total I/O ports = 9 of 150 (6.00%)


Overview of Control Sets:

Number of unique control sets : 8

Histogram:
**************************************************************
  Fanout      | Count    | Sync Set/Reset    Async Set/Reset
--------------------------------------------------------------
  [0, 2)      | 0        | 0                 0
  [2, 4)      | 2        | 1                 1
  [4, 6)      | 0        | 0                 0
  [6, 8)      | 0        | 0                 0
  [8, 10)     | 0        | 0                 0
  [10, 12)    | 1        | 1                 0
  [12, 14)    | 2        | 2                 0
  [14, 16)    | 1        | 1                 0
  [16, Inf)   | 2        | 0                 2
--------------------------------------------------------------
  The maximum fanout: 25
==============================================================

Flip-Flop Distribution:
************************************************************************
  Clock Enable    Sync Set/Reset    Async Set/Reset    Total Registers
------------------------------------------------------------------------
  NO              NO                NO                 13
  NO              NO                YES                43
  NO              YES               NO                 28
  YES             NO                NO                 0
  YES             NO                YES                0
  YES             YES               NO                 11
========================================================================

Latch Distribution:
************************************************
  Gate Enable    Preset/Clear    Total Latches
************************************************
  NO             NO              0
  NO             YES             0
  YES            NO              0
  YES            YES             0
************************************************

Design 'hdmi_picture_sobel' has been successfully synthesized to architecture-specific objects.
Saving design to DB.
Saving design to hdmi_picture_sobel_syn.vm
W: Adm-4019: Unable to further flatten instance 'video_display/u_matrix_3x3'. The design is empty.
Constructing timing graph ...
Timing graph has been constructed successfully
W: Timing-4087: Port 'tmds_clk_n' is not constrained, it is treated as combinational output.
W: Timing-4087: Port 'tmds_clk_p' is not constrained, it is treated as combinational output.
W: Timing-4087: Port 'tmds_data_n[0]' is not constrained, it is treated as combinational output.
W: Timing-4087: Port 'tmds_data_n[1]' is not constrained, it is treated as combinational output.
W: Timing-4087: Port 'tmds_data_n[2]' is not constrained, it is treated as combinational output.
W: Timing-4087: Port 'tmds_data_p[0]' is not constrained, it is treated as combinational output.
W: Timing-4087: Port 'tmds_data_p[1]' is not constrained, it is treated as combinational output.
W: Timing-4087: Port 'tmds_data_p[2]' is not constrained, it is treated as combinational output.
Action synthesize: Real time elapsed is 0h:0m:8s
Action synthesize: CPU time elapsed is 0h:0m:6s
Action synthesize: Process CPU time elapsed is 0h:0m:6s
Current time: Wed Nov 19 22:20:14 2025
Action synthesize: Peak memory pool usage is 319 MB
