# Reading E:/App/Professional/modelsim/path/modeltech64_10.4/tcl/vsim/pref.tcl
# //  ModelSim SE-64 10.4 Dec  3 2014 
# //
# //  Copyright 1991-2014 Mentor Graphics Corporation
# //  All Rights Reserved.
# //
# //  THIS WORK CONTAINS TRADE SECRET AND PROPRIETARY INFORMATION
# //  WHICH IS THE PROPERTY OF MENTOR GRAPHICS CORPORATION OR ITS
# //  LICENSORS AND IS SUBJECT TO LICENSE TERMS.
# //  THIS DOCUMENT CONTAINS TRADE SECRETS AND COMMERCIAL OR FINANCIAL
# //  INFORMATION THAT ARE PRIVILEGED, CONFIDENTIAL, AND EXEMPT FROM
# //  DISCLOSURE UNDER THE FREEDOM OF INFORMATION ACT, 5 U.S.C. SECTION 552.
# //  FURTHERMORE, THIS INFORMATION IS PROHIBITED FROM DISCLOSURE UNDER
# //  THE TRADE SECRETS ACT, 18 U.S.C. SECTION 1905.
# //
# do {run_behav_compile.tcl}
# ** Error: (vlib-35) Failed to create directory "work".
# 
# File exists. (errno = EEXIST)
# Model Technology ModelSim SE-64 vmap 10.4 Lib Mapping Utility 2014.12 Dec  3 2014
# vmap -modelsim_quiet work ./work 
# Modifying modelsim.ini
# Model Technology ModelSim SE-64 vmap 10.4 Lib Mapping Utility 2014.12 Dec  3 2014
# vmap -modelsim_quiet usim E:/User/Files/project_self/OPHW_25H/OPHW_25H_TEST/1_Demo/Advanced/15_matrix_3x3/project/pango_sim_libraries/usim 
# Modifying modelsim.ini
# Model Technology ModelSim SE-64 vmap 10.4 Lib Mapping Utility 2014.12 Dec  3 2014
# vmap -modelsim_quiet adc_e2 E:/User/Files/project_self/OPHW_25H/OPHW_25H_TEST/1_Demo/Advanced/15_matrix_3x3/project/pango_sim_libraries/adc_e2 
# Modifying modelsim.ini
# Model Technology ModelSim SE-64 vmap 10.4 Lib Mapping Utility 2014.12 Dec  3 2014
# vmap -modelsim_quiet ddc_e2 E:/User/Files/project_self/OPHW_25H/OPHW_25H_TEST/1_Demo/Advanced/15_matrix_3x3/project/pango_sim_libraries/ddc_e2 
# Modifying modelsim.ini
# Model Technology ModelSim SE-64 vmap 10.4 Lib Mapping Utility 2014.12 Dec  3 2014
# vmap -modelsim_quiet dll_e2 E:/User/Files/project_self/OPHW_25H/OPHW_25H_TEST/1_Demo/Advanced/15_matrix_3x3/project/pango_sim_libraries/dll_e2 
# Modifying modelsim.ini
# Model Technology ModelSim SE-64 vmap 10.4 Lib Mapping Utility 2014.12 Dec  3 2014
# vmap -modelsim_quiet hsstlp_lane E:/User/Files/project_self/OPHW_25H/OPHW_25H_TEST/1_Demo/Advanced/15_matrix_3x3/project/pango_sim_libraries/hsstlp_lane 
# Modifying modelsim.ini
# Model Technology ModelSim SE-64 vmap 10.4 Lib Mapping Utility 2014.12 Dec  3 2014
# vmap -modelsim_quiet hsstlp_pll E:/User/Files/project_self/OPHW_25H/OPHW_25H_TEST/1_Demo/Advanced/15_matrix_3x3/project/pango_sim_libraries/hsstlp_pll 
# Modifying modelsim.ini
# Model Technology ModelSim SE-64 vmap 10.4 Lib Mapping Utility 2014.12 Dec  3 2014
# vmap -modelsim_quiet iolhr_dft E:/User/Files/project_self/OPHW_25H/OPHW_25H_TEST/1_Demo/Advanced/15_matrix_3x3/project/pango_sim_libraries/iolhr_dft 
# Modifying modelsim.ini
# Model Technology ModelSim SE-64 vmap 10.4 Lib Mapping Utility 2014.12 Dec  3 2014
# vmap -modelsim_quiet ipal_e1 E:/User/Files/project_self/OPHW_25H/OPHW_25H_TEST/1_Demo/Advanced/15_matrix_3x3/project/pango_sim_libraries/ipal_e1 
# Modifying modelsim.ini
# Model Technology ModelSim SE-64 vmap 10.4 Lib Mapping Utility 2014.12 Dec  3 2014
# vmap -modelsim_quiet ipal_e2 E:/User/Files/project_self/OPHW_25H/OPHW_25H_TEST/1_Demo/Advanced/15_matrix_3x3/project/pango_sim_libraries/ipal_e2 
# Modifying modelsim.ini
# Model Technology ModelSim SE-64 vmap 10.4 Lib Mapping Utility 2014.12 Dec  3 2014
# vmap -modelsim_quiet iserdes_e2 E:/User/Files/project_self/OPHW_25H/OPHW_25H_TEST/1_Demo/Advanced/15_matrix_3x3/project/pango_sim_libraries/iserdes_e2 
# Modifying modelsim.ini
# Model Technology ModelSim SE-64 vmap 10.4 Lib Mapping Utility 2014.12 Dec  3 2014
# vmap -modelsim_quiet oserdes_e2 E:/User/Files/project_self/OPHW_25H/OPHW_25H_TEST/1_Demo/Advanced/15_matrix_3x3/project/pango_sim_libraries/oserdes_e2 
# Modifying modelsim.ini
# Model Technology ModelSim SE-64 vmap 10.4 Lib Mapping Utility 2014.12 Dec  3 2014
# vmap -modelsim_quiet pciegen2 E:/User/Files/project_self/OPHW_25H/OPHW_25H_TEST/1_Demo/Advanced/15_matrix_3x3/project/pango_sim_libraries/pciegen2 
# Modifying modelsim.ini
# Model Technology ModelSim SE-64 vlog 10.4 Compiler 2014.12 Dec  3 2014
# Start time: 13:05:17 on Nov 25,2025
# vlog -reportprogress 300 -work work E:/User/Files/project_self/OPHW_25H/OPHW_25H_TEST/1_Demo/Advanced/15_matrix_3x3/design/matrix_3x3.v E:/User/Files/project_self/OPHW_25H/OPHW_25H_TEST/1_Demo/Advanced/15_matrix_3x3/project/ipcore/fifo_line_buffer/rtl/ipm2l_fifo_ctrl_v1_1_fifo_line_buffer.v E:/User/Files/project_self/OPHW_25H/OPHW_25H_TEST/1_Demo/Advanced/15_matrix_3x3/project/ipcore/fifo_line_buffer/rtl/ipm2l_sdpram_v1_10_fifo_line_buffer.v E:/User/Files/project_self/OPHW_25H/OPHW_25H_TEST/1_Demo/Advanced/15_matrix_3x3/project/ipcore/fifo_line_buffer/rtl/ipm2l_fifo_v1_10_fifo_line_buffer.v E:/User/Files/project_self/OPHW_25H/OPHW_25H_TEST/1_Demo/Advanced/15_matrix_3x3/project/ipcore/fifo_line_buffer/fifo_line_buffer.v E:/User/Files/project_self/OPHW_25H/OPHW_25H_TEST/1_Demo/Advanced/15_matrix_3x3/simulation/matrix_3x3.v E:/User/Files/project_self/OPHW_25H/OPHW_25H_TEST/1_Demo/Advanced/15_matrix_3x3/simulation/matrix_tb.v 
# -- Compiling module matrix_3x3
# -- Compiling module ipm2l_fifo_ctrl_v1_1_fifo_line_buffer
# -- Compiling module ipm2l_sdpram_v1_10_fifo_line_buffer
# -- Compiling module ipm2l_fifo_v1_10_fifo_line_buffer
# -- Compiling module fifo_line_buffer
# ** Warning: E:/User/Files/project_self/OPHW_25H/OPHW_25H_TEST/1_Demo/Advanced/15_matrix_3x3/simulation/matrix_3x3.v(2): (vlog-2275) 'matrix_3x3' already exists and will be overwritten.
# 
# -- Compiling module matrix_3x3
# -- Compiling module matrix_tb
# 
# Top level modules:
# 	matrix_tb
# End time: 13:05:17 on Nov 25,2025, Elapsed time: 0:00:00
# Errors: 0, Warnings: 1
# do {run_behav_simulate.tcl}
# vsim -gui -do "do {run_behav_compile.tcl};do {run_behav_simulate.tcl}" -l run_behav_simulate.log 
# Start time: 13:05:17 on Nov 25,2025
# ** Warning: (vsim-8891) All optimizations are turned off because the -novopt switch is in effect. This will cause your simulation to run very slowly. If you are using this switch to preserve visibility for Debug or PLI features please see the User's Manual section on Preserving Object Visibility with vopt.
# 
# Refreshing E:/User/Files/project_self/OPHW_25H/OPHW_25H_TEST/1_Demo/Advanced/15_matrix_3x3/project/sim/behav/work.matrix_tb
# Loading work.matrix_tb
# Loading usim.GTP_GRS
# Refreshing E:/User/Files/project_self/OPHW_25H/OPHW_25H_TEST/1_Demo/Advanced/15_matrix_3x3/project/sim/behav/work.matrix_3x3
# Loading work.matrix_3x3
# Refreshing E:/User/Files/project_self/OPHW_25H/OPHW_25H_TEST/1_Demo/Advanced/15_matrix_3x3/project/sim/behav/work.fifo_line_buffer
# Loading work.fifo_line_buffer
# Refreshing E:/User/Files/project_self/OPHW_25H/OPHW_25H_TEST/1_Demo/Advanced/15_matrix_3x3/project/sim/behav/work.ipm2l_fifo_v1_10_fifo_line_buffer
# Loading work.ipm2l_fifo_v1_10_fifo_line_buffer
# Refreshing E:/User/Files/project_self/OPHW_25H/OPHW_25H_TEST/1_Demo/Advanced/15_matrix_3x3/project/sim/behav/work.ipm2l_sdpram_v1_10_fifo_line_buffer
# Loading work.ipm2l_sdpram_v1_10_fifo_line_buffer
# Refreshing E:/User/Files/project_self/OPHW_25H/OPHW_25H_TEST/1_Demo/Advanced/15_matrix_3x3/project/sim/behav/work.ipm2l_fifo_ctrl_v1_1_fifo_line_buffer
# Loading work.ipm2l_fifo_ctrl_v1_1_fifo_line_buffer
# Loading usim.GTP_DRM36K_E1
# ** Warning: (vsim-3017) E:/User/Files/project_self/OPHW_25H/OPHW_25H_TEST/1_Demo/Advanced/15_matrix_3x3/simulation/matrix_tb.v(79): [TFMPC] - Too few port connections. Expected 16, found 15.
#    Time: 0 ps  Iteration: 0  Instance: /matrix_tb/u_matrix_3x3 File: E:/User/Files/project_self/OPHW_25H/OPHW_25H_TEST/1_Demo/Advanced/15_matrix_3x3/simulation/matrix_3x3.v
# ** Warning: (vsim-3722) E:/User/Files/project_self/OPHW_25H/OPHW_25H_TEST/1_Demo/Advanced/15_matrix_3x3/simulation/matrix_tb.v(79): [TFMPC] - Missing connection for port 'matrix_vs'.
# .main_pane.wave.interior.cs.body.pw.wf
# .main_pane.structure.interior.cs.body.struct
# .main_pane.objects.interior.cs.body.tree
run
# End time: 14:41:03 on Nov 25,2025, Elapsed time: 1:35:46
# Errors: 0, Warnings: 3
