#Build: Fabric Inserter 2022.2-SP6.4, Build 146967, Jan 31 01:39 2024
#Install: E:\App\Professional\PDS_2022.2-SP6.4\bin
#Application name: cdt_ins.exe
#OS: Windows 10 10.0.26200
#Hostname: LAPTOP-BODHT30J
Generated by Fabric Inserter (version 2022.2-SP6.4 build 146967) at Tue Nov 18 17:01:39 2025
*************************************************************************
*
*  Parsing design. Please be patient as this can take several minutes.
*
*************************************************************************
Compiling architecture definition.
Loading technology operator library.
Compiling technology operator library.
Compiling technology operator (valence) library.
Compiling file 'E:/User/Files/project_self/OPHW_25H/workspace/16work/project/synthesize/hdmi_picture_grey_syn.adf' successful.
Creating module hierarchy.
Collecting net information.
*************************************************************************
*
*  Design Parsing Done.
*
*************************************************************************
Read project 'E:/User/Files/project_self/OPHW_25H/workspace/16work/project/synthesize/hdmi_picture_grey_syn.fic' Successfully.
M_PROCESS_FINISH_STARTED

