#Build: Fabric Compiler 2022.2-SP6.4, Build 146967, Jan 31 01:39 2024
#Install: E:\App\Professional\PDS_2022.2-SP6.4\bin
#Application name: pds_shell.exe
#OS: Windows 10 10.0.26200
#Hostname: LAPTOP-BODHT30J
Generated by Fabric Compiler (version 2022.2-SP6.4 build 146967) at Fri Nov 14 12:38:07 2025
License checkout: fabric_ads from E:\App\Professional\PDS_2022.2-SP6.4\new_pds_F4A80DA47D72.lic
Compiling verification operator library.
Compiling common defs.
Loading technology operator library.
Compiling technology operator library.
Compiling technology operator (valence) library.
Reading design from compile DB
Reading design from compile DB successfully.
Constraint check start.
Compiling prim grid devices.
Building architecture model.
Loading device packaging model.
Building architecture floorplan logic view.
Executing : get_ports sys_clk
Executing : get_ports sys_clk successfully.
Executing : create_clock -name sys_clk [get_ports sys_clk] -period 20.000 -waveform {0.000 10.000}
Executing : create_clock -name sys_clk [get_ports sys_clk] -period 20.000 -waveform {0.000 10.000} successfully.
C: ConstraintEditor-2002: [E:/User/Files/project_self/OPHW_25H/OPHW_25H_TEST/1_Demo/Basic/05_hdmi_colorbar/constraint/05_hdmi_colorbar.fdc(line number: 9)] | Port tmds_data_n[1] has been placed at location K15, whose type is share pin.
C: ConstraintEditor-2002: [E:/User/Files/project_self/OPHW_25H/OPHW_25H_TEST/1_Demo/Basic/05_hdmi_colorbar/constraint/05_hdmi_colorbar.fdc(line number: 27)] | Port tmds_data_p[1] has been placed at location J14, whose type is share pin.
Constraint check end.

C: SDC-2025: Clock source 'n:u_pll_0/clkout1' need a clock constraint, please use 'create_clock' or 'create_generate_clock' to generate.
Executing : get_ports sys_clk
Executing : get_ports sys_clk successfully.
Executing : get_pins u_pll_0/u_gpll:CLKOUT1
Executing : get_pins u_pll_0/u_gpll:CLKOUT1 successfully.
Executing : create_generated_clock -name sys_clk|u_pll_0/u_gpll/CLKOUT1_Inferred -source [get_ports sys_clk] [get_pins u_pll_0/u_gpll:CLKOUT1] -master_clock sys_clk -edges {1 2 3} -edge_shift {0.000000 40.101010 80.202020} -add
Executing : create_generated_clock -name sys_clk|u_pll_0/u_gpll/CLKOUT1_Inferred -source [get_ports sys_clk] [get_pins u_pll_0/u_gpll:CLKOUT1] -master_clock sys_clk -edges {1 2 3} -edge_shift {0.000000 40.101010 80.202020} -add successfully.
C: SDC-2025: Clock source 'n:u_pll_1/clkout0' need a clock constraint, please use 'create_clock' or 'create_generate_clock' to generate.
Executing : get_pins u_pll_0/u_gpll:CLKOUT1
Executing : get_pins u_pll_0/u_gpll:CLKOUT1 successfully.
Executing : get_pins u_pll_1/u_gpll:CLKOUT0
Executing : get_pins u_pll_1/u_gpll:CLKOUT0 successfully.
Executing : create_generated_clock -name sys_clk|u_pll_0/u_gpll/CLKOUT1_Inferred|u_pll_1/u_gpll/CLKOUT0_Inferred -source [get_pins u_pll_0/u_gpll:CLKOUT1] [get_pins u_pll_1/u_gpll:CLKOUT0] -master_clock sys_clk|u_pll_0/u_gpll/CLKOUT1_Inferred -edges {1 2 3} -edge_shift {0.000000 -40.080808 -80.161616} -add
Executing : create_generated_clock -name sys_clk|u_pll_0/u_gpll/CLKOUT1_Inferred|u_pll_1/u_gpll/CLKOUT0_Inferred -source [get_pins u_pll_0/u_gpll:CLKOUT1] [get_pins u_pll_1/u_gpll:CLKOUT0] -master_clock sys_clk|u_pll_0/u_gpll/CLKOUT1_Inferred -edges {1 2 3} -edge_shift {0.000000 -40.080808 -80.161616} -add successfully.
C: SDC-2025: Clock source 'n:u_pll_0/clkout0' need a clock constraint, please use 'create_clock' or 'create_generate_clock' to generate.
Executing : get_ports sys_clk
Executing : get_ports sys_clk successfully.
Executing : get_pins u_pll_0/u_gpll:CLKOUT0
Executing : get_pins u_pll_0/u_gpll:CLKOUT0 successfully.
Executing : create_generated_clock -name sys_clk|u_pll_0/u_gpll/CLKOUT0_Inferred -source [get_ports sys_clk] [get_pins u_pll_0/u_gpll:CLKOUT0] -master_clock sys_clk -edges {1 2 3} -edge_shift {0.000000 -6.632997 -13.265993} -add
Executing : create_generated_clock -name sys_clk|u_pll_0/u_gpll/CLKOUT0_Inferred -source [get_ports sys_clk] [get_pins u_pll_0/u_gpll:CLKOUT0] -master_clock sys_clk -edges {1 2 3} -edge_shift {0.000000 -6.632997 -13.265993} -add successfully.
Start pre-mapping.
I: Constant propagation done on pattern_vg/b_out[7:0]_e (bmsREDOR).
I: Constant propagation done on pattern_vg/b_out[7:0]_d[0] (bmsREDOR).
I: Constant propagation done on pattern_vg/b_out[7:0]_d[1] (bmsREDOR).
I: Constant propagation done on pattern_vg/b_out[7:0]_d[2] (bmsREDOR).
I: Constant propagation done on pattern_vg/b_out[7:0]_d[3] (bmsREDOR).
I: Constant propagation done on pattern_vg/b_out[7:0]_d[4] (bmsREDOR).
I: Constant propagation done on pattern_vg/b_out[7:0]_d[5] (bmsREDOR).
I: Constant propagation done on pattern_vg/b_out[7:0]_d[6] (bmsREDOR).
I: Constant propagation done on pattern_vg/b_out[7:0]_d[7] (bmsREDOR).
I: Constant propagation done on pattern_vg/g_out[7:0]_e (bmsREDOR).
Executing : pre-mapping successfully. Time elapsed: 0.083s wall, 0.047s user + 0.062s system = 0.109s CPU (131.6%)

Start mod-gen.
W: Public-4008: Instance 'sync_vg/y_act[11:0]' of 'bmsWIDEDFFRSE' unit is dangling and will be cleaned.
W: Removed bmsWIDEDFFRSE inst u_dvi_transmitter/encoder_g/c0_q that is stuck at constant 0.
W: Removed bmsWIDEDFFRSE inst u_dvi_transmitter/encoder_g/c1_q that is stuck at constant 0.
W: Removed bmsWIDEDFFRSE inst u_dvi_transmitter/encoder_r/c0_q that is stuck at constant 0.
W: Removed bmsWIDEDFFRSE inst u_dvi_transmitter/encoder_r/c1_q that is stuck at constant 0.
W: Removed bmsWIDEDFFRSE inst u_dvi_transmitter/encoder_g/c0_reg that is stuck at constant 0.
W: Removed bmsWIDEDFFRSE inst u_dvi_transmitter/encoder_g/c1_reg that is stuck at constant 0.
W: Removed bmsWIDEDFFRSE inst u_dvi_transmitter/encoder_r/c0_reg that is stuck at constant 0.
W: Removed bmsWIDEDFFRSE inst u_dvi_transmitter/encoder_r/c1_reg that is stuck at constant 0.
I: Removed bmsWIDEDFFRSE inst u_dvi_transmitter/encoder_r/de_q that is redundant to u_dvi_transmitter/encoder_b/de_q
I: Removed bmsWIDEDFFRSE inst u_dvi_transmitter/encoder_g/de_q that is redundant to u_dvi_transmitter/encoder_b/de_q
I: Removed bmsWIDEDFFRSE inst u_dvi_transmitter/encoder_g/de_reg that is redundant to u_dvi_transmitter/encoder_b/de_reg
I: Removed bmsWIDEDFFRSE inst u_dvi_transmitter/encoder_r/de_reg that is redundant to u_dvi_transmitter/encoder_b/de_reg
W: Removed bmsWIDEDFFRSE inst rstn_1ms[15:0] at 14 that is stuck at constant 0.
W: Removed bmsWIDEDFFRSE inst sync_vg/v_count[11:0] at 11 that is stuck at constant 0.
W: Removed bmsWIDEDFFRSE inst u_dvi_transmitter/encoder_r/n1d[3:0] at 0 that is stuck at constant 0.
W: Removed bmsWIDEDFFRSE inst u_dvi_transmitter/encoder_b/n1d[3:0] at 0 that is stuck at constant 0.
W: Removed bmsWIDEDFFRSE inst u_dvi_transmitter/encoder_g/n1d[3:0] at 0 that is stuck at constant 0.
Executing : mod-gen successfully. Time elapsed: 0.067s wall, 0.172s user + 0.031s system = 0.203s CPU (302.4%)

Start logic-optimization.
W: Removed bmsWIDEDFFRSE inst u_dvi_transmitter/encoder_r/n0q_m[3:0] at 0 that is stuck at constant 0.
W: Removed bmsWIDEDFFRSE inst u_dvi_transmitter/encoder_b/n1q_m[3:0] at 0 that is stuck at constant 0.
W: Removed bmsWIDEDFFRSE inst u_dvi_transmitter/encoder_b/n0q_m[3:0] at 0 that is stuck at constant 0.
W: Removed bmsWIDEDFFRSE inst u_dvi_transmitter/encoder_g/n1q_m[3:0] at 0 that is stuck at constant 0.
W: Removed bmsWIDEDFFRSE inst u_dvi_transmitter/encoder_g/n0q_m[3:0] at 0 that is stuck at constant 0.
W: Removed bmsWIDEDFFRSE inst u_dvi_transmitter/encoder_r/n1q_m[3:0] at 0 that is stuck at constant 0.
Executing : logic-optimization successfully. Time elapsed: 0.424s wall, 0.359s user + 0.062s system = 0.422s CPU (99.5%)

Start tech-mapping phase 1.
W: Public-4008: Instance 'u_dvi_transmitter/encoder_g/din_q[1]' of 'bmsWIDEDFFRSE' unit is dangling and will be cleaned.
W: Public-4008: Instance 'u_dvi_transmitter/encoder_g/din_q[2]' of 'bmsWIDEDFFRSE' unit is dangling and will be cleaned.
W: Public-4008: Instance 'u_dvi_transmitter/encoder_g/din_q[3]' of 'bmsWIDEDFFRSE' unit is dangling and will be cleaned.
W: Public-4008: Instance 'u_dvi_transmitter/encoder_g/din_q[4]' of 'bmsWIDEDFFRSE' unit is dangling and will be cleaned.
W: Public-4008: Instance 'u_dvi_transmitter/encoder_g/din_q[5]' of 'bmsWIDEDFFRSE' unit is dangling and will be cleaned.
W: Public-4008: Instance 'u_dvi_transmitter/encoder_g/din_q[6]' of 'bmsWIDEDFFRSE' unit is dangling and will be cleaned.
W: Public-4008: Instance 'u_dvi_transmitter/encoder_g/din_q[7]' of 'bmsWIDEDFFRSE' unit is dangling and will be cleaned.
W: Public-4008: Instance 'u_dvi_transmitter/encoder_g/dout[3]' of 'bmsWIDEDFFCPE' unit is dangling and will be cleaned.
W: Public-4008: Instance 'u_dvi_transmitter/encoder_g/dout[4]' of 'bmsWIDEDFFCPE' unit is dangling and will be cleaned.
W: Public-4008: Instance 'u_dvi_transmitter/encoder_g/dout[5]' of 'bmsWIDEDFFCPE' unit is dangling and will be cleaned.
W: Public-4008: Instance 'u_dvi_transmitter/encoder_g/dout[6]' of 'bmsWIDEDFFCPE' unit is dangling and will be cleaned.
W: Public-4008: Instance 'u_dvi_transmitter/encoder_g/dout[7]' of 'bmsWIDEDFFCPE' unit is dangling and will be cleaned.
W: Public-4008: Instance 'u_dvi_transmitter/encoder_g/n0q_m[0]' of 'bmsWIDEDFFRSE' unit is dangling and will be cleaned.
W: Public-4008: Instance 'u_dvi_transmitter/encoder_g/n0q_m[1]' of 'bmsWIDEDFFRSE' unit is dangling and will be cleaned.
W: Public-4008: Instance 'u_dvi_transmitter/encoder_g/n1d[0]' of 'bmsWIDEDFFRSE' unit is dangling and will be cleaned.
W: Public-4008: Instance 'u_dvi_transmitter/encoder_g/n1d[1]' of 'bmsWIDEDFFRSE' unit is dangling and will be cleaned.
W: Public-4008: Instance 'u_dvi_transmitter/encoder_g/n1d[2]' of 'bmsWIDEDFFRSE' unit is dangling and will be cleaned.
W: Public-4008: Instance 'u_dvi_transmitter/encoder_r/dout[3]' of 'bmsWIDEDFFCPE' unit is dangling and will be cleaned.
W: Public-4008: Instance 'u_dvi_transmitter/encoder_r/dout[4]' of 'bmsWIDEDFFCPE' unit is dangling and will be cleaned.
W: Public-4008: Instance 'u_dvi_transmitter/encoder_r/dout[5]' of 'bmsWIDEDFFCPE' unit is dangling and will be cleaned.
W: Public-4008: Instance 'u_dvi_transmitter/encoder_r/dout[6]' of 'bmsWIDEDFFCPE' unit is dangling and will be cleaned.
W: Public-4008: Instance 'u_dvi_transmitter/encoder_r/dout[7]' of 'bmsWIDEDFFCPE' unit is dangling and will be cleaned.
W: Public-4008: Instance 'rstn_1ms[14]' of 'bmsWIDEDFFRSE' unit is dangling and will be cleaned.
W: Public-4008: Instance 'rstn_1ms[15]' of 'bmsWIDEDFFRSE' unit is dangling and will be cleaned.
W: Public-4008: Instance 'pattern_vg/b_out[1]' of 'bmsWIDEDFFRSE' unit is dangling and will be cleaned.
W: Public-4008: Instance 'pattern_vg/b_out[2]' of 'bmsWIDEDFFRSE' unit is dangling and will be cleaned.
W: Public-4008: Instance 'pattern_vg/b_out[3]' of 'bmsWIDEDFFRSE' unit is dangling and will be cleaned.
W: Public-4008: Instance 'pattern_vg/b_out[4]' of 'bmsWIDEDFFRSE' unit is dangling and will be cleaned.
W: Public-4008: Instance 'pattern_vg/b_out[5]' of 'bmsWIDEDFFRSE' unit is dangling and will be cleaned.
W: Public-4008: Instance 'pattern_vg/b_out[6]' of 'bmsWIDEDFFRSE' unit is dangling and will be cleaned.
W: Public-4008: Instance 'pattern_vg/b_out[7]' of 'bmsWIDEDFFRSE' unit is dangling and will be cleaned.
W: Public-4008: Instance 'pattern_vg/g_out[1]' of 'bmsWIDEDFFRSE' unit is dangling and will be cleaned.
W: Public-4008: Instance 'pattern_vg/g_out[2]' of 'bmsWIDEDFFRSE' unit is dangling and will be cleaned.
W: Public-4008: Instance 'pattern_vg/g_out[3]' of 'bmsWIDEDFFRSE' unit is dangling and will be cleaned.
W: Public-4008: Instance 'pattern_vg/g_out[4]' of 'bmsWIDEDFFRSE' unit is dangling and will be cleaned.
W: Public-4008: Instance 'pattern_vg/g_out[5]' of 'bmsWIDEDFFRSE' unit is dangling and will be cleaned.
W: Public-4008: Instance 'pattern_vg/g_out[6]' of 'bmsWIDEDFFRSE' unit is dangling and will be cleaned.
W: Public-4008: Instance 'pattern_vg/g_out[7]' of 'bmsWIDEDFFRSE' unit is dangling and will be cleaned.
W: Public-4008: Instance 'pattern_vg/r_out[1]' of 'bmsWIDEDFFRSE' unit is dangling and will be cleaned.
W: Public-4008: Instance 'pattern_vg/r_out[2]' of 'bmsWIDEDFFRSE' unit is dangling and will be cleaned.
W: Public-4008: Instance 'pattern_vg/r_out[3]' of 'bmsWIDEDFFRSE' unit is dangling and will be cleaned.
W: Public-4008: Instance 'pattern_vg/r_out[4]' of 'bmsWIDEDFFRSE' unit is dangling and will be cleaned.
W: Public-4008: Instance 'pattern_vg/r_out[5]' of 'bmsWIDEDFFRSE' unit is dangling and will be cleaned.
W: Public-4008: Instance 'pattern_vg/r_out[6]' of 'bmsWIDEDFFRSE' unit is dangling and will be cleaned.
W: Public-4008: Instance 'pattern_vg/r_out[7]' of 'bmsWIDEDFFRSE' unit is dangling and will be cleaned.
W: Public-4008: Instance 'u_dvi_transmitter/encoder_r/n1q_m[0]' of 'bmsWIDEDFFRSE' unit is dangling and will be cleaned.
W: Public-4008: Instance 'u_dvi_transmitter/encoder_r/n1q_m[1]' of 'bmsWIDEDFFRSE' unit is dangling and will be cleaned.
W: Public-4008: Instance 'sync_vg/v_count[11]' of 'bmsWIDEDFFRSE' unit is dangling and will be cleaned.
W: Public-4008: Instance 'sync_vg/x_act[0]' of 'bmsWIDEDFFRSE' unit is dangling and will be cleaned.
W: Public-4008: Instance 'sync_vg/x_act[1]' of 'bmsWIDEDFFRSE' unit is dangling and will be cleaned.
W: Public-4008: Instance 'sync_vg/x_act[2]' of 'bmsWIDEDFFRSE' unit is dangling and will be cleaned.
W: Public-4008: Instance 'sync_vg/x_act[3]' of 'bmsWIDEDFFRSE' unit is dangling and will be cleaned.
W: Public-4008: Instance 'u_dvi_transmitter/encoder_r/din_q[1]' of 'bmsWIDEDFFRSE' unit is dangling and will be cleaned.
W: Public-4008: Instance 'u_dvi_transmitter/encoder_r/din_q[2]' of 'bmsWIDEDFFRSE' unit is dangling and will be cleaned.
W: Public-4008: Instance 'u_dvi_transmitter/encoder_r/din_q[3]' of 'bmsWIDEDFFRSE' unit is dangling and will be cleaned.
W: Public-4008: Instance 'u_dvi_transmitter/encoder_r/din_q[4]' of 'bmsWIDEDFFRSE' unit is dangling and will be cleaned.
W: Public-4008: Instance 'u_dvi_transmitter/encoder_r/din_q[5]' of 'bmsWIDEDFFRSE' unit is dangling and will be cleaned.
W: Public-4008: Instance 'u_dvi_transmitter/encoder_r/din_q[6]' of 'bmsWIDEDFFRSE' unit is dangling and will be cleaned.
W: Public-4008: Instance 'u_dvi_transmitter/encoder_r/din_q[7]' of 'bmsWIDEDFFRSE' unit is dangling and will be cleaned.
W: Public-4008: Instance 'u_dvi_transmitter/encoder_r/n0q_m[0]' of 'bmsWIDEDFFRSE' unit is dangling and will be cleaned.
W: Public-4008: Instance 'u_dvi_transmitter/encoder_r/n0q_m[1]' of 'bmsWIDEDFFRSE' unit is dangling and will be cleaned.
W: Public-4008: Instance 'u_dvi_transmitter/encoder_r/n1d[0]' of 'bmsWIDEDFFRSE' unit is dangling and will be cleaned.
W: Public-4008: Instance 'u_dvi_transmitter/encoder_r/n1d[1]' of 'bmsWIDEDFFRSE' unit is dangling and will be cleaned.
W: Public-4008: Instance 'u_dvi_transmitter/encoder_r/n1d[2]' of 'bmsWIDEDFFRSE' unit is dangling and will be cleaned.
W: Public-4008: Instance 'u_dvi_transmitter/encoder_b/q_m_reg[2]' of 'bmsWIDEDFFRSE' unit is dangling and will be cleaned.
W: Public-4008: Instance 'u_dvi_transmitter/encoder_b/q_m_reg[3]' of 'bmsWIDEDFFRSE' unit is dangling and will be cleaned.
W: Public-4008: Instance 'u_dvi_transmitter/encoder_b/q_m_reg[4]' of 'bmsWIDEDFFRSE' unit is dangling and will be cleaned.
W: Public-4008: Instance 'u_dvi_transmitter/encoder_b/q_m_reg[5]' of 'bmsWIDEDFFRSE' unit is dangling and will be cleaned.
W: Public-4008: Instance 'u_dvi_transmitter/encoder_b/q_m_reg[6]' of 'bmsWIDEDFFRSE' unit is dangling and will be cleaned.
W: Public-4008: Instance 'u_dvi_transmitter/encoder_b/q_m_reg[7]' of 'bmsWIDEDFFRSE' unit is dangling and will be cleaned.
W: Public-4008: Instance 'u_dvi_transmitter/encoder_b/n1q_m[0]' of 'bmsWIDEDFFRSE' unit is dangling and will be cleaned.
W: Public-4008: Instance 'u_dvi_transmitter/encoder_b/n1q_m[1]' of 'bmsWIDEDFFRSE' unit is dangling and will be cleaned.
W: Public-4008: Instance 'u_dvi_transmitter/encoder_b/din_q[1]' of 'bmsWIDEDFFRSE' unit is dangling and will be cleaned.
W: Public-4008: Instance 'u_dvi_transmitter/encoder_b/din_q[2]' of 'bmsWIDEDFFRSE' unit is dangling and will be cleaned.
W: Public-4008: Instance 'u_dvi_transmitter/encoder_b/din_q[3]' of 'bmsWIDEDFFRSE' unit is dangling and will be cleaned.
W: Public-4008: Instance 'u_dvi_transmitter/encoder_b/din_q[4]' of 'bmsWIDEDFFRSE' unit is dangling and will be cleaned.
W: Public-4008: Instance 'u_dvi_transmitter/encoder_b/din_q[5]' of 'bmsWIDEDFFRSE' unit is dangling and will be cleaned.
W: Public-4008: Instance 'u_dvi_transmitter/encoder_b/din_q[6]' of 'bmsWIDEDFFRSE' unit is dangling and will be cleaned.
W: Public-4008: Instance 'u_dvi_transmitter/encoder_b/din_q[7]' of 'bmsWIDEDFFRSE' unit is dangling and will be cleaned.
W: Public-4008: Instance 'u_dvi_transmitter/encoder_b/dout[3]' of 'bmsWIDEDFFCPE' unit is dangling and will be cleaned.
W: Public-4008: Instance 'u_dvi_transmitter/encoder_b/dout[4]' of 'bmsWIDEDFFCPE' unit is dangling and will be cleaned.
W: Public-4008: Instance 'u_dvi_transmitter/encoder_b/dout[5]' of 'bmsWIDEDFFCPE' unit is dangling and will be cleaned.
W: Public-4008: Instance 'u_dvi_transmitter/encoder_b/dout[6]' of 'bmsWIDEDFFCPE' unit is dangling and will be cleaned.
W: Public-4008: Instance 'u_dvi_transmitter/encoder_b/dout[7]' of 'bmsWIDEDFFCPE' unit is dangling and will be cleaned.
W: Public-4008: Instance 'u_dvi_transmitter/encoder_b/n0q_m[0]' of 'bmsWIDEDFFRSE' unit is dangling and will be cleaned.
W: Public-4008: Instance 'u_dvi_transmitter/encoder_b/n0q_m[1]' of 'bmsWIDEDFFRSE' unit is dangling and will be cleaned.
W: Public-4008: Instance 'u_dvi_transmitter/encoder_b/n1d[0]' of 'bmsWIDEDFFRSE' unit is dangling and will be cleaned.
W: Public-4008: Instance 'u_dvi_transmitter/encoder_b/n1d[1]' of 'bmsWIDEDFFRSE' unit is dangling and will be cleaned.
W: Public-4008: Instance 'u_dvi_transmitter/encoder_b/n1d[2]' of 'bmsWIDEDFFRSE' unit is dangling and will be cleaned.
W: Public-4008: Instance 'u_dvi_transmitter/encoder_r/q_m_reg[2]' of 'bmsWIDEDFFRSE' unit is dangling and will be cleaned.
W: Public-4008: Instance 'u_dvi_transmitter/encoder_r/q_m_reg[3]' of 'bmsWIDEDFFRSE' unit is dangling and will be cleaned.
W: Public-4008: Instance 'u_dvi_transmitter/encoder_r/q_m_reg[4]' of 'bmsWIDEDFFRSE' unit is dangling and will be cleaned.
W: Public-4008: Instance 'u_dvi_transmitter/encoder_r/q_m_reg[5]' of 'bmsWIDEDFFRSE' unit is dangling and will be cleaned.
W: Public-4008: Instance 'u_dvi_transmitter/encoder_r/q_m_reg[6]' of 'bmsWIDEDFFRSE' unit is dangling and will be cleaned.
W: Public-4008: Instance 'u_dvi_transmitter/encoder_r/q_m_reg[7]' of 'bmsWIDEDFFRSE' unit is dangling and will be cleaned.
W: Public-4008: Instance 'u_dvi_transmitter/encoder_g/q_m_reg[2]' of 'bmsWIDEDFFRSE' unit is dangling and will be cleaned.
W: Public-4008: Instance 'u_dvi_transmitter/encoder_g/q_m_reg[3]' of 'bmsWIDEDFFRSE' unit is dangling and will be cleaned.
W: Public-4008: Instance 'u_dvi_transmitter/encoder_g/q_m_reg[4]' of 'bmsWIDEDFFRSE' unit is dangling and will be cleaned.
W: Public-4008: Instance 'u_dvi_transmitter/encoder_g/q_m_reg[5]' of 'bmsWIDEDFFRSE' unit is dangling and will be cleaned.
W: Public-4008: Instance 'u_dvi_transmitter/encoder_g/q_m_reg[6]' of 'bmsWIDEDFFRSE' unit is dangling and will be cleaned.
W: Public-4008: Instance 'u_dvi_transmitter/encoder_g/q_m_reg[7]' of 'bmsWIDEDFFRSE' unit is dangling and will be cleaned.
W: Public-4008: Instance 'u_dvi_transmitter/encoder_g/n1q_m[0]' of 'bmsWIDEDFFRSE' unit is dangling and will be cleaned.
W: Public-4008: Instance 'u_dvi_transmitter/encoder_g/n1q_m[1]' of 'bmsWIDEDFFRSE' unit is dangling and will be cleaned.
I: Removed GTP_DFF inst u_dvi_transmitter/encoder_r/n1d[3] that is redundant to u_dvi_transmitter/encoder_r/din_q[0]
I: Removed GTP_DFF inst u_dvi_transmitter/encoder_b/n1d[3] that is redundant to u_dvi_transmitter/encoder_b/din_q[0]
I: Removed GTP_DFF inst u_dvi_transmitter/encoder_g/n1d[3] that is redundant to u_dvi_transmitter/encoder_g/din_q[0]
I: Removed GTP_DFF inst u_dvi_transmitter/encoder_b/n1q_m[2] that is redundant to u_dvi_transmitter/encoder_b/n0q_m[2]
I: Removed GTP_DFF inst u_dvi_transmitter/encoder_g/n1q_m[2] that is redundant to u_dvi_transmitter/encoder_g/n0q_m[2]
I: Removed GTP_DFF inst u_dvi_transmitter/encoder_r/n1q_m[2] that is redundant to u_dvi_transmitter/encoder_r/n0q_m[2]
I: Removed GTP_DFF inst u_dvi_transmitter/encoder_r/q_m_reg[1] that is redundant to u_dvi_transmitter/encoder_r/q_m_reg[0]
I: Removed GTP_DFF inst u_dvi_transmitter/encoder_b/q_m_reg[1] that is redundant to u_dvi_transmitter/encoder_b/q_m_reg[0]
I: Removed GTP_DFF inst u_dvi_transmitter/encoder_g/q_m_reg[1] that is redundant to u_dvi_transmitter/encoder_g/q_m_reg[0]
I: Removed GTP_DFF_C inst u_dvi_transmitter/encoder_b/dout[1] that is redundant to u_dvi_transmitter/encoder_b/dout[0]
I: Removed GTP_DFF_C inst u_dvi_transmitter/encoder_g/dout[1] that is redundant to u_dvi_transmitter/encoder_g/dout[0]
I: Removed GTP_DFF_C inst u_dvi_transmitter/encoder_r/dout[1] that is redundant to u_dvi_transmitter/encoder_r/dout[0]
I: Removed GTP_DFF inst u_dvi_transmitter/encoder_r/q_m_reg[0] that is redundant to u_dvi_transmitter/encoder_r/n1q_m[3]
I: Removed GTP_DFF inst u_dvi_transmitter/encoder_g/n0q_m[2] that is redundant to u_dvi_transmitter/encoder_b/n0q_m[2]
I: Removed GTP_DFF inst u_dvi_transmitter/encoder_r/n0q_m[2] that is redundant to u_dvi_transmitter/encoder_b/n0q_m[2]
I: Removed GTP_DFF inst u_dvi_transmitter/encoder_b/q_m_reg[0] that is redundant to u_dvi_transmitter/encoder_b/n1q_m[3]
I: Removed GTP_DFF inst u_dvi_transmitter/encoder_g/q_m_reg[0] that is redundant to u_dvi_transmitter/encoder_g/n1q_m[3]
W: Removed GTP_DFF inst u_dvi_transmitter/encoder_b/n0q_m[2] that is stuck at constant 0.
I: Removed GTP_DFF inst u_dvi_transmitter/encoder_b/q_m_reg[8] that is redundant to u_dvi_transmitter/encoder_b/n0q_m[3]
I: Removed GTP_DFF inst u_dvi_transmitter/encoder_g/q_m_reg[8] that is redundant to u_dvi_transmitter/encoder_g/n0q_m[3]
I: Removed GTP_DFF inst u_dvi_transmitter/encoder_r/q_m_reg[8] that is redundant to u_dvi_transmitter/encoder_r/n0q_m[3]
W: Removed GTP_DFF_CE inst u_dvi_transmitter/encoder_b/cnt[0] that is stuck at constant 0.
W: Removed GTP_DFF_CE inst u_dvi_transmitter/encoder_g/cnt[0] that is stuck at constant 0.
W: Removed GTP_DFF_CE inst u_dvi_transmitter/encoder_r/cnt[0] that is stuck at constant 0.
Executing : tech-mapping phase 1 successfully. Time elapsed: 0.013s wall, 0.016s user + 0.000s system = 0.016s CPU (115.9%)

Start tech-mapping phase 2.
Executing : tech-mapping phase 2 successfully. Time elapsed: 0.161s wall, 0.188s user + 0.109s system = 0.297s CPU (184.3%)

Start tech-optimization.
Executing : tech-optimization successfully. Time elapsed: 0.024s wall, 0.000s user + 0.016s system = 0.016s CPU (66.0%)

Start phys-optimization.
Executing : phys-optimization successfully. Time elapsed: 0.000s wall, 0.000s user + 0.000s system = 0.000s CPU (n/a%)

Start restore-hierarchy.
Executing : restore-hierarchy successfully. Time elapsed: 0.003s wall, 0.016s user + 0.000s system = 0.016s CPU (470.5%)

W: prevent name conflict by renaming net sync_vg/N0 to sync_vg/N0_rnmt

Cell Usage:
GTP_DFF                      22 uses
GTP_DFF_C                    24 uses
GTP_DFF_P                     2 uses
GTP_DFF_R                    36 uses
GTP_DFF_RE                   11 uses
GTP_GPLL                      2 uses
GTP_GRS                       1 use
GTP_LUT1                      3 uses
GTP_LUT2                      9 uses
GTP_LUT3                      5 uses
GTP_LUT4                     26 uses
GTP_LUT5                     19 uses
GTP_LUT6                     34 uses
GTP_LUT6CARRY                62 uses
GTP_LUT6D                     1 use
GTP_OSERDES_E2                8 uses

I/O ports: 5
GTP_INBUF                   1 use
GTP_OUTBUFDS                4 uses

Mapping Summary:
Total LUTs: 159 of 17800 (0.89%)
	LUTs as dram: 0 of 5500 (0.00%)
	LUTs as logic: 159
Total Registers: 95 of 35600 (0.27%)
Total Latches: 0

DRM36K/FIFO:
Total DRM = 0.0 of 55 (0.00%)

APMs:
Total APMs = 0.00 of 80 (0.00%)

Total I/O ports = 9 of 150 (6.00%)


Overview of Control Sets:

Number of unique control sets : 8

Histogram:
**************************************************************
  Fanout      | Count    | Sync Set/Reset    Async Set/Reset
--------------------------------------------------------------
  [0, 2)      | 0        | 0                 0
  [2, 4)      | 2        | 1                 1
  [4, 6)      | 0        | 0                 0
  [6, 8)      | 0        | 0                 0
  [8, 10)     | 1        | 1                 0
  [10, 12)    | 1        | 1                 0
  [12, 14)    | 1        | 1                 0
  [14, 16)    | 1        | 1                 0
  [16, Inf)   | 2        | 1                 1
--------------------------------------------------------------
  The maximum fanout: 24
==============================================================

Flip-Flop Distribution:
************************************************************************
  Clock Enable    Sync Set/Reset    Async Set/Reset    Total Registers
------------------------------------------------------------------------
  NO              NO                NO                 22
  NO              NO                YES                26
  NO              YES               NO                 36
  YES             NO                NO                 0
  YES             NO                YES                0
  YES             YES               NO                 11
========================================================================

Latch Distribution:
************************************************
  Gate Enable    Preset/Clear    Total Latches
************************************************
  NO             NO              0
  NO             YES             0
  YES            NO              0
  YES            YES             0
************************************************

Design 'hdmi_test' has been successfully synthesized to architecture-specific objects.
Saving design to DB.
Saving design to hdmi_test_syn.vm
Constructing timing graph ...
Timing graph has been constructed successfully
W: Timing-4087: Port 'tmds_clk_n' is not constrained, it is treated as combinational output.
W: Timing-4087: Port 'tmds_clk_p' is not constrained, it is treated as combinational output.
W: Timing-4087: Port 'tmds_data_n[0]' is not constrained, it is treated as combinational output.
W: Timing-4087: Port 'tmds_data_n[1]' is not constrained, it is treated as combinational output.
W: Timing-4087: Port 'tmds_data_n[2]' is not constrained, it is treated as combinational output.
W: Timing-4087: Port 'tmds_data_p[0]' is not constrained, it is treated as combinational output.
W: Timing-4087: Port 'tmds_data_p[1]' is not constrained, it is treated as combinational output.
W: Timing-4087: Port 'tmds_data_p[2]' is not constrained, it is treated as combinational output.
Action synthesize: Real time elapsed is 0h:0m:7s
Action synthesize: CPU time elapsed is 0h:0m:5s
Action synthesize: Process CPU time elapsed is 0h:0m:5s
Current time: Fri Nov 14 12:38:12 2025
Action synthesize: Peak memory pool usage is 294 MB
