IP Generator (Version 2022.2-SP6.4 build 146967)
Check out license ...
Start generating at 2025-11-16 14:48
Instance: blk_mem_gen_0 (E:\User\Files\project_self\OPHW_25H\OPHW_25H_TEST\1_Demo\Advanced\12_HDMI_picture_display\project\ipcore\blk_mem_gen_0\blk_mem_gen_0.idf)
IP: Pango DRM Based ROM (1.8)
Part: Logos2-PG2L25H-MBG325--6
Create directory 'rtl' ...
Copy 'rtl\ipm2l_rom_v1_8.v.xml' to 'rtl' ...
Copy 'rtl\ipm2l_spram_v1_8.v.xml' to 'rtl' ...
Compile file 'rtl\ipm2l_spram_v1_8.v.xml' to 'rtl\ipm2l_spram_v1_8_blk_mem_gen_0.v' ...
Compile file 'rtl\ipm2l_rom_v1_8.v.xml' to 'rtl\ipm2l_rom_v1_8_blk_mem_gen_0.v' ...
Copy 'ipm2l_rom_wrapper_v1_8.v.xml' ...
Compile file 'ipm2l_rom_wrapper_v1_8.v.xml' to 'blk_mem_gen_0.v' ...
Found top module 'blk_mem_gen_0' in file 'blk_mem_gen_0.v'.
Copy 'ipm2l_rom_wrapper_v1_0_tb.v.xml' ...
Compile file 'ipm2l_rom_wrapper_v1_0_tb.v.xml' to 'blk_mem_gen_0_tb.v' ...
Copy 'init_param_bin_exmp.dat' ...
Copy 'init_param_hex_exmp.dat' ...
Run file 'createParam.tcl' ...
Run file 'creatResetValue.tcl' ...
Create template file 'blk_mem_gen_0_tmpl.v' ...
Create template file 'blk_mem_gen_0_tmpl.vhdl' ...
There are 3 source files to synthesize.
Synthesis is disabled.
Done: 0 error(s), 0 warning(s)
