#Build: Fabric Compiler 2022.2-SP6.4, Build 146967, Jan 31 01:39 2024
#Install: E:\App\Professional\PDS_2022.2-SP6.4\bin
#Application name: pds_shell.exe
#OS: Windows 10 10.0.26200
#Hostname: LAPTOP-BODHT30J
Generated by Fabric Compiler (version 2022.2-SP6.4 build 146967) at Tue Nov 18 20:18:17 2025
Compiling verification operator library.
Compiling common defs.
Compiling prim grid devices.
Compiling gate devices.
Compiling gate operators.
Building architecture model.
Loading device packaging model.
pnr strategy configuration : 
strategy name : 0
Building architecture floorplan logic view.
Constraint check start.
Executing : def_port {tmds_clk_n} LOC=R17 VCCIO=3.3 IOSTANDARD=TMDS DRIVE=5 NONE=TRUE
Executing : def_port {tmds_clk_n} LOC=R17 VCCIO=3.3 IOSTANDARD=TMDS DRIVE=5 NONE=TRUE successfully
Executing : def_port {tmds_clk_p} LOC=R16 VCCIO=3.3 IOSTANDARD=TMDS DRIVE=5 NONE=TRUE
Executing : def_port {tmds_clk_p} LOC=R16 VCCIO=3.3 IOSTANDARD=TMDS DRIVE=5 NONE=TRUE successfully
Executing : def_port {tmds_data_n[0]} LOC=T15 VCCIO=3.3 IOSTANDARD=TMDS DRIVE=5 NONE=TRUE
Executing : def_port {tmds_data_n[0]} LOC=T15 VCCIO=3.3 IOSTANDARD=TMDS DRIVE=5 NONE=TRUE successfully
Executing : def_port {tmds_data_n[1]} LOC=K15 VCCIO=3.3 IOSTANDARD=TMDS DRIVE=5 NONE=TRUE
C: ConstraintEditor-2002: [E:/User/Files/project_self/OPHW_25H/OPHW_25H_TEST/1_Demo/Advanced/16_HDMI_picture_binarization/project/device_map/hdmi_picture_grey.pcf(line number: 6)] | Port tmds_data_n[1] has been placed at location K15, whose type is share pin.
Executing : def_port {tmds_data_n[1]} LOC=K15 VCCIO=3.3 IOSTANDARD=TMDS DRIVE=5 NONE=TRUE successfully
Executing : def_port {tmds_data_n[2]} LOC=R15 VCCIO=3.3 IOSTANDARD=TMDS DRIVE=5 NONE=TRUE
Executing : def_port {tmds_data_n[2]} LOC=R15 VCCIO=3.3 IOSTANDARD=TMDS DRIVE=5 NONE=TRUE successfully
Executing : def_port {tmds_data_p[0]} LOC=T14 VCCIO=3.3 IOSTANDARD=TMDS DRIVE=5 NONE=TRUE
Executing : def_port {tmds_data_p[0]} LOC=T14 VCCIO=3.3 IOSTANDARD=TMDS DRIVE=5 NONE=TRUE successfully
Executing : def_port {tmds_data_p[1]} LOC=J14 VCCIO=3.3 IOSTANDARD=TMDS DRIVE=5 NONE=TRUE
C: ConstraintEditor-2002: [E:/User/Files/project_self/OPHW_25H/OPHW_25H_TEST/1_Demo/Advanced/16_HDMI_picture_binarization/project/device_map/hdmi_picture_grey.pcf(line number: 9)] | Port tmds_data_p[1] has been placed at location J14, whose type is share pin.
Executing : def_port {tmds_data_p[1]} LOC=J14 VCCIO=3.3 IOSTANDARD=TMDS DRIVE=5 NONE=TRUE successfully
Executing : def_port {tmds_data_p[2]} LOC=P14 VCCIO=3.3 IOSTANDARD=TMDS DRIVE=5 NONE=TRUE
Executing : def_port {tmds_data_p[2]} LOC=P14 VCCIO=3.3 IOSTANDARD=TMDS DRIVE=5 NONE=TRUE successfully
Executing : def_port {sys_clk} LOC=P3 VCCIO=3.3 IOSTANDARD=LVCMOS33 NONE=TRUE
Executing : def_port {sys_clk} LOC=P3 VCCIO=3.3 IOSTANDARD=LVCMOS33 NONE=TRUE successfully
Constraint check end.
I: Column Clock Check open.
Read Column Clock Map.

Placement started.
Phase 1 Pre global placement started.
Mapping instance GRS_INST/grs_ccs to CCS_75_10.
Phase 1.1 1st GP placement started.
Design Utilization : 4%.
First map gop timing takes 0.92 sec
Worst slack after clock region global placement is -4718
Wirelength after clock region global placement is 11359 and checksum is C8DFE62984AE8F29.
1st GP placement takes 1.58 sec.

Phase 1.2 Clock placement started.
Mapping instance u_pll_0/u_gpll/gpll_inst to GPLL_271_157.
Mapping instance clkbufg_0/gopclkbufg to USCM_155_270.
Mapping instance clkbufg_2/gopclkbufg to USCM_155_273.
Mapping instance u_pll_1/u_gpll/gpll_inst to GPLL_7_157.
Mapping instance clkbufg_1/gopclkbufg to USCM_155_276.
Clock placement takes 0.03 sec.

Wirelength after Pre Global Placement is 11359 and checksum is C8DFE62984AE8F29.
Pre global placement takes 1.73 sec.

Phase 2 Global placement started.
Phase 2.1 Fixed placement started.
Placed fixed group with base inst sys_clk_ibuf/opit_1 on IOLHR_268_156.
Placed fixed group with base inst u_dvi_transmitter/serializer_b/GTP_OUTBUFDS_data_lane/opit_2 on IOLHR_16_144.
Placed fixed group with base inst u_dvi_transmitter/serializer_clk/GTP_OUTBUFDS_data_lane/opit_2 on IOLHR_16_132.
Placed fixed group with base inst u_dvi_transmitter/serializer_g/GTP_OUTBUFDS_data_lane/opit_2 on IOLHR_16_246.
Placed fixed group with base inst u_dvi_transmitter/serializer_r/GTP_OUTBUFDS_data_lane/opit_2 on IOLHR_16_162.
Placed fixed instance GRS_INST/grs_ccs on CCS_75_10.
Placed fixed instance clkbufg_0/gopclkbufg on USCM_155_270.
Placed fixed instance clkbufg_1/gopclkbufg on USCM_155_276.
Placed fixed instance clkbufg_2/gopclkbufg on USCM_155_273.
Placed fixed instance u_pll_0/u_gpll/gpll_inst on GPLL_271_157.
Placed fixed instance u_pll_1/u_gpll/gpll_inst on GPLL_7_157.
Placed fixed instance BKCL_auto_0 on BKCL_1_34.
Placed fixed instance BKCL_auto_1 on BKCL_277_34.
Fixed placement takes 0.02 sec.

Phase 2.2 Process placement started.
I: The IO driver of u_pll_0/u_gpll/gpll_inst(CLKIN1) is not constraint at pllpad, its clock path will pass through SRB.
Process placement takes 0.00 sec.

Phase 2.3 IO placement started.
IO placement takes 0.02 sec.

Phase 2.4 2nd GP placement started.
Run super clustering :
	Initial slack -4291.
	1 iterations finished.
	Final slack -4291.
Super clustering done.
Design Utilization : 4%.
Worst slack after global placement is -1432
2nd GP placement takes 0.34 sec.

Wirelength after global placement is 10560 and checksum is F588CAC05C558F2F.
Global placement takes 0.38 sec.

Phase 3 Post global placement started.
Packing LUT6D started.
I: LUT6D pack result: There are 219 LUT6 in collection, pack success:6
Packing LUT6D takes 0.06 sec.
Phase 3.1 Macro cell placement started.
I: Process macros using "Greedy".
Adjusting groups started.
Adjusting groups takes 0.00 sec.
Wirelength after macro cell placement is 12163 and checksum is 16B5D95E074B7C93.
Macro cell placement takes 0.02 sec.

Phase 3.2 3rd GP placement started.
Run super clustering :
	Initial slack -4291.
	1 iterations finished.
	Final slack -4291.
Super clustering done.
Design Utilization : 4%.
Worst slack after post global placement is -1654
3rd GP placement takes 0.23 sec.

Wirelength after post global placement is 9209 and checksum is 777E1C19B5490C2.
Packing LUT6D started.
I: LUT6D pack result: There are 207 LUT6 in collection, pack success:0
Packing LUT6D takes 0.03 sec.
Post global placement takes 0.34 sec.

Phase 4 Legalization started.
The average distance in LP is 0.503222.
Wirelength after legalization is 10616 and checksum is C6C35536140D0A4C.
Legalization takes 0.03 sec.

Phase 5 Timing-driven detailed placement started.
Phase 5.1 Replication placement started.
Worst slack before Replication Place is -1702.
Replication placement takes 0.06 sec.

Wirelength after replication placement is 10616 and checksum is C6C35536140D0A4C.
Phase 5.2 Swapping placement started.
Worst slack before detailed placement is -1702, TNS before detailed placement is -65760. 
Cost at Swap iteration 0 : -1702, wslk -1641, tns -64182, takes 0.00 sec.
Cost at DP iteration 0 : -1641, wslk -1495, tns -58162, takes 0.02 sec.
Cost at Swap iteration 1 : -1495, wslk -1495, tns -57838, takes 0.00 sec.
Cost at Swap iteration 2 : -1495, wslk -1495, tns -57677, takes 0.03 sec.
Cost at DP iteration 2 : -1495, wslk -1403, tns -57072, takes 0.08 sec.
Cost at Swap iteration 3 : -1403, wslk -1403, tns -56950, takes 0.02 sec.
Cost at Swap iteration 4 : -1403, wslk -1403, tns -56950, takes 0.03 sec.
Cost at DP iteration 4 : -1403, wslk -1403, tns -56838, takes 0.08 sec.
Cost at Swap iteration 5 : -1403, wslk -1403, tns -56838, takes 0.02 sec.
Worst slack after detailed placement is -1403, TNS after detailed placement is -56838. 
Swapping placement takes 0.33 sec.

Wirelength after detailed placement is 11279 and checksum is F109A36CE00EC936.
Timing-driven detailed placement takes 0.39 sec.

Worst slack is -4723, TNS after placement is -1067150.
Placement done.
Total placement takes 6.22 sec.
Finished placement.

Routing started.
Enter timing driven router mode.
Route thread size: 2
Building routing graph takes 0.54 sec.
Setup STE netlist take 94 msec.
Dispose control chain take 11 msec.
Collect const net info take 15 msec.
Total nets for routing: 1236.
Total loads for routing: 7778.
Direct connect net size: 166
Build all design net take 37 msec.
Worst slack is -4723, TNS before route is -1067150.
Processing design graph takes 0.16 sec.
Delay table total memory: 0.23856735 MB
Route graph total memory: 44.33174324 MB
Route design total memory: 2.34612274 MB
Global routing takes 0.00 sec.
Total 1234 subnets.
Unrouted clock nets at iteration 0 (0.011 sec): 1
Unrouted clock nets at iteration 1 (0.000 sec): 1
Unrouted clock nets at iteration 2 (0.000 sec): 1
Unrouted clock nets at iteration 3 (0.000 sec): 1
Unrouted clock nets at iteration 4 (0.000 sec): 0
Total route nets size: 1227
Pre route takes 1.390 sec
Unrouted general nets at iteration 6 (MT total route time: 0.261 sec): 1000(overused: 5834)
Unrouted general nets at iteration 7 (MT total route time: 0.194 sec): 740(overused: 3929)
Unrouted general nets at iteration 8 (MT total route time: 0.136 sec): 511(overused: 2050)
Unrouted general nets at iteration 9 (MT total route time: 0.088 sec): 387(overused: 1164)
Unrouted general nets at iteration 10 (MT total route time: 0.059 sec): 274(overused: 714)
Unrouted general nets at iteration 11 (MT total route time: 0.053 sec): 177(overused: 453)
Unrouted general nets at iteration 12 (MT total route time: 0.037 sec): 125(overused: 294)
Unrouted general nets at iteration 13 (MT total route time: 0.030 sec): 97(overused: 249)
Unrouted general nets at iteration 14 (MT total route time: 0.024 sec): 67(overused: 152)
Unrouted general nets at iteration 15 (MT total route time: 0.018 sec): 49(overused: 100)
Unrouted general nets at iteration 16 (MT total route time: 0.012 sec): 24(overused: 58)
Unrouted general nets at iteration 17 (MT total route time: 0.014 sec): 22(overused: 56)
Unrouted general nets at iteration 18 (MT total route time: 0.010 sec): 19(overused: 48)
Unrouted general nets at iteration 19 (MT total route time: 0.009 sec): 18(overused: 42)
Unrouted general nets at iteration 20 (MT total route time: 0.006 sec): 14(overused: 34)
Unrouted general nets at iteration 21 (MT total route time: 0.005 sec): 13(overused: 34)
Unrouted general nets at iteration 22 (MT total route time: 0.005 sec): 14(overused: 34)
Unrouted general nets at iteration 23 (MT total route time: 0.005 sec): 13(overused: 30)
Unrouted general nets at iteration 24 (MT total route time: 0.004 sec): 13(overused: 30)
Unrouted general nets at iteration 25 (MT total route time: 0.004 sec): 13(overused: 30)
Unrouted general nets at iteration 26 (MT total route time: 0.005 sec): 15(overused: 34)
Unrouted general nets at iteration 27 (MT total route time: 0.005 sec): 14(overused: 28)
Unrouted general nets at iteration 28 (MT total route time: 0.005 sec): 13(overused: 26)
Unrouted general nets at iteration 29 (MT total route time: 0.005 sec): 13(overused: 26)
Unrouted general nets at iteration 30 (MT total route time: 0.004 sec): 13(overused: 26)
Unrouted general nets at iteration 31 (MT total route time: 0.004 sec): 13(overused: 26)
Unrouted general nets at iteration 32 (MT total route time: 0.004 sec): 13(overused: 26)
Unrouted general nets at iteration 33 (MT total route time: 0.006 sec): 19(overused: 38)
Unrouted general nets at iteration 34 (MT total route time: 0.004 sec): 16(overused: 30)
Unrouted general nets at iteration 35 (MT total route time: 0.002 sec): 12(overused: 24)
Unrouted general nets at iteration 36 (MT total route time: 0.003 sec): 12(overused: 24)
Unrouted general nets at iteration 37 (MT total route time: 0.003 sec): 12(overused: 24)
Unrouted general nets at iteration 38 (MT total route time: 0.002 sec): 12(overused: 24)
Unrouted general nets at iteration 39 (MT total route time: 0.002 sec): 10(overused: 20)
Unrouted general nets at iteration 40 (MT total route time: 0.002 sec): 10(overused: 20)
Unrouted general nets at iteration 41 (MT total route time: 0.002 sec): 10(overused: 20)
Unrouted general nets at iteration 42 (MT total route time: 0.002 sec): 10(overused: 20)
Unrouted general nets at iteration 43 (MT total route time: 0.002 sec): 10(overused: 20)
Unrouted general nets at iteration 44 (MT total route time: 0.002 sec): 10(overused: 20)
Unrouted general nets at iteration 45 (MT total route time: 0.002 sec): 10(overused: 20)
Unrouted general nets at iteration 46 (MT total route time: 0.003 sec): 10(overused: 20)
Unrouted general nets at iteration 47 (MT total route time: 0.003 sec): 8(overused: 16)
Unrouted general nets at iteration 48 (MT total route time: 0.002 sec): 8(overused: 16)
Unrouted general nets at iteration 49 (MT total route time: 0.002 sec): 8(overused: 16)
Unrouted general nets at iteration 50 (MT total route time: 0.002 sec): 8(overused: 16)
Unrouted general nets at iteration 51 (MT total route time: 0.002 sec): 8(overused: 16)
Unrouted general nets at iteration 52 (MT total route time: 0.002 sec): 6(overused: 12)
Unrouted general nets at iteration 53 (MT total route time: 0.002 sec): 6(overused: 12)
Unrouted general nets at iteration 54 (MT total route time: 0.001 sec): 4(overused: 8)
Unrouted general nets at iteration 55 (MT total route time: 0.001 sec): 4(overused: 8)
Unrouted general nets at iteration 56 (MT total route time: 0.003 sec): 4(overused: 8)
Unrouted general nets at iteration 57 (MT total route time: 0.002 sec): 4(overused: 8)
Unrouted general nets at iteration 58 (MT total route time: 0.002 sec): 4(overused: 8)
Unrouted general nets at iteration 59 (MT total route time: 0.002 sec): 4(overused: 8)
Unrouted general nets at iteration 60 (MT total route time: 0.001 sec): 4(overused: 8)
Unrouted general nets at iteration 61 (MT total route time: 0.002 sec): 4(overused: 8)
Unrouted general nets at iteration 62 (MT total route time: 0.001 sec): 4(overused: 8)
Unrouted general nets at iteration 63 (MT total route time: 0.002 sec): 4(overused: 8)
Unrouted general nets at iteration 64 (MT total route time: 0.002 sec): 4(overused: 8)
Unrouted general nets at iteration 65 (MT total route time: 0.002 sec): 4(overused: 8)
Unrouted general nets at iteration 66 (MT total route time: 0.003 sec): 4(overused: 8)
Unrouted general nets at iteration 67 (MT total route time: 0.002 sec): 4(overused: 8)
Unrouted general nets at iteration 68 (MT total route time: 0.001 sec): 4(overused: 8)
Unrouted general nets at iteration 69 (MT total route time: 0.002 sec): 4(overused: 8)
Unrouted general nets at iteration 70 (MT total route time: 0.002 sec): 4(overused: 8)
Unrouted general nets at iteration 71 (MT total route time: 0.002 sec): 4(overused: 8)
Unrouted general nets at iteration 72 (MT total route time: 0.001 sec): 4(overused: 8)
Unrouted general nets at iteration 73 (MT total route time: 0.002 sec): 4(overused: 8)
Unrouted general nets at iteration 74 (MT total route time: 0.002 sec): 4(overused: 8)
Unrouted general nets at iteration 75 (MT total route time: 0.002 sec): 4(overused: 8)
Unrouted general nets at iteration 76 (MT total route time: 0.003 sec): 4(overused: 8)
Unrouted general nets at iteration 77 (MT total route time: 0.002 sec): 4(overused: 8)
Unrouted general nets at iteration 78 (MT total route time: 0.002 sec): 4(overused: 8)
Unrouted general nets at iteration 79 (MT total route time: 0.002 sec): 2(overused: 4)
Unrouted general nets at iteration 80 (MT total route time: 0.002 sec): 2(overused: 4)
Unrouted general nets at iteration 81 (MT total route time: 0.002 sec): 2(overused: 4)
Unrouted general nets at iteration 82 (MT total route time: 0.001 sec): 2(overused: 4)
Unrouted general nets at iteration 83 (MT total route time: 0.002 sec): 2(overused: 4)
Unrouted general nets at iteration 84 (MT total route time: 0.001 sec): 2(overused: 4)
Unrouted general nets at iteration 85 (MT total route time: 0.002 sec): 2(overused: 4)
Unrouted general nets at iteration 86 (MT total route time: 0.003 sec): 2(overused: 4)
Unrouted general nets at iteration 87 (MT total route time: 0.002 sec): 2(overused: 4)
Unrouted general nets at iteration 88 (MT total route time: 0.002 sec): 2(overused: 4)
Unrouted general nets at iteration 89 (MT total route time: 0.002 sec): 2(overused: 4)
Unrouted general nets at iteration 90 (MT total route time: 0.002 sec): 2(overused: 4)
Unrouted general nets at iteration 91 (MT total route time: 0.002 sec): 2(overused: 4)
Unrouted general nets at iteration 92 (MT total route time: 0.001 sec): 2(overused: 4)
Unrouted general nets at iteration 93 (MT total route time: 0.002 sec): 2(overused: 4)
Unrouted general nets at iteration 94 (MT total route time: 0.001 sec): 2(overused: 4)
Unrouted general nets at iteration 95 (MT total route time: 0.002 sec): 2(overused: 4)
Unrouted general nets at iteration 96 (MT total route time: 0.002 sec): 2(overused: 4)
Unrouted general nets at iteration 97 (MT total route time: 0.002 sec): 2(overused: 4)
Unrouted general nets at iteration 98 (MT total route time: 0.002 sec): 2(overused: 4)
Unrouted general nets at iteration 99 (MT total route time: 0.001 sec): 2(overused: 4)
Unrouted general nets at iteration 100 (MT total route time: 0.002 sec): 2(overused: 4)
Unrouted general nets at iteration 101 (MT total route time: 0.002 sec): 2(overused: 4)
Unrouted general nets at iteration 102 (MT total route time: 0.002 sec): 2(overused: 4)
Unrouted general nets at iteration 103 (MT total route time: 0.001 sec): 2(overused: 4)
Unrouted general nets at iteration 104 (MT total route time: 0.002 sec): 2(overused: 4)
Unrouted general nets at iteration 105 (MT total route time: 0.001 sec): 2(overused: 4)
Unrouted general nets at iteration 106 (MT total route time: 0.004 sec): 2(overused: 4)
Unrouted general nets at iteration 107 (MT total route time: 0.002 sec): 2(overused: 4)
Unrouted general nets at iteration 108 (MT total route time: 0.001 sec): 2(overused: 4)
Unrouted general nets at iteration 109 (MT total route time: 0.001 sec): 2(overused: 4)
Unrouted general nets at iteration 110 (MT total route time: 0.001 sec): 0(overused: 0)
----General net take 0.001 sec(route net take 0.000 sec, inc cost take 0.001 sec, iter times: 1)
----const net route take 0.018 sec
Unrouted nets at iteration 111 (0.020 sec): 0
Detailed routing takes 7.35 sec.
I: Design net nt_sys_clk is routed by general path.
C: Route-2036: The clock path from sys_clk_ibuf/opit_1:DI_TO_CLK to u_pll_0/u_gpll/gpll_inst:CLKIN1 is routed by SRB.
Fix violation Finished.
No hold violation.
Hold Violation Fix in router takes 3.31 sec.
Sort Original Nets take 0.000 sec
Build solution node for device pins which were mapped to more than one design pin take 0.002 sec
Total net: 1236, route succeed net: 1236
Generate routing result take 0.003 sec
Handle PERMUX permutation take 0.044 sec
Handle const net take 0.005 sec
Handle route through take 0.001 sec
Handle loads' routing node take 0.006 sec
Used SRB routing arc is 19074.
Finish routing takes 0.07 sec.
Total routing takes 12.43 sec.


Device Utilization Summary :
+------------------------------------------------------------------------------+
| Logic Utilization           | Used     | Available     | Utilization(%)     
+------------------------------------------------------------------------------+
| Use of ADC                  | 0        | 1             | 0                  
| Use of ANALOG               | 0        | 1             | 0                  
| Use of APM                  | 4        | 80            | 5                  
| Use of BKCL                 | 2        | 3             | 67                 
| Use of CCS                  | 1        | 1             | 100                
| Use of CLMA                 | 516      | 3075          | 17                 
|   FF                        | 615      | 24600         | 3                  
|   LUT                       | 932      | 12300         | 8                  
|   LUT-FF pairs              | 272      | 12300         | 3                  
| Use of CLMS                 | 91       | 1375          | 7                  
|   FF                        | 301      | 11000         | 3                  
|   LUT                       | 263      | 5500          | 5                  
|   LUT-FF pairs              | 131      | 5500          | 3                  
|   Distributed RAM           | 0        | 5500          | 0                  
| Use of DDRPHY_CPD           | 0        | 6             | 0                  
| Use of DDRPHY_IOCLK_DIV     | 0        | 3             | 0                  
| Use of DDR_PHY              | 0        | 12            | 0                  
| Use of DRM                  | 50       | 55            | 91                 
| Use of GPLL                 | 2        | 3             | 67                 
| Use of GSEB                 | 0        | 67            | 0                  
| Use of HARD0                | 151      | 3150          | 5                  
| Use of HCKB                 | 7        | 48            | 15                 
|  HCKB dataused              | 0        | 48            | 0                  
| Use of HCKMUX_TEST          | 0        | 4             | 0                  
| Use of HSSTLP               | 0        | 1             | 0                  
| Use of IO                   | 9        | 150           | 6                  
|   IOBD                      | 4        | 72            | 6                  
|   IOBS                      | 5        | 78            | 7                  
| Use of IOCKB                | 0        | 12            | 0                  
| Use of IOCKMUX_TEST         | 0        | 3             | 0                  
| Use of IOLHR                | 9        | 150           | 6                  
| Use of KEYRAM               | 0        | 1             | 0                  
| Use of MFG_TEST             | 0        | 1             | 0                  
| Use of MRCKB                | 0        | 6             | 0                  
| Use of MRCKMUX_TEST         | 0        | 3             | 0                  
| Use of MRPOSTMUX_TEST       | 0        | 3             | 0                  
| Use of PCIE                 | 0        | 1             | 0                  
| Use of PCKMUX_TEST          | 0        | 6             | 0                  
| Use of PLLMRMUX_TEST        | 0        | 3             | 0                  
| Use of PLLREFMUX_TEST       | 0        | 3             | 0                  
| Use of PPLL                 | 0        | 3             | 0                  
| Use of PREGMUXC_TEST        | 0        | 2             | 0                  
| Use of PREGMUXLR_TEST       | 0        | 3             | 0                  
| Use of RCKB                 | 0        | 12            | 0                  
|  RCKB dataused              | 0        | 12            | 0                  
| Use of RCKMUX_TEST          | 0        | 3             | 0                  
| Use of SCANCHAIN            | 0        | 1             | 0                  
| Use of SCKMUX_TEST          | 0        | 6             | 0                  
| Use of SFB                  | 0        | 925           | 0                  
| Use of SPAD                 | 0        | 4             | 0                  
| Use of TSERDES              | 0        | 24            | 0                  
| Use of USCM                 | 3        | 32            | 10                 
|  USCM dataused              | 0        | 32            | 0                  
| Use of USCMMUX_TEST         | 0        | 32            | 0                  
+------------------------------------------------------------------------------+

Finished routing.
Design 'hdmi_picture_binarization' has been placed and routed successfully.
Saving design to DB.
Finished placement and routing.
Action pnr: Real time elapsed is 0h:0m:32s
Action pnr: CPU time elapsed is 0h:0m:28s
Action pnr: Process CPU time elapsed is 0h:0m:44s
Current time: Tue Nov 18 20:18:48 2025
Action pnr: Peak memory pool usage is 972 MB
