#Build: Fabric Compiler 2022.2-SP6.4, Build 146967, Jan 31 01:39 2024
#Install: E:\App\Professional\PDS_2022.2-SP6.4\bin
#Application name: pds_shell.exe
#OS: Windows 10 10.0.26200
#Hostname: LAPTOP-BODHT30J
Generated by Fabric Compiler (version 2022.2-SP6.4 build 146967) at Tue Nov 18 18:49:19 2025
License checkout: fabric_ads from E:\App\Professional\PDS_2022.2-SP6.4\new_pds_F4A80DA47D72.lic
Compiling verification operator library.
Compiling common defs.
Loading technology operator library.
Compiling technology operator library.
Compiling technology operator (valence) library.
Reading design from compile DB
Reading design from compile DB successfully.
Constraint check start.
Compiling prim grid devices.
Building architecture model.
Loading device packaging model.
Building architecture floorplan logic view.
Executing : get_ports sys_clk
Executing : get_ports sys_clk successfully.
Executing : create_clock -name sys_clk [get_ports sys_clk] -period 20.000 -waveform {0.000 10.000}
Executing : create_clock -name sys_clk [get_ports sys_clk] -period 20.000 -waveform {0.000 10.000} successfully.
C: ConstraintEditor-2002: [E:/User/Files/project_self/OPHW_25H/workspace/16work/constraint/14_HDMI_picture_grey.fdc(line number: 9)] | Port tmds_data_n[1] has been placed at location K15, whose type is share pin.
C: ConstraintEditor-2002: [E:/User/Files/project_self/OPHW_25H/workspace/16work/constraint/14_HDMI_picture_grey.fdc(line number: 27)] | Port tmds_data_p[1] has been placed at location J14, whose type is share pin.
Constraint check end.

C: SDC-2025: Clock source 'n:u_pll_0/clkout1' need a clock constraint, please use 'create_clock' or 'create_generate_clock' to generate.
Executing : get_ports sys_clk
Executing : get_ports sys_clk successfully.
Executing : get_pins u_pll_0/u_gpll:CLKOUT1
Executing : get_pins u_pll_0/u_gpll:CLKOUT1 successfully.
Executing : create_generated_clock -name sys_clk|u_pll_0/u_gpll/CLKOUT1_Inferred -source [get_ports sys_clk] [get_pins u_pll_0/u_gpll:CLKOUT1] -master_clock sys_clk -edges {1 2 3} -edge_shift {0.000000 40.101010 80.202020} -add
Executing : create_generated_clock -name sys_clk|u_pll_0/u_gpll/CLKOUT1_Inferred -source [get_ports sys_clk] [get_pins u_pll_0/u_gpll:CLKOUT1] -master_clock sys_clk -edges {1 2 3} -edge_shift {0.000000 40.101010 80.202020} -add successfully.
C: SDC-2025: Clock source 'n:u_pll_0/clkout0' need a clock constraint, please use 'create_clock' or 'create_generate_clock' to generate.
Executing : get_ports sys_clk
Executing : get_ports sys_clk successfully.
Executing : get_pins u_pll_0/u_gpll:CLKOUT0
Executing : get_pins u_pll_0/u_gpll:CLKOUT0 successfully.
Executing : create_generated_clock -name sys_clk|u_pll_0/u_gpll/CLKOUT0_Inferred -source [get_ports sys_clk] [get_pins u_pll_0/u_gpll:CLKOUT0] -master_clock sys_clk -edges {1 2 3} -edge_shift {0.000000 -6.632997 -13.265993} -add
Executing : create_generated_clock -name sys_clk|u_pll_0/u_gpll/CLKOUT0_Inferred -source [get_ports sys_clk] [get_pins u_pll_0/u_gpll:CLKOUT0] -master_clock sys_clk -edges {1 2 3} -edge_shift {0.000000 -6.632997 -13.265993} -add successfully.
C: SDC-2025: Clock source 'n:u_pll_1/clkout0' need a clock constraint, please use 'create_clock' or 'create_generate_clock' to generate.
Executing : get_pins u_pll_0/u_gpll:CLKOUT0
Executing : get_pins u_pll_0/u_gpll:CLKOUT0 successfully.
Executing : get_pins u_pll_1/u_gpll:CLKOUT0
Executing : get_pins u_pll_1/u_gpll:CLKOUT0 successfully.
Executing : create_generated_clock -name sys_clk|u_pll_0/u_gpll/CLKOUT0_Inferred|u_pll_1/u_gpll/CLKOUT0_Inferred -source [get_pins u_pll_0/u_gpll:CLKOUT0] [get_pins u_pll_1/u_gpll:CLKOUT0] -master_clock sys_clk|u_pll_0/u_gpll/CLKOUT0_Inferred -edges {1 2 3} -edge_shift {0.000000 -2.693603 -5.387205} -add
Executing : create_generated_clock -name sys_clk|u_pll_0/u_gpll/CLKOUT0_Inferred|u_pll_1/u_gpll/CLKOUT0_Inferred -source [get_pins u_pll_0/u_gpll:CLKOUT0] [get_pins u_pll_1/u_gpll:CLKOUT0] -master_clock sys_clk|u_pll_0/u_gpll/CLKOUT0_Inferred -edges {1 2 3} -edge_shift {0.000000 -2.693603 -5.387205} -add successfully.
Start pre-mapping.
I: Constant propagation done on sync_vg/N99 (bmsWIDEMUX).
I: Constant propagation done on sync_vg/N110 (bmsWIDEMUX).
I: Constant propagation done on sync_vg/N112 (bmsWIDEMUX).
W: Removed bmsWIDEDFFCPE inst rgb_b_m0[15:0] at 13 that is stuck at constant 0.
I: Constant propagation done on video_display/u_RGB2YCbCr/rgb_b_m0[15:0] (bmsWIDEDFFCPE).
W: Removed bmsWIDEDFFCPE inst rgb_g_m0[15:0] at 0 that is stuck at constant 0.
I: Constant propagation done on video_display/u_RGB2YCbCr/rgb_g_m0[15:0] (bmsWIDEDFFCPE).
W: Removed bmsWIDEDFFCPE inst rgb_r_m0[15:0] at 15 that is stuck at constant 0.
I: Constant propagation done on video_display/u_RGB2YCbCr/rgb_r_m0[15:0] (bmsWIDEDFFCPE).
Executing : pre-mapping successfully. Time elapsed: 0.142s wall, 0.094s user + 0.094s system = 0.188s CPU (132.3%)

Start mod-gen.
W: Public-4008: Instance 'fifo_line_buf2/U_ipm2l_fifo_fifo_line_buf/U_ipm2l_fifo_ctrl/rd_water_level[12:0]' of 'bmsWIDEDFFCPE' unit is dangling and will be cleaned.
W: Public-4008: Instance 'fifo_line_buf2/U_ipm2l_fifo_fifo_line_buf/U_ipm2l_fifo_ctrl/wr_water_level[12:0]' of 'bmsWIDEDFFCPE' unit is dangling and will be cleaned.
W: Public-4008: Instance 'fifo_line_buf1/U_ipm2l_fifo_fifo_line_buf/U_ipm2l_fifo_ctrl/rd_water_level[12:0]' of 'bmsWIDEDFFCPE' unit is dangling and will be cleaned.
W: Public-4008: Instance 'fifo_line_buf1/U_ipm2l_fifo_fifo_line_buf/U_ipm2l_fifo_ctrl/wr_water_level[12:0]' of 'bmsWIDEDFFCPE' unit is dangling and will be cleaned.
W: Removed bmsWIDEDFFRSE inst u_dvi_transmitter/encoder_g/c0_q that is stuck at constant 0.
I: Constant propagation done on u_dvi_transmitter/encoder_g/c0_q (bmsWIDEDFFRSE).
W: Removed bmsWIDEDFFRSE inst u_dvi_transmitter/encoder_g/c1_q that is stuck at constant 0.
I: Constant propagation done on u_dvi_transmitter/encoder_g/c1_q (bmsWIDEDFFRSE).
W: Removed bmsWIDEDFFRSE inst u_dvi_transmitter/encoder_r/c0_q that is stuck at constant 0.
I: Constant propagation done on u_dvi_transmitter/encoder_r/c0_q (bmsWIDEDFFRSE).
W: Removed bmsWIDEDFFRSE inst u_dvi_transmitter/encoder_r/c1_q that is stuck at constant 0.
I: Constant propagation done on u_dvi_transmitter/encoder_r/c1_q (bmsWIDEDFFRSE).
W: Removed bmsWIDEDFFRSE inst u_dvi_transmitter/encoder_g/c0_reg that is stuck at constant 0.
W: Removed bmsWIDEDFFRSE inst u_dvi_transmitter/encoder_g/c1_reg that is stuck at constant 0.
W: Removed bmsWIDEDFFRSE inst u_dvi_transmitter/encoder_r/c0_reg that is stuck at constant 0.
W: Removed bmsWIDEDFFRSE inst u_dvi_transmitter/encoder_r/c1_reg that is stuck at constant 0.
I: Removed bmsWIDEDFFRSE inst u_dvi_transmitter/encoder_g/de_q that is redundant to u_dvi_transmitter/encoder_b/de_q
I: Removed bmsWIDEDFFRSE inst u_dvi_transmitter/encoder_r/de_q that is redundant to u_dvi_transmitter/encoder_b/de_q
I: Removed bmsWIDEDFFRSE inst u_dvi_transmitter/encoder_g/de_reg that is redundant to u_dvi_transmitter/encoder_b/de_reg
I: Removed bmsWIDEDFFRSE inst u_dvi_transmitter/encoder_r/de_reg that is redundant to u_dvi_transmitter/encoder_b/de_reg
W: Removed bmsWIDEDFFRSE inst rstn_1ms[15:0] at 14 that is stuck at constant 0.
W: Removed bmsWIDEDFFRSE inst sync_vg/v_count[11:0] at 11 that is stuck at constant 0.
Executing : mod-gen successfully. Time elapsed: 0.295s wall, 0.406s user + 0.125s system = 0.531s CPU (180.0%)

Start logic-optimization.
Executing : logic-optimization successfully. Time elapsed: 0.640s wall, 0.562s user + 0.047s system = 0.609s CPU (95.2%)

Start tech-mapping phase 1.
W: Public-4008: Instance 'video_display/u_data_delay_bin/genblk1.data_delay[0][1]' of 'bmsWIDEDFFCPE' unit is dangling and will be cleaned.
W: Public-4008: Instance 'video_display/u_data_delay_bin/genblk1.data_delay[0][2]' of 'bmsWIDEDFFCPE' unit is dangling and will be cleaned.
W: Public-4008: Instance 'video_display/u_data_delay_bin/genblk1.data_delay[0][3]' of 'bmsWIDEDFFCPE' unit is dangling and will be cleaned.
W: Public-4008: Instance 'video_display/u_data_delay_bin/genblk1.data_delay[0][4]' of 'bmsWIDEDFFCPE' unit is dangling and will be cleaned.
W: Public-4008: Instance 'video_display/u_data_delay_bin/genblk1.data_delay[0][5]' of 'bmsWIDEDFFCPE' unit is dangling and will be cleaned.
W: Public-4008: Instance 'video_display/u_data_delay_bin/genblk1.data_delay[0][6]' of 'bmsWIDEDFFCPE' unit is dangling and will be cleaned.
W: Public-4008: Instance 'video_display/u_data_delay_bin/genblk1.data_delay[0][7]' of 'bmsWIDEDFFCPE' unit is dangling and will be cleaned.
W: Public-4008: Instance 'video_display/u_data_delay_bin/genblk1.data_delay[0][8]' of 'bmsWIDEDFFCPE' unit is dangling and will be cleaned.
W: Public-4008: Instance 'video_display/u_data_delay_bin/genblk1.data_delay[0][9]' of 'bmsWIDEDFFCPE' unit is dangling and will be cleaned.
W: Public-4008: Instance 'video_display/u_data_delay_bin/genblk1.data_delay[0][10]' of 'bmsWIDEDFFCPE' unit is dangling and will be cleaned.
W: Public-4008: Instance 'video_display/u_data_delay_bin/genblk1.data_delay[0][11]' of 'bmsWIDEDFFCPE' unit is dangling and will be cleaned.
W: Public-4008: Instance 'video_display/u_data_delay_bin/genblk1.data_delay[0][12]' of 'bmsWIDEDFFCPE' unit is dangling and will be cleaned.
W: Public-4008: Instance 'video_display/u_data_delay_bin/genblk1.data_delay[0][13]' of 'bmsWIDEDFFCPE' unit is dangling and will be cleaned.
W: Public-4008: Instance 'video_display/u_data_delay_bin/genblk1.data_delay[0][14]' of 'bmsWIDEDFFCPE' unit is dangling and will be cleaned.
W: Public-4008: Instance 'video_display/u_data_delay_bin/genblk1.data_delay[0][15]' of 'bmsWIDEDFFCPE' unit is dangling and will be cleaned.
W: Public-4008: Instance 'video_display/u_data_delay_bin/genblk1.data_delay[0][16]' of 'bmsWIDEDFFCPE' unit is dangling and will be cleaned.
W: Public-4008: Instance 'video_display/u_data_delay_bin/genblk1.data_delay[0][17]' of 'bmsWIDEDFFCPE' unit is dangling and will be cleaned.
W: Public-4008: Instance 'video_display/u_data_delay_bin/genblk1.data_delay[0][18]' of 'bmsWIDEDFFCPE' unit is dangling and will be cleaned.
W: Public-4008: Instance 'video_display/u_data_delay_bin/genblk1.data_delay[0][19]' of 'bmsWIDEDFFCPE' unit is dangling and will be cleaned.
W: Public-4008: Instance 'video_display/u_data_delay_bin/genblk1.data_delay[0][20]' of 'bmsWIDEDFFCPE' unit is dangling and will be cleaned.
W: Public-4008: Instance 'video_display/u_data_delay_bin/genblk1.data_delay[0][21]' of 'bmsWIDEDFFCPE' unit is dangling and will be cleaned.
W: Public-4008: Instance 'video_display/u_data_delay_bin/genblk1.data_delay[0][22]' of 'bmsWIDEDFFCPE' unit is dangling and will be cleaned.
W: Public-4008: Instance 'video_display/u_data_delay_bin/genblk1.data_delay[0][23]' of 'bmsWIDEDFFCPE' unit is dangling and will be cleaned.
W: Public-4008: Instance 'video_display/u_data_delay_bin/genblk1.data_delay[1][1]' of 'bmsWIDEDFFCPE' unit is dangling and will be cleaned.
W: Public-4008: Instance 'video_display/u_data_delay_bin/genblk1.data_delay[1][2]' of 'bmsWIDEDFFCPE' unit is dangling and will be cleaned.
W: Public-4008: Instance 'video_display/u_data_delay_bin/genblk1.data_delay[1][3]' of 'bmsWIDEDFFCPE' unit is dangling and will be cleaned.
W: Public-4008: Instance 'video_display/u_data_delay_bin/genblk1.data_delay[1][4]' of 'bmsWIDEDFFCPE' unit is dangling and will be cleaned.
W: Public-4008: Instance 'video_display/u_data_delay_bin/genblk1.data_delay[1][5]' of 'bmsWIDEDFFCPE' unit is dangling and will be cleaned.
W: Public-4008: Instance 'video_display/u_data_delay_bin/genblk1.data_delay[1][6]' of 'bmsWIDEDFFCPE' unit is dangling and will be cleaned.
W: Public-4008: Instance 'video_display/u_data_delay_bin/genblk1.data_delay[1][7]' of 'bmsWIDEDFFCPE' unit is dangling and will be cleaned.
W: Public-4008: Instance 'video_display/u_data_delay_bin/genblk1.data_delay[1][8]' of 'bmsWIDEDFFCPE' unit is dangling and will be cleaned.
W: Public-4008: Instance 'video_display/u_data_delay_bin/genblk1.data_delay[1][9]' of 'bmsWIDEDFFCPE' unit is dangling and will be cleaned.
W: Public-4008: Instance 'video_display/u_data_delay_bin/genblk1.data_delay[1][10]' of 'bmsWIDEDFFCPE' unit is dangling and will be cleaned.
W: Public-4008: Instance 'video_display/u_data_delay_bin/genblk1.data_delay[1][11]' of 'bmsWIDEDFFCPE' unit is dangling and will be cleaned.
W: Public-4008: Instance 'video_display/u_data_delay_bin/genblk1.data_delay[1][12]' of 'bmsWIDEDFFCPE' unit is dangling and will be cleaned.
W: Public-4008: Instance 'video_display/u_data_delay_bin/genblk1.data_delay[1][13]' of 'bmsWIDEDFFCPE' unit is dangling and will be cleaned.
W: Public-4008: Instance 'video_display/u_data_delay_bin/genblk1.data_delay[1][14]' of 'bmsWIDEDFFCPE' unit is dangling and will be cleaned.
W: Public-4008: Instance 'video_display/u_data_delay_bin/genblk1.data_delay[1][15]' of 'bmsWIDEDFFCPE' unit is dangling and will be cleaned.
W: Public-4008: Instance 'video_display/u_data_delay_bin/genblk1.data_delay[1][16]' of 'bmsWIDEDFFCPE' unit is dangling and will be cleaned.
W: Public-4008: Instance 'video_display/u_data_delay_bin/genblk1.data_delay[1][17]' of 'bmsWIDEDFFCPE' unit is dangling and will be cleaned.
W: Public-4008: Instance 'video_display/u_data_delay_bin/genblk1.data_delay[1][18]' of 'bmsWIDEDFFCPE' unit is dangling and will be cleaned.
W: Public-4008: Instance 'video_display/u_data_delay_bin/genblk1.data_delay[1][19]' of 'bmsWIDEDFFCPE' unit is dangling and will be cleaned.
W: Public-4008: Instance 'video_display/u_data_delay_bin/genblk1.data_delay[1][20]' of 'bmsWIDEDFFCPE' unit is dangling and will be cleaned.
W: Public-4008: Instance 'video_display/u_data_delay_bin/genblk1.data_delay[1][21]' of 'bmsWIDEDFFCPE' unit is dangling and will be cleaned.
W: Public-4008: Instance 'video_display/u_data_delay_bin/genblk1.data_delay[1][22]' of 'bmsWIDEDFFCPE' unit is dangling and will be cleaned.
W: Public-4008: Instance 'video_display/u_data_delay_bin/genblk1.data_delay[1][23]' of 'bmsWIDEDFFCPE' unit is dangling and will be cleaned.
W: Public-4008: Instance 'video_display/u_data_delay_bin/genblk1.data_delay[2][1]' of 'bmsWIDEDFFCPE' unit is dangling and will be cleaned.
W: Public-4008: Instance 'video_display/u_data_delay_bin/genblk1.data_delay[2][2]' of 'bmsWIDEDFFCPE' unit is dangling and will be cleaned.
W: Public-4008: Instance 'video_display/u_data_delay_bin/genblk1.data_delay[2][3]' of 'bmsWIDEDFFCPE' unit is dangling and will be cleaned.
W: Public-4008: Instance 'video_display/u_data_delay_bin/genblk1.data_delay[2][4]' of 'bmsWIDEDFFCPE' unit is dangling and will be cleaned.
W: Public-4008: Instance 'video_display/u_data_delay_bin/genblk1.data_delay[2][5]' of 'bmsWIDEDFFCPE' unit is dangling and will be cleaned.
W: Public-4008: Instance 'video_display/u_data_delay_bin/genblk1.data_delay[2][6]' of 'bmsWIDEDFFCPE' unit is dangling and will be cleaned.
W: Public-4008: Instance 'video_display/u_data_delay_bin/genblk1.data_delay[2][7]' of 'bmsWIDEDFFCPE' unit is dangling and will be cleaned.
W: Public-4008: Instance 'video_display/u_data_delay_bin/genblk1.data_delay[2][8]' of 'bmsWIDEDFFCPE' unit is dangling and will be cleaned.
W: Public-4008: Instance 'video_display/u_data_delay_bin/genblk1.data_delay[2][9]' of 'bmsWIDEDFFCPE' unit is dangling and will be cleaned.
W: Public-4008: Instance 'video_display/u_data_delay_bin/genblk1.data_delay[2][10]' of 'bmsWIDEDFFCPE' unit is dangling and will be cleaned.
W: Public-4008: Instance 'video_display/u_data_delay_bin/genblk1.data_delay[2][11]' of 'bmsWIDEDFFCPE' unit is dangling and will be cleaned.
W: Public-4008: Instance 'video_display/u_data_delay_bin/genblk1.data_delay[2][12]' of 'bmsWIDEDFFCPE' unit is dangling and will be cleaned.
W: Public-4008: Instance 'video_display/u_data_delay_bin/genblk1.data_delay[2][13]' of 'bmsWIDEDFFCPE' unit is dangling and will be cleaned.
W: Public-4008: Instance 'video_display/u_data_delay_bin/genblk1.data_delay[2][14]' of 'bmsWIDEDFFCPE' unit is dangling and will be cleaned.
W: Public-4008: Instance 'video_display/u_data_delay_bin/genblk1.data_delay[2][15]' of 'bmsWIDEDFFCPE' unit is dangling and will be cleaned.
W: Public-4008: Instance 'video_display/u_data_delay_bin/genblk1.data_delay[2][16]' of 'bmsWIDEDFFCPE' unit is dangling and will be cleaned.
W: Public-4008: Instance 'video_display/u_data_delay_bin/genblk1.data_delay[2][17]' of 'bmsWIDEDFFCPE' unit is dangling and will be cleaned.
W: Public-4008: Instance 'video_display/u_data_delay_bin/genblk1.data_delay[2][18]' of 'bmsWIDEDFFCPE' unit is dangling and will be cleaned.
W: Public-4008: Instance 'video_display/u_data_delay_bin/genblk1.data_delay[2][19]' of 'bmsWIDEDFFCPE' unit is dangling and will be cleaned.
W: Public-4008: Instance 'video_display/u_data_delay_bin/genblk1.data_delay[2][20]' of 'bmsWIDEDFFCPE' unit is dangling and will be cleaned.
W: Public-4008: Instance 'video_display/u_data_delay_bin/genblk1.data_delay[2][21]' of 'bmsWIDEDFFCPE' unit is dangling and will be cleaned.
W: Public-4008: Instance 'video_display/u_data_delay_bin/genblk1.data_delay[2][22]' of 'bmsWIDEDFFCPE' unit is dangling and will be cleaned.
W: Public-4008: Instance 'video_display/u_data_delay_bin/genblk1.data_delay[2][23]' of 'bmsWIDEDFFCPE' unit is dangling and will be cleaned.
W: Public-4008: Instance 'rstn_1ms[14]' of 'bmsWIDEDFFRSE' unit is dangling and will be cleaned.
W: Public-4008: Instance 'rstn_1ms[15]' of 'bmsWIDEDFFRSE' unit is dangling and will be cleaned.
W: Public-4008: Instance 'sync_vg/y_act[0]' of 'bmsWIDEDFFRSE' unit is dangling and will be cleaned.
W: Public-4008: Instance 'sync_vg/y_act[1]' of 'bmsWIDEDFFRSE' unit is dangling and will be cleaned.
W: Public-4008: Instance 'sync_vg/v_count[11]' of 'bmsWIDEDFFRSE' unit is dangling and will be cleaned.
W: Public-4008: Instance 'video_display/u_data_delay_bin/genblk1.data_delay[3][1]' of 'bmsWIDEDFFCPE' unit is dangling and will be cleaned.
W: Public-4008: Instance 'video_display/u_data_delay_bin/genblk1.data_delay[3][2]' of 'bmsWIDEDFFCPE' unit is dangling and will be cleaned.
W: Public-4008: Instance 'video_display/u_data_delay_bin/genblk1.data_delay[3][3]' of 'bmsWIDEDFFCPE' unit is dangling and will be cleaned.
W: Public-4008: Instance 'video_display/u_data_delay_bin/genblk1.data_delay[3][4]' of 'bmsWIDEDFFCPE' unit is dangling and will be cleaned.
W: Public-4008: Instance 'video_display/u_data_delay_bin/genblk1.data_delay[3][5]' of 'bmsWIDEDFFCPE' unit is dangling and will be cleaned.
W: Public-4008: Instance 'video_display/u_data_delay_bin/genblk1.data_delay[3][6]' of 'bmsWIDEDFFCPE' unit is dangling and will be cleaned.
W: Public-4008: Instance 'video_display/u_data_delay_bin/genblk1.data_delay[3][7]' of 'bmsWIDEDFFCPE' unit is dangling and will be cleaned.
W: Public-4008: Instance 'video_display/u_data_delay_bin/genblk1.data_delay[3][8]' of 'bmsWIDEDFFCPE' unit is dangling and will be cleaned.
W: Public-4008: Instance 'video_display/u_data_delay_bin/genblk1.data_delay[3][9]' of 'bmsWIDEDFFCPE' unit is dangling and will be cleaned.
W: Public-4008: Instance 'video_display/u_data_delay_bin/genblk1.data_delay[3][10]' of 'bmsWIDEDFFCPE' unit is dangling and will be cleaned.
W: Public-4008: Instance 'video_display/u_data_delay_bin/genblk1.data_delay[3][11]' of 'bmsWIDEDFFCPE' unit is dangling and will be cleaned.
W: Public-4008: Instance 'video_display/u_data_delay_bin/genblk1.data_delay[3][12]' of 'bmsWIDEDFFCPE' unit is dangling and will be cleaned.
W: Public-4008: Instance 'video_display/u_data_delay_bin/genblk1.data_delay[3][13]' of 'bmsWIDEDFFCPE' unit is dangling and will be cleaned.
W: Public-4008: Instance 'video_display/u_data_delay_bin/genblk1.data_delay[3][14]' of 'bmsWIDEDFFCPE' unit is dangling and will be cleaned.
W: Public-4008: Instance 'video_display/u_data_delay_bin/genblk1.data_delay[3][15]' of 'bmsWIDEDFFCPE' unit is dangling and will be cleaned.
W: Public-4008: Instance 'video_display/u_data_delay_bin/genblk1.data_delay[3][16]' of 'bmsWIDEDFFCPE' unit is dangling and will be cleaned.
W: Public-4008: Instance 'video_display/u_data_delay_bin/genblk1.data_delay[3][17]' of 'bmsWIDEDFFCPE' unit is dangling and will be cleaned.
W: Public-4008: Instance 'video_display/u_data_delay_bin/genblk1.data_delay[3][18]' of 'bmsWIDEDFFCPE' unit is dangling and will be cleaned.
W: Public-4008: Instance 'video_display/u_data_delay_bin/genblk1.data_delay[3][19]' of 'bmsWIDEDFFCPE' unit is dangling and will be cleaned.
W: Public-4008: Instance 'video_display/u_data_delay_bin/genblk1.data_delay[3][20]' of 'bmsWIDEDFFCPE' unit is dangling and will be cleaned.
W: Public-4008: Instance 'video_display/u_data_delay_bin/genblk1.data_delay[3][21]' of 'bmsWIDEDFFCPE' unit is dangling and will be cleaned.
W: Public-4008: Instance 'video_display/u_data_delay_bin/genblk1.data_delay[3][22]' of 'bmsWIDEDFFCPE' unit is dangling and will be cleaned.
W: Public-4008: Instance 'video_display/u_data_delay_bin/genblk1.data_delay[3][23]' of 'bmsWIDEDFFCPE' unit is dangling and will be cleaned.
W: Public-4008: Instance 'video_display/u_data_delay_bin/genblk1.data_delay[4][1]' of 'bmsWIDEDFFCPE' unit is dangling and will be cleaned.
W: Public-4008: Instance 'video_display/u_data_delay_bin/genblk1.data_delay[4][2]' of 'bmsWIDEDFFCPE' unit is dangling and will be cleaned.
W: Public-4008: Instance 'video_display/u_data_delay_bin/genblk1.data_delay[4][3]' of 'bmsWIDEDFFCPE' unit is dangling and will be cleaned.
W: Public-4008: Instance 'video_display/u_data_delay_bin/genblk1.data_delay[4][4]' of 'bmsWIDEDFFCPE' unit is dangling and will be cleaned.
W: Public-4008: Instance 'video_display/u_data_delay_bin/genblk1.data_delay[4][5]' of 'bmsWIDEDFFCPE' unit is dangling and will be cleaned.
W: Public-4008: Instance 'video_display/u_data_delay_bin/genblk1.data_delay[4][6]' of 'bmsWIDEDFFCPE' unit is dangling and will be cleaned.
W: Public-4008: Instance 'video_display/u_data_delay_bin/genblk1.data_delay[4][7]' of 'bmsWIDEDFFCPE' unit is dangling and will be cleaned.
W: Public-4008: Instance 'video_display/u_data_delay_bin/genblk1.data_delay[4][8]' of 'bmsWIDEDFFCPE' unit is dangling and will be cleaned.
W: Public-4008: Instance 'video_display/u_data_delay_bin/genblk1.data_delay[4][9]' of 'bmsWIDEDFFCPE' unit is dangling and will be cleaned.
W: Public-4008: Instance 'video_display/u_data_delay_bin/genblk1.data_delay[4][10]' of 'bmsWIDEDFFCPE' unit is dangling and will be cleaned.
W: Public-4008: Instance 'video_display/u_data_delay_bin/genblk1.data_delay[4][11]' of 'bmsWIDEDFFCPE' unit is dangling and will be cleaned.
W: Public-4008: Instance 'video_display/u_data_delay_bin/genblk1.data_delay[4][12]' of 'bmsWIDEDFFCPE' unit is dangling and will be cleaned.
W: Public-4008: Instance 'video_display/u_data_delay_bin/genblk1.data_delay[4][13]' of 'bmsWIDEDFFCPE' unit is dangling and will be cleaned.
W: Public-4008: Instance 'video_display/u_data_delay_bin/genblk1.data_delay[4][14]' of 'bmsWIDEDFFCPE' unit is dangling and will be cleaned.
W: Public-4008: Instance 'video_display/u_data_delay_bin/genblk1.data_delay[4][15]' of 'bmsWIDEDFFCPE' unit is dangling and will be cleaned.
W: Public-4008: Instance 'video_display/u_data_delay_bin/genblk1.data_delay[4][16]' of 'bmsWIDEDFFCPE' unit is dangling and will be cleaned.
W: Public-4008: Instance 'video_display/u_data_delay_bin/genblk1.data_delay[4][17]' of 'bmsWIDEDFFCPE' unit is dangling and will be cleaned.
W: Public-4008: Instance 'video_display/u_data_delay_bin/genblk1.data_delay[4][18]' of 'bmsWIDEDFFCPE' unit is dangling and will be cleaned.
W: Public-4008: Instance 'video_display/u_data_delay_bin/genblk1.data_delay[4][19]' of 'bmsWIDEDFFCPE' unit is dangling and will be cleaned.
W: Public-4008: Instance 'video_display/u_data_delay_bin/genblk1.data_delay[4][20]' of 'bmsWIDEDFFCPE' unit is dangling and will be cleaned.
W: Public-4008: Instance 'video_display/u_data_delay_bin/genblk1.data_delay[4][21]' of 'bmsWIDEDFFCPE' unit is dangling and will be cleaned.
W: Public-4008: Instance 'video_display/u_data_delay_bin/genblk1.data_delay[4][22]' of 'bmsWIDEDFFCPE' unit is dangling and will be cleaned.
W: Public-4008: Instance 'video_display/u_data_delay_bin/genblk1.data_delay[4][23]' of 'bmsWIDEDFFCPE' unit is dangling and will be cleaned.
W: Public-4008: Instance 'video_display/u_data_delay_grey/genblk1.data_delay[0][8]' of 'bmsWIDEDFFCPE' unit is dangling and will be cleaned.
W: Public-4008: Instance 'video_display/u_data_delay_grey/genblk1.data_delay[0][9]' of 'bmsWIDEDFFCPE' unit is dangling and will be cleaned.
W: Public-4008: Instance 'video_display/u_data_delay_grey/genblk1.data_delay[0][10]' of 'bmsWIDEDFFCPE' unit is dangling and will be cleaned.
W: Public-4008: Instance 'video_display/u_data_delay_grey/genblk1.data_delay[0][11]' of 'bmsWIDEDFFCPE' unit is dangling and will be cleaned.
W: Public-4008: Instance 'video_display/u_data_delay_grey/genblk1.data_delay[0][12]' of 'bmsWIDEDFFCPE' unit is dangling and will be cleaned.
W: Public-4008: Instance 'video_display/u_data_delay_grey/genblk1.data_delay[0][13]' of 'bmsWIDEDFFCPE' unit is dangling and will be cleaned.
W: Public-4008: Instance 'video_display/u_data_delay_grey/genblk1.data_delay[0][14]' of 'bmsWIDEDFFCPE' unit is dangling and will be cleaned.
W: Public-4008: Instance 'video_display/u_data_delay_grey/genblk1.data_delay[0][15]' of 'bmsWIDEDFFCPE' unit is dangling and will be cleaned.
W: Public-4008: Instance 'video_display/u_data_delay_grey/genblk1.data_delay[0][16]' of 'bmsWIDEDFFCPE' unit is dangling and will be cleaned.
W: Public-4008: Instance 'video_display/u_data_delay_grey/genblk1.data_delay[0][17]' of 'bmsWIDEDFFCPE' unit is dangling and will be cleaned.
W: Public-4008: Instance 'video_display/u_data_delay_grey/genblk1.data_delay[0][18]' of 'bmsWIDEDFFCPE' unit is dangling and will be cleaned.
W: Public-4008: Instance 'video_display/u_data_delay_grey/genblk1.data_delay[0][19]' of 'bmsWIDEDFFCPE' unit is dangling and will be cleaned.
W: Public-4008: Instance 'video_display/u_data_delay_grey/genblk1.data_delay[0][20]' of 'bmsWIDEDFFCPE' unit is dangling and will be cleaned.
W: Public-4008: Instance 'video_display/u_data_delay_grey/genblk1.data_delay[0][21]' of 'bmsWIDEDFFCPE' unit is dangling and will be cleaned.
W: Public-4008: Instance 'video_display/u_data_delay_grey/genblk1.data_delay[0][22]' of 'bmsWIDEDFFCPE' unit is dangling and will be cleaned.
W: Public-4008: Instance 'video_display/u_data_delay_grey/genblk1.data_delay[0][23]' of 'bmsWIDEDFFCPE' unit is dangling and will be cleaned.
W: Public-4008: Instance 'video_display/u_data_delay_grey/genblk1.data_delay[3][8]' of 'bmsWIDEDFFCPE' unit is dangling and will be cleaned.
W: Public-4008: Instance 'video_display/u_data_delay_grey/genblk1.data_delay[3][9]' of 'bmsWIDEDFFCPE' unit is dangling and will be cleaned.
W: Public-4008: Instance 'video_display/u_data_delay_grey/genblk1.data_delay[3][10]' of 'bmsWIDEDFFCPE' unit is dangling and will be cleaned.
W: Public-4008: Instance 'video_display/u_data_delay_grey/genblk1.data_delay[3][11]' of 'bmsWIDEDFFCPE' unit is dangling and will be cleaned.
W: Public-4008: Instance 'video_display/u_data_delay_grey/genblk1.data_delay[3][12]' of 'bmsWIDEDFFCPE' unit is dangling and will be cleaned.
W: Public-4008: Instance 'video_display/u_data_delay_grey/genblk1.data_delay[3][13]' of 'bmsWIDEDFFCPE' unit is dangling and will be cleaned.
W: Public-4008: Instance 'video_display/u_data_delay_grey/genblk1.data_delay[3][14]' of 'bmsWIDEDFFCPE' unit is dangling and will be cleaned.
W: Public-4008: Instance 'video_display/u_data_delay_grey/genblk1.data_delay[3][15]' of 'bmsWIDEDFFCPE' unit is dangling and will be cleaned.
W: Public-4008: Instance 'video_display/u_data_delay_grey/genblk1.data_delay[3][16]' of 'bmsWIDEDFFCPE' unit is dangling and will be cleaned.
W: Public-4008: Instance 'video_display/u_data_delay_grey/genblk1.data_delay[3][17]' of 'bmsWIDEDFFCPE' unit is dangling and will be cleaned.
W: Public-4008: Instance 'video_display/u_data_delay_grey/genblk1.data_delay[3][18]' of 'bmsWIDEDFFCPE' unit is dangling and will be cleaned.
W: Public-4008: Instance 'video_display/u_data_delay_grey/genblk1.data_delay[3][19]' of 'bmsWIDEDFFCPE' unit is dangling and will be cleaned.
W: Public-4008: Instance 'video_display/u_data_delay_grey/genblk1.data_delay[3][20]' of 'bmsWIDEDFFCPE' unit is dangling and will be cleaned.
W: Public-4008: Instance 'video_display/u_data_delay_grey/genblk1.data_delay[3][21]' of 'bmsWIDEDFFCPE' unit is dangling and will be cleaned.
W: Public-4008: Instance 'video_display/u_data_delay_grey/genblk1.data_delay[3][22]' of 'bmsWIDEDFFCPE' unit is dangling and will be cleaned.
W: Public-4008: Instance 'video_display/u_data_delay_grey/genblk1.data_delay[3][23]' of 'bmsWIDEDFFCPE' unit is dangling and will be cleaned.
W: Public-4008: Instance 'video_display/u_data_delay_grey/genblk1.data_delay[4][8]' of 'bmsWIDEDFFCPE' unit is dangling and will be cleaned.
W: Public-4008: Instance 'video_display/u_data_delay_grey/genblk1.data_delay[4][9]' of 'bmsWIDEDFFCPE' unit is dangling and will be cleaned.
W: Public-4008: Instance 'video_display/u_data_delay_grey/genblk1.data_delay[4][10]' of 'bmsWIDEDFFCPE' unit is dangling and will be cleaned.
W: Public-4008: Instance 'video_display/u_data_delay_grey/genblk1.data_delay[4][11]' of 'bmsWIDEDFFCPE' unit is dangling and will be cleaned.
W: Public-4008: Instance 'video_display/u_data_delay_grey/genblk1.data_delay[4][12]' of 'bmsWIDEDFFCPE' unit is dangling and will be cleaned.
W: Public-4008: Instance 'video_display/u_data_delay_grey/genblk1.data_delay[4][13]' of 'bmsWIDEDFFCPE' unit is dangling and will be cleaned.
W: Public-4008: Instance 'video_display/u_data_delay_grey/genblk1.data_delay[4][14]' of 'bmsWIDEDFFCPE' unit is dangling and will be cleaned.
W: Public-4008: Instance 'video_display/u_data_delay_grey/genblk1.data_delay[4][15]' of 'bmsWIDEDFFCPE' unit is dangling and will be cleaned.
W: Public-4008: Instance 'video_display/u_data_delay_grey/genblk1.data_delay[4][16]' of 'bmsWIDEDFFCPE' unit is dangling and will be cleaned.
W: Public-4008: Instance 'video_display/u_data_delay_grey/genblk1.data_delay[4][17]' of 'bmsWIDEDFFCPE' unit is dangling and will be cleaned.
W: Public-4008: Instance 'video_display/u_data_delay_grey/genblk1.data_delay[4][18]' of 'bmsWIDEDFFCPE' unit is dangling and will be cleaned.
W: Public-4008: Instance 'video_display/u_data_delay_grey/genblk1.data_delay[4][19]' of 'bmsWIDEDFFCPE' unit is dangling and will be cleaned.
W: Public-4008: Instance 'video_display/u_data_delay_grey/genblk1.data_delay[4][20]' of 'bmsWIDEDFFCPE' unit is dangling and will be cleaned.
W: Public-4008: Instance 'video_display/u_data_delay_grey/genblk1.data_delay[4][21]' of 'bmsWIDEDFFCPE' unit is dangling and will be cleaned.
W: Public-4008: Instance 'video_display/u_data_delay_grey/genblk1.data_delay[4][22]' of 'bmsWIDEDFFCPE' unit is dangling and will be cleaned.
W: Public-4008: Instance 'video_display/u_data_delay_grey/genblk1.data_delay[4][23]' of 'bmsWIDEDFFCPE' unit is dangling and will be cleaned.
W: Public-4008: Instance 'video_display/u_data_delay_grey/genblk1.data_delay[1][8]' of 'bmsWIDEDFFCPE' unit is dangling and will be cleaned.
W: Public-4008: Instance 'video_display/u_data_delay_grey/genblk1.data_delay[1][9]' of 'bmsWIDEDFFCPE' unit is dangling and will be cleaned.
W: Public-4008: Instance 'video_display/u_data_delay_grey/genblk1.data_delay[1][10]' of 'bmsWIDEDFFCPE' unit is dangling and will be cleaned.
W: Public-4008: Instance 'video_display/u_data_delay_grey/genblk1.data_delay[1][11]' of 'bmsWIDEDFFCPE' unit is dangling and will be cleaned.
W: Public-4008: Instance 'video_display/u_data_delay_grey/genblk1.data_delay[1][12]' of 'bmsWIDEDFFCPE' unit is dangling and will be cleaned.
W: Public-4008: Instance 'video_display/u_data_delay_grey/genblk1.data_delay[1][13]' of 'bmsWIDEDFFCPE' unit is dangling and will be cleaned.
W: Public-4008: Instance 'video_display/u_data_delay_grey/genblk1.data_delay[1][14]' of 'bmsWIDEDFFCPE' unit is dangling and will be cleaned.
W: Public-4008: Instance 'video_display/u_data_delay_grey/genblk1.data_delay[1][15]' of 'bmsWIDEDFFCPE' unit is dangling and will be cleaned.
W: Public-4008: Instance 'video_display/u_data_delay_grey/genblk1.data_delay[1][16]' of 'bmsWIDEDFFCPE' unit is dangling and will be cleaned.
W: Public-4008: Instance 'video_display/u_data_delay_grey/genblk1.data_delay[1][17]' of 'bmsWIDEDFFCPE' unit is dangling and will be cleaned.
W: Public-4008: Instance 'video_display/u_data_delay_grey/genblk1.data_delay[1][18]' of 'bmsWIDEDFFCPE' unit is dangling and will be cleaned.
W: Public-4008: Instance 'video_display/u_data_delay_grey/genblk1.data_delay[1][19]' of 'bmsWIDEDFFCPE' unit is dangling and will be cleaned.
W: Public-4008: Instance 'video_display/u_data_delay_grey/genblk1.data_delay[1][20]' of 'bmsWIDEDFFCPE' unit is dangling and will be cleaned.
W: Public-4008: Instance 'video_display/u_data_delay_grey/genblk1.data_delay[1][21]' of 'bmsWIDEDFFCPE' unit is dangling and will be cleaned.
W: Public-4008: Instance 'video_display/u_data_delay_grey/genblk1.data_delay[1][22]' of 'bmsWIDEDFFCPE' unit is dangling and will be cleaned.
W: Public-4008: Instance 'video_display/u_data_delay_grey/genblk1.data_delay[1][23]' of 'bmsWIDEDFFCPE' unit is dangling and will be cleaned.
W: Public-4008: Instance 'video_display/u_data_delay_grey/genblk1.data_delay[2][8]' of 'bmsWIDEDFFCPE' unit is dangling and will be cleaned.
W: Public-4008: Instance 'video_display/u_data_delay_grey/genblk1.data_delay[2][9]' of 'bmsWIDEDFFCPE' unit is dangling and will be cleaned.
W: Public-4008: Instance 'video_display/u_data_delay_grey/genblk1.data_delay[2][10]' of 'bmsWIDEDFFCPE' unit is dangling and will be cleaned.
W: Public-4008: Instance 'video_display/u_data_delay_grey/genblk1.data_delay[2][11]' of 'bmsWIDEDFFCPE' unit is dangling and will be cleaned.
W: Public-4008: Instance 'video_display/u_data_delay_grey/genblk1.data_delay[2][12]' of 'bmsWIDEDFFCPE' unit is dangling and will be cleaned.
W: Public-4008: Instance 'video_display/u_data_delay_grey/genblk1.data_delay[2][13]' of 'bmsWIDEDFFCPE' unit is dangling and will be cleaned.
W: Public-4008: Instance 'video_display/u_data_delay_grey/genblk1.data_delay[2][14]' of 'bmsWIDEDFFCPE' unit is dangling and will be cleaned.
W: Public-4008: Instance 'video_display/u_data_delay_grey/genblk1.data_delay[2][15]' of 'bmsWIDEDFFCPE' unit is dangling and will be cleaned.
W: Public-4008: Instance 'video_display/u_data_delay_grey/genblk1.data_delay[2][16]' of 'bmsWIDEDFFCPE' unit is dangling and will be cleaned.
W: Public-4008: Instance 'video_display/u_data_delay_grey/genblk1.data_delay[2][17]' of 'bmsWIDEDFFCPE' unit is dangling and will be cleaned.
W: Public-4008: Instance 'video_display/u_data_delay_grey/genblk1.data_delay[2][18]' of 'bmsWIDEDFFCPE' unit is dangling and will be cleaned.
W: Public-4008: Instance 'video_display/u_data_delay_grey/genblk1.data_delay[2][19]' of 'bmsWIDEDFFCPE' unit is dangling and will be cleaned.
W: Public-4008: Instance 'video_display/u_data_delay_grey/genblk1.data_delay[2][20]' of 'bmsWIDEDFFCPE' unit is dangling and will be cleaned.
W: Public-4008: Instance 'video_display/u_data_delay_grey/genblk1.data_delay[2][21]' of 'bmsWIDEDFFCPE' unit is dangling and will be cleaned.
W: Public-4008: Instance 'video_display/u_data_delay_grey/genblk1.data_delay[2][22]' of 'bmsWIDEDFFCPE' unit is dangling and will be cleaned.
W: Public-4008: Instance 'video_display/u_data_delay_grey/genblk1.data_delay[2][23]' of 'bmsWIDEDFFCPE' unit is dangling and will be cleaned.
W: Public-4008: Instance 'video_display/u_data_delay_grey/genblk1.data_delay[5][8]' of 'bmsWIDEDFFCPE' unit is dangling and will be cleaned.
W: Public-4008: Instance 'video_display/u_data_delay_grey/genblk1.data_delay[5][9]' of 'bmsWIDEDFFCPE' unit is dangling and will be cleaned.
W: Public-4008: Instance 'video_display/u_data_delay_grey/genblk1.data_delay[5][10]' of 'bmsWIDEDFFCPE' unit is dangling and will be cleaned.
W: Public-4008: Instance 'video_display/u_data_delay_grey/genblk1.data_delay[5][11]' of 'bmsWIDEDFFCPE' unit is dangling and will be cleaned.
W: Public-4008: Instance 'video_display/u_data_delay_grey/genblk1.data_delay[5][12]' of 'bmsWIDEDFFCPE' unit is dangling and will be cleaned.
W: Public-4008: Instance 'video_display/u_data_delay_grey/genblk1.data_delay[5][13]' of 'bmsWIDEDFFCPE' unit is dangling and will be cleaned.
W: Public-4008: Instance 'video_display/u_data_delay_grey/genblk1.data_delay[5][14]' of 'bmsWIDEDFFCPE' unit is dangling and will be cleaned.
W: Public-4008: Instance 'video_display/u_data_delay_grey/genblk1.data_delay[5][15]' of 'bmsWIDEDFFCPE' unit is dangling and will be cleaned.
W: Public-4008: Instance 'video_display/u_data_delay_grey/genblk1.data_delay[5][16]' of 'bmsWIDEDFFCPE' unit is dangling and will be cleaned.
W: Public-4008: Instance 'video_display/u_data_delay_grey/genblk1.data_delay[5][17]' of 'bmsWIDEDFFCPE' unit is dangling and will be cleaned.
W: Public-4008: Instance 'video_display/u_data_delay_grey/genblk1.data_delay[5][18]' of 'bmsWIDEDFFCPE' unit is dangling and will be cleaned.
W: Public-4008: Instance 'video_display/u_data_delay_grey/genblk1.data_delay[5][19]' of 'bmsWIDEDFFCPE' unit is dangling and will be cleaned.
W: Public-4008: Instance 'video_display/u_data_delay_grey/genblk1.data_delay[5][20]' of 'bmsWIDEDFFCPE' unit is dangling and will be cleaned.
W: Public-4008: Instance 'video_display/u_data_delay_grey/genblk1.data_delay[5][21]' of 'bmsWIDEDFFCPE' unit is dangling and will be cleaned.
W: Public-4008: Instance 'video_display/u_data_delay_grey/genblk1.data_delay[5][22]' of 'bmsWIDEDFFCPE' unit is dangling and will be cleaned.
W: Public-4008: Instance 'video_display/u_data_delay_grey/genblk1.data_delay[5][23]' of 'bmsWIDEDFFCPE' unit is dangling and will be cleaned.
I: Removed GTP_DFF inst u_dvi_transmitter/encoder_b/n1q_m[0] that is redundant to u_dvi_transmitter/encoder_b/n0q_m[0]
I: Removed GTP_DFF inst u_dvi_transmitter/encoder_g/n1q_m[0] that is redundant to u_dvi_transmitter/encoder_g/n0q_m[0]
I: Removed GTP_DFF inst u_dvi_transmitter/encoder_r/n1q_m[0] that is redundant to u_dvi_transmitter/encoder_r/n0q_m[0]
Executing : tech-mapping phase 1 successfully. Time elapsed: 0.050s wall, 0.047s user + 0.000s system = 0.047s CPU (94.0%)

Start tech-mapping phase 2.
Executing : tech-mapping phase 2 successfully. Time elapsed: 0.553s wall, 0.562s user + 0.125s system = 0.688s CPU (124.3%)

Start tech-optimization.
Executing : tech-optimization successfully. Time elapsed: 0.147s wall, 0.188s user + 0.031s system = 0.219s CPU (148.9%)

Start phys-optimization.
Executing : phys-optimization successfully. Time elapsed: 0.000s wall, 0.000s user + 0.000s system = 0.000s CPU (n/a%)

Start restore-hierarchy.
Executing : restore-hierarchy successfully. Time elapsed: 0.127s wall, 0.125s user + 0.000s system = 0.125s CPU (98.1%)

W: prevent name conflict by renaming net u_dvi_transmitter/encoder_g/N202 to u_dvi_transmitter/encoder_g/N202_rnmt
W: prevent name conflict by renaming net u_dvi_transmitter/encoder_g/N244 to u_dvi_transmitter/encoder_g/N244_rnmt
W: prevent name conflict by renaming net sync_vg/N0_cpy to sync_vg/N0_cpy_rnmt

Cell Usage:
GTP_APM_E2                    4 uses
GTP_DFF                     389 uses
GTP_DFF_C                   371 uses
GTP_DFF_CE                   64 uses
GTP_DFF_E                    63 uses
GTP_DFF_P                    21 uses
GTP_DFF_R                    28 uses
GTP_DFF_RE                   11 uses
GTP_DRM36K_E1                50 uses
GTP_GPLL                      2 uses
GTP_GRS                       1 use
GTP_INV                       4 uses
GTP_LUT1                      1 use
GTP_LUT2                     10 uses
GTP_LUT3                     18 uses
GTP_LUT4                     43 uses
GTP_LUT5                     86 uses
GTP_LUT6                    116 uses
GTP_LUT6CARRY               301 uses
GTP_LUT6D                   110 uses
GTP_OSERDES_E2                8 uses

I/O ports: 5
GTP_INBUF                   1 use
GTP_OUTBUFDS                4 uses

Mapping Summary:
Total LUTs: 685 of 17800 (3.85%)
	LUTs as dram: 0 of 5500 (0.00%)
	LUTs as logic: 685
Total Registers: 947 of 35600 (2.66%)
Total Latches: 0

DRM36K/FIFO:
Total DRM = 50.0 of 55 (90.91%)

APMs:
Total APMs = 4.00 of 80 (5.00%)

Total I/O ports = 9 of 150 (6.00%)


Overview of Control Sets:

Number of unique control sets : 17

Histogram:
**************************************************************
  Fanout      | Count    | Sync Set/Reset    Async Set/Reset
--------------------------------------------------------------
  [0, 2)      | 0        | 0                 0
  [2, 4)      | 2        | 1                 1
  [4, 6)      | 0        | 0                 0
  [6, 8)      | 0        | 0                 0
  [8, 10)     | 0        | 0                 0
  [10, 12)    | 2        | 2                 0
  [12, 14)    | 5        | 5                 0
  [14, 16)    | 1        | 1                 0
  [16, Inf)   | 7        | 1                 6
--------------------------------------------------------------
  The maximum fanout: 389
==============================================================

Flip-Flop Distribution:
************************************************************************
  Clock Enable    Sync Set/Reset    Async Set/Reset    Total Registers
------------------------------------------------------------------------
  NO              NO                NO                 389
  NO              NO                YES                392
  NO              YES               NO                 28
  YES             NO                NO                 63
  YES             NO                YES                64
  YES             YES               NO                 11
========================================================================

Latch Distribution:
************************************************
  Gate Enable    Preset/Clear    Total Latches
************************************************
  NO             NO              0
  NO             YES             0
  YES            NO              0
  YES            YES             0
************************************************

Design 'hdmi_picture_grey' has been successfully synthesized to architecture-specific objects.
Saving design to DB.
Saving design to hdmi_picture_grey_syn.vm
Constructing timing graph ...
Timing graph has been constructed successfully
W: Timing-4087: Port 'tmds_clk_n' is not constrained, it is treated as combinational output.
W: Timing-4087: Port 'tmds_clk_p' is not constrained, it is treated as combinational output.
W: Timing-4087: Port 'tmds_data_n[0]' is not constrained, it is treated as combinational output.
W: Timing-4087: Port 'tmds_data_n[1]' is not constrained, it is treated as combinational output.
W: Timing-4087: Port 'tmds_data_n[2]' is not constrained, it is treated as combinational output.
W: Timing-4087: Port 'tmds_data_p[0]' is not constrained, it is treated as combinational output.
W: Timing-4087: Port 'tmds_data_p[1]' is not constrained, it is treated as combinational output.
W: Timing-4087: Port 'tmds_data_p[2]' is not constrained, it is treated as combinational output.
Action synthesize: Real time elapsed is 0h:0m:11s
Action synthesize: CPU time elapsed is 0h:0m:9s
Action synthesize: Process CPU time elapsed is 0h:0m:10s
Current time: Tue Nov 18 18:49:29 2025
Action synthesize: Peak memory pool usage is 337 MB
