#Build: Fabric Compiler 2022.2-SP6.4, Build 146967, Jan 31 01:39 2024
#Install: E:\App\Professional\PDS_2022.2-SP6.4\bin
#Application name: pds_shell.exe
#OS: Windows 10 10.0.26200
#Hostname: LAPTOP-BODHT30J
Generated by Fabric Compiler (version 2022.2-SP6.4 build 146967) at Tue Nov 18 19:56:20 2025
License checkout: fabric_ads from E:\App\Professional\PDS_2022.2-SP6.4\new_pds_F4A80DA47D72.lic
Compiling verification operator library.
Compiling common defs.
Loading technology operator library.
Compiling technology operator library.
Compiling technology operator (valence) library.
Reading design from compile DB
Reading design from compile DB successfully.
Constraint check start.
Compiling prim grid devices.
Building architecture model.
Loading device packaging model.
Building architecture floorplan logic view.
Executing : get_ports sys_clk
Executing : get_ports sys_clk successfully.
Executing : create_clock -name sys_clk [get_ports sys_clk] -period 20.000 -waveform {0.000 10.000}
Executing : create_clock -name sys_clk [get_ports sys_clk] -period 20.000 -waveform {0.000 10.000} successfully.
C: ConstraintEditor-2002: [E:/User/Files/project_self/OPHW_25H/workspace/16work/constraint/14_HDMI_picture_grey.fdc(line number: 9)] | Port tmds_data_n[1] has been placed at location K15, whose type is share pin.
C: ConstraintEditor-2002: [E:/User/Files/project_self/OPHW_25H/workspace/16work/constraint/14_HDMI_picture_grey.fdc(line number: 27)] | Port tmds_data_p[1] has been placed at location J14, whose type is share pin.
Constraint check end.

C: SDC-2025: Clock source 'n:u_pll_0/clkout1' need a clock constraint, please use 'create_clock' or 'create_generate_clock' to generate.
Executing : get_ports sys_clk
Executing : get_ports sys_clk successfully.
Executing : get_pins u_pll_0/u_gpll:CLKOUT1
Executing : get_pins u_pll_0/u_gpll:CLKOUT1 successfully.
Executing : create_generated_clock -name sys_clk|u_pll_0/u_gpll/CLKOUT1_Inferred -source [get_ports sys_clk] [get_pins u_pll_0/u_gpll:CLKOUT1] -master_clock sys_clk -edges {1 2 3} -edge_shift {0.000000 40.101010 80.202020} -add
Executing : create_generated_clock -name sys_clk|u_pll_0/u_gpll/CLKOUT1_Inferred -source [get_ports sys_clk] [get_pins u_pll_0/u_gpll:CLKOUT1] -master_clock sys_clk -edges {1 2 3} -edge_shift {0.000000 40.101010 80.202020} -add successfully.
C: SDC-2025: Clock source 'n:u_pll_0/clkout0' need a clock constraint, please use 'create_clock' or 'create_generate_clock' to generate.
Executing : get_ports sys_clk
Executing : get_ports sys_clk successfully.
Executing : get_pins u_pll_0/u_gpll:CLKOUT0
Executing : get_pins u_pll_0/u_gpll:CLKOUT0 successfully.
Executing : create_generated_clock -name sys_clk|u_pll_0/u_gpll/CLKOUT0_Inferred -source [get_ports sys_clk] [get_pins u_pll_0/u_gpll:CLKOUT0] -master_clock sys_clk -edges {1 2 3} -edge_shift {0.000000 -6.632997 -13.265993} -add
Executing : create_generated_clock -name sys_clk|u_pll_0/u_gpll/CLKOUT0_Inferred -source [get_ports sys_clk] [get_pins u_pll_0/u_gpll:CLKOUT0] -master_clock sys_clk -edges {1 2 3} -edge_shift {0.000000 -6.632997 -13.265993} -add successfully.
C: SDC-2025: Clock source 'n:u_pll_1/clkout0' need a clock constraint, please use 'create_clock' or 'create_generate_clock' to generate.
Executing : get_pins u_pll_0/u_gpll:CLKOUT0
Executing : get_pins u_pll_0/u_gpll:CLKOUT0 successfully.
Executing : get_pins u_pll_1/u_gpll:CLKOUT0
Executing : get_pins u_pll_1/u_gpll:CLKOUT0 successfully.
Executing : create_generated_clock -name sys_clk|u_pll_0/u_gpll/CLKOUT0_Inferred|u_pll_1/u_gpll/CLKOUT0_Inferred -source [get_pins u_pll_0/u_gpll:CLKOUT0] [get_pins u_pll_1/u_gpll:CLKOUT0] -master_clock sys_clk|u_pll_0/u_gpll/CLKOUT0_Inferred -edges {1 2 3} -edge_shift {0.000000 -2.693603 -5.387205} -add
Executing : create_generated_clock -name sys_clk|u_pll_0/u_gpll/CLKOUT0_Inferred|u_pll_1/u_gpll/CLKOUT0_Inferred -source [get_pins u_pll_0/u_gpll:CLKOUT0] [get_pins u_pll_1/u_gpll:CLKOUT0] -master_clock sys_clk|u_pll_0/u_gpll/CLKOUT0_Inferred -edges {1 2 3} -edge_shift {0.000000 -2.693603 -5.387205} -add successfully.
Start pre-mapping.
I: Constant propagation done on sync_vg/N99 (bmsWIDEMUX).
I: Constant propagation done on sync_vg/N110 (bmsWIDEMUX).
I: Constant propagation done on sync_vg/N112 (bmsWIDEMUX).
W: Removed bmsWIDEDFFCPE inst rgb_b_m0[15:0] at 13 that is stuck at constant 0.
I: Constant propagation done on video_display/u_RGB2YCbCr/rgb_b_m0[15:0] (bmsWIDEDFFCPE).
W: Removed bmsWIDEDFFCPE inst rgb_g_m0[15:0] at 0 that is stuck at constant 0.
I: Constant propagation done on video_display/u_RGB2YCbCr/rgb_g_m0[15:0] (bmsWIDEDFFCPE).
W: Removed bmsWIDEDFFCPE inst rgb_r_m0[15:0] at 15 that is stuck at constant 0.
I: Constant propagation done on video_display/u_RGB2YCbCr/rgb_r_m0[15:0] (bmsWIDEDFFCPE).
Executing : pre-mapping successfully. Time elapsed: 0.139s wall, 0.094s user + 0.078s system = 0.172s CPU (123.7%)

Start mod-gen.
W: Public-4008: Instance 'fifo_line_buf2/U_ipm2l_fifo_fifo_line_buf/U_ipm2l_fifo_ctrl/rd_water_level[12:0]' of 'bmsWIDEDFFCPE' unit is dangling and will be cleaned.
W: Public-4008: Instance 'fifo_line_buf2/U_ipm2l_fifo_fifo_line_buf/U_ipm2l_fifo_ctrl/wr_water_level[12:0]' of 'bmsWIDEDFFCPE' unit is dangling and will be cleaned.
W: Public-4008: Instance 'fifo_line_buf1/U_ipm2l_fifo_fifo_line_buf/U_ipm2l_fifo_ctrl/rd_water_level[12:0]' of 'bmsWIDEDFFCPE' unit is dangling and will be cleaned.
W: Public-4008: Instance 'fifo_line_buf1/U_ipm2l_fifo_fifo_line_buf/U_ipm2l_fifo_ctrl/wr_water_level[12:0]' of 'bmsWIDEDFFCPE' unit is dangling and will be cleaned.
W: Public-4008: Instance 'u_binarization/pix' of 'bmsWIDEDFFCPE' unit is dangling and will be cleaned.
W: Public-4008: Instance 'u_area_bin/u_matrix_3x3/matrix11[0]' of 'bmsWIDEDFFCPE' unit is dangling and will be cleaned.
W: Public-4008: Instance 'u_area_bin/u_matrix_3x3/matrix11[1]' of 'bmsWIDEDFFCPE' unit is dangling and will be cleaned.
W: Public-4008: Instance 'u_area_bin/u_matrix_3x3/matrix11[2]' of 'bmsWIDEDFFCPE' unit is dangling and will be cleaned.
W: Public-4008: Instance 'u_area_bin/u_matrix_3x3/matrix11[3]' of 'bmsWIDEDFFCPE' unit is dangling and will be cleaned.
W: Public-4008: Instance 'u_area_bin/u_matrix_3x3/matrix11[4]' of 'bmsWIDEDFFCPE' unit is dangling and will be cleaned.
W: Public-4008: Instance 'u_area_bin/u_matrix_3x3/matrix11[5]' of 'bmsWIDEDFFCPE' unit is dangling and will be cleaned.
W: Public-4008: Instance 'u_area_bin/u_matrix_3x3/matrix11[6]' of 'bmsWIDEDFFCPE' unit is dangling and will be cleaned.
W: Public-4008: Instance 'u_area_bin/u_matrix_3x3/matrix11[7]' of 'bmsWIDEDFFCPE' unit is dangling and will be cleaned.
W: Public-4008: Instance 'u_area_bin/u_matrix_3x3/matrix12[0]' of 'bmsWIDEDFFCPE' unit is dangling and will be cleaned.
W: Public-4008: Instance 'u_area_bin/u_matrix_3x3/matrix12[1]' of 'bmsWIDEDFFCPE' unit is dangling and will be cleaned.
W: Public-4008: Instance 'u_area_bin/u_matrix_3x3/matrix12[2]' of 'bmsWIDEDFFCPE' unit is dangling and will be cleaned.
W: Public-4008: Instance 'u_area_bin/u_matrix_3x3/matrix12[3]' of 'bmsWIDEDFFCPE' unit is dangling and will be cleaned.
W: Public-4008: Instance 'u_area_bin/u_matrix_3x3/matrix12[4]' of 'bmsWIDEDFFCPE' unit is dangling and will be cleaned.
W: Public-4008: Instance 'u_area_bin/u_matrix_3x3/matrix12[5]' of 'bmsWIDEDFFCPE' unit is dangling and will be cleaned.
W: Public-4008: Instance 'u_area_bin/u_matrix_3x3/matrix12[6]' of 'bmsWIDEDFFCPE' unit is dangling and will be cleaned.
W: Public-4008: Instance 'u_area_bin/u_matrix_3x3/matrix12[7]' of 'bmsWIDEDFFCPE' unit is dangling and will be cleaned.
W: Public-4008: Instance 'u_area_bin/u_matrix_3x3/matrix13[7:0]' of 'bmsWIDEDFFCPE' unit is dangling and will be cleaned.
W: Public-4008: Instance 'u_area_bin/u_matrix_3x3/matrix21[0]' of 'bmsWIDEDFFCPE' unit is dangling and will be cleaned.
W: Public-4008: Instance 'u_area_bin/u_matrix_3x3/matrix21[1]' of 'bmsWIDEDFFCPE' unit is dangling and will be cleaned.
W: Public-4008: Instance 'u_area_bin/u_matrix_3x3/matrix21[2]' of 'bmsWIDEDFFCPE' unit is dangling and will be cleaned.
W: Public-4008: Instance 'u_area_bin/u_matrix_3x3/matrix21[3]' of 'bmsWIDEDFFCPE' unit is dangling and will be cleaned.
W: Public-4008: Instance 'u_area_bin/u_matrix_3x3/matrix21[4]' of 'bmsWIDEDFFCPE' unit is dangling and will be cleaned.
W: Public-4008: Instance 'u_area_bin/u_matrix_3x3/matrix21[5]' of 'bmsWIDEDFFCPE' unit is dangling and will be cleaned.
W: Public-4008: Instance 'u_area_bin/u_matrix_3x3/matrix21[6]' of 'bmsWIDEDFFCPE' unit is dangling and will be cleaned.
W: Public-4008: Instance 'u_area_bin/u_matrix_3x3/matrix21[7]' of 'bmsWIDEDFFCPE' unit is dangling and will be cleaned.
W: Public-4008: Instance 'u_area_bin/u_matrix_3x3/matrix31[0]' of 'bmsWIDEDFFCPE' unit is dangling and will be cleaned.
W: Public-4008: Instance 'u_area_bin/u_matrix_3x3/matrix31[1]' of 'bmsWIDEDFFCPE' unit is dangling and will be cleaned.
W: Public-4008: Instance 'u_area_bin/u_matrix_3x3/matrix31[2]' of 'bmsWIDEDFFCPE' unit is dangling and will be cleaned.
W: Public-4008: Instance 'u_area_bin/u_matrix_3x3/matrix31[3]' of 'bmsWIDEDFFCPE' unit is dangling and will be cleaned.
W: Public-4008: Instance 'u_area_bin/u_matrix_3x3/matrix31[4]' of 'bmsWIDEDFFCPE' unit is dangling and will be cleaned.
W: Public-4008: Instance 'u_area_bin/u_matrix_3x3/matrix31[5]' of 'bmsWIDEDFFCPE' unit is dangling and will be cleaned.
W: Public-4008: Instance 'u_area_bin/u_matrix_3x3/matrix31[6]' of 'bmsWIDEDFFCPE' unit is dangling and will be cleaned.
W: Public-4008: Instance 'u_area_bin/u_matrix_3x3/matrix31[7]' of 'bmsWIDEDFFCPE' unit is dangling and will be cleaned.
W: Public-4008: Instance 'u_area_bin/u_matrix_3x3/matrix32[0]' of 'bmsWIDEDFFCPE' unit is dangling and will be cleaned.
W: Public-4008: Instance 'u_area_bin/u_matrix_3x3/matrix32[1]' of 'bmsWIDEDFFCPE' unit is dangling and will be cleaned.
W: Public-4008: Instance 'u_area_bin/u_matrix_3x3/matrix32[2]' of 'bmsWIDEDFFCPE' unit is dangling and will be cleaned.
W: Public-4008: Instance 'u_area_bin/u_matrix_3x3/matrix32[3]' of 'bmsWIDEDFFCPE' unit is dangling and will be cleaned.
W: Public-4008: Instance 'u_area_bin/u_matrix_3x3/matrix32[4]' of 'bmsWIDEDFFCPE' unit is dangling and will be cleaned.
W: Public-4008: Instance 'u_area_bin/u_matrix_3x3/matrix32[5]' of 'bmsWIDEDFFCPE' unit is dangling and will be cleaned.
W: Public-4008: Instance 'u_area_bin/u_matrix_3x3/matrix32[6]' of 'bmsWIDEDFFCPE' unit is dangling and will be cleaned.
W: Public-4008: Instance 'u_area_bin/u_matrix_3x3/matrix32[7]' of 'bmsWIDEDFFCPE' unit is dangling and will be cleaned.
W: Public-4008: Instance 'u_area_bin/u_matrix_3x3/matrix33[7:0]' of 'bmsWIDEDFFCPE' unit is dangling and will be cleaned.
W: Public-4008: Instance 'u_area_bin/u_matrix_3x3/video_data_1d[7:0]' of 'bmsWIDEDFFCPE' unit is dangling and will be cleaned.
W: Public-4008: Instance 'u_data_delay_bin/genblk1.data_delay[0][23:0]' of 'bmsWIDEDFFCPE' unit is dangling and will be cleaned.
W: Public-4008: Instance 'u_data_delay_bin/genblk1.data_delay[1][23:0]' of 'bmsWIDEDFFCPE' unit is dangling and will be cleaned.
W: Public-4008: Instance 'u_data_delay_bin/genblk1.data_delay[2][23:0]' of 'bmsWIDEDFFCPE' unit is dangling and will be cleaned.
W: Public-4008: Instance 'u_data_delay_bin/genblk1.data_delay[3][23:0]' of 'bmsWIDEDFFCPE' unit is dangling and will be cleaned.
W: Public-4008: Instance 'u_data_delay_bin/genblk1.data_delay[4][23:0]' of 'bmsWIDEDFFCPE' unit is dangling and will be cleaned.
W: Public-4008: Instance 'u_data_delay_grey/genblk1.data_delay[0][23:0]' of 'bmsWIDEDFFCPE' unit is dangling and will be cleaned.
W: Public-4008: Instance 'u_data_delay_grey/genblk1.data_delay[1][23:0]' of 'bmsWIDEDFFCPE' unit is dangling and will be cleaned.
W: Public-4008: Instance 'u_data_delay_grey/genblk1.data_delay[2][23:0]' of 'bmsWIDEDFFCPE' unit is dangling and will be cleaned.
W: Public-4008: Instance 'u_data_delay_grey/genblk1.data_delay[3][23:0]' of 'bmsWIDEDFFCPE' unit is dangling and will be cleaned.
W: Public-4008: Instance 'u_data_delay_grey/genblk1.data_delay[4][23:0]' of 'bmsWIDEDFFCPE' unit is dangling and will be cleaned.
W: Public-4008: Instance 'u_data_delay_grey/genblk1.data_delay[5][23:0]' of 'bmsWIDEDFFCPE' unit is dangling and will be cleaned.
W: Public-4008: Instance 'u_data_delay_previous/genblk1.data_delay[0][23:0]' of 'bmsWIDEDFFCPE' unit is dangling and will be cleaned.
W: Public-4008: Instance 'u_data_delay_previous/genblk1.data_delay[1][23:0]' of 'bmsWIDEDFFCPE' unit is dangling and will be cleaned.
W: Public-4008: Instance 'u_data_delay_previous/genblk1.data_delay[2][23:0]' of 'bmsWIDEDFFCPE' unit is dangling and will be cleaned.
W: Public-4008: Instance 'u_data_delay_previous/genblk1.data_delay[3][23:0]' of 'bmsWIDEDFFCPE' unit is dangling and will be cleaned.
W: Public-4008: Instance 'u_data_delay_previous/genblk1.data_delay[4][23:0]' of 'bmsWIDEDFFCPE' unit is dangling and will be cleaned.
W: Public-4008: Instance 'u_data_delay_previous/genblk1.data_delay[5][23:0]' of 'bmsWIDEDFFCPE' unit is dangling and will be cleaned.
W: Public-4008: Instance 'u_data_delay_previous/genblk1.data_delay[6][23:0]' of 'bmsWIDEDFFCPE' unit is dangling and will be cleaned.
W: Public-4008: Instance 'u_data_delay_previous/genblk1.data_delay[7][23:0]' of 'bmsWIDEDFFCPE' unit is dangling and will be cleaned.
W: Public-4008: Instance 'u_data_delay_previous/genblk1.data_delay[8][23:0]' of 'bmsWIDEDFFCPE' unit is dangling and will be cleaned.
W: Removed bmsWIDEDFFRSE inst u_dvi_transmitter/encoder_g/c0_q that is stuck at constant 0.
I: Constant propagation done on u_dvi_transmitter/encoder_g/c0_q (bmsWIDEDFFRSE).
W: Removed bmsWIDEDFFRSE inst u_dvi_transmitter/encoder_g/c1_q that is stuck at constant 0.
I: Constant propagation done on u_dvi_transmitter/encoder_g/c1_q (bmsWIDEDFFRSE).
W: Removed bmsWIDEDFFRSE inst u_dvi_transmitter/encoder_r/c0_q that is stuck at constant 0.
I: Constant propagation done on u_dvi_transmitter/encoder_r/c0_q (bmsWIDEDFFRSE).
W: Removed bmsWIDEDFFRSE inst u_dvi_transmitter/encoder_r/c1_q that is stuck at constant 0.
I: Constant propagation done on u_dvi_transmitter/encoder_r/c1_q (bmsWIDEDFFRSE).
W: Removed bmsWIDEDFFRSE inst u_dvi_transmitter/encoder_g/c0_reg that is stuck at constant 0.
W: Removed bmsWIDEDFFRSE inst u_dvi_transmitter/encoder_g/c1_reg that is stuck at constant 0.
W: Removed bmsWIDEDFFRSE inst u_dvi_transmitter/encoder_r/c0_reg that is stuck at constant 0.
W: Removed bmsWIDEDFFRSE inst u_dvi_transmitter/encoder_r/c1_reg that is stuck at constant 0.
I: Removed bmsWIDEDFFRSE inst u_dvi_transmitter/encoder_g/de_q that is redundant to u_dvi_transmitter/encoder_b/de_q
I: Removed bmsWIDEDFFRSE inst u_dvi_transmitter/encoder_r/de_q that is redundant to u_dvi_transmitter/encoder_b/de_q
I: Removed bmsWIDEDFFRSE inst u_dvi_transmitter/encoder_g/de_reg that is redundant to u_dvi_transmitter/encoder_b/de_reg
I: Removed bmsWIDEDFFRSE inst u_dvi_transmitter/encoder_r/de_reg that is redundant to u_dvi_transmitter/encoder_b/de_reg
W: Removed bmsWIDEDFFRSE inst rstn_1ms[15:0] at 14 that is stuck at constant 0.
W: Removed bmsWIDEDFFRSE inst sync_vg/v_count[11:0] at 11 that is stuck at constant 0.
W: Removed bmsWIDEDFFCPE inst video_display/u_area_bin/u_matrix_3x3/y_cnt[11:0] at 11 that is stuck at constant 0.
Executing : mod-gen successfully. Time elapsed: 0.267s wall, 0.234s user + 0.219s system = 0.453s CPU (169.9%)

Start logic-optimization.
Executing : logic-optimization successfully. Time elapsed: 0.590s wall, 0.500s user + 0.094s system = 0.594s CPU (100.6%)

Start tech-mapping phase 1.
W: Public-4008: Instance 'rstn_1ms[14]' of 'bmsWIDEDFFRSE' unit is dangling and will be cleaned.
W: Public-4008: Instance 'rstn_1ms[15]' of 'bmsWIDEDFFRSE' unit is dangling and will be cleaned.
W: Public-4008: Instance 'sync_vg/y_act[0]' of 'bmsWIDEDFFRSE' unit is dangling and will be cleaned.
W: Public-4008: Instance 'sync_vg/y_act[1]' of 'bmsWIDEDFFRSE' unit is dangling and will be cleaned.
W: Public-4008: Instance 'sync_vg/v_count[11]' of 'bmsWIDEDFFRSE' unit is dangling and will be cleaned.
W: Public-4008: Instance 'video_display/u_area_bin/u_matrix_3x3/y_cnt[11]' of 'bmsWIDEDFFCPE' unit is dangling and will be cleaned.
I: Removed GTP_DFF_P inst video_display/pixel_data[8] that is redundant to video_display/pixel_data[0]
I: Removed GTP_DFF_P inst video_display/pixel_data[9] that is redundant to video_display/pixel_data[1]
I: Removed GTP_DFF_P inst video_display/pixel_data[10] that is redundant to video_display/pixel_data[2]
I: Removed GTP_DFF_P inst video_display/pixel_data[11] that is redundant to video_display/pixel_data[3]
I: Removed GTP_DFF_P inst video_display/pixel_data[12] that is redundant to video_display/pixel_data[4]
I: Removed GTP_DFF_P inst video_display/pixel_data[13] that is redundant to video_display/pixel_data[5]
I: Removed GTP_DFF_P inst video_display/pixel_data[21] that is redundant to video_display/pixel_data[5]
I: Removed GTP_DFF_P inst video_display/pixel_data[14] that is redundant to video_display/pixel_data[6]
I: Removed GTP_DFF_P inst video_display/pixel_data[22] that is redundant to video_display/pixel_data[6]
I: Removed GTP_DFF_P inst video_display/pixel_data[15] that is redundant to video_display/pixel_data[7]
I: Removed GTP_DFF_P inst video_display/pixel_data[23] that is redundant to video_display/pixel_data[7]
I: Removed GTP_DFF inst u_dvi_transmitter/encoder_b/n1q_m[0] that is redundant to u_dvi_transmitter/encoder_b/n0q_m[0]
I: Removed GTP_DFF inst u_dvi_transmitter/encoder_g/n1q_m[0] that is redundant to u_dvi_transmitter/encoder_g/n0q_m[0]
I: Removed GTP_DFF inst u_dvi_transmitter/encoder_r/n1q_m[0] that is redundant to u_dvi_transmitter/encoder_r/n0q_m[0]
I: Removed GTP_DFF inst u_dvi_transmitter/encoder_g/din_q[0] that is redundant to u_dvi_transmitter/encoder_b/din_q[0]
I: Removed GTP_DFF inst u_dvi_transmitter/encoder_g/din_q[1] that is redundant to u_dvi_transmitter/encoder_b/din_q[1]
I: Removed GTP_DFF inst u_dvi_transmitter/encoder_g/din_q[2] that is redundant to u_dvi_transmitter/encoder_b/din_q[2]
I: Removed GTP_DFF inst u_dvi_transmitter/encoder_g/din_q[3] that is redundant to u_dvi_transmitter/encoder_b/din_q[3]
I: Removed GTP_DFF inst u_dvi_transmitter/encoder_g/din_q[4] that is redundant to u_dvi_transmitter/encoder_b/din_q[4]
I: Removed GTP_DFF inst u_dvi_transmitter/encoder_g/din_q[5] that is redundant to u_dvi_transmitter/encoder_b/din_q[5]
I: Removed GTP_DFF inst u_dvi_transmitter/encoder_r/din_q[5] that is redundant to u_dvi_transmitter/encoder_b/din_q[5]
I: Removed GTP_DFF inst u_dvi_transmitter/encoder_g/din_q[6] that is redundant to u_dvi_transmitter/encoder_b/din_q[6]
I: Removed GTP_DFF inst u_dvi_transmitter/encoder_r/din_q[6] that is redundant to u_dvi_transmitter/encoder_b/din_q[6]
I: Removed GTP_DFF inst u_dvi_transmitter/encoder_g/din_q[7] that is redundant to u_dvi_transmitter/encoder_b/din_q[7]
I: Removed GTP_DFF inst u_dvi_transmitter/encoder_r/din_q[7] that is redundant to u_dvi_transmitter/encoder_b/din_q[7]
I: Removed GTP_DFF inst u_dvi_transmitter/encoder_g/q_m_reg[0] that is redundant to u_dvi_transmitter/encoder_b/q_m_reg[0]
I: Removed GTP_DFF inst u_dvi_transmitter/encoder_g/q_m_reg[2] that is redundant to u_dvi_transmitter/encoder_b/q_m_reg[2]
I: Removed GTP_DFF inst u_dvi_transmitter/encoder_g/n1d[0] that is redundant to u_dvi_transmitter/encoder_b/n1d[0]
I: Removed GTP_DFF inst u_dvi_transmitter/encoder_g/q_m_reg[4] that is redundant to u_dvi_transmitter/encoder_b/q_m_reg[4]
I: Removed GTP_DFF inst u_dvi_transmitter/encoder_g/q_m_reg[6] that is redundant to u_dvi_transmitter/encoder_b/q_m_reg[6]
Executing : tech-mapping phase 1 successfully. Time elapsed: 0.041s wall, 0.047s user + 0.000s system = 0.047s CPU (114.9%)

Start tech-mapping phase 2.
I: Removed GTP_DFF inst u_dvi_transmitter/encoder_g/n1d[1] that is redundant to u_dvi_transmitter/encoder_b/n1d[1]
I: Removed GTP_DFF inst u_dvi_transmitter/encoder_g/n1d[2] that is redundant to u_dvi_transmitter/encoder_b/n1d[2]
I: Removed GTP_DFF inst u_dvi_transmitter/encoder_g/n1d[3] that is redundant to u_dvi_transmitter/encoder_b/n1d[3]
Executing : tech-mapping phase 2 successfully. Time elapsed: 0.492s wall, 0.516s user + 0.062s system = 0.578s CPU (117.6%)

Start tech-optimization.
Executing : tech-optimization successfully. Time elapsed: 0.139s wall, 0.141s user + 0.047s system = 0.188s CPU (134.9%)

Start phys-optimization.
Executing : phys-optimization successfully. Time elapsed: 0.000s wall, 0.000s user + 0.000s system = 0.000s CPU (n/a%)

Start restore-hierarchy.
Executing : restore-hierarchy successfully. Time elapsed: 0.110s wall, 0.109s user + 0.000s system = 0.109s CPU (99.8%)

W: prevent name conflict by renaming net sync_vg/N0_cpy to sync_vg/N0_cpy_rnmt

Cell Usage:
GTP_APM_E2                    3 uses
GTP_DFF                      97 uses
GTP_DFF_C                   209 uses
GTP_DFF_CE                  101 uses
GTP_DFF_P                    11 uses
GTP_DFF_R                    28 uses
GTP_DFF_RE                   11 uses
GTP_DRM36K_E1                49 uses
GTP_GPLL                      2 uses
GTP_GRS                       1 use
GTP_INV                       2 uses
GTP_LUT1                      1 use
GTP_LUT2                     12 uses
GTP_LUT3                     17 uses
GTP_LUT4                     31 uses
GTP_LUT5                     49 uses
GTP_LUT6                    107 uses
GTP_LUT6CARRY               230 uses
GTP_LUT6D                    69 uses
GTP_OSERDES_E2                8 uses

I/O ports: 5
GTP_INBUF                   1 use
GTP_OUTBUFDS                4 uses

Mapping Summary:
Total LUTs: 516 of 17800 (2.90%)
	LUTs as dram: 0 of 5500 (0.00%)
	LUTs as logic: 516
Total Registers: 457 of 35600 (1.28%)
Total Latches: 0

DRM36K/FIFO:
Total DRM = 49.0 of 55 (89.09%)

APMs:
Total APMs = 3.00 of 80 (3.75%)

Total I/O ports = 9 of 150 (6.00%)


Overview of Control Sets:

Number of unique control sets : 15

Histogram:
**************************************************************
  Fanout      | Count    | Sync Set/Reset    Async Set/Reset
--------------------------------------------------------------
  [0, 2)      | 0        | 0                 0
  [2, 4)      | 2        | 1                 1
  [4, 6)      | 0        | 0                 0
  [6, 8)      | 0        | 0                 0
  [8, 10)     | 0        | 0                 0
  [10, 12)    | 2        | 1                 1
  [12, 14)    | 3        | 1                 2
  [14, 16)    | 1        | 1                 0
  [16, Inf)   | 7        | 1                 6
--------------------------------------------------------------
  The maximum fanout: 173
==============================================================

Flip-Flop Distribution:
************************************************************************
  Clock Enable    Sync Set/Reset    Async Set/Reset    Total Registers
------------------------------------------------------------------------
  NO              NO                NO                 97
  NO              NO                YES                220
  NO              YES               NO                 28
  YES             NO                NO                 0
  YES             NO                YES                101
  YES             YES               NO                 11
========================================================================

Latch Distribution:
************************************************
  Gate Enable    Preset/Clear    Total Latches
************************************************
  NO             NO              0
  NO             YES             0
  YES            NO              0
  YES            YES             0
************************************************

Design 'hdmi_picture_grey' has been successfully synthesized to architecture-specific objects.
Saving design to DB.
Saving design to hdmi_picture_grey_syn.vm
W: Adm-4019: Unable to further flatten instance 'video_display/u_area_bin/u_matrix_3x3/fifo_line_buf2'. The design is empty.
W: Public-4008: Instance 'video_display/u_area_bin/u_matrix_3x3/wr_fifo_en_1d' of 'GTP_DFF_C' unit is dangling and will be cleaned.
Constructing timing graph ...
Timing graph has been constructed successfully
W: Timing-4087: Port 'tmds_clk_n' is not constrained, it is treated as combinational output.
W: Timing-4087: Port 'tmds_clk_p' is not constrained, it is treated as combinational output.
W: Timing-4087: Port 'tmds_data_n[0]' is not constrained, it is treated as combinational output.
W: Timing-4087: Port 'tmds_data_n[1]' is not constrained, it is treated as combinational output.
W: Timing-4087: Port 'tmds_data_n[2]' is not constrained, it is treated as combinational output.
W: Timing-4087: Port 'tmds_data_p[0]' is not constrained, it is treated as combinational output.
W: Timing-4087: Port 'tmds_data_p[1]' is not constrained, it is treated as combinational output.
W: Timing-4087: Port 'tmds_data_p[2]' is not constrained, it is treated as combinational output.
Action synthesize: Real time elapsed is 0h:0m:12s
Action synthesize: CPU time elapsed is 0h:0m:9s
Action synthesize: Process CPU time elapsed is 0h:0m:10s
Current time: Tue Nov 18 19:56:30 2025
Action synthesize: Peak memory pool usage is 337 MB
