#Build: Fabric Compiler 2022.2-SP6.4, Build 146967, Jan 31 01:39 2024
#Install: E:\App\Professional\PDS_2022.2-SP6.4\bin
#Application name: pds_shell.exe
#OS: Windows 10 10.0.26200
#Hostname: LAPTOP-BODHT30J
Generated by Fabric Compiler (version 2022.2-SP6.4 build 146967) at Wed Nov 19 23:03:37 2025
Compiling verification operator library.
Compiling common defs.
Compiling prim grid devices.
Compiling gate devices.
Compiling gate operators.
Building architecture model.
Loading device packaging model.
pnr strategy configuration : 
strategy name : 0
Building architecture floorplan logic view.
Constraint check start.
Executing : def_port {tmds_clk_n} LOC=R17 VCCIO=3.3 IOSTANDARD=TMDS DRIVE=5 NONE=TRUE
Executing : def_port {tmds_clk_n} LOC=R17 VCCIO=3.3 IOSTANDARD=TMDS DRIVE=5 NONE=TRUE successfully
Executing : def_port {tmds_clk_p} LOC=R16 VCCIO=3.3 IOSTANDARD=TMDS DRIVE=5 NONE=TRUE
Executing : def_port {tmds_clk_p} LOC=R16 VCCIO=3.3 IOSTANDARD=TMDS DRIVE=5 NONE=TRUE successfully
Executing : def_port {tmds_data_n[0]} LOC=T15 VCCIO=3.3 IOSTANDARD=TMDS DRIVE=5 NONE=TRUE
Executing : def_port {tmds_data_n[0]} LOC=T15 VCCIO=3.3 IOSTANDARD=TMDS DRIVE=5 NONE=TRUE successfully
Executing : def_port {tmds_data_n[1]} LOC=K15 VCCIO=3.3 IOSTANDARD=TMDS DRIVE=5 NONE=TRUE
C: ConstraintEditor-2002: [E:/User/Files/project_self/OPHW_25H/workspace/21_HDMI_picture_sobel/project/device_map/hdmi_picture_grey.pcf(line number: 6)] | Port tmds_data_n[1] has been placed at location K15, whose type is share pin.
Executing : def_port {tmds_data_n[1]} LOC=K15 VCCIO=3.3 IOSTANDARD=TMDS DRIVE=5 NONE=TRUE successfully
Executing : def_port {tmds_data_n[2]} LOC=R15 VCCIO=3.3 IOSTANDARD=TMDS DRIVE=5 NONE=TRUE
Executing : def_port {tmds_data_n[2]} LOC=R15 VCCIO=3.3 IOSTANDARD=TMDS DRIVE=5 NONE=TRUE successfully
Executing : def_port {tmds_data_p[0]} LOC=T14 VCCIO=3.3 IOSTANDARD=TMDS DRIVE=5 NONE=TRUE
Executing : def_port {tmds_data_p[0]} LOC=T14 VCCIO=3.3 IOSTANDARD=TMDS DRIVE=5 NONE=TRUE successfully
Executing : def_port {tmds_data_p[1]} LOC=J14 VCCIO=3.3 IOSTANDARD=TMDS DRIVE=5 NONE=TRUE
C: ConstraintEditor-2002: [E:/User/Files/project_self/OPHW_25H/workspace/21_HDMI_picture_sobel/project/device_map/hdmi_picture_grey.pcf(line number: 9)] | Port tmds_data_p[1] has been placed at location J14, whose type is share pin.
Executing : def_port {tmds_data_p[1]} LOC=J14 VCCIO=3.3 IOSTANDARD=TMDS DRIVE=5 NONE=TRUE successfully
Executing : def_port {tmds_data_p[2]} LOC=P14 VCCIO=3.3 IOSTANDARD=TMDS DRIVE=5 NONE=TRUE
Executing : def_port {tmds_data_p[2]} LOC=P14 VCCIO=3.3 IOSTANDARD=TMDS DRIVE=5 NONE=TRUE successfully
Executing : def_port {sys_clk} LOC=P3 VCCIO=3.3 IOSTANDARD=LVCMOS33 NONE=TRUE
Executing : def_port {sys_clk} LOC=P3 VCCIO=3.3 IOSTANDARD=LVCMOS33 NONE=TRUE successfully
Constraint check end.
I: Column Clock Check open.
Read Column Clock Map.

Placement started.
Phase 1 Pre global placement started.
Mapping instance GRS_INST/grs_ccs to CCS_75_10.
Phase 1.1 1st GP placement started.
Design Utilization : 4%.
First map gop timing takes 1.09 sec
Worst slack after clock region global placement is -1368
Wirelength after clock region global placement is 12817 and checksum is ABC2F589B180036A.
1st GP placement takes 1.77 sec.

Phase 1.2 Clock placement started.
Mapping instance u_pll_0/u_gpll/gpll_inst to GPLL_271_157.
Mapping instance clkbufg_0/gopclkbufg to USCM_155_270.
Mapping instance clkbufg_2/gopclkbufg to USCM_155_273.
Mapping instance u_pll_1/u_gpll/gpll_inst to GPLL_7_157.
Mapping instance clkbufg_1/gopclkbufg to USCM_155_276.
Clock placement takes 0.03 sec.

Wirelength after Pre Global Placement is 12817 and checksum is ABC2F589B180036A.
Pre global placement takes 1.97 sec.

Phase 2 Global placement started.
Phase 2.1 Fixed placement started.
Placed fixed group with base inst sys_clk_ibuf/opit_1 on IOLHR_268_156.
Placed fixed group with base inst u_dvi_transmitter/serializer_b/GTP_OUTBUFDS_data_lane/opit_2 on IOLHR_16_144.
Placed fixed group with base inst u_dvi_transmitter/serializer_clk/GTP_OUTBUFDS_data_lane/opit_2 on IOLHR_16_132.
Placed fixed group with base inst u_dvi_transmitter/serializer_g/GTP_OUTBUFDS_data_lane/opit_2 on IOLHR_16_246.
Placed fixed group with base inst u_dvi_transmitter/serializer_r/GTP_OUTBUFDS_data_lane/opit_2 on IOLHR_16_162.
Placed fixed instance GRS_INST/grs_ccs on CCS_75_10.
Placed fixed instance clkbufg_0/gopclkbufg on USCM_155_270.
Placed fixed instance clkbufg_1/gopclkbufg on USCM_155_276.
Placed fixed instance clkbufg_2/gopclkbufg on USCM_155_273.
Placed fixed instance u_pll_0/u_gpll/gpll_inst on GPLL_271_157.
Placed fixed instance u_pll_1/u_gpll/gpll_inst on GPLL_7_157.
Placed fixed instance BKCL_auto_0 on BKCL_1_34.
Placed fixed instance BKCL_auto_1 on BKCL_277_34.
Fixed placement takes 0.02 sec.

Phase 2.2 Process placement started.
I: The IO driver of u_pll_0/u_gpll/gpll_inst(CLKIN1) is not constraint at pllpad, its clock path will pass through SRB.
Process placement takes 0.00 sec.

Phase 2.3 IO placement started.
IO placement takes 0.02 sec.

Phase 2.4 2nd GP placement started.
Run super clustering :
	Initial slack -4291.
	1 iterations finished.
	Final slack -4291.
Super clustering done.
Design Utilization : 4%.
Worst slack after global placement is -1873
2nd GP placement takes 0.47 sec.

Wirelength after global placement is 10872 and checksum is 56734DF3748C284D.
Global placement takes 0.50 sec.

Phase 3 Post global placement started.
Packing LUT6D started.
I: LUT6D pack result: There are 208 LUT6 in collection, pack success:14
Packing LUT6D takes 0.06 sec.
Phase 3.1 Macro cell placement started.
I: Process macros using "Greedy".
Wirelength after macro cell placement is 14364 and checksum is 2D9CC696283DE2FC.
Macro cell placement takes 0.00 sec.

Phase 3.2 3rd GP placement started.
Run super clustering :
	Initial slack -4291.
	1 iterations finished.
	Final slack -4291.
Super clustering done.
Design Utilization : 4%.
Worst slack after post global placement is -2292
3rd GP placement takes 0.19 sec.

Wirelength after post global placement is 10254 and checksum is A6F1C47F925CCAEC.
Packing LUT6D started.
I: LUT6D pack result: There are 183 LUT6 in collection, pack success:1
Packing LUT6D takes 0.05 sec.
Post global placement takes 0.31 sec.

Phase 4 Legalization started.
The average distance in LP is 0.571518.
Wirelength after legalization is 11801 and checksum is 98597AFF67B8CBB1.
Legalization takes 0.05 sec.

Phase 5 Timing-driven detailed placement started.
Phase 5.1 Replication placement started.
Worst slack before Replication Place is -1560.
Replication placement takes 0.06 sec.

Wirelength after replication placement is 11801 and checksum is 98597AFF67B8CBB1.
Phase 5.2 Swapping placement started.
Worst slack before detailed placement is -1560, TNS before detailed placement is -54458. 
Cost at Swap iteration 0 : -1560, wslk -1560, tns -53954, takes 0.02 sec.
Cost at DP iteration 0 : -1560, wslk -1450, tns -50873, takes 0.02 sec.
Cost at Swap iteration 1 : -1450, wslk -1450, tns -50678, takes 0.03 sec.
Cost at Swap iteration 2 : -1450, wslk -1450, tns -50562, takes 0.03 sec.
Cost at DP iteration 2 : -1450, wslk -1367, tns -49943, takes 0.06 sec.
Cost at Swap iteration 3 : -1367, wslk -1364, tns -49894, takes 0.02 sec.
Cost at Swap iteration 4 : -1364, wslk -1364, tns -49889, takes 0.00 sec.
Cost at DP iteration 4 : -1364, wslk -1364, tns -49791, takes 0.02 sec.
Cost at Swap iteration 5 : -1364, wslk -1364, tns -49791, takes 0.02 sec.
Cost at Swap iteration 6 : -1364, wslk -1364, tns -49791, takes 0.02 sec.
Cost at DP iteration 6 : -1364, wslk -1364, tns -49791, takes 0.02 sec.
Worst slack after detailed placement is -1364, TNS after detailed placement is -49791. 
Swapping placement takes 0.30 sec.

Wirelength after detailed placement is 12193 and checksum is D7E997CDD07D9946.
Timing-driven detailed placement takes 0.36 sec.

Worst slack is -4334, TNS after placement is -954996.
Placement done.
Total placement takes 6.89 sec.
Finished placement.

Routing started.
Enter timing driven router mode.
Route thread size: 2
Building routing graph takes 0.63 sec.
Setup STE netlist take 111 msec.
Dispose control chain take 11 msec.
Collect const net info take 16 msec.
Total nets for routing: 1182.
Total loads for routing: 7490.
Direct connect net size: 156
Build all design net take 33 msec.
Worst slack is -4334, TNS before route is -954996.
Processing design graph takes 0.18 sec.
Delay table total memory: 0.23856735 MB
Route graph total memory: 44.32043648 MB
Route design total memory: 2.33145905 MB
Global routing takes 0.00 sec.
Total 1180 subnets.
Unrouted clock nets at iteration 0 (0.011 sec): 1
Unrouted clock nets at iteration 1 (0.000 sec): 1
Unrouted clock nets at iteration 2 (0.000 sec): 1
Unrouted clock nets at iteration 3 (0.000 sec): 1
Unrouted clock nets at iteration 4 (0.000 sec): 0
Total route nets size: 1173
Pre route takes 1.787 sec
Unrouted general nets at iteration 6 (MT total route time: 0.248 sec): 957(overused: 6108)
Unrouted general nets at iteration 7 (MT total route time: 0.220 sec): 743(overused: 4138)
Unrouted general nets at iteration 8 (MT total route time: 0.159 sec): 569(overused: 2426)
Unrouted general nets at iteration 9 (MT total route time: 0.111 sec): 406(overused: 1398)
Unrouted general nets at iteration 10 (MT total route time: 0.078 sec): 285(overused: 813)
Unrouted general nets at iteration 11 (MT total route time: 0.043 sec): 205(overused: 514)
Unrouted general nets at iteration 12 (MT total route time: 0.027 sec): 120(overused: 241)
Unrouted general nets at iteration 13 (MT total route time: 0.017 sec): 86(overused: 182)
Unrouted general nets at iteration 14 (MT total route time: 0.014 sec): 44(overused: 79)
Unrouted general nets at iteration 15 (MT total route time: 0.006 sec): 32(overused: 70)
Unrouted general nets at iteration 16 (MT total route time: 0.008 sec): 19(overused: 42)
Unrouted general nets at iteration 17 (MT total route time: 0.006 sec): 16(overused: 32)
Unrouted general nets at iteration 18 (MT total route time: 0.003 sec): 14(overused: 34)
Unrouted general nets at iteration 19 (MT total route time: 0.003 sec): 11(overused: 28)
Unrouted general nets at iteration 20 (MT total route time: 0.003 sec): 11(overused: 28)
Unrouted general nets at iteration 21 (MT total route time: 0.003 sec): 12(overused: 30)
Unrouted general nets at iteration 22 (MT total route time: 0.003 sec): 10(overused: 28)
Unrouted general nets at iteration 23 (MT total route time: 0.003 sec): 11(overused: 28)
Unrouted general nets at iteration 24 (MT total route time: 0.003 sec): 11(overused: 28)
Unrouted general nets at iteration 25 (MT total route time: 0.003 sec): 13(overused: 30)
Unrouted general nets at iteration 26 (MT total route time: 0.006 sec): 11(overused: 28)
Unrouted general nets at iteration 27 (MT total route time: 0.004 sec): 11(overused: 28)
Unrouted general nets at iteration 28 (MT total route time: 0.004 sec): 11(overused: 28)
Unrouted general nets at iteration 29 (MT total route time: 0.004 sec): 10(overused: 28)
Unrouted general nets at iteration 30 (MT total route time: 0.005 sec): 12(overused: 28)
Unrouted general nets at iteration 31 (MT total route time: 0.003 sec): 11(overused: 28)
Unrouted general nets at iteration 32 (MT total route time: 0.002 sec): 9(overused: 24)
Unrouted general nets at iteration 33 (MT total route time: 0.003 sec): 10(overused: 26)
Unrouted general nets at iteration 34 (MT total route time: 0.003 sec): 10(overused: 24)
Unrouted general nets at iteration 35 (MT total route time: 0.002 sec): 9(overused: 24)
Unrouted general nets at iteration 36 (MT total route time: 0.004 sec): 9(overused: 28)
Unrouted general nets at iteration 37 (MT total route time: 0.004 sec): 12(overused: 28)
Unrouted general nets at iteration 38 (MT total route time: 0.004 sec): 10(overused: 24)
Unrouted general nets at iteration 39 (MT total route time: 0.003 sec): 10(overused: 24)
Unrouted general nets at iteration 40 (MT total route time: 0.003 sec): 9(overused: 24)
Unrouted general nets at iteration 41 (MT total route time: 0.003 sec): 12(overused: 28)
Unrouted general nets at iteration 42 (MT total route time: 0.003 sec): 12(overused: 28)
Unrouted general nets at iteration 43 (MT total route time: 0.003 sec): 12(overused: 28)
Unrouted general nets at iteration 44 (MT total route time: 0.003 sec): 13(overused: 28)
Unrouted general nets at iteration 45 (MT total route time: 0.003 sec): 10(overused: 28)
Unrouted general nets at iteration 46 (MT total route time: 0.005 sec): 9(overused: 20)
Unrouted general nets at iteration 47 (MT total route time: 0.004 sec): 10(overused: 18)
Unrouted general nets at iteration 48 (MT total route time: 0.003 sec): 8(overused: 16)
Unrouted general nets at iteration 49 (MT total route time: 0.003 sec): 8(overused: 16)
Unrouted general nets at iteration 50 (MT total route time: 0.003 sec): 7(overused: 16)
Unrouted general nets at iteration 51 (MT total route time: 0.002 sec): 8(overused: 16)
Unrouted general nets at iteration 52 (MT total route time: 0.002 sec): 4(overused: 8)
Unrouted general nets at iteration 53 (MT total route time: 0.001 sec): 4(overused: 8)
Unrouted general nets at iteration 54 (MT total route time: 0.002 sec): 4(overused: 8)
Unrouted general nets at iteration 55 (MT total route time: 0.001 sec): 4(overused: 8)
Unrouted general nets at iteration 56 (MT total route time: 0.003 sec): 4(overused: 8)
Unrouted general nets at iteration 57 (MT total route time: 0.002 sec): 4(overused: 8)
Unrouted general nets at iteration 58 (MT total route time: 0.002 sec): 4(overused: 8)
Unrouted general nets at iteration 59 (MT total route time: 0.002 sec): 4(overused: 8)
Unrouted general nets at iteration 60 (MT total route time: 0.002 sec): 2(overused: 4)
Unrouted general nets at iteration 61 (MT total route time: 0.001 sec): 2(overused: 4)
Unrouted general nets at iteration 62 (MT total route time: 0.001 sec): 2(overused: 4)
Unrouted general nets at iteration 63 (MT total route time: 0.001 sec): 2(overused: 4)
Unrouted general nets at iteration 64 (MT total route time: 0.001 sec): 2(overused: 4)
Unrouted general nets at iteration 65 (MT total route time: 0.001 sec): 2(overused: 4)
Unrouted general nets at iteration 66 (MT total route time: 0.003 sec): 2(overused: 4)
Unrouted general nets at iteration 67 (MT total route time: 0.002 sec): 2(overused: 4)
Unrouted general nets at iteration 68 (MT total route time: 0.001 sec): 2(overused: 4)
Unrouted general nets at iteration 69 (MT total route time: 0.002 sec): 2(overused: 4)
Unrouted general nets at iteration 70 (MT total route time: 0.001 sec): 2(overused: 4)
Unrouted general nets at iteration 71 (MT total route time: 0.001 sec): 2(overused: 4)
Unrouted general nets at iteration 72 (MT total route time: 0.001 sec): 2(overused: 4)
Unrouted general nets at iteration 73 (MT total route time: 0.001 sec): 2(overused: 4)
Unrouted general nets at iteration 74 (MT total route time: 0.001 sec): 2(overused: 4)
Unrouted general nets at iteration 75 (MT total route time: 0.001 sec): 2(overused: 4)
Unrouted general nets at iteration 76 (MT total route time: 0.002 sec): 2(overused: 4)
Unrouted general nets at iteration 77 (MT total route time: 0.002 sec): 2(overused: 4)
Unrouted general nets at iteration 78 (MT total route time: 0.001 sec): 2(overused: 4)
Unrouted general nets at iteration 79 (MT total route time: 0.002 sec): 2(overused: 4)
Unrouted general nets at iteration 80 (MT total route time: 0.001 sec): 2(overused: 4)
Unrouted general nets at iteration 81 (MT total route time: 0.001 sec): 2(overused: 4)
Unrouted general nets at iteration 82 (MT total route time: 0.001 sec): 0(overused: 0)
----General net take 0.001 sec(route net take 0.000 sec, inc cost take 0.001 sec, iter times: 1)
----const net route take 0.019 sec
Unrouted nets at iteration 83 (0.021 sec): 0
Detailed routing takes 7.51 sec.
I: Design net nt_sys_clk is routed by general path.
C: Route-2036: The clock path from sys_clk_ibuf/opit_1:DI_TO_CLK to u_pll_0/u_gpll/gpll_inst:CLKIN1 is routed by SRB.
Fix violation Finished.
No hold violation.
Hold Violation Fix in router takes 3.51 sec.
Sort Original Nets take 0.000 sec
Build solution node for device pins which were mapped to more than one design pin take 0.002 sec
Total net: 1182, route succeed net: 1182
Generate routing result take 0.004 sec
Handle PERMUX permutation take 0.053 sec
Handle const net take 0.006 sec
Handle route through take 0.002 sec
Handle loads' routing node take 0.009 sec
Used SRB routing arc is 19001.
Finish routing takes 0.09 sec.
Total routing takes 13.04 sec.


Device Utilization Summary :
+------------------------------------------------------------------------------+
| Logic Utilization           | Used     | Available     | Utilization(%)     
+------------------------------------------------------------------------------+
| Use of ADC                  | 0        | 1             | 0                  
| Use of ANALOG               | 0        | 1             | 0                  
| Use of APM                  | 3        | 80            | 4                  
| Use of BKCL                 | 2        | 3             | 67                 
| Use of CCS                  | 1        | 1             | 100                
| Use of CLMA                 | 523      | 3075          | 18                 
|   FF                        | 571      | 24600         | 3                  
|   LUT                       | 929      | 12300         | 8                  
|   LUT-FF pairs              | 238      | 12300         | 2                  
| Use of CLMS                 | 82       | 1375          | 6                  
|   FF                        | 223      | 11000         | 3                  
|   LUT                       | 253      | 5500          | 5                  
|   LUT-FF pairs              | 144      | 5500          | 3                  
|   Distributed RAM           | 0        | 5500          | 0                  
| Use of DDRPHY_CPD           | 0        | 6             | 0                  
| Use of DDRPHY_IOCLK_DIV     | 0        | 3             | 0                  
| Use of DDR_PHY              | 0        | 12            | 0                  
| Use of DRM                  | 50       | 55            | 91                 
| Use of GPLL                 | 2        | 3             | 67                 
| Use of GSEB                 | 0        | 67            | 0                  
| Use of HARD0                | 163      | 3150          | 6                  
| Use of HCKB                 | 7        | 48            | 15                 
|  HCKB dataused              | 0        | 48            | 0                  
| Use of HCKMUX_TEST          | 0        | 4             | 0                  
| Use of HSSTLP               | 0        | 1             | 0                  
| Use of IO                   | 9        | 150           | 6                  
|   IOBD                      | 4        | 72            | 6                  
|   IOBS                      | 5        | 78            | 7                  
| Use of IOCKB                | 0        | 12            | 0                  
| Use of IOCKMUX_TEST         | 0        | 3             | 0                  
| Use of IOLHR                | 9        | 150           | 6                  
| Use of KEYRAM               | 0        | 1             | 0                  
| Use of MFG_TEST             | 0        | 1             | 0                  
| Use of MRCKB                | 0        | 6             | 0                  
| Use of MRCKMUX_TEST         | 0        | 3             | 0                  
| Use of MRPOSTMUX_TEST       | 0        | 3             | 0                  
| Use of PCIE                 | 0        | 1             | 0                  
| Use of PCKMUX_TEST          | 0        | 6             | 0                  
| Use of PLLMRMUX_TEST        | 0        | 3             | 0                  
| Use of PLLREFMUX_TEST       | 0        | 3             | 0                  
| Use of PPLL                 | 0        | 3             | 0                  
| Use of PREGMUXC_TEST        | 0        | 2             | 0                  
| Use of PREGMUXLR_TEST       | 0        | 3             | 0                  
| Use of RCKB                 | 0        | 12            | 0                  
|  RCKB dataused              | 0        | 12            | 0                  
| Use of RCKMUX_TEST          | 0        | 3             | 0                  
| Use of SCANCHAIN            | 0        | 1             | 0                  
| Use of SCKMUX_TEST          | 0        | 6             | 0                  
| Use of SFB                  | 0        | 925           | 0                  
| Use of SPAD                 | 0        | 4             | 0                  
| Use of TSERDES              | 0        | 24            | 0                  
| Use of USCM                 | 3        | 32            | 10                 
|  USCM dataused              | 0        | 32            | 0                  
| Use of USCMMUX_TEST         | 0        | 32            | 0                  
+------------------------------------------------------------------------------+

Finished routing.
Design 'hdmi_picture_sobel' has been placed and routed successfully.
Saving design to DB.
Finished placement and routing.
Action pnr: Real time elapsed is 0h:0m:35s
Action pnr: CPU time elapsed is 0h:0m:31s
Action pnr: Process CPU time elapsed is 0h:0m:50s
Current time: Wed Nov 19 23:04:10 2025
Action pnr: Peak memory pool usage is 973 MB
