#Build: Fabric Compiler 2022.2-SP6.4, Build 146967, Jan 31 01:39 2024
#Install: E:\App\Professional\PDS_2022.2-SP6.4\bin
#Application name: pds_shell.exe
#OS: Windows 10 10.0.26200
#Hostname: LAPTOP-BODHT30J
Generated by Fabric Compiler (version 2022.2-SP6.4 build 146967) at Sat Nov 15 15:04:06 2025
Compiling verification operator library.
Compiling common defs.
Compiling prim grid devices.
Compiling gate devices.
Compiling gate operators.
Building architecture model.
Loading device packaging model.
Reading design from pnr DB.
Start Report Post-PnR timing.
Constructing timing graph ...
Timing graph has been constructed successfully
W: Timing-4087: Port 'tmds_clk_n' is not constrained, it is treated as combinational output.
W: Timing-4087: Port 'tmds_clk_p' is not constrained, it is treated as combinational output.
W: Timing-4087: Port 'tmds_data_n[0]' is not constrained, it is treated as combinational output.
W: Timing-4087: Port 'tmds_data_n[1]' is not constrained, it is treated as combinational output.
W: Timing-4087: Port 'tmds_data_n[2]' is not constrained, it is treated as combinational output.
W: Timing-4087: Port 'tmds_data_p[0]' is not constrained, it is treated as combinational output.
W: Timing-4087: Port 'tmds_data_p[1]' is not constrained, it is treated as combinational output.
W: Timing-4087: Port 'tmds_data_p[2]' is not constrained, it is treated as combinational output.
Report timing is finished successfully.
Action report_timing: Real time elapsed is 0h:0m:10s
Action report_timing: CPU time elapsed is 0h:0m:7s
Action report_timing: Process CPU time elapsed is 0h:0m:7s
Current time: Sat Nov 15 15:04:14 2025
Action report_timing: Peak memory pool usage is 1,001 MB
